[0.211s] Invoking command in '/home/student/dev_ws/src/py_pubsub': PYTHONPATH=/home/student/dev_ws/install/py_pubsub/lib/python3.8/site-packages:${PYTHONPATH} /usr/bin/python3 setup.py egg_info --egg-base ../../build/py_pubsub build --build-base /home/student/dev_ws/build/py_pubsub/build install --prefix /home/student/dev_ws/install/py_pubsub --record /home/student/dev_ws/build/py_pubsub/install.log --single-version-externally-managed
[0.388s] running egg_info
[0.388s] writing ../../build/py_pubsub/py_pubsub.egg-info/PKG-INFO
[0.389s] writing dependency_links to ../../build/py_pubsub/py_pubsub.egg-info/dependency_links.txt
[0.389s] writing entry points to ../../build/py_pubsub/py_pubsub.egg-info/entry_points.txt
[0.389s] writing requirements to ../../build/py_pubsub/py_pubsub.egg-info/requires.txt
[0.389s] writing top-level names to ../../build/py_pubsub/py_pubsub.egg-info/top_level.txt
[0.416s] reading manifest file '../../build/py_pubsub/py_pubsub.egg-info/SOURCES.txt'
[0.417s] writing manifest file '../../build/py_pubsub/py_pubsub.egg-info/SOURCES.txt'
[0.417s] running build
[0.417s] running build_py
[0.418s] running install
[0.418s] running install_lib
[0.419s] running install_data
[0.420s] running install_egg_info
[0.421s] removing '/home/student/dev_ws/install/py_pubsub/lib/python3.8/site-packages/py_pubsub-0.0.0-py3.8.egg-info' (and everything under it)
[0.422s] Copying ../../build/py_pubsub/py_pubsub.egg-info to /home/student/dev_ws/install/py_pubsub/lib/python3.8/site-packages/py_pubsub-0.0.0-py3.8.egg-info
[0.422s] running install_scripts
[0.438s] Installing listener script to /home/student/dev_ws/install/py_pubsub/lib/py_pubsub
[0.438s] Installing talker script to /home/student/dev_ws/install/py_pubsub/lib/py_pubsub
[0.438s] writing list of installed files to '/home/student/dev_ws/build/py_pubsub/install.log'
[0.454s] Invoked command in '/home/student/dev_ws/src/py_pubsub' returned '0': PYTHONPATH=/home/student/dev_ws/install/py_pubsub/lib/python3.8/site-packages:${PYTHONPATH} /usr/bin/python3 setup.py egg_info --egg-base ../../build/py_pubsub build --build-base /home/student/dev_ws/build/py_pubsub/build install --prefix /home/student/dev_ws/install/py_pubsub --record /home/student/dev_ws/build/py_pubsub/install.log --single-version-externally-managed
