[0.069s] Invoking command in '/home/student/dev_ws/build/turtlebot3_gazebo': CMAKE_PREFIX_PATH=${CMAKE_PREFIX_PATH}:/home/student/dev_ws/install/roombasimulator:/home/student/dev_ws/install/py_srvcli:/home/student/dev_ws/install/py_pubsub:/home/student/dev_ws/install/py_parameters:/home/student/dev_ws/install/my_package:/home/student/dev_ws/install/RoomboSimator:/opt/ros/foxy /usr/bin/cmake /home/student/dev_ws/src/turtlebot3_simulations/turtlebot3_gazebo -DAMENT_CMAKE_SYMLINK_INSTALL=1 -DCMAKE_INSTALL_PREFIX=/home/student/dev_ws/install/turtlebot3_gazebo
[0.916s] -- The C compiler identification is GNU 9.3.0
[0.916s] -- The CXX compiler identification is GNU 9.3.0
[0.916s] -- Check for working C compiler: /usr/bin/cc
[0.916s] -- Check for working C compiler: /usr/bin/cc -- works
[0.917s] -- Detecting C compiler ABI info
[0.917s] -- Detecting C compiler ABI info - done
[0.917s] -- Detecting C compile features
[0.917s] -- Detecting C compile features - done
[0.917s] -- Check for working CXX compiler: /usr/bin/c++
[0.918s] -- Check for working CXX compiler: /usr/bin/c++ -- works
[0.918s] -- Detecting CXX compiler ABI info
[0.918s] -- Detecting CXX compiler ABI info - done
[0.918s] -- Detecting CXX compile features
[0.918s] -- Detecting CXX compile features - done
[0.919s] -- Found ament_cmake: 0.9.8 (/opt/ros/foxy/share/ament_cmake/cmake)
[0.919s] -- Found PythonInterp: /usr/bin/python3 (found suitable version "3.8.5", minimum required is "3") 
[0.919s] -- Using PYTHON_EXECUTABLE: /usr/bin/python3
[1.171s] -- Override CMake install command with custom implementation using symlinks instead of copying resources
[1.229s] -- Found PkgConfig: /usr/bin/pkg-config (found version "0.29.1") 
[1.235s] -- Checking for module 'bullet>=2.82'
[1.263s] --   Found bullet, version 2.88
[1.470s] -- Found ccd: /usr/include (found suitable version "2.0", minimum required is "2.0") 
[1.565s] -- Found fcl: /usr/include (found suitable version "0.5.0", minimum required is "0.3.2") 
[1.664s] -- Found assimp: /usr/include (found version "5.0.0") 
[1.738s] -- Found DART: /usr/include (Required is at least version "6.6") found components: dart 
[2.114s] -- Found Boost: /usr/lib/x86_64-linux-gnu/cmake/Boost-1.71.0/BoostConfig.cmake (found suitable version "1.71.0", minimum required is "1.40.0") found components: thread system filesystem program_options regex iostreams date_time 
[2.153s] -- Found Protobuf: /usr/lib/x86_64-linux-gnu/libprotobuf.so;-lpthread (found version "3.6.1") 
[2.165s] -- Looking for ignition-math6 -- found version 6.8.0
[2.179s] -- Searching for dependencies of ignition-math6
[2.182s] -- Looking for OGRE...
[2.183s] -- OGRE_PREFIX_WATCH changed.
[2.188s] -- Checking for module 'OGRE'
[2.208s] --   Found OGRE, version 1.9.0
[2.260s] -- Found Ogre Ghadamon (1.9.0)
[2.274s] -- Found OGRE: optimized;/usr/lib/x86_64-linux-gnu/libOgreMain.so;debug;/usr/lib/x86_64-linux-gnu/libOgreMain.so
[2.285s] -- Looking for OGRE_Paging...
[2.295s] -- Found OGRE_Paging: optimized;/usr/lib/x86_64-linux-gnu/libOgrePaging.so;debug;/usr/lib/x86_64-linux-gnu/libOgrePaging.so
[2.295s] -- Looking for OGRE_Terrain...
[2.302s] -- Found OGRE_Terrain: optimized;/usr/lib/x86_64-linux-gnu/libOgreTerrain.so;debug;/usr/lib/x86_64-linux-gnu/libOgreTerrain.so
[2.302s] -- Looking for OGRE_Property...
[2.312s] -- Found OGRE_Property: optimized;/usr/lib/x86_64-linux-gnu/libOgreProperty.so;debug;/usr/lib/x86_64-linux-gnu/libOgreProperty.so
[2.312s] -- Looking for OGRE_RTShaderSystem...
[2.322s] -- Found OGRE_RTShaderSystem: optimized;/usr/lib/x86_64-linux-gnu/libOgreRTShaderSystem.so;debug;/usr/lib/x86_64-linux-gnu/libOgreRTShaderSystem.so
[2.322s] -- Looking for OGRE_Volume...
[2.332s] -- Found OGRE_Volume: optimized;/usr/lib/x86_64-linux-gnu/libOgreVolume.so;debug;/usr/lib/x86_64-linux-gnu/libOgreVolume.so
[2.332s] -- Looking for OGRE_Overlay...
[2.343s] -- Found OGRE_Overlay: optimized;/usr/lib/x86_64-linux-gnu/libOgreOverlay.so;debug;/usr/lib/x86_64-linux-gnu/libOgreOverlay.so
[2.516s] -- Looking for ignition-math6 -- found version 6.8.0
[2.520s] -- Looking for ignition-transport8 -- found version 8.2.0
[2.520s] -- Searching for dependencies of ignition-transport8
[2.540s] -- Found Protobuf: /usr/lib/x86_64-linux-gnu/libprotobuf.so;-lpthread (found suitable version "3.6.1", minimum required is "3") 
[2.553s] -- Config-file not installed for ZeroMQ -- checking for pkg-config
[2.558s] -- Checking for module 'libzmq >= 4'
[2.576s] --   Found libzmq , version 4.3.2
[2.618s] -- Found ZeroMQ: TRUE (Required is at least version "4") 
[2.625s] -- Checking for module 'uuid'
[2.644s] --   Found uuid, version 2.34.0
[2.685s] -- Found UUID: TRUE  
[2.691s] -- Looking for ignition-msgs5 -- found version 5.7.0
[2.691s] -- Searching for dependencies of ignition-msgs5
[2.719s] -- Looking for ignition-math6 -- found version 6.8.0
[2.724s] -- Checking for module 'tinyxml2'
[2.742s] --   Found tinyxml2, version 6.2.0
[2.784s] -- Looking for ignition-msgs5 -- found version 5.7.0
[2.788s] -- Looking for ignition-common3 -- found version 3.12.0
[2.789s] -- Searching for dependencies of ignition-common3
[2.789s] -- Looking for dlfcn.h - found
[2.790s] -- Looking for libdl - found
[2.792s] -- Found DL: TRUE  
[2.799s] -- Searching for <ignition-common3> component [graphics]
[2.803s] -- Looking for ignition-common3-graphics -- found version 3.12.0
[2.803s] -- Searching for dependencies of ignition-common3-graphics
[2.804s] -- Looking for ignition-math6 -- found version 6.8.0
[2.809s] -- Looking for ignition-fuel_tools4 -- found version 4.3.0
[2.809s] -- Searching for dependencies of ignition-fuel_tools4
[2.894s] -- Found CURL: /usr/lib/x86_64-linux-gnu/libcurl.so (found version "7.68.0")  
[2.905s] -- Checking for module 'jsoncpp'
[2.929s] --   Found jsoncpp, version 1.7.4
[2.971s] -- Found JSONCPP: TRUE  
[2.979s] -- Checking for module 'libzip'
[2.995s] --   Found libzip, version 1.5.1
[3.036s] -- Found ZIP: TRUE  
[3.036s] -- Looking for ignition-common3 -- found version 3.12.0
[3.037s] -- Looking for ignition-msgs5 -- found version 5.7.0
[3.042s] -- Found gazebo_ros_pkgs: 3.5.0 (/opt/ros/foxy/share/gazebo_ros_pkgs/cmake)
[3.044s] -- Found geometry_msgs: 2.0.3 (/opt/ros/foxy/share/geometry_msgs/cmake)
[3.080s] -- Using all available rosidl_typesupport_c: rosidl_typesupport_fastrtps_c;rosidl_typesupport_introspection_c
[3.090s] -- Found rosidl_adapter: 1.2.0 (/opt/ros/foxy/share/rosidl_adapter/cmake)
[3.185s] -- Found OpenSSL: /usr/lib/x86_64-linux-gnu/libcrypto.so (found version "1.1.1f")  
[3.218s] -- Found FastRTPS: /opt/ros/foxy/include  
[3.316s] -- Using all available rosidl_typesupport_cpp: rosidl_typesupport_fastrtps_cpp;rosidl_typesupport_introspection_cpp
[3.445s] -- Found nav_msgs: 2.0.3 (/opt/ros/foxy/share/nav_msgs/cmake)
[3.535s] -- Found rclcpp: 2.3.0 (/opt/ros/foxy/share/rclcpp/cmake)
[3.594s] -- Found rmw_implementation_cmake: 1.0.2 (/opt/ros/foxy/share/rmw_implementation_cmake/cmake)
[3.596s] -- Using RMW implementation 'rmw_fastrtps_cpp' as default
[3.598s] -- Found Threads: TRUE  
[3.760s] -- Found sensor_msgs: 2.0.3 (/opt/ros/foxy/share/sensor_msgs/cmake)
[3.839s] -- Found tf2: 0.13.9 (/opt/ros/foxy/share/tf2/cmake)
[3.924s] -- Configuring done
[3.992s] -- Generating done
[3.994s] -- Build files have been written to: /home/student/dev_ws/build/turtlebot3_gazebo
[4.008s] Invoked command in '/home/student/dev_ws/build/turtlebot3_gazebo' returned '0': CMAKE_PREFIX_PATH=${CMAKE_PREFIX_PATH}:/home/student/dev_ws/install/roombasimulator:/home/student/dev_ws/install/py_srvcli:/home/student/dev_ws/install/py_pubsub:/home/student/dev_ws/install/py_parameters:/home/student/dev_ws/install/my_package:/home/student/dev_ws/install/RoomboSimator:/opt/ros/foxy /usr/bin/cmake /home/student/dev_ws/src/turtlebot3_simulations/turtlebot3_gazebo -DAMENT_CMAKE_SYMLINK_INSTALL=1 -DCMAKE_INSTALL_PREFIX=/home/student/dev_ws/install/turtlebot3_gazebo
[4.011s] Invoking command in '/home/student/dev_ws/build/turtlebot3_gazebo': CMAKE_PREFIX_PATH=${CMAKE_PREFIX_PATH}:/home/student/dev_ws/install/roombasimulator:/home/student/dev_ws/install/py_srvcli:/home/student/dev_ws/install/py_pubsub:/home/student/dev_ws/install/py_parameters:/home/student/dev_ws/install/my_package:/home/student/dev_ws/install/RoomboSimator:/opt/ros/foxy /usr/bin/cmake --build /home/student/dev_ws/build/turtlebot3_gazebo -- -j12 -l12
[4.058s] [35m[1mScanning dependencies of target turtlebot3_drive[0m
[4.058s] [35m[1mScanning dependencies of target obstacles[0m
[4.058s] [35m[1mScanning dependencies of target obstacle1[0m
[4.061s] [35m[1mScanning dependencies of target obstacle2[0m
[4.112s] [ 12%] [32mBuilding CXX object CMakeFiles/turtlebot3_drive.dir/src/turtlebot3_drive.cpp.o[0m
[4.327s] [ 25%] [32mBuilding CXX object CMakeFiles/obstacles.dir/models/turtlebot3_dqn_world/obstacle_plugin/obstacles.cc.o[0m
[4.347s] [ 50%] [32mBuilding CXX object CMakeFiles/obstacle2.dir/models/turtlebot3_dqn_world/obstacle_plugin/obstacle2.cc.o[0m
[4.347s] [ 50%] [32mBuilding CXX object CMakeFiles/obstacle1.dir/models/turtlebot3_dqn_world/obstacle_plugin/obstacle1.cc.o[0m
[11.650s] [ 62%] [32m[1mLinking CXX executable turtlebot3_drive[0m
[12.001s] [ 62%] Built target turtlebot3_drive
[14.451s] [ 75%] [32m[1mLinking CXX shared library libobstacle1.so[0m
[14.496s] [ 87%] [32m[1mLinking CXX shared library libobstacle2.so[0m
[14.644s] [100%] [32m[1mLinking CXX shared library libobstacles.so[0m
[14.836s] [100%] Built target obstacle2
[14.836s] [100%] Built target obstacle1
[14.913s] [100%] Built target obstacles
[14.923s] Invoked command in '/home/student/dev_ws/build/turtlebot3_gazebo' returned '0': CMAKE_PREFIX_PATH=${CMAKE_PREFIX_PATH}:/home/student/dev_ws/install/roombasimulator:/home/student/dev_ws/install/py_srvcli:/home/student/dev_ws/install/py_pubsub:/home/student/dev_ws/install/py_parameters:/home/student/dev_ws/install/my_package:/home/student/dev_ws/install/RoomboSimator:/opt/ros/foxy /usr/bin/cmake --build /home/student/dev_ws/build/turtlebot3_gazebo -- -j12 -l12
[14.950s] Invoking command in '/home/student/dev_ws/build/turtlebot3_gazebo': CMAKE_PREFIX_PATH=${CMAKE_PREFIX_PATH}:/home/student/dev_ws/install/roombasimulator:/home/student/dev_ws/install/py_srvcli:/home/student/dev_ws/install/py_pubsub:/home/student/dev_ws/install/py_parameters:/home/student/dev_ws/install/my_package:/home/student/dev_ws/install/RoomboSimator:/opt/ros/foxy /usr/bin/cmake --install /home/student/dev_ws/build/turtlebot3_gazebo
[14.957s] -- Install configuration: ""
[14.957s] -- Execute custom install script
[14.957s] -- Symlinking: /home/student/dev_ws/install/turtlebot3_gazebo/lib/turtlebot3_gazebo/turtlebot3_drive
[14.965s] -- Symlinking: /home/student/dev_ws/install/turtlebot3_gazebo/share/turtlebot3_gazebo//launch/empty_world.launch.py
[14.973s] -- Symlinking: /home/student/dev_ws/install/turtlebot3_gazebo/share/turtlebot3_gazebo//launch/robot_state_publisher.launch.py
[14.980s] -- Symlinking: /home/student/dev_ws/install/turtlebot3_gazebo/share/turtlebot3_gazebo//launch/turtlebot3_autorace.launch.py
[14.987s] -- Symlinking: /home/student/dev_ws/install/turtlebot3_gazebo/share/turtlebot3_gazebo//launch/turtlebot3_dqn_stage1.launch.py
[14.994s] -- Symlinking: /home/student/dev_ws/install/turtlebot3_gazebo/share/turtlebot3_gazebo//launch/turtlebot3_dqn_stage2.launch.py
[15.001s] -- Symlinking: /home/student/dev_ws/install/turtlebot3_gazebo/share/turtlebot3_gazebo//launch/turtlebot3_dqn_stage3.launch.py
[15.007s] -- Symlinking: /home/student/dev_ws/install/turtlebot3_gazebo/share/turtlebot3_gazebo//launch/turtlebot3_dqn_stage4.launch.py
[15.014s] -- Symlinking: /home/student/dev_ws/install/turtlebot3_gazebo/share/turtlebot3_gazebo//launch/turtlebot3_house.launch.py
[15.023s] -- Symlinking: /home/student/dev_ws/install/turtlebot3_gazebo/share/turtlebot3_gazebo//launch/turtlebot3_world.launch.py
[15.031s] -- Symlinking: /home/student/dev_ws/install/turtlebot3_gazebo/share/turtlebot3_gazebo//models/turtlebot3_autorace/course/materials/scripts/course.material
[15.038s] -- Symlinking: /home/student/dev_ws/install/turtlebot3_gazebo/share/turtlebot3_gazebo//models/turtlebot3_autorace/course/materials/textures/course.png
[15.046s] -- Symlinking: /home/student/dev_ws/install/turtlebot3_gazebo/share/turtlebot3_gazebo//models/turtlebot3_autorace/course/model.config
[15.053s] -- Symlinking: /home/student/dev_ws/install/turtlebot3_gazebo/share/turtlebot3_gazebo//models/turtlebot3_autorace/course/model.sdf
[15.059s] -- Symlinking: /home/student/dev_ws/install/turtlebot3_gazebo/share/turtlebot3_gazebo//models/turtlebot3_autorace/ground/model.config
[15.067s] -- Symlinking: /home/student/dev_ws/install/turtlebot3_gazebo/share/turtlebot3_gazebo//models/turtlebot3_autorace/ground/model.sdf
[15.074s] -- Symlinking: /home/student/dev_ws/install/turtlebot3_gazebo/share/turtlebot3_gazebo//models/turtlebot3_autorace/lights/model.config
[15.081s] -- Symlinking: /home/student/dev_ws/install/turtlebot3_gazebo/share/turtlebot3_gazebo//models/turtlebot3_autorace/lights/model.sdf
[15.088s] -- Symlinking: /home/student/dev_ws/install/turtlebot3_gazebo/share/turtlebot3_gazebo//models/turtlebot3_autorace/model.config
[15.095s] -- Symlinking: /home/student/dev_ws/install/turtlebot3_gazebo/share/turtlebot3_gazebo//models/turtlebot3_autorace/traffic_bar_down/materials/scripts/traffic_bar.material
[15.103s] -- Symlinking: /home/student/dev_ws/install/turtlebot3_gazebo/share/turtlebot3_gazebo//models/turtlebot3_autorace/traffic_bar_down/materials/textures/traffic_bar.png
[15.109s] -- Symlinking: /home/student/dev_ws/install/turtlebot3_gazebo/share/turtlebot3_gazebo//models/turtlebot3_autorace/traffic_bar_down/model.config
[15.117s] -- Symlinking: /home/student/dev_ws/install/turtlebot3_gazebo/share/turtlebot3_gazebo//models/turtlebot3_autorace/traffic_bar_down/model.sdf
[15.125s] -- Symlinking: /home/student/dev_ws/install/turtlebot3_gazebo/share/turtlebot3_gazebo//models/turtlebot3_autorace/traffic_bar_up/materials/scripts/traffic_bar.material
[15.132s] -- Symlinking: /home/student/dev_ws/install/turtlebot3_gazebo/share/turtlebot3_gazebo//models/turtlebot3_autorace/traffic_bar_up/materials/textures/traffic_bar.png
[15.139s] -- Symlinking: /home/student/dev_ws/install/turtlebot3_gazebo/share/turtlebot3_gazebo//models/turtlebot3_autorace/traffic_bar_up/model.config
[15.146s] -- Symlinking: /home/student/dev_ws/install/turtlebot3_gazebo/share/turtlebot3_gazebo//models/turtlebot3_autorace/traffic_bar_up/model.sdf
[15.153s] -- Symlinking: /home/student/dev_ws/install/turtlebot3_gazebo/share/turtlebot3_gazebo//models/turtlebot3_autorace/traffic_light_green/model.config
[15.160s] -- Symlinking: /home/student/dev_ws/install/turtlebot3_gazebo/share/turtlebot3_gazebo//models/turtlebot3_autorace/traffic_light_green/model.sdf
[15.168s] -- Symlinking: /home/student/dev_ws/install/turtlebot3_gazebo/share/turtlebot3_gazebo//models/turtlebot3_autorace/traffic_light_red/model.config
[15.175s] -- Symlinking: /home/student/dev_ws/install/turtlebot3_gazebo/share/turtlebot3_gazebo//models/turtlebot3_autorace/traffic_light_red/model.sdf
[15.182s] -- Symlinking: /home/student/dev_ws/install/turtlebot3_gazebo/share/turtlebot3_gazebo//models/turtlebot3_autorace/traffic_light_yellow/model.config
[15.189s] -- Symlinking: /home/student/dev_ws/install/turtlebot3_gazebo/share/turtlebot3_gazebo//models/turtlebot3_autorace/traffic_light_yellow/model.sdf
[15.196s] -- Symlinking: /home/student/dev_ws/install/turtlebot3_gazebo/share/turtlebot3_gazebo//models/turtlebot3_autorace/traffic_parking/materials/scripts/traffic_parking.material
[15.203s] -- Symlinking: /home/student/dev_ws/install/turtlebot3_gazebo/share/turtlebot3_gazebo//models/turtlebot3_autorace/traffic_parking/materials/textures/traffic_parking.png
[15.210s] -- Symlinking: /home/student/dev_ws/install/turtlebot3_gazebo/share/turtlebot3_gazebo//models/turtlebot3_autorace/traffic_parking/model.config
[15.218s] -- Symlinking: /home/student/dev_ws/install/turtlebot3_gazebo/share/turtlebot3_gazebo//models/turtlebot3_autorace/traffic_parking/model.sdf
[15.225s] -- Symlinking: /home/student/dev_ws/install/turtlebot3_gazebo/share/turtlebot3_gazebo//models/turtlebot3_autorace/traffic_stop/materials/scripts/traffic_stop.material
[15.232s] -- Symlinking: /home/student/dev_ws/install/turtlebot3_gazebo/share/turtlebot3_gazebo//models/turtlebot3_autorace/traffic_stop/materials/textures/traffic_stop.png
[15.239s] -- Symlinking: /home/student/dev_ws/install/turtlebot3_gazebo/share/turtlebot3_gazebo//models/turtlebot3_autorace/traffic_stop/model.config
[15.246s] -- Symlinking: /home/student/dev_ws/install/turtlebot3_gazebo/share/turtlebot3_gazebo//models/turtlebot3_autorace/traffic_stop/model.sdf
[15.253s] -- Symlinking: /home/student/dev_ws/install/turtlebot3_gazebo/share/turtlebot3_gazebo//models/turtlebot3_autorace/traffic_tunnel/materials/scripts/tunnel.material
[15.260s] -- Symlinking: /home/student/dev_ws/install/turtlebot3_gazebo/share/turtlebot3_gazebo//models/turtlebot3_autorace/traffic_tunnel/materials/textures/tunnel.png
[15.268s] -- Symlinking: /home/student/dev_ws/install/turtlebot3_gazebo/share/turtlebot3_gazebo//models/turtlebot3_autorace/traffic_tunnel/model.config
[15.276s] -- Symlinking: /home/student/dev_ws/install/turtlebot3_gazebo/share/turtlebot3_gazebo//models/turtlebot3_autorace/traffic_tunnel/model.sdf
[15.284s] -- Symlinking: /home/student/dev_ws/install/turtlebot3_gazebo/share/turtlebot3_gazebo//models/turtlebot3_autorace/tunnel_obstacles/model.config
[15.291s] -- Symlinking: /home/student/dev_ws/install/turtlebot3_gazebo/share/turtlebot3_gazebo//models/turtlebot3_autorace/tunnel_obstacles/model.sdf
[15.298s] -- Symlinking: /home/student/dev_ws/install/turtlebot3_gazebo/share/turtlebot3_gazebo//models/turtlebot3_autorace/tunnel_wall/model.config
[15.305s] -- Symlinking: /home/student/dev_ws/install/turtlebot3_gazebo/share/turtlebot3_gazebo//models/turtlebot3_autorace/tunnel_wall/model.sdf
[15.312s] -- Symlinking: /home/student/dev_ws/install/turtlebot3_gazebo/share/turtlebot3_gazebo//models/turtlebot3_burger/meshes/burger_base.dae
[15.319s] -- Symlinking: /home/student/dev_ws/install/turtlebot3_gazebo/share/turtlebot3_gazebo//models/turtlebot3_burger/meshes/lds.dae
[15.326s] -- Symlinking: /home/student/dev_ws/install/turtlebot3_gazebo/share/turtlebot3_gazebo//models/turtlebot3_burger/meshes/tire.dae
[15.333s] -- Symlinking: /home/student/dev_ws/install/turtlebot3_gazebo/share/turtlebot3_gazebo//models/turtlebot3_burger/model-1_4.sdf
[15.340s] -- Symlinking: /home/student/dev_ws/install/turtlebot3_gazebo/share/turtlebot3_gazebo//models/turtlebot3_burger/model.config
[15.347s] -- Symlinking: /home/student/dev_ws/install/turtlebot3_gazebo/share/turtlebot3_gazebo//models/turtlebot3_burger/model.sdf
[15.354s] -- Symlinking: /home/student/dev_ws/install/turtlebot3_gazebo/share/turtlebot3_gazebo//models/turtlebot3_dqn_world/goal_box/model.config
[15.361s] -- Symlinking: /home/student/dev_ws/install/turtlebot3_gazebo/share/turtlebot3_gazebo//models/turtlebot3_dqn_world/goal_box/model.sdf
[15.368s] -- Symlinking: /home/student/dev_ws/install/turtlebot3_gazebo/share/turtlebot3_gazebo//models/turtlebot3_dqn_world/inner_walls/model.config
[15.376s] -- Symlinking: /home/student/dev_ws/install/turtlebot3_gazebo/share/turtlebot3_gazebo//models/turtlebot3_dqn_world/inner_walls/model.sdf
[15.384s] -- Symlinking: /home/student/dev_ws/install/turtlebot3_gazebo/share/turtlebot3_gazebo//models/turtlebot3_dqn_world/model.config
[15.390s] -- Symlinking: /home/student/dev_ws/install/turtlebot3_gazebo/share/turtlebot3_gazebo//models/turtlebot3_dqn_world/model.sdf
[15.399s] -- Symlinking: /home/student/dev_ws/install/turtlebot3_gazebo/share/turtlebot3_gazebo//models/turtlebot3_dqn_world/obstacle1/model.config
[15.406s] -- Symlinking: /home/student/dev_ws/install/turtlebot3_gazebo/share/turtlebot3_gazebo//models/turtlebot3_dqn_world/obstacle1/model.sdf
[15.413s] -- Symlinking: /home/student/dev_ws/install/turtlebot3_gazebo/share/turtlebot3_gazebo//models/turtlebot3_dqn_world/obstacle2/model.config
[15.420s] -- Symlinking: /home/student/dev_ws/install/turtlebot3_gazebo/share/turtlebot3_gazebo//models/turtlebot3_dqn_world/obstacle2/model.sdf
[15.427s] -- Symlinking: /home/student/dev_ws/install/turtlebot3_gazebo/share/turtlebot3_gazebo//models/turtlebot3_dqn_world/obstacle_plugin/CMakeLists.txt
[15.434s] -- Symlinking: /home/student/dev_ws/install/turtlebot3_gazebo/share/turtlebot3_gazebo//models/turtlebot3_dqn_world/obstacle_plugin/obstacle1.cc
[15.442s] -- Symlinking: /home/student/dev_ws/install/turtlebot3_gazebo/share/turtlebot3_gazebo//models/turtlebot3_dqn_world/obstacle_plugin/obstacle2.cc
[15.448s] -- Symlinking: /home/student/dev_ws/install/turtlebot3_gazebo/share/turtlebot3_gazebo//models/turtlebot3_dqn_world/obstacle_plugin/obstacles.cc
[15.455s] -- Symlinking: /home/student/dev_ws/install/turtlebot3_gazebo/share/turtlebot3_gazebo//models/turtlebot3_dqn_world/obstacles/model.config
[15.462s] -- Symlinking: /home/student/dev_ws/install/turtlebot3_gazebo/share/turtlebot3_gazebo//models/turtlebot3_dqn_world/obstacles/model.sdf
[15.469s] -- Symlinking: /home/student/dev_ws/install/turtlebot3_gazebo/share/turtlebot3_gazebo//models/turtlebot3_house/model.config
[15.476s] -- Symlinking: /home/student/dev_ws/install/turtlebot3_gazebo/share/turtlebot3_gazebo//models/turtlebot3_house/model.sdf
[15.483s] -- Symlinking: /home/student/dev_ws/install/turtlebot3_gazebo/share/turtlebot3_gazebo//models/turtlebot3_waffle/meshes/lds.dae
[15.491s] -- Symlinking: /home/student/dev_ws/install/turtlebot3_gazebo/share/turtlebot3_gazebo//models/turtlebot3_waffle/meshes/r200.dae
[15.498s] -- Symlinking: /home/student/dev_ws/install/turtlebot3_gazebo/share/turtlebot3_gazebo//models/turtlebot3_waffle/meshes/tire.dae
[15.506s] -- Symlinking: /home/student/dev_ws/install/turtlebot3_gazebo/share/turtlebot3_gazebo//models/turtlebot3_waffle/meshes/waffle_base.dae
[15.512s] -- Symlinking: /home/student/dev_ws/install/turtlebot3_gazebo/share/turtlebot3_gazebo//models/turtlebot3_waffle/model-1_4.sdf
[15.519s] -- Symlinking: /home/student/dev_ws/install/turtlebot3_gazebo/share/turtlebot3_gazebo//models/turtlebot3_waffle/model.config
[15.526s] -- Symlinking: /home/student/dev_ws/install/turtlebot3_gazebo/share/turtlebot3_gazebo//models/turtlebot3_waffle/model.sdf
[15.532s] -- Symlinking: /home/student/dev_ws/install/turtlebot3_gazebo/share/turtlebot3_gazebo//models/turtlebot3_waffle_pi/meshes/lds.dae
[15.539s] -- Symlinking: /home/student/dev_ws/install/turtlebot3_gazebo/share/turtlebot3_gazebo//models/turtlebot3_waffle_pi/meshes/tire.dae
[15.546s] -- Symlinking: /home/student/dev_ws/install/turtlebot3_gazebo/share/turtlebot3_gazebo//models/turtlebot3_waffle_pi/meshes/waffle_pi_base.dae
[15.553s] -- Symlinking: /home/student/dev_ws/install/turtlebot3_gazebo/share/turtlebot3_gazebo//models/turtlebot3_waffle_pi/model-1_4_.sdf
[15.559s] -- Symlinking: /home/student/dev_ws/install/turtlebot3_gazebo/share/turtlebot3_gazebo//models/turtlebot3_waffle_pi/model.config
[15.566s] -- Symlinking: /home/student/dev_ws/install/turtlebot3_gazebo/share/turtlebot3_gazebo//models/turtlebot3_waffle_pi/model.sdf
[15.573s] -- Symlinking: /home/student/dev_ws/install/turtlebot3_gazebo/share/turtlebot3_gazebo//models/turtlebot3_world/meshes/hexagon.dae
[15.580s] -- Symlinking: /home/student/dev_ws/install/turtlebot3_gazebo/share/turtlebot3_gazebo//models/turtlebot3_world/meshes/wall.dae
[15.587s] -- Symlinking: /home/student/dev_ws/install/turtlebot3_gazebo/share/turtlebot3_gazebo//models/turtlebot3_world/model-1_4.sdf
[15.593s] -- Symlinking: /home/student/dev_ws/install/turtlebot3_gazebo/share/turtlebot3_gazebo//models/turtlebot3_world/model.config
[15.600s] -- Symlinking: /home/student/dev_ws/install/turtlebot3_gazebo/share/turtlebot3_gazebo//models/turtlebot3_world/model.sdf
[15.607s] -- Symlinking: /home/student/dev_ws/install/turtlebot3_gazebo/share/turtlebot3_gazebo//rviz/tb3_gazebo.rviz
[15.614s] -- Symlinking: /home/student/dev_ws/install/turtlebot3_gazebo/share/turtlebot3_gazebo//worlds/empty_worlds/burger.model
[15.621s] -- Symlinking: /home/student/dev_ws/install/turtlebot3_gazebo/share/turtlebot3_gazebo//worlds/empty_worlds/waffle.model
[15.627s] -- Symlinking: /home/student/dev_ws/install/turtlebot3_gazebo/share/turtlebot3_gazebo//worlds/empty_worlds/waffle_pi.model
[15.634s] -- Symlinking: /home/student/dev_ws/install/turtlebot3_gazebo/share/turtlebot3_gazebo//worlds/turtlebot3_autoraces/burger.model
[15.641s] -- Symlinking: /home/student/dev_ws/install/turtlebot3_gazebo/share/turtlebot3_gazebo//worlds/turtlebot3_autoraces/waffle.model
[15.647s] -- Symlinking: /home/student/dev_ws/install/turtlebot3_gazebo/share/turtlebot3_gazebo//worlds/turtlebot3_autoraces/waffle_pi.model
[15.655s] -- Symlinking: /home/student/dev_ws/install/turtlebot3_gazebo/share/turtlebot3_gazebo//worlds/turtlebot3_dqn_stage1/burger.model
[15.662s] -- Symlinking: /home/student/dev_ws/install/turtlebot3_gazebo/share/turtlebot3_gazebo//worlds/turtlebot3_dqn_stage1/waffle.model
[15.669s] -- Symlinking: /home/student/dev_ws/install/turtlebot3_gazebo/share/turtlebot3_gazebo//worlds/turtlebot3_dqn_stage1/waffle_pi.model
[15.676s] -- Symlinking: /home/student/dev_ws/install/turtlebot3_gazebo/share/turtlebot3_gazebo//worlds/turtlebot3_dqn_stage2/burger.model
[15.683s] -- Symlinking: /home/student/dev_ws/install/turtlebot3_gazebo/share/turtlebot3_gazebo//worlds/turtlebot3_dqn_stage2/waffle.model
[15.690s] -- Symlinking: /home/student/dev_ws/install/turtlebot3_gazebo/share/turtlebot3_gazebo//worlds/turtlebot3_dqn_stage2/waffle_pi.model
[15.697s] -- Symlinking: /home/student/dev_ws/install/turtlebot3_gazebo/share/turtlebot3_gazebo//worlds/turtlebot3_dqn_stage3/burger.model
[15.704s] -- Symlinking: /home/student/dev_ws/install/turtlebot3_gazebo/share/turtlebot3_gazebo//worlds/turtlebot3_dqn_stage3/waffle.model
[15.710s] -- Symlinking: /home/student/dev_ws/install/turtlebot3_gazebo/share/turtlebot3_gazebo//worlds/turtlebot3_dqn_stage3/waffle_pi.model
[15.717s] -- Symlinking: /home/student/dev_ws/install/turtlebot3_gazebo/share/turtlebot3_gazebo//worlds/turtlebot3_dqn_stage4/burger.model
[15.723s] -- Symlinking: /home/student/dev_ws/install/turtlebot3_gazebo/share/turtlebot3_gazebo//worlds/turtlebot3_dqn_stage4/waffle.model
[15.730s] -- Symlinking: /home/student/dev_ws/install/turtlebot3_gazebo/share/turtlebot3_gazebo//worlds/turtlebot3_dqn_stage4/waffle_pi.model
[15.737s] -- Symlinking: /home/student/dev_ws/install/turtlebot3_gazebo/share/turtlebot3_gazebo//worlds/turtlebot3_houses/burger.model
[15.744s] -- Symlinking: /home/student/dev_ws/install/turtlebot3_gazebo/share/turtlebot3_gazebo//worlds/turtlebot3_houses/waffle.model
[15.751s] -- Symlinking: /home/student/dev_ws/install/turtlebot3_gazebo/share/turtlebot3_gazebo//worlds/turtlebot3_houses/waffle_pi.model
[15.758s] -- Symlinking: /home/student/dev_ws/install/turtlebot3_gazebo/share/turtlebot3_gazebo//worlds/turtlebot3_worlds/burger.model
[15.765s] -- Symlinking: /home/student/dev_ws/install/turtlebot3_gazebo/share/turtlebot3_gazebo//worlds/turtlebot3_worlds/waffle.model
[15.773s] -- Symlinking: /home/student/dev_ws/install/turtlebot3_gazebo/share/turtlebot3_gazebo//worlds/turtlebot3_worlds/waffle_pi.model
[15.780s] -- Symlinking: /home/student/dev_ws/install/turtlebot3_gazebo/include//turtlebot3_gazebo/turtlebot3_drive.hpp
[15.787s] -- Symlinking: /home/student/dev_ws/install/turtlebot3_gazebo/share/ament_index/resource_index/package_run_dependencies/turtlebot3_gazebo
[15.793s] -- Symlinking: /home/student/dev_ws/install/turtlebot3_gazebo/share/ament_index/resource_index/parent_prefix_path/turtlebot3_gazebo
[15.801s] -- Symlinking: /home/student/dev_ws/install/turtlebot3_gazebo/share/turtlebot3_gazebo/environment/ament_prefix_path.sh
[15.807s] -- Symlinking: /home/student/dev_ws/install/turtlebot3_gazebo/share/turtlebot3_gazebo/environment/ament_prefix_path.dsv
[15.814s] -- Symlinking: /home/student/dev_ws/install/turtlebot3_gazebo/share/turtlebot3_gazebo/environment/path.sh
[15.821s] -- Symlinking: /home/student/dev_ws/install/turtlebot3_gazebo/share/turtlebot3_gazebo/environment/path.dsv
[15.828s] -- Symlinking: /home/student/dev_ws/install/turtlebot3_gazebo/share/turtlebot3_gazebo/local_setup.bash
[15.835s] -- Symlinking: /home/student/dev_ws/install/turtlebot3_gazebo/share/turtlebot3_gazebo/local_setup.sh
[15.842s] -- Symlinking: /home/student/dev_ws/install/turtlebot3_gazebo/share/turtlebot3_gazebo/local_setup.zsh
[15.849s] -- Symlinking: /home/student/dev_ws/install/turtlebot3_gazebo/share/turtlebot3_gazebo/local_setup.dsv
[15.856s] -- Symlinking: /home/student/dev_ws/install/turtlebot3_gazebo/share/turtlebot3_gazebo/package.dsv
[15.862s] -- Symlinking: /home/student/dev_ws/install/turtlebot3_gazebo/share/ament_index/resource_index/packages/turtlebot3_gazebo
[15.871s] -- Symlinking: /home/student/dev_ws/install/turtlebot3_gazebo/share/turtlebot3_gazebo/cmake/ament_cmake_export_include_directories-extras.cmake
[15.877s] -- Symlinking: /home/student/dev_ws/install/turtlebot3_gazebo/share/turtlebot3_gazebo/cmake/ament_cmake_export_dependencies-extras.cmake
[15.884s] -- Symlinking: /home/student/dev_ws/install/turtlebot3_gazebo/share/turtlebot3_gazebo/cmake/turtlebot3_gazeboConfig.cmake
[15.891s] -- Symlinking: /home/student/dev_ws/install/turtlebot3_gazebo/share/turtlebot3_gazebo/cmake/turtlebot3_gazeboConfig-version.cmake
[15.898s] -- Symlinking: /home/student/dev_ws/install/turtlebot3_gazebo/share/turtlebot3_gazebo/package.xml
[15.907s] Invoked command in '/home/student/dev_ws/build/turtlebot3_gazebo' returned '0': CMAKE_PREFIX_PATH=${CMAKE_PREFIX_PATH}:/home/student/dev_ws/install/roombasimulator:/home/student/dev_ws/install/py_srvcli:/home/student/dev_ws/install/py_pubsub:/home/student/dev_ws/install/py_parameters:/home/student/dev_ws/install/my_package:/home/student/dev_ws/install/RoomboSimator:/opt/ros/foxy /usr/bin/cmake --install /home/student/dev_ws/build/turtlebot3_gazebo
