-- Found ament_cmake: 0.9.8 (/opt/ros/foxy/share/ament_cmake/cmake)
-- Found PythonInterp: /usr/bin/python3 (found suitable version "3.8.5", minimum required is "3") 
-- Using PYTHON_EXECUTABLE: /usr/bin/python3
-- Found rosidl_default_generators: 1.0.0 (/opt/ros/foxy/share/rosidl_default_generators/cmake)
-- Using all available rosidl_typesupport_c: rosidl_typesupport_fastrtps_c;rosidl_typesupport_introspection_c
-- Found rosidl_adapter: 1.2.0 (/opt/ros/foxy/share/rosidl_adapter/cmake)
-- Using all available rosidl_typesupport_cpp: rosidl_typesupport_fastrtps_cpp;rosidl_typesupport_introspection_cpp
-- Found rclcpp: 2.3.0 (/opt/ros/foxy/share/rclcpp/cmake)
-- Found rmw_implementation_cmake: 1.0.2 (/opt/ros/foxy/share/rmw_implementation_cmake/cmake)
-- Using RMW implementation 'rmw_fastrtps_cpp' as default
CMake Error at /opt/ros/foxy/share/rosidl_cmake/cmake/rosidl_generate_interfaces.cmake:93 (message):
  rosidl_generate_interfaces() the passed file 'msg/AddressBook.msg' doesn't
  exist relative to the CMAKE_CURRENT_SOURCE_DIR
  '/home/student/dev_ws/src/more_interfaces'
Call Stack (most recent call first):
  CMakeLists.txt:30 (rosidl_generate_interfaces)


-- Configuring incomplete, errors occurred!
See also "/home/student/dev_ws/build/more_interfaces/CMakeFiles/CMakeOutput.log".
See also "/home/student/dev_ws/build/more_interfaces/CMakeFiles/CMakeError.log".
make: *** [Makefile:792: cmake_check_build_system] Error 1
