[0.235s] Invoking command in '/home/student/dev_ws/src/py_pubsub': PYTHONPATH=/home/student/dev_ws/install/py_pubsub/lib/python3.8/site-packages:${PYTHONPATH} /usr/bin/python3 setup.py egg_info --egg-base ../../build/py_pubsub build --build-base /home/student/dev_ws/build/py_pubsub/build install --prefix /home/student/dev_ws/install/py_pubsub --record /home/student/dev_ws/build/py_pubsub/install.log --single-version-externally-managed
[0.434s] running egg_info
[0.434s] writing ../../build/py_pubsub/py_pubsub.egg-info/PKG-INFO
[0.435s] writing dependency_links to ../../build/py_pubsub/py_pubsub.egg-info/dependency_links.txt
[0.435s] writing entry points to ../../build/py_pubsub/py_pubsub.egg-info/entry_points.txt
[0.435s] writing requirements to ../../build/py_pubsub/py_pubsub.egg-info/requires.txt
[0.436s] writing top-level names to ../../build/py_pubsub/py_pubsub.egg-info/top_level.txt
[0.466s] reading manifest file '../../build/py_pubsub/py_pubsub.egg-info/SOURCES.txt'
[0.467s] writing manifest file '../../build/py_pubsub/py_pubsub.egg-info/SOURCES.txt'
[0.467s] running build
[0.467s] running build_py
[0.468s] copying py_pubsub/subscriber_member_function.py -> /home/student/dev_ws/build/py_pubsub/build/lib/py_pubsub
[0.468s] running install
[0.469s] running install_lib
[0.469s] copying /home/student/dev_ws/build/py_pubsub/build/lib/py_pubsub/subscriber_member_function.py -> /home/student/dev_ws/install/py_pubsub/lib/python3.8/site-packages/py_pubsub
[0.470s] byte-compiling /home/student/dev_ws/install/py_pubsub/lib/python3.8/site-packages/py_pubsub/subscriber_member_function.py to subscriber_member_function.cpython-38.pyc
[0.472s] running install_data
[0.472s] running install_egg_info
[0.474s] removing '/home/student/dev_ws/install/py_pubsub/lib/python3.8/site-packages/py_pubsub-0.0.0-py3.8.egg-info' (and everything under it)
[0.474s] Copying ../../build/py_pubsub/py_pubsub.egg-info to /home/student/dev_ws/install/py_pubsub/lib/python3.8/site-packages/py_pubsub-0.0.0-py3.8.egg-info
[0.475s] running install_scripts
[0.490s] Installing listener script to /home/student/dev_ws/install/py_pubsub/lib/py_pubsub
[0.491s] writing list of installed files to '/home/student/dev_ws/build/py_pubsub/install.log'
[0.507s] Invoked command in '/home/student/dev_ws/src/py_pubsub' returned '0': PYTHONPATH=/home/student/dev_ws/install/py_pubsub/lib/python3.8/site-packages:${PYTHONPATH} /usr/bin/python3 setup.py egg_info --egg-base ../../build/py_pubsub build --build-base /home/student/dev_ws/build/py_pubsub/build install --prefix /home/student/dev_ws/install/py_pubsub --record /home/student/dev_ws/build/py_pubsub/install.log --single-version-externally-managed
