[0.250s] Invoking command in '/home/student/dev_ws/build/more_interfaces': CMAKE_PREFIX_PATH=/opt/ros/foxy /usr/bin/cmake --build /home/student/dev_ws/build/more_interfaces -- -j12 -l12
[0.719s] [  3%] Built target more_interfaces__cpp
[0.720s] [ 12%] Built target more_interfaces__rosidl_generator_c
[0.721s] [ 21%] Built target more_interfaces__rosidl_typesupport_introspection_cpp
[0.721s] [ 30%] Built target more_interfaces__rosidl_typesupport_cpp
[0.721s] [ 39%] Built target more_interfaces__rosidl_typesupport_fastrtps_cpp
[0.723s] [ 48%] Built target more_interfaces__rosidl_typesupport_introspection_c
[0.723s] [ 57%] Built target more_interfaces__rosidl_typesupport_c
[0.723s] [ 66%] Built target more_interfaces__rosidl_typesupport_fastrtps_c
[0.724s] [ 66%] Built target more_interfaces
[0.725s] [ 69%] Built target more_interfaces__py
[0.726s] [ 75%] Built target publish_address_book
[0.726s] [ 81%] Built target more_interfaces__python
[0.726s] [ 90%] Built target more_interfaces__rosidl_typesupport_introspection_c__pyext
[0.727s] [ 93%] Built target more_interfaces__rosidl_typesupport_c__pyext
[0.728s] [100%] Built target more_interfaces__rosidl_typesupport_fastrtps_c__pyext
[0.731s] Invoked command in '/home/student/dev_ws/build/more_interfaces' returned '0': CMAKE_PREFIX_PATH=/opt/ros/foxy /usr/bin/cmake --build /home/student/dev_ws/build/more_interfaces -- -j12 -l12
[0.873s] Invoking command in '/home/student/dev_ws/build/more_interfaces': CMAKE_PREFIX_PATH=/opt/ros/foxy /usr/bin/cmake --install /home/student/dev_ws/build/more_interfaces
[0.887s] -- Install configuration: ""
[0.887s] -- Up-to-date: /home/student/dev_ws/install/more_interfaces/share/ament_index/resource_index/rosidl_interfaces/more_interfaces
[0.888s] -- Up-to-date: /home/student/dev_ws/install/more_interfaces/include/more_interfaces
[0.888s] -- Up-to-date: /home/student/dev_ws/install/more_interfaces/include/more_interfaces/msg
[0.889s] -- Up-to-date: /home/student/dev_ws/install/more_interfaces/include/more_interfaces/msg/detail
[0.889s] -- Up-to-date: /home/student/dev_ws/install/more_interfaces/include/more_interfaces/msg/detail/address_book__functions.h
[0.889s] -- Up-to-date: /home/student/dev_ws/install/more_interfaces/include/more_interfaces/msg/detail/adress_book__struct.h
[0.890s] -- Up-to-date: /home/student/dev_ws/install/more_interfaces/include/more_interfaces/msg/detail/address_book__type_support.h
[0.892s] -- Up-to-date: /home/student/dev_ws/install/more_interfaces/include/more_interfaces/msg/detail/adress_book__type_support.h
[0.893s] -- Up-to-date: /home/student/dev_ws/install/more_interfaces/include/more_interfaces/msg/detail/adress_book__functions.h
[0.893s] -- Up-to-date: /home/student/dev_ws/install/more_interfaces/include/more_interfaces/msg/detail/address_book__struct.h
[0.894s] -- Up-to-date: /home/student/dev_ws/install/more_interfaces/include/more_interfaces/msg/detail/address_book__functions.c
[0.894s] -- Up-to-date: /home/student/dev_ws/install/more_interfaces/include/more_interfaces/msg/detail/adress_book__functions.c
[0.894s] -- Up-to-date: /home/student/dev_ws/install/more_interfaces/include/more_interfaces/msg/address_book.h
[0.894s] -- Up-to-date: /home/student/dev_ws/install/more_interfaces/include/more_interfaces/msg/rosidl_generator_c__visibility_control.h
[0.895s] -- Up-to-date: /home/student/dev_ws/install/more_interfaces/include/more_interfaces/msg/adress_book.h
[0.895s] -- Up-to-date: /home/student/dev_ws/install/more_interfaces/share/more_interfaces/environment/library_path.sh
[0.895s] -- Up-to-date: /home/student/dev_ws/install/more_interfaces/share/more_interfaces/environment/library_path.dsv
[0.895s] -- Up-to-date: /home/student/dev_ws/install/more_interfaces/lib/libmore_interfaces__rosidl_generator_c.so
[0.895s] -- Up-to-date: /home/student/dev_ws/install/more_interfaces/include/more_interfaces
[0.896s] -- Up-to-date: /home/student/dev_ws/install/more_interfaces/include/more_interfaces/msg
[0.896s] -- Up-to-date: /home/student/dev_ws/install/more_interfaces/include/more_interfaces/msg/detail
[0.896s] -- Up-to-date: /home/student/dev_ws/install/more_interfaces/include/more_interfaces/msg/detail/address_book__rosidl_typesupport_fastrtps_c.h
[0.896s] -- Up-to-date: /home/student/dev_ws/install/more_interfaces/include/more_interfaces/msg/detail/adress_book__rosidl_typesupport_fastrtps_c.h
[0.896s] -- Up-to-date: /home/student/dev_ws/install/more_interfaces/include/more_interfaces/msg/rosidl_typesupport_fastrtps_c__visibility_control.h
[0.896s] -- Up-to-date: /home/student/dev_ws/install/more_interfaces/lib/libmore_interfaces__rosidl_typesupport_fastrtps_c.so
[0.897s] -- Up-to-date: /home/student/dev_ws/install/more_interfaces/include/more_interfaces
[0.897s] -- Up-to-date: /home/student/dev_ws/install/more_interfaces/include/more_interfaces/msg
[0.897s] -- Up-to-date: /home/student/dev_ws/install/more_interfaces/include/more_interfaces/msg/rosidl_typesupport_fastrtps_cpp__visibility_control.h
[0.898s] -- Up-to-date: /home/student/dev_ws/install/more_interfaces/include/more_interfaces/msg/detail
[0.898s] -- Up-to-date: /home/student/dev_ws/install/more_interfaces/include/more_interfaces/msg/detail/dds_fastrtps
[0.898s] -- Up-to-date: /home/student/dev_ws/install/more_interfaces/include/more_interfaces/msg/detail/address_book__rosidl_typesupport_fastrtps_cpp.hpp
[0.898s] -- Up-to-date: /home/student/dev_ws/install/more_interfaces/include/more_interfaces/msg/detail/adress_book__rosidl_typesupport_fastrtps_cpp.hpp
[0.898s] -- Up-to-date: /home/student/dev_ws/install/more_interfaces/lib/libmore_interfaces__rosidl_typesupport_fastrtps_cpp.so
[0.898s] -- Up-to-date: /home/student/dev_ws/install/more_interfaces/include/more_interfaces
[0.898s] -- Up-to-date: /home/student/dev_ws/install/more_interfaces/include/more_interfaces/msg
[0.899s] -- Up-to-date: /home/student/dev_ws/install/more_interfaces/include/more_interfaces/msg/detail
[0.899s] -- Up-to-date: /home/student/dev_ws/install/more_interfaces/include/more_interfaces/msg/detail/adress_book__rosidl_typesupport_introspection_c.h
[0.899s] -- Up-to-date: /home/student/dev_ws/install/more_interfaces/include/more_interfaces/msg/detail/address_book__type_support.c
[0.899s] -- Up-to-date: /home/student/dev_ws/install/more_interfaces/include/more_interfaces/msg/detail/adress_book__type_support.c
[0.899s] -- Up-to-date: /home/student/dev_ws/install/more_interfaces/include/more_interfaces/msg/detail/address_book__rosidl_typesupport_introspection_c.h
[0.899s] -- Up-to-date: /home/student/dev_ws/install/more_interfaces/include/more_interfaces/msg/rosidl_typesupport_introspection_c__visibility_control.h
[0.899s] -- Up-to-date: /home/student/dev_ws/install/more_interfaces/lib/libmore_interfaces__rosidl_typesupport_introspection_c.so
[0.899s] -- Up-to-date: /home/student/dev_ws/install/more_interfaces/lib/libmore_interfaces__rosidl_typesupport_c.so
[0.899s] -- Up-to-date: /home/student/dev_ws/install/more_interfaces/include/more_interfaces
[0.900s] -- Up-to-date: /home/student/dev_ws/install/more_interfaces/include/more_interfaces/msg
[0.900s] -- Up-to-date: /home/student/dev_ws/install/more_interfaces/include/more_interfaces/msg/detail
[0.900s] -- Up-to-date: /home/student/dev_ws/install/more_interfaces/include/more_interfaces/msg/detail/address_book__struct.hpp
[0.900s] -- Up-to-date: /home/student/dev_ws/install/more_interfaces/include/more_interfaces/msg/detail/address_book__builder.hpp
[0.900s] -- Up-to-date: /home/student/dev_ws/install/more_interfaces/include/more_interfaces/msg/detail/adress_book__builder.hpp
[0.900s] -- Up-to-date: /home/student/dev_ws/install/more_interfaces/include/more_interfaces/msg/detail/adress_book__struct.hpp
[0.900s] -- Up-to-date: /home/student/dev_ws/install/more_interfaces/include/more_interfaces/msg/detail/address_book__traits.hpp
[0.900s] -- Up-to-date: /home/student/dev_ws/install/more_interfaces/include/more_interfaces/msg/detail/adress_book__traits.hpp
[0.900s] -- Up-to-date: /home/student/dev_ws/install/more_interfaces/include/more_interfaces/msg/address_book.hpp
[0.901s] -- Up-to-date: /home/student/dev_ws/install/more_interfaces/include/more_interfaces/msg/adress_book.hpp
[0.901s] -- Up-to-date: /home/student/dev_ws/install/more_interfaces/include/more_interfaces
[0.901s] -- Up-to-date: /home/student/dev_ws/install/more_interfaces/include/more_interfaces/msg
[0.901s] -- Up-to-date: /home/student/dev_ws/install/more_interfaces/include/more_interfaces/msg/detail
[0.902s] -- Up-to-date: /home/student/dev_ws/install/more_interfaces/include/more_interfaces/msg/detail/address_book__type_support.cpp
[0.902s] -- Up-to-date: /home/student/dev_ws/install/more_interfaces/include/more_interfaces/msg/detail/address_book__rosidl_typesupport_introspection_cpp.hpp
[0.902s] -- Up-to-date: /home/student/dev_ws/install/more_interfaces/include/more_interfaces/msg/detail/adress_book__type_support.cpp
[0.902s] -- Up-to-date: /home/student/dev_ws/install/more_interfaces/include/more_interfaces/msg/detail/adress_book__rosidl_typesupport_introspection_cpp.hpp
[0.902s] -- Up-to-date: /home/student/dev_ws/install/more_interfaces/lib/libmore_interfaces__rosidl_typesupport_introspection_cpp.so
[0.902s] -- Up-to-date: /home/student/dev_ws/install/more_interfaces/lib/libmore_interfaces__rosidl_typesupport_cpp.so
[0.902s] -- Up-to-date: /home/student/dev_ws/install/more_interfaces/share/more_interfaces/environment/pythonpath.sh
[0.902s] -- Up-to-date: /home/student/dev_ws/install/more_interfaces/share/more_interfaces/environment/pythonpath.dsv
[0.903s] -- Up-to-date: /home/student/dev_ws/install/more_interfaces/lib/python3.8/site-packages/more_interfaces/__init__.py
[0.946s] -- Up-to-date: /home/student/dev_ws/install/more_interfaces/lib/python3.8/site-packages/more_interfaces/msg
[0.946s] -- Up-to-date: /home/student/dev_ws/install/more_interfaces/lib/python3.8/site-packages/more_interfaces/msg/_address_book_s.c
[0.947s] -- Up-to-date: /home/student/dev_ws/install/more_interfaces/lib/python3.8/site-packages/more_interfaces/msg/_address_book.py
[0.947s] -- Up-to-date: /home/student/dev_ws/install/more_interfaces/lib/python3.8/site-packages/more_interfaces/msg/_adress_book.py
[0.947s] -- Up-to-date: /home/student/dev_ws/install/more_interfaces/lib/python3.8/site-packages/more_interfaces/msg/_adress_book_s.c
[0.947s] -- Up-to-date: /home/student/dev_ws/install/more_interfaces/lib/python3.8/site-packages/more_interfaces/msg/__init__.py
[0.947s] -- Up-to-date: /home/student/dev_ws/install/more_interfaces/lib/python3.8/site-packages/more_interfaces/more_interfaces_s__rosidl_typesupport_fastrtps_c.cpython-38-x86_64-linux-gnu.so
[0.948s] -- Up-to-date: /home/student/dev_ws/install/more_interfaces/lib/python3.8/site-packages/more_interfaces/more_interfaces_s__rosidl_typesupport_introspection_c.cpython-38-x86_64-linux-gnu.so
[0.949s] -- Up-to-date: /home/student/dev_ws/install/more_interfaces/lib/python3.8/site-packages/more_interfaces/more_interfaces_s__rosidl_typesupport_c.cpython-38-x86_64-linux-gnu.so
[0.950s] -- Up-to-date: /home/student/dev_ws/install/more_interfaces/lib/libmore_interfaces__python.so
[0.950s] -- Up-to-date: /home/student/dev_ws/install/more_interfaces/share/more_interfaces/msg/AddressBook.idl
[0.950s] -- Up-to-date: /home/student/dev_ws/install/more_interfaces/share/more_interfaces/msg/AddressBook.msg
[0.951s] -- Up-to-date: /home/student/dev_ws/install/more_interfaces/lib/more_interfaces/publish_address_book
[0.951s] -- Up-to-date: /home/student/dev_ws/install/more_interfaces/share/ament_index/resource_index/package_run_dependencies/more_interfaces
[0.951s] -- Up-to-date: /home/student/dev_ws/install/more_interfaces/share/ament_index/resource_index/parent_prefix_path/more_interfaces
[0.952s] -- Up-to-date: /home/student/dev_ws/install/more_interfaces/share/more_interfaces/environment/ament_prefix_path.sh
[0.952s] -- Up-to-date: /home/student/dev_ws/install/more_interfaces/share/more_interfaces/environment/ament_prefix_path.dsv
[0.952s] -- Up-to-date: /home/student/dev_ws/install/more_interfaces/share/more_interfaces/environment/path.sh
[0.952s] -- Up-to-date: /home/student/dev_ws/install/more_interfaces/share/more_interfaces/environment/path.dsv
[0.952s] -- Up-to-date: /home/student/dev_ws/install/more_interfaces/share/more_interfaces/local_setup.bash
[0.953s] -- Up-to-date: /home/student/dev_ws/install/more_interfaces/share/more_interfaces/local_setup.sh
[0.953s] -- Up-to-date: /home/student/dev_ws/install/more_interfaces/share/more_interfaces/local_setup.zsh
[0.953s] -- Up-to-date: /home/student/dev_ws/install/more_interfaces/share/more_interfaces/local_setup.dsv
[0.953s] -- Installing: /home/student/dev_ws/install/more_interfaces/share/more_interfaces/package.dsv
[0.953s] -- Up-to-date: /home/student/dev_ws/install/more_interfaces/share/ament_index/resource_index/packages/more_interfaces
[0.954s] -- Up-to-date: /home/student/dev_ws/install/more_interfaces/share/more_interfaces/cmake/more_interfaces__rosidl_generator_cExport.cmake
[0.954s] -- Up-to-date: /home/student/dev_ws/install/more_interfaces/share/more_interfaces/cmake/more_interfaces__rosidl_generator_cExport-noconfig.cmake
[0.954s] -- Up-to-date: /home/student/dev_ws/install/more_interfaces/share/more_interfaces/cmake/more_interfaces__rosidl_typesupport_introspection_cExport.cmake
[0.954s] -- Up-to-date: /home/student/dev_ws/install/more_interfaces/share/more_interfaces/cmake/more_interfaces__rosidl_typesupport_introspection_cExport-noconfig.cmake
[0.954s] -- Up-to-date: /home/student/dev_ws/install/more_interfaces/share/more_interfaces/cmake/more_interfaces__rosidl_typesupport_cExport.cmake
[0.954s] -- Up-to-date: /home/student/dev_ws/install/more_interfaces/share/more_interfaces/cmake/more_interfaces__rosidl_typesupport_cExport-noconfig.cmake
[0.955s] -- Up-to-date: /home/student/dev_ws/install/more_interfaces/share/more_interfaces/cmake/more_interfaces__rosidl_generator_cppExport.cmake
[0.955s] -- Up-to-date: /home/student/dev_ws/install/more_interfaces/share/more_interfaces/cmake/more_interfaces__rosidl_typesupport_introspection_cppExport.cmake
[0.955s] -- Up-to-date: /home/student/dev_ws/install/more_interfaces/share/more_interfaces/cmake/more_interfaces__rosidl_typesupport_introspection_cppExport-noconfig.cmake
[0.955s] -- Up-to-date: /home/student/dev_ws/install/more_interfaces/share/more_interfaces/cmake/more_interfaces__rosidl_typesupport_cppExport.cmake
[0.956s] -- Up-to-date: /home/student/dev_ws/install/more_interfaces/share/more_interfaces/cmake/more_interfaces__rosidl_typesupport_cppExport-noconfig.cmake
[0.956s] -- Up-to-date: /home/student/dev_ws/install/more_interfaces/share/more_interfaces/cmake/rosidl_cmake-extras.cmake
[0.956s] -- Up-to-date: /home/student/dev_ws/install/more_interfaces/share/more_interfaces/cmake/ament_cmake_export_dependencies-extras.cmake
[0.956s] -- Up-to-date: /home/student/dev_ws/install/more_interfaces/share/more_interfaces/cmake/ament_cmake_export_libraries-extras.cmake
[0.956s] -- Up-to-date: /home/student/dev_ws/install/more_interfaces/share/more_interfaces/cmake/ament_cmake_export_targets-extras.cmake
[0.957s] -- Up-to-date: /home/student/dev_ws/install/more_interfaces/share/more_interfaces/cmake/ament_cmake_export_include_directories-extras.cmake
[0.957s] -- Up-to-date: /home/student/dev_ws/install/more_interfaces/share/more_interfaces/cmake/rosidl_cmake_export_typesupport_libraries-extras.cmake
[0.957s] -- Up-to-date: /home/student/dev_ws/install/more_interfaces/share/more_interfaces/cmake/rosidl_cmake_export_typesupport_targets-extras.cmake
[0.957s] -- Up-to-date: /home/student/dev_ws/install/more_interfaces/share/more_interfaces/cmake/more_interfacesConfig.cmake
[0.957s] -- Up-to-date: /home/student/dev_ws/install/more_interfaces/share/more_interfaces/cmake/more_interfacesConfig-version.cmake
[0.957s] -- Up-to-date: /home/student/dev_ws/install/more_interfaces/share/more_interfaces/package.xml
[0.961s] Invoked command in '/home/student/dev_ws/build/more_interfaces' returned '0': CMAKE_PREFIX_PATH=/opt/ros/foxy /usr/bin/cmake --install /home/student/dev_ws/build/more_interfaces
