[0.059s] Invoking command in '/home/student/dev_ws/build/more_interfaces': CMAKE_PREFIX_PATH=${CMAKE_PREFIX_PATH}:/home/student/dev_ws/install/roombasimulator:/home/student/dev_ws/install/py_srvcli:/home/student/dev_ws/install/py_pubsub:/home/student/dev_ws/install/py_parameters:/home/student/dev_ws/install/my_package:/home/student/dev_ws/install/RoomboSimator:/opt/ros/foxy /usr/bin/cmake --build /home/student/dev_ws/build/more_interfaces -- -j12 -l12
[0.686s] [  9%] Built target more_interfaces__rosidl_generator_c
[0.686s] [ 12%] Built target more_interfaces__cpp
[0.687s] [ 30%] Built target more_interfaces__rosidl_typesupport_c
[0.687s] [ 30%] Built target more_interfaces__rosidl_typesupport_cpp
[0.688s] [ 39%] Built target more_interfaces__rosidl_typesupport_introspection_c
[0.689s] [ 48%] Built target more_interfaces__rosidl_typesupport_introspection_cpp
[0.689s] [ 57%] Built target more_interfaces__rosidl_typesupport_fastrtps_cpp
[0.689s] [ 66%] Built target more_interfaces__rosidl_typesupport_fastrtps_c
[0.689s] [ 66%] Built target more_interfaces
[0.690s] [ 69%] Built target more_interfaces__py
[0.691s] [ 75%] Built target publish_address_book
[0.691s] [ 81%] Built target more_interfaces__python
[0.692s] [ 93%] Built target more_interfaces__rosidl_typesupport_introspection_c__pyext
[0.693s] [ 93%] Built target more_interfaces__rosidl_typesupport_c__pyext
[0.693s] [100%] Built target more_interfaces__rosidl_typesupport_fastrtps_c__pyext
[0.699s] Invoked command in '/home/student/dev_ws/build/more_interfaces' returned '0': CMAKE_PREFIX_PATH=${CMAKE_PREFIX_PATH}:/home/student/dev_ws/install/roombasimulator:/home/student/dev_ws/install/py_srvcli:/home/student/dev_ws/install/py_pubsub:/home/student/dev_ws/install/py_parameters:/home/student/dev_ws/install/my_package:/home/student/dev_ws/install/RoomboSimator:/opt/ros/foxy /usr/bin/cmake --build /home/student/dev_ws/build/more_interfaces -- -j12 -l12
[0.869s] Invoking command in '/home/student/dev_ws/build/more_interfaces': CMAKE_PREFIX_PATH=${CMAKE_PREFIX_PATH}:/home/student/dev_ws/install/roombasimulator:/home/student/dev_ws/install/py_srvcli:/home/student/dev_ws/install/py_pubsub:/home/student/dev_ws/install/py_parameters:/home/student/dev_ws/install/my_package:/home/student/dev_ws/install/RoomboSimator:/opt/ros/foxy /usr/bin/cmake --install /home/student/dev_ws/build/more_interfaces
[0.880s] -- Install configuration: ""
[0.882s] -- Execute custom install script
[0.883s] -- Up-to-date symlink: /home/student/dev_ws/install/more_interfaces/share/ament_index/resource_index/rosidl_interfaces/more_interfaces
[0.883s] -- Up-to-date symlink: /home/student/dev_ws/install/more_interfaces/include/more_interfaces/msg/address_book.h
[0.883s] -- Up-to-date symlink: /home/student/dev_ws/install/more_interfaces/include/more_interfaces/msg/adress_book.h
[0.884s] -- Up-to-date symlink: /home/student/dev_ws/install/more_interfaces/include/more_interfaces/msg/detail/address_book__functions.h
[0.884s] -- Up-to-date symlink: /home/student/dev_ws/install/more_interfaces/include/more_interfaces/msg/detail/address_book__struct.h
[0.884s] -- Up-to-date symlink: /home/student/dev_ws/install/more_interfaces/include/more_interfaces/msg/detail/address_book__type_support.h
[0.885s] -- Up-to-date symlink: /home/student/dev_ws/install/more_interfaces/include/more_interfaces/msg/detail/adress_book__functions.h
[0.885s] -- Up-to-date symlink: /home/student/dev_ws/install/more_interfaces/include/more_interfaces/msg/detail/adress_book__struct.h
[0.886s] -- Up-to-date symlink: /home/student/dev_ws/install/more_interfaces/include/more_interfaces/msg/detail/adress_book__type_support.h
[0.886s] -- Up-to-date symlink: /home/student/dev_ws/install/more_interfaces/include/more_interfaces/msg/rosidl_generator_c__visibility_control.h
[0.887s] -- Up-to-date symlink: /home/student/dev_ws/install/more_interfaces/share/more_interfaces/environment/library_path.sh
[0.887s] -- Up-to-date symlink: /home/student/dev_ws/install/more_interfaces/share/more_interfaces/environment/library_path.dsv
[0.888s] -- Up-to-date symlink: /home/student/dev_ws/install/more_interfaces/include/more_interfaces/msg/detail/address_book__rosidl_typesupport_fastrtps_c.h
[0.888s] -- Up-to-date symlink: /home/student/dev_ws/install/more_interfaces/include/more_interfaces/msg/detail/adress_book__rosidl_typesupport_fastrtps_c.h
[0.888s] -- Up-to-date symlink: /home/student/dev_ws/install/more_interfaces/include/more_interfaces/msg/rosidl_typesupport_fastrtps_c__visibility_control.h
[0.889s] -- Up-to-date symlink: /home/student/dev_ws/install/more_interfaces/lib/libmore_interfaces__rosidl_typesupport_fastrtps_c.so
[0.891s] -- Up-to-date symlink: /home/student/dev_ws/install/more_interfaces/include/more_interfaces/msg/detail/address_book__rosidl_typesupport_fastrtps_cpp.hpp
[0.892s] -- Up-to-date symlink: /home/student/dev_ws/install/more_interfaces/include/more_interfaces/msg/detail/adress_book__rosidl_typesupport_fastrtps_cpp.hpp
[0.892s] -- Up-to-date symlink: /home/student/dev_ws/install/more_interfaces/include/more_interfaces/msg/rosidl_typesupport_fastrtps_cpp__visibility_control.h
[0.895s] -- Up-to-date symlink: /home/student/dev_ws/install/more_interfaces/lib/libmore_interfaces__rosidl_typesupport_fastrtps_cpp.so
[0.895s] -- Up-to-date symlink: /home/student/dev_ws/install/more_interfaces/include/more_interfaces/msg/detail/address_book__rosidl_typesupport_introspection_c.h
[0.896s] -- Up-to-date symlink: /home/student/dev_ws/install/more_interfaces/include/more_interfaces/msg/detail/adress_book__rosidl_typesupport_introspection_c.h
[0.896s] -- Up-to-date symlink: /home/student/dev_ws/install/more_interfaces/include/more_interfaces/msg/rosidl_typesupport_introspection_c__visibility_control.h
[0.896s] -- Up-to-date symlink: /home/student/dev_ws/install/more_interfaces/include/more_interfaces/msg/address_book.hpp
[0.896s] -- Up-to-date symlink: /home/student/dev_ws/install/more_interfaces/include/more_interfaces/msg/adress_book.hpp
[0.896s] -- Up-to-date symlink: /home/student/dev_ws/install/more_interfaces/include/more_interfaces/msg/detail/address_book__builder.hpp
[0.896s] -- Up-to-date symlink: /home/student/dev_ws/install/more_interfaces/include/more_interfaces/msg/detail/address_book__struct.hpp
[0.897s] -- Up-to-date symlink: /home/student/dev_ws/install/more_interfaces/include/more_interfaces/msg/detail/address_book__traits.hpp
[0.897s] -- Up-to-date symlink: /home/student/dev_ws/install/more_interfaces/include/more_interfaces/msg/detail/adress_book__builder.hpp
[0.897s] -- Up-to-date symlink: /home/student/dev_ws/install/more_interfaces/include/more_interfaces/msg/detail/adress_book__struct.hpp
[0.897s] -- Up-to-date symlink: /home/student/dev_ws/install/more_interfaces/include/more_interfaces/msg/detail/adress_book__traits.hpp
[0.898s] -- Up-to-date symlink: /home/student/dev_ws/install/more_interfaces/include/more_interfaces/msg/detail/address_book__rosidl_typesupport_introspection_cpp.hpp
[0.898s] -- Up-to-date symlink: /home/student/dev_ws/install/more_interfaces/include/more_interfaces/msg/detail/adress_book__rosidl_typesupport_introspection_cpp.hpp
[0.898s] -- Up-to-date symlink: /home/student/dev_ws/install/more_interfaces/share/more_interfaces/environment/pythonpath.sh
[0.899s] -- Up-to-date symlink: /home/student/dev_ws/install/more_interfaces/share/more_interfaces/environment/pythonpath.dsv
[0.899s] -- Up-to-date symlink: /home/student/dev_ws/install/more_interfaces/lib/python3.8/site-packages/more_interfaces/__init__.py
[0.899s] -- Up-to-date symlink: /home/student/dev_ws/install/more_interfaces/lib/python3.8/site-packages/more_interfaces/msg/__init__.py
[0.899s] -- Up-to-date symlink: /home/student/dev_ws/install/more_interfaces/lib/python3.8/site-packages/more_interfaces/msg/_address_book.py
[0.899s] -- Up-to-date symlink: /home/student/dev_ws/install/more_interfaces/lib/python3.8/site-packages/more_interfaces/msg/_adress_book.py
[0.899s] -- Up-to-date symlink: /home/student/dev_ws/install/more_interfaces/lib/python3.8/site-packages/more_interfaces/more_interfaces_s__rosidl_typesupport_fastrtps_c.cpython-38-x86_64-linux-gnu.so
[0.900s] -- Up-to-date symlink: /home/student/dev_ws/install/more_interfaces/lib/python3.8/site-packages/more_interfaces/more_interfaces_s__rosidl_typesupport_introspection_c.cpython-38-x86_64-linux-gnu.so
[0.900s] -- Up-to-date symlink: /home/student/dev_ws/install/more_interfaces/lib/python3.8/site-packages/more_interfaces/more_interfaces_s__rosidl_typesupport_c.cpython-38-x86_64-linux-gnu.so
[0.900s] -- Up-to-date symlink: /home/student/dev_ws/install/more_interfaces/lib/libmore_interfaces__python.so
[0.900s] -- Up-to-date symlink: /home/student/dev_ws/install/more_interfaces/share/more_interfaces/msg/AddressBook.idl
[0.900s] -- Up-to-date symlink: /home/student/dev_ws/install/more_interfaces/share/more_interfaces/msg/AddressBook.msg
[0.900s] -- Up-to-date symlink: /home/student/dev_ws/install/more_interfaces/lib/more_interfaces/publish_address_book
[0.901s] -- Up-to-date symlink: /home/student/dev_ws/install/more_interfaces/share/ament_index/resource_index/package_run_dependencies/more_interfaces
[0.901s] -- Up-to-date symlink: /home/student/dev_ws/install/more_interfaces/share/ament_index/resource_index/parent_prefix_path/more_interfaces
[0.901s] -- Up-to-date symlink: /home/student/dev_ws/install/more_interfaces/share/more_interfaces/environment/ament_prefix_path.sh
[0.901s] -- Up-to-date symlink: /home/student/dev_ws/install/more_interfaces/share/more_interfaces/environment/ament_prefix_path.dsv
[0.901s] -- Up-to-date symlink: /home/student/dev_ws/install/more_interfaces/share/more_interfaces/environment/path.sh
[0.902s] -- Up-to-date symlink: /home/student/dev_ws/install/more_interfaces/share/more_interfaces/environment/path.dsv
[0.902s] -- Up-to-date symlink: /home/student/dev_ws/install/more_interfaces/share/more_interfaces/local_setup.bash
[0.902s] -- Up-to-date symlink: /home/student/dev_ws/install/more_interfaces/share/more_interfaces/local_setup.sh
[0.902s] -- Up-to-date symlink: /home/student/dev_ws/install/more_interfaces/share/more_interfaces/local_setup.zsh
[0.902s] -- Up-to-date symlink: /home/student/dev_ws/install/more_interfaces/share/more_interfaces/local_setup.dsv
[0.903s] -- Symlinking: /home/student/dev_ws/install/more_interfaces/share/more_interfaces/package.dsv
[0.914s] -- Up-to-date symlink: /home/student/dev_ws/install/more_interfaces/share/ament_index/resource_index/packages/more_interfaces
[0.914s] -- Up-to-date symlink: /home/student/dev_ws/install/more_interfaces/share/more_interfaces/cmake/rosidl_cmake-extras.cmake
[0.915s] -- Up-to-date symlink: /home/student/dev_ws/install/more_interfaces/share/more_interfaces/cmake/ament_cmake_export_dependencies-extras.cmake
[0.915s] -- Up-to-date symlink: /home/student/dev_ws/install/more_interfaces/share/more_interfaces/cmake/ament_cmake_export_libraries-extras.cmake
[0.915s] -- Up-to-date symlink: /home/student/dev_ws/install/more_interfaces/share/more_interfaces/cmake/ament_cmake_export_targets-extras.cmake
[0.915s] -- Up-to-date symlink: /home/student/dev_ws/install/more_interfaces/share/more_interfaces/cmake/ament_cmake_export_include_directories-extras.cmake
[0.915s] -- Up-to-date symlink: /home/student/dev_ws/install/more_interfaces/share/more_interfaces/cmake/rosidl_cmake_export_typesupport_libraries-extras.cmake
[0.915s] -- Up-to-date symlink: /home/student/dev_ws/install/more_interfaces/share/more_interfaces/cmake/rosidl_cmake_export_typesupport_targets-extras.cmake
[0.916s] -- Up-to-date symlink: /home/student/dev_ws/install/more_interfaces/share/more_interfaces/cmake/more_interfacesConfig.cmake
[0.920s] -- Up-to-date symlink: /home/student/dev_ws/install/more_interfaces/share/more_interfaces/cmake/more_interfacesConfig-version.cmake
[0.920s] -- Up-to-date symlink: /home/student/dev_ws/install/more_interfaces/share/more_interfaces/package.xml
[0.920s] -- Up-to-date: /home/student/dev_ws/install/more_interfaces/lib/libmore_interfaces__rosidl_generator_c.so
[0.920s] -- Up-to-date: /home/student/dev_ws/install/more_interfaces/lib/libmore_interfaces__rosidl_typesupport_introspection_c.so
[0.920s] -- Up-to-date: /home/student/dev_ws/install/more_interfaces/lib/libmore_interfaces__rosidl_typesupport_c.so
[0.921s] -- Up-to-date: /home/student/dev_ws/install/more_interfaces/lib/libmore_interfaces__rosidl_typesupport_introspection_cpp.so
[0.921s] -- Up-to-date: /home/student/dev_ws/install/more_interfaces/lib/libmore_interfaces__rosidl_typesupport_cpp.so
[0.971s] Compiling '/home/student/dev_ws/install/more_interfaces/lib/python3.8/site-packages/more_interfaces/__init__.py'...
[0.979s] -- Up-to-date: /home/student/dev_ws/install/more_interfaces/share/more_interfaces/cmake/more_interfaces__rosidl_generator_cExport.cmake
[0.979s] -- Installing: /home/student/dev_ws/install/more_interfaces/share/more_interfaces/cmake/more_interfaces__rosidl_generator_cExport-noconfig.cmake
[0.979s] -- Up-to-date: /home/student/dev_ws/install/more_interfaces/share/more_interfaces/cmake/more_interfaces__rosidl_typesupport_introspection_cExport.cmake
[0.979s] -- Installing: /home/student/dev_ws/install/more_interfaces/share/more_interfaces/cmake/more_interfaces__rosidl_typesupport_introspection_cExport-noconfig.cmake
[0.980s] -- Up-to-date: /home/student/dev_ws/install/more_interfaces/share/more_interfaces/cmake/more_interfaces__rosidl_typesupport_cExport.cmake
[0.980s] -- Installing: /home/student/dev_ws/install/more_interfaces/share/more_interfaces/cmake/more_interfaces__rosidl_typesupport_cExport-noconfig.cmake
[0.980s] -- Up-to-date: /home/student/dev_ws/install/more_interfaces/share/more_interfaces/cmake/more_interfaces__rosidl_generator_cppExport.cmake
[0.980s] -- Up-to-date: /home/student/dev_ws/install/more_interfaces/share/more_interfaces/cmake/more_interfaces__rosidl_typesupport_introspection_cppExport.cmake
[0.981s] -- Installing: /home/student/dev_ws/install/more_interfaces/share/more_interfaces/cmake/more_interfaces__rosidl_typesupport_introspection_cppExport-noconfig.cmake
[0.981s] -- Up-to-date: /home/student/dev_ws/install/more_interfaces/share/more_interfaces/cmake/more_interfaces__rosidl_typesupport_cppExport.cmake
[0.981s] -- Installing: /home/student/dev_ws/install/more_interfaces/share/more_interfaces/cmake/more_interfaces__rosidl_typesupport_cppExport-noconfig.cmake
[0.993s] Invoked command in '/home/student/dev_ws/build/more_interfaces' returned '0': CMAKE_PREFIX_PATH=${CMAKE_PREFIX_PATH}:/home/student/dev_ws/install/roombasimulator:/home/student/dev_ws/install/py_srvcli:/home/student/dev_ws/install/py_pubsub:/home/student/dev_ws/install/py_parameters:/home/student/dev_ws/install/my_package:/home/student/dev_ws/install/RoomboSimator:/opt/ros/foxy /usr/bin/cmake --install /home/student/dev_ws/build/more_interfaces
