[0.011s] Invoking command in '/home/student/dev_ws/build/more_interfaces': CMAKE_PREFIX_PATH=/opt/ros/foxy /usr/bin/cmake --build /home/student/dev_ws/build/more_interfaces -- -j12 -l12
[0.030s] -- Found ament_cmake: 0.9.8 (/opt/ros/foxy/share/ament_cmake/cmake)
[0.046s] -- Using PYTHON_EXECUTABLE: /usr/bin/python3
[0.179s] -- Found rosidl_default_generators: 1.0.0 (/opt/ros/foxy/share/rosidl_default_generators/cmake)
[0.181s] -- Using all available rosidl_typesupport_c: rosidl_typesupport_fastrtps_c;rosidl_typesupport_introspection_c
[0.183s] -- Found rosidl_adapter: 1.2.0 (/opt/ros/foxy/share/rosidl_adapter/cmake)
[0.284s] -- Using all available rosidl_typesupport_cpp: rosidl_typesupport_fastrtps_cpp;rosidl_typesupport_introspection_cpp
[0.301s] -- Found rclcpp: 2.3.0 (/opt/ros/foxy/share/rclcpp/cmake)
[0.340s] -- Found rmw_implementation_cmake: 1.0.2 (/opt/ros/foxy/share/rmw_implementation_cmake/cmake)
[0.341s] -- Using RMW implementation 'rmw_fastrtps_cpp' as default
[0.468s] -- Found PythonInterp: /usr/bin/python3 (found version "3.8.5") 
[0.551s] -- Found ament_cmake_ros: 0.9.1 (/opt/ros/foxy/share/ament_cmake_ros/cmake)
[0.620s] -- Using all available rosidl_typesupport_c: rosidl_typesupport_fastrtps_c;rosidl_typesupport_introspection_c
[0.625s] -- Using all available rosidl_typesupport_cpp: rosidl_typesupport_fastrtps_cpp;rosidl_typesupport_introspection_cpp
[0.642s] -- Found PythonInterp: /usr/bin/python3 (found suitable version "3.8.5", minimum required is "3.5") 
[0.642s] -- Found python_cmake_module: 0.8.0 (/opt/ros/foxy/share/python_cmake_module/cmake)
[0.658s] -- Using PYTHON_EXECUTABLE: /usr/bin/python3
[0.658s] -- Using PYTHON_INCLUDE_DIRS: /usr/include/python3.8
[0.658s] -- Using PYTHON_LIBRARIES: /usr/lib/x86_64-linux-gnu/libpython3.8.so
[0.674s] -- Configuring done
[0.699s] -- Generating done
[0.701s] -- Build files have been written to: /home/student/dev_ws/build/more_interfaces
[0.720s] [  3%] [34m[1mGenerating C code for ROS interfaces[0m
[0.720s] [35m[1mScanning dependencies of target more_interfaces__cpp[0m
[0.728s] [  6%] [34m[1mGenerating C++ code for ROS interfaces[0m
[0.894s] [35m[1mScanning dependencies of target more_interfaces__rosidl_generator_c[0m
[0.901s] [  6%] Built target more_interfaces__cpp
[0.902s] [  9%] [32mBuilding C object CMakeFiles/more_interfaces__rosidl_generator_c.dir/rosidl_generator_c/more_interfaces/msg/detail/address_book__functions.c.o[0m
[0.910s] [ 18%] [34m[1mGenerating C++ type support dispatch for ROS interfaces[0m
[0.910s] [ 18%] [34m[1mGenerating C++ type support for eProsima Fast-RTPS[0m
[0.910s] [ 18%] [34m[1mGenerating C++ introspection for ROS interfaces[0m
[0.934s] [ 21%] [32m[1mLinking C shared library libmore_interfaces__rosidl_generator_c.so[0m
[0.963s] [ 21%] Built target more_interfaces__rosidl_generator_c
[0.973s] [ 27%] [34m[1mGenerating C introspection for ROS interfaces[0m
[0.973s] [ 27%] [34m[1mGenerating C type support dispatch for ROS interfaces[0m
[1.094s] [35m[1mScanning dependencies of target more_interfaces__rosidl_typesupport_cpp[0m
[1.104s] [ 30%] [32mBuilding CXX object CMakeFiles/more_interfaces__rosidl_typesupport_cpp.dir/rosidl_typesupport_cpp/more_interfaces/msg/address_book__type_support.cpp.o[0m
[1.107s] [35m[1mScanning dependencies of target more_interfaces__rosidl_typesupport_introspection_cpp[0m
[1.115s] [35m[1mScanning dependencies of target more_interfaces__rosidl_typesupport_fastrtps_cpp[0m
[1.117s] [ 33%] [32mBuilding CXX object CMakeFiles/more_interfaces__rosidl_typesupport_introspection_cpp.dir/rosidl_typesupport_introspection_cpp/more_interfaces/msg/detail/address_book__type_support.cpp.o[0m
[1.126s] [ 36%] [32mBuilding CXX object CMakeFiles/more_interfaces__rosidl_typesupport_fastrtps_cpp.dir/rosidl_typesupport_fastrtps_cpp/more_interfaces/msg/detail/dds_fastrtps/address_book__type_support.cpp.o[0m
[1.158s] [35m[1mScanning dependencies of target more_interfaces__rosidl_typesupport_c[0m
[1.169s] [ 39%] [32mBuilding CXX object CMakeFiles/more_interfaces__rosidl_typesupport_c.dir/rosidl_typesupport_c/more_interfaces/msg/address_book__type_support.cpp.o[0m
[1.178s] [35m[1mScanning dependencies of target more_interfaces__rosidl_typesupport_introspection_c[0m
[1.189s] [ 42%] [32mBuilding C object CMakeFiles/more_interfaces__rosidl_typesupport_introspection_c.dir/rosidl_typesupport_introspection_c/more_interfaces/msg/detail/address_book__type_support.c.o[0m
[1.196s] [ 45%] [32m[1mLinking CXX shared library libmore_interfaces__rosidl_typesupport_c.so[0m
[1.218s] [ 48%] [32m[1mLinking C shared library libmore_interfaces__rosidl_typesupport_introspection_c.so[0m
[1.233s] [ 48%] Built target more_interfaces__rosidl_typesupport_c
[1.244s] [ 48%] Built target more_interfaces__rosidl_typesupport_introspection_c
[1.347s] [ 51%] [32m[1mLinking CXX shared library libmore_interfaces__rosidl_typesupport_cpp.so[0m
[1.359s] [ 54%] [32m[1mLinking CXX shared library libmore_interfaces__rosidl_typesupport_introspection_cpp.so[0m
[1.378s] [ 54%] Built target more_interfaces__rosidl_typesupport_cpp
[1.404s] [ 54%] Built target more_interfaces__rosidl_typesupport_introspection_cpp
[1.471s] [ 57%] [32m[1mLinking CXX shared library libmore_interfaces__rosidl_typesupport_fastrtps_cpp.so[0m
[1.530s] [ 57%] Built target more_interfaces__rosidl_typesupport_fastrtps_cpp
[1.537s] [ 60%] [34m[1mGenerating C type support for eProsima Fast-RTPS[0m
[1.698s] [35m[1mScanning dependencies of target more_interfaces__rosidl_typesupport_fastrtps_c[0m
[1.706s] [ 63%] [32mBuilding CXX object CMakeFiles/more_interfaces__rosidl_typesupport_fastrtps_c.dir/rosidl_typesupport_fastrtps_c/more_interfaces/msg/detail/address_book__type_support_c.cpp.o[0m
[1.972s] [ 66%] [32m[1mLinking CXX shared library libmore_interfaces__rosidl_typesupport_fastrtps_c.so[0m
[2.029s] [ 66%] Built target more_interfaces__rosidl_typesupport_fastrtps_c
[2.043s] [ 66%] Built target more_interfaces
[2.051s] [35m[1mScanning dependencies of target publish_address_book[0m
[2.051s] [35m[1mScanning dependencies of target more_interfaces__py[0m
[2.058s] [ 69%] [34m[1mGenerating Python code for ROS interfaces[0m
[2.076s] [ 72%] [32mBuilding CXX object CMakeFiles/publish_address_book.dir/src/publish_address_book.cpp.o[0m
[2.354s] [ 72%] Built target more_interfaces__py
[2.362s] [35m[1mScanning dependencies of target more_interfaces__python[0m
[2.372s] [ 75%] [32mBuilding C object CMakeFiles/more_interfaces__python.dir/rosidl_generator_py/more_interfaces/msg/_address_book_s.c.o[0m
[2.440s] [ 78%] [32m[1mLinking C shared library rosidl_generator_py/more_interfaces/libmore_interfaces__python.so[0m
[2.469s] [ 78%] Built target more_interfaces__python
[2.477s] [35m[1mScanning dependencies of target more_interfaces__rosidl_typesupport_c__pyext[0m
[2.477s] [35m[1mScanning dependencies of target more_interfaces__rosidl_typesupport_introspection_c__pyext[0m
[2.477s] [35m[1mScanning dependencies of target more_interfaces__rosidl_typesupport_fastrtps_c__pyext[0m
[2.492s] [ 81%] [32mBuilding C object CMakeFiles/more_interfaces__rosidl_typesupport_introspection_c__pyext.dir/rosidl_generator_py/more_interfaces/_more_interfaces_s.ep.rosidl_typesupport_introspection_c.c.o[0m
[2.495s] [ 84%] [32mBuilding C object CMakeFiles/more_interfaces__rosidl_typesupport_c__pyext.dir/rosidl_generator_py/more_interfaces/_more_interfaces_s.ep.rosidl_typesupport_c.c.o[0m
[2.495s] [ 87%] [32mBuilding C object CMakeFiles/more_interfaces__rosidl_typesupport_fastrtps_c__pyext.dir/rosidl_generator_py/more_interfaces/_more_interfaces_s.ep.rosidl_typesupport_fastrtps_c.c.o[0m
[2.558s] [ 90%] [32m[1mLinking C shared library rosidl_generator_py/more_interfaces/more_interfaces_s__rosidl_typesupport_introspection_c.cpython-38-x86_64-linux-gnu.so[0m
[2.560s] [ 93%] [32m[1mLinking C shared library rosidl_generator_py/more_interfaces/more_interfaces_s__rosidl_typesupport_c.cpython-38-x86_64-linux-gnu.so[0m
[2.563s] [ 96%] [32m[1mLinking CXX shared library rosidl_generator_py/more_interfaces/more_interfaces_s__rosidl_typesupport_fastrtps_c.cpython-38-x86_64-linux-gnu.so[0m
[2.586s] [ 96%] Built target more_interfaces__rosidl_typesupport_introspection_c__pyext
[2.587s] [ 96%] Built target more_interfaces__rosidl_typesupport_c__pyext
[2.612s] [ 96%] Built target more_interfaces__rosidl_typesupport_fastrtps_c__pyext
[3.033s] [01m[K/home/student/dev_ws/src/more_interfaces/src/publish_address_book.cpp:[m[K In lambda function:
[3.033s] [01m[K/home/student/dev_ws/src/more_interfaces/src/publish_address_book.cpp:25:17:[m[K [01;31m[Kerror: [m[K‘[01m[Kstruct more_interfaces::msg::AddressBook_<std::allocator<void> >[m[K’ has no member named ‘[01m[Kaddress[m[K’; did you mean ‘[01m[Kadress[m[K’?
[3.033s]    25 |         message.[01;31m[Kaddress[m[K = "unknown";
[3.033s]       |                 [01;31m[K^~~~~~~[m[K
[3.033s]       |                 [32m[Kadress[m[K
[3.659s] make[2]: *** [CMakeFiles/publish_address_book.dir/build.make:63: CMakeFiles/publish_address_book.dir/src/publish_address_book.cpp.o] Error 1
[3.659s] make[1]: *** [CMakeFiles/Makefile2:365: CMakeFiles/publish_address_book.dir/all] Error 2
[3.659s] make: *** [Makefile:141: all] Error 2
[3.662s] Invoked command in '/home/student/dev_ws/build/more_interfaces' returned '2': CMAKE_PREFIX_PATH=/opt/ros/foxy /usr/bin/cmake --build /home/student/dev_ws/build/more_interfaces -- -j12 -l12
