[0.642s] Invoking command in '/home/student/dev_ws/src/roombasimulator': PYTHONPATH=/home/student/dev_ws/install/roombasimulator/lib/python3.8/site-packages:${PYTHONPATH} /usr/bin/python3 setup.py egg_info --egg-base ../../build/roombasimulator build --build-base /home/student/dev_ws/build/roombasimulator/build install --prefix /home/student/dev_ws/install/roombasimulator --record /home/student/dev_ws/build/roombasimulator/install.log --single-version-externally-managed
[0.913s] running egg_info
[0.913s] creating ../../build/roombasimulator/roombasimulator.egg-info
[0.914s] writing ../../build/roombasimulator/roombasimulator.egg-info/PKG-INFO
[0.914s] writing dependency_links to ../../build/roombasimulator/roombasimulator.egg-info/dependency_links.txt
[0.914s] writing entry points to ../../build/roombasimulator/roombasimulator.egg-info/entry_points.txt
[0.914s] writing requirements to ../../build/roombasimulator/roombasimulator.egg-info/requires.txt
[0.914s] writing top-level names to ../../build/roombasimulator/roombasimulator.egg-info/top_level.txt
[0.915s] writing manifest file '../../build/roombasimulator/roombasimulator.egg-info/SOURCES.txt'
[0.949s] reading manifest file '../../build/roombasimulator/roombasimulator.egg-info/SOURCES.txt'
[0.949s] writing manifest file '../../build/roombasimulator/roombasimulator.egg-info/SOURCES.txt'
[0.950s] running build
[0.950s] running build_py
[0.950s] creating /home/student/dev_ws/build/roombasimulator/build
[0.950s] creating /home/student/dev_ws/build/roombasimulator/build/lib
[0.950s] creating /home/student/dev_ws/build/roombasimulator/build/lib/roombasimulator
[0.951s] copying roombasimulator/statemachine.py -> /home/student/dev_ws/build/roombasimulator/build/lib/roombasimulator
[0.951s] copying roombasimulator/Robot.py -> /home/student/dev_ws/build/roombasimulator/build/lib/roombasimulator
[0.951s] copying roombasimulator/BatteryManagement.py -> /home/student/dev_ws/build/roombasimulator/build/lib/roombasimulator
[0.951s] copying roombasimulator/__init__.py -> /home/student/dev_ws/build/roombasimulator/build/lib/roombasimulator
[0.951s] running install
[0.952s] running install_lib
[0.953s] creating /home/student/dev_ws/install/roombasimulator/lib/python3.8/site-packages/roombasimulator
[0.953s] copying /home/student/dev_ws/build/roombasimulator/build/lib/roombasimulator/statemachine.py -> /home/student/dev_ws/install/roombasimulator/lib/python3.8/site-packages/roombasimulator
[0.953s] copying /home/student/dev_ws/build/roombasimulator/build/lib/roombasimulator/Robot.py -> /home/student/dev_ws/install/roombasimulator/lib/python3.8/site-packages/roombasimulator
[0.953s] copying /home/student/dev_ws/build/roombasimulator/build/lib/roombasimulator/BatteryManagement.py -> /home/student/dev_ws/install/roombasimulator/lib/python3.8/site-packages/roombasimulator
[0.953s] copying /home/student/dev_ws/build/roombasimulator/build/lib/roombasimulator/__init__.py -> /home/student/dev_ws/install/roombasimulator/lib/python3.8/site-packages/roombasimulator
[0.953s] byte-compiling /home/student/dev_ws/install/roombasimulator/lib/python3.8/site-packages/roombasimulator/statemachine.py to statemachine.cpython-38.pyc
[0.955s] byte-compiling /home/student/dev_ws/install/roombasimulator/lib/python3.8/site-packages/roombasimulator/Robot.py to Robot.cpython-38.pyc
[0.956s] byte-compiling /home/student/dev_ws/install/roombasimulator/lib/python3.8/site-packages/roombasimulator/BatteryManagement.py to BatteryManagement.cpython-38.pyc
[0.956s] byte-compiling /home/student/dev_ws/install/roombasimulator/lib/python3.8/site-packages/roombasimulator/__init__.py to __init__.cpython-38.pyc
[0.956s] running install_data
[0.957s] creating /home/student/dev_ws/install/roombasimulator/share/ament_index
[0.957s] creating /home/student/dev_ws/install/roombasimulator/share/ament_index/resource_index
[0.957s] creating /home/student/dev_ws/install/roombasimulator/share/ament_index/resource_index/packages
[0.957s] copying resource/roombasimulator -> /home/student/dev_ws/install/roombasimulator/share/ament_index/resource_index/packages
[0.957s] copying package.xml -> /home/student/dev_ws/install/roombasimulator/share/roombasimulator
[0.957s] running install_egg_info
[0.958s] Copying ../../build/roombasimulator/roombasimulator.egg-info to /home/student/dev_ws/install/roombasimulator/lib/python3.8/site-packages/roombasimulator-0.0.0-py3.8.egg-info
[0.959s] running install_scripts
[0.978s] writing list of installed files to '/home/student/dev_ws/build/roombasimulator/install.log'
[1.016s] Invoked command in '/home/student/dev_ws/src/roombasimulator' returned '0': PYTHONPATH=/home/student/dev_ws/install/roombasimulator/lib/python3.8/site-packages:${PYTHONPATH} /usr/bin/python3 setup.py egg_info --egg-base ../../build/roombasimulator build --build-base /home/student/dev_ws/build/roombasimulator/build install --prefix /home/student/dev_ws/install/roombasimulator --record /home/student/dev_ws/build/roombasimulator/install.log --single-version-externally-managed
