[0.699s] Invoking command in '/home/student/dev_ws/src/turtlecrab': PYTHONPATH=/home/student/dev_ws/install/turtlecrab/lib/python3.8/site-packages:${PYTHONPATH} /usr/bin/python3 setup.py egg_info --egg-base ../../build/turtlecrab build --build-base /home/student/dev_ws/build/turtlecrab/build install --prefix /home/student/dev_ws/install/turtlecrab --record /home/student/dev_ws/build/turtlecrab/install.log --single-version-externally-managed
[0.985s] running egg_info
[0.986s] writing ../../build/turtlecrab/turtlecrab.egg-info/PKG-INFO
[0.986s] writing dependency_links to ../../build/turtlecrab/turtlecrab.egg-info/dependency_links.txt
[0.987s] writing entry points to ../../build/turtlecrab/turtlecrab.egg-info/entry_points.txt
[0.987s] writing requirements to ../../build/turtlecrab/turtlecrab.egg-info/requires.txt
[0.987s] writing top-level names to ../../build/turtlecrab/turtlecrab.egg-info/top_level.txt
[1.019s] reading manifest file '../../build/turtlecrab/turtlecrab.egg-info/SOURCES.txt'
[1.020s] writing manifest file '../../build/turtlecrab/turtlecrab.egg-info/SOURCES.txt'
[1.020s] running build
[1.020s] running build_py
[1.020s] running install
[1.021s] running install_lib
[1.022s] running install_data
[1.023s] running install_egg_info
[1.024s] removing '/home/student/dev_ws/install/turtlecrab/lib/python3.8/site-packages/turtlecrab-0.0.1-py3.8.egg-info' (and everything under it)
[1.025s] Copying ../../build/turtlecrab/turtlecrab.egg-info to /home/student/dev_ws/install/turtlecrab/lib/python3.8/site-packages/turtlecrab-0.0.1-py3.8.egg-info
[1.026s] running install_scripts
[1.043s] Installing holo_driver script to /home/student/dev_ws/install/turtlecrab/lib/turtlecrab
[1.043s] writing list of installed files to '/home/student/dev_ws/build/turtlecrab/install.log'
[1.063s] Invoked command in '/home/student/dev_ws/src/turtlecrab' returned '0': PYTHONPATH=/home/student/dev_ws/install/turtlecrab/lib/python3.8/site-packages:${PYTHONPATH} /usr/bin/python3 setup.py egg_info --egg-base ../../build/turtlecrab build --build-base /home/student/dev_ws/build/turtlecrab/build install --prefix /home/student/dev_ws/install/turtlecrab --record /home/student/dev_ws/build/turtlecrab/install.log --single-version-externally-managed
