[0.190s] Invoking command in '/home/student/dev_ws/src/py_pubsub': PYTHONPATH=/home/student/dev_ws/install/py_pubsub/lib/python3.8/site-packages:${PYTHONPATH} /usr/bin/python3 setup.py egg_info --egg-base ../../build/py_pubsub build --build-base /home/student/dev_ws/build/py_pubsub/build install --prefix /home/student/dev_ws/install/py_pubsub --record /home/student/dev_ws/build/py_pubsub/install.log --single-version-externally-managed
[0.359s] running egg_info
[0.359s] creating ../../build/py_pubsub/py_pubsub.egg-info
[0.359s] writing ../../build/py_pubsub/py_pubsub.egg-info/PKG-INFO
[0.360s] writing dependency_links to ../../build/py_pubsub/py_pubsub.egg-info/dependency_links.txt
[0.360s] writing entry points to ../../build/py_pubsub/py_pubsub.egg-info/entry_points.txt
[0.360s] writing requirements to ../../build/py_pubsub/py_pubsub.egg-info/requires.txt
[0.360s] writing top-level names to ../../build/py_pubsub/py_pubsub.egg-info/top_level.txt
[0.363s] writing manifest file '../../build/py_pubsub/py_pubsub.egg-info/SOURCES.txt'
[0.396s] reading manifest file '../../build/py_pubsub/py_pubsub.egg-info/SOURCES.txt'
[0.396s] writing manifest file '../../build/py_pubsub/py_pubsub.egg-info/SOURCES.txt'
[0.397s] running build
[0.397s] running build_py
[0.397s] creating /home/student/dev_ws/build/py_pubsub/build
[0.397s] creating /home/student/dev_ws/build/py_pubsub/build/lib
[0.397s] creating /home/student/dev_ws/build/py_pubsub/build/lib/py_pubsub
[0.397s] copying py_pubsub/subscriber_member_function.py -> /home/student/dev_ws/build/py_pubsub/build/lib/py_pubsub
[0.397s] copying py_pubsub/publisher_member_function.py -> /home/student/dev_ws/build/py_pubsub/build/lib/py_pubsub
[0.398s] copying py_pubsub/__init__.py -> /home/student/dev_ws/build/py_pubsub/build/lib/py_pubsub
[0.398s] running install
[0.398s] running install_lib
[0.400s] creating /home/student/dev_ws/install/py_pubsub/lib/python3.8/site-packages/py_pubsub
[0.400s] copying /home/student/dev_ws/build/py_pubsub/build/lib/py_pubsub/subscriber_member_function.py -> /home/student/dev_ws/install/py_pubsub/lib/python3.8/site-packages/py_pubsub
[0.400s] copying /home/student/dev_ws/build/py_pubsub/build/lib/py_pubsub/publisher_member_function.py -> /home/student/dev_ws/install/py_pubsub/lib/python3.8/site-packages/py_pubsub
[0.400s] copying /home/student/dev_ws/build/py_pubsub/build/lib/py_pubsub/__init__.py -> /home/student/dev_ws/install/py_pubsub/lib/python3.8/site-packages/py_pubsub
[0.400s] byte-compiling /home/student/dev_ws/install/py_pubsub/lib/python3.8/site-packages/py_pubsub/subscriber_member_function.py to subscriber_member_function.cpython-38.pyc
[0.402s] byte-compiling /home/student/dev_ws/install/py_pubsub/lib/python3.8/site-packages/py_pubsub/publisher_member_function.py to publisher_member_function.cpython-38.pyc
[0.402s] byte-compiling /home/student/dev_ws/install/py_pubsub/lib/python3.8/site-packages/py_pubsub/__init__.py to __init__.cpython-38.pyc
[0.402s] running install_data
[0.403s] creating /home/student/dev_ws/install/py_pubsub/share/ament_index
[0.403s] creating /home/student/dev_ws/install/py_pubsub/share/ament_index/resource_index
[0.403s] creating /home/student/dev_ws/install/py_pubsub/share/ament_index/resource_index/packages
[0.404s] copying resource/py_pubsub -> /home/student/dev_ws/install/py_pubsub/share/ament_index/resource_index/packages
[0.404s] copying package.xml -> /home/student/dev_ws/install/py_pubsub/share/py_pubsub
[0.404s] running install_egg_info
[0.405s] Copying ../../build/py_pubsub/py_pubsub.egg-info to /home/student/dev_ws/install/py_pubsub/lib/python3.8/site-packages/py_pubsub-0.0.0-py3.8.egg-info
[0.406s] running install_scripts
[0.423s] Installing listener script to /home/student/dev_ws/install/py_pubsub/lib/py_pubsub
[0.423s] Installing talker script to /home/student/dev_ws/install/py_pubsub/lib/py_pubsub
[0.423s] writing list of installed files to '/home/student/dev_ws/build/py_pubsub/install.log'
[0.438s] Invoked command in '/home/student/dev_ws/src/py_pubsub' returned '0': PYTHONPATH=/home/student/dev_ws/install/py_pubsub/lib/python3.8/site-packages:${PYTHONPATH} /usr/bin/python3 setup.py egg_info --egg-base ../../build/py_pubsub build --build-base /home/student/dev_ws/build/py_pubsub/build install --prefix /home/student/dev_ws/install/py_pubsub --record /home/student/dev_ws/build/py_pubsub/install.log --single-version-externally-managed
