[0.047s] Invoking command in '/home/student/dev_ws/build/cpp_srvcli': CMAKE_PREFIX_PATH=/opt/ros/foxy /usr/bin/cmake --build /home/student/dev_ws/build/cpp_srvcli -- -j12 -l12
[0.637s] [ 50%] Built target server
[0.637s] [100%] Built target client
[0.651s] Invoked command in '/home/student/dev_ws/build/cpp_srvcli' returned '0': CMAKE_PREFIX_PATH=/opt/ros/foxy /usr/bin/cmake --build /home/student/dev_ws/build/cpp_srvcli -- -j12 -l12
[0.700s] Invoking command in '/home/student/dev_ws/build/cpp_srvcli': CMAKE_PREFIX_PATH=/opt/ros/foxy /usr/bin/cmake --install /home/student/dev_ws/build/cpp_srvcli
[0.719s] -- Install configuration: ""
[0.720s] -- Up-to-date: /home/student/dev_ws/install/cpp_srvcli/lib/cpp_srvcli/server
[0.720s] -- Up-to-date: /home/student/dev_ws/install/cpp_srvcli/lib/cpp_srvcli/client
[0.720s] -- Up-to-date: /home/student/dev_ws/install/cpp_srvcli/share/ament_index/resource_index/package_run_dependencies/cpp_srvcli
[0.721s] -- Up-to-date: /home/student/dev_ws/install/cpp_srvcli/share/ament_index/resource_index/parent_prefix_path/cpp_srvcli
[0.721s] -- Up-to-date: /home/student/dev_ws/install/cpp_srvcli/share/cpp_srvcli/environment/ament_prefix_path.sh
[0.721s] -- Up-to-date: /home/student/dev_ws/install/cpp_srvcli/share/cpp_srvcli/environment/ament_prefix_path.dsv
[0.721s] -- Up-to-date: /home/student/dev_ws/install/cpp_srvcli/share/cpp_srvcli/environment/path.sh
[0.721s] -- Up-to-date: /home/student/dev_ws/install/cpp_srvcli/share/cpp_srvcli/environment/path.dsv
[0.722s] -- Up-to-date: /home/student/dev_ws/install/cpp_srvcli/share/cpp_srvcli/local_setup.bash
[0.722s] -- Up-to-date: /home/student/dev_ws/install/cpp_srvcli/share/cpp_srvcli/local_setup.sh
[0.722s] -- Up-to-date: /home/student/dev_ws/install/cpp_srvcli/share/cpp_srvcli/local_setup.zsh
[0.723s] -- Up-to-date: /home/student/dev_ws/install/cpp_srvcli/share/cpp_srvcli/local_setup.dsv
[0.723s] -- Installing: /home/student/dev_ws/install/cpp_srvcli/share/cpp_srvcli/package.dsv
[0.724s] -- Up-to-date: /home/student/dev_ws/install/cpp_srvcli/share/ament_index/resource_index/packages/cpp_srvcli
[0.724s] -- Up-to-date: /home/student/dev_ws/install/cpp_srvcli/share/cpp_srvcli/cmake/cpp_srvcliConfig.cmake
[0.724s] -- Up-to-date: /home/student/dev_ws/install/cpp_srvcli/share/cpp_srvcli/cmake/cpp_srvcliConfig-version.cmake
[0.725s] -- Up-to-date: /home/student/dev_ws/install/cpp_srvcli/share/cpp_srvcli/package.xml
[0.787s] Invoked command in '/home/student/dev_ws/build/cpp_srvcli' returned '0': CMAKE_PREFIX_PATH=/opt/ros/foxy /usr/bin/cmake --install /home/student/dev_ws/build/cpp_srvcli
