[0.170s] Invoking command in '/home/student/dev_ws/src/my_package': PYTHONPATH=/home/student/dev_ws/install/my_package/lib/python3.8/site-packages:${PYTHONPATH} /usr/bin/python3 setup.py egg_info --egg-base ../../build/my_package build --build-base /home/student/dev_ws/build/my_package/build install --prefix /home/student/dev_ws/install/my_package --record /home/student/dev_ws/build/my_package/install.log --single-version-externally-managed
[0.319s] running egg_info
[0.320s] writing ../../build/my_package/my_package.egg-info/PKG-INFO
[0.320s] writing dependency_links to ../../build/my_package/my_package.egg-info/dependency_links.txt
[0.321s] writing entry points to ../../build/my_package/my_package.egg-info/entry_points.txt
[0.321s] writing requirements to ../../build/my_package/my_package.egg-info/requires.txt
[0.321s] writing top-level names to ../../build/my_package/my_package.egg-info/top_level.txt
[0.343s] reading manifest file '../../build/my_package/my_package.egg-info/SOURCES.txt'
[0.344s] writing manifest file '../../build/my_package/my_package.egg-info/SOURCES.txt'
[0.344s] running build
[0.344s] running build_py
[0.344s] running install
[0.345s] running install_lib
[0.346s] running install_data
[0.346s] running install_egg_info
[0.347s] removing '/home/student/dev_ws/install/my_package/lib/python3.8/site-packages/my_package-0.0.0-py3.8.egg-info' (and everything under it)
[0.348s] Copying ../../build/my_package/my_package.egg-info to /home/student/dev_ws/install/my_package/lib/python3.8/site-packages/my_package-0.0.0-py3.8.egg-info
[0.348s] running install_scripts
[0.360s] Installing my_node script to /home/student/dev_ws/install/my_package/lib/my_package
[0.361s] writing list of installed files to '/home/student/dev_ws/build/my_package/install.log'
[0.375s] Invoked command in '/home/student/dev_ws/src/my_package' returned '0': PYTHONPATH=/home/student/dev_ws/install/my_package/lib/python3.8/site-packages:${PYTHONPATH} /usr/bin/python3 setup.py egg_info --egg-base ../../build/my_package build --build-base /home/student/dev_ws/build/my_package/build install --prefix /home/student/dev_ws/install/my_package --record /home/student/dev_ws/build/my_package/install.log --single-version-externally-managed
