[0.058s] Invoking command in '/home/student/dev_ws/build/cpp_srvcli': CMAKE_PREFIX_PATH=${CMAKE_PREFIX_PATH}:/home/student/dev_ws/install/roombasimulator:/home/student/dev_ws/install/py_srvcli:/home/student/dev_ws/install/py_pubsub:/home/student/dev_ws/install/py_parameters:/home/student/dev_ws/install/my_package:/home/student/dev_ws/install/RoomboSimator:/opt/ros/foxy /usr/bin/cmake --build /home/student/dev_ws/build/cpp_srvcli -- -j12 -l12
[0.689s] [ 50%] Built target server
[0.689s] [100%] Built target client
[0.701s] Invoked command in '/home/student/dev_ws/build/cpp_srvcli' returned '0': CMAKE_PREFIX_PATH=${CMAKE_PREFIX_PATH}:/home/student/dev_ws/install/roombasimulator:/home/student/dev_ws/install/py_srvcli:/home/student/dev_ws/install/py_pubsub:/home/student/dev_ws/install/py_parameters:/home/student/dev_ws/install/my_package:/home/student/dev_ws/install/RoomboSimator:/opt/ros/foxy /usr/bin/cmake --build /home/student/dev_ws/build/cpp_srvcli -- -j12 -l12
[0.827s] Invoking command in '/home/student/dev_ws/build/cpp_srvcli': CMAKE_PREFIX_PATH=${CMAKE_PREFIX_PATH}:/home/student/dev_ws/install/roombasimulator:/home/student/dev_ws/install/py_srvcli:/home/student/dev_ws/install/py_pubsub:/home/student/dev_ws/install/py_parameters:/home/student/dev_ws/install/my_package:/home/student/dev_ws/install/RoomboSimator:/opt/ros/foxy /usr/bin/cmake --install /home/student/dev_ws/build/cpp_srvcli
[0.851s] -- Install configuration: ""
[0.854s] -- Execute custom install script
[0.854s] -- Up-to-date symlink: /home/student/dev_ws/install/cpp_srvcli/lib/cpp_srvcli/server
[0.854s] -- Up-to-date symlink: /home/student/dev_ws/install/cpp_srvcli/lib/cpp_srvcli/client
[0.854s] -- Up-to-date symlink: /home/student/dev_ws/install/cpp_srvcli/share/ament_index/resource_index/package_run_dependencies/cpp_srvcli
[0.855s] -- Up-to-date symlink: /home/student/dev_ws/install/cpp_srvcli/share/ament_index/resource_index/parent_prefix_path/cpp_srvcli
[0.855s] -- Up-to-date symlink: /home/student/dev_ws/install/cpp_srvcli/share/cpp_srvcli/environment/ament_prefix_path.sh
[0.855s] -- Up-to-date symlink: /home/student/dev_ws/install/cpp_srvcli/share/cpp_srvcli/environment/ament_prefix_path.dsv
[0.856s] -- Up-to-date symlink: /home/student/dev_ws/install/cpp_srvcli/share/cpp_srvcli/environment/path.sh
[0.856s] -- Up-to-date symlink: /home/student/dev_ws/install/cpp_srvcli/share/cpp_srvcli/environment/path.dsv
[0.856s] -- Up-to-date symlink: /home/student/dev_ws/install/cpp_srvcli/share/cpp_srvcli/local_setup.bash
[0.856s] -- Up-to-date symlink: /home/student/dev_ws/install/cpp_srvcli/share/cpp_srvcli/local_setup.sh
[0.856s] -- Up-to-date symlink: /home/student/dev_ws/install/cpp_srvcli/share/cpp_srvcli/local_setup.zsh
[0.857s] -- Up-to-date symlink: /home/student/dev_ws/install/cpp_srvcli/share/cpp_srvcli/local_setup.dsv
[0.857s] -- Symlinking: /home/student/dev_ws/install/cpp_srvcli/share/cpp_srvcli/package.dsv
[0.857s] -- Up-to-date symlink: /home/student/dev_ws/install/cpp_srvcli/share/ament_index/resource_index/packages/cpp_srvcli
[0.857s] -- Up-to-date symlink: /home/student/dev_ws/install/cpp_srvcli/share/cpp_srvcli/cmake/cpp_srvcliConfig.cmake
[0.857s] -- Up-to-date symlink: /home/student/dev_ws/install/cpp_srvcli/share/cpp_srvcli/cmake/cpp_srvcliConfig-version.cmake
[0.859s] -- Up-to-date symlink: /home/student/dev_ws/install/cpp_srvcli/share/cpp_srvcli/package.xml
[0.880s] Invoked command in '/home/student/dev_ws/build/cpp_srvcli' returned '0': CMAKE_PREFIX_PATH=${CMAKE_PREFIX_PATH}:/home/student/dev_ws/install/roombasimulator:/home/student/dev_ws/install/py_srvcli:/home/student/dev_ws/install/py_pubsub:/home/student/dev_ws/install/py_parameters:/home/student/dev_ws/install/my_package:/home/student/dev_ws/install/RoomboSimator:/opt/ros/foxy /usr/bin/cmake --install /home/student/dev_ws/build/cpp_srvcli
