-- Found ament_cmake: 0.9.8 (/opt/ros/foxy/share/ament_cmake/cmake)
-- Using PYTHON_EXECUTABLE: /usr/bin/python3
-- Override CMake install command with custom implementation using symlinks instead of copying resources
-- Found rclcpp: 2.3.0 (/opt/ros/foxy/share/rclcpp/cmake)
-- Using all available rosidl_typesupport_c: rosidl_typesupport_fastrtps_c;rosidl_typesupport_introspection_c
-- Found rosidl_adapter: 1.2.0 (/opt/ros/foxy/share/rosidl_adapter/cmake)
-- Using all available rosidl_typesupport_cpp: rosidl_typesupport_fastrtps_cpp;rosidl_typesupport_introspection_cpp
-- Found rmw_implementation_cmake: 1.0.2 (/opt/ros/foxy/share/rmw_implementation_cmake/cmake)
-- Using RMW implementation 'rmw_fastrtps_cpp' as default
-- Found ament_lint_auto: 0.9.6 (/opt/ros/foxy/share/ament_lint_auto/cmake)
-- Added test 'copyright' to check source files copyright and LICENSE
-- Added test 'cppcheck' to perform static code analysis on C / C++ code
-- Configured cppcheck include dirs: 
-- Configured cppcheck exclude dirs and/or files: 
-- Added test 'cpplint' to check C / C++ code against the Google style
-- Configured cpplint exclude dirs and/or files: 
-- Added test 'lint_cmake' to check CMake code style
-- Added test 'uncrustify' to check C / C++ code style
-- Configured uncrustify additional arguments: 
-- Added test 'xmllint' to check XML markup files
-- Configuring done
-- Generating done
-- Build files have been written to: /home/student/dev_ws/build/cpp_parameters
[ 50%] [32m[1mLinking CXX executable parameter_node[0m
[100%] Built target parameter_node
-- Install configuration: ""
-- Execute custom install script
-- Symlinking: /home/student/dev_ws/install/cpp_parameters/lib/cpp_parameters/parameter_node
-- Symlinking: /home/student/dev_ws/install/cpp_parameters/share/ament_index/resource_index/package_run_dependencies/cpp_parameters
-- Symlinking: /home/student/dev_ws/install/cpp_parameters/share/ament_index/resource_index/parent_prefix_path/cpp_parameters
-- Symlinking: /home/student/dev_ws/install/cpp_parameters/share/cpp_parameters/environment/ament_prefix_path.sh
-- Symlinking: /home/student/dev_ws/install/cpp_parameters/share/cpp_parameters/environment/ament_prefix_path.dsv
-- Symlinking: /home/student/dev_ws/install/cpp_parameters/share/cpp_parameters/environment/path.sh
-- Symlinking: /home/student/dev_ws/install/cpp_parameters/share/cpp_parameters/environment/path.dsv
-- Symlinking: /home/student/dev_ws/install/cpp_parameters/share/cpp_parameters/local_setup.bash
-- Symlinking: /home/student/dev_ws/install/cpp_parameters/share/cpp_parameters/local_setup.sh
-- Symlinking: /home/student/dev_ws/install/cpp_parameters/share/cpp_parameters/local_setup.zsh
-- Symlinking: /home/student/dev_ws/install/cpp_parameters/share/cpp_parameters/local_setup.dsv
-- Symlinking: /home/student/dev_ws/install/cpp_parameters/share/cpp_parameters/package.dsv
-- Symlinking: /home/student/dev_ws/install/cpp_parameters/share/ament_index/resource_index/packages/cpp_parameters
-- Symlinking: /home/student/dev_ws/install/cpp_parameters/share/cpp_parameters/cmake/cpp_parametersConfig.cmake
-- Symlinking: /home/student/dev_ws/install/cpp_parameters/share/cpp_parameters/cmake/cpp_parametersConfig-version.cmake
-- Symlinking: /home/student/dev_ws/install/cpp_parameters/share/cpp_parameters/package.xml
