[0.066s] Invoking command in '/home/student/dev_ws/build/cpp_parameters': CMAKE_PREFIX_PATH=${CMAKE_PREFIX_PATH}:/home/student/dev_ws/install/roombasimulator:/home/student/dev_ws/install/py_srvcli:/home/student/dev_ws/install/py_pubsub:/home/student/dev_ws/install/py_parameters:/home/student/dev_ws/install/my_package:/home/student/dev_ws/install/RoomboSimator:/opt/ros/foxy /usr/bin/cmake /home/student/dev_ws/src/cpp_parameters -DAMENT_CMAKE_SYMLINK_INSTALL=1 -DCMAKE_INSTALL_PREFIX=/home/student/dev_ws/install/cpp_parameters
[0.914s] -- Found ament_cmake: 0.9.8 (/opt/ros/foxy/share/ament_cmake/cmake)
[0.916s] -- Using PYTHON_EXECUTABLE: /usr/bin/python3
[0.917s] -- Override CMake install command with custom implementation using symlinks instead of copying resources
[0.917s] -- Found rclcpp: 2.3.0 (/opt/ros/foxy/share/rclcpp/cmake)
[0.917s] -- Using all available rosidl_typesupport_c: rosidl_typesupport_fastrtps_c;rosidl_typesupport_introspection_c
[0.917s] -- Found rosidl_adapter: 1.2.0 (/opt/ros/foxy/share/rosidl_adapter/cmake)
[0.919s] -- Using all available rosidl_typesupport_cpp: rosidl_typesupport_fastrtps_cpp;rosidl_typesupport_introspection_cpp
[0.920s] -- Found rmw_implementation_cmake: 1.0.2 (/opt/ros/foxy/share/rmw_implementation_cmake/cmake)
[0.920s] -- Using RMW implementation 'rmw_fastrtps_cpp' as default
[0.920s] -- Found ament_lint_auto: 0.9.6 (/opt/ros/foxy/share/ament_lint_auto/cmake)
[0.975s] -- Added test 'copyright' to check source files copyright and LICENSE
[0.977s] -- Added test 'cppcheck' to perform static code analysis on C / C++ code
[0.977s] -- Configured cppcheck include dirs: 
[0.977s] -- Configured cppcheck exclude dirs and/or files: 
[0.979s] -- Added test 'cpplint' to check C / C++ code against the Google style
[0.979s] -- Configured cpplint exclude dirs and/or files: 
[0.980s] -- Added test 'lint_cmake' to check CMake code style
[0.982s] -- Added test 'uncrustify' to check C / C++ code style
[0.982s] -- Configured uncrustify additional arguments: 
[0.983s] -- Added test 'xmllint' to check XML markup files
[0.988s] -- Configuring done
[1.004s] -- Generating done
[1.007s] -- Build files have been written to: /home/student/dev_ws/build/cpp_parameters
[1.018s] Invoked command in '/home/student/dev_ws/build/cpp_parameters' returned '0': CMAKE_PREFIX_PATH=${CMAKE_PREFIX_PATH}:/home/student/dev_ws/install/roombasimulator:/home/student/dev_ws/install/py_srvcli:/home/student/dev_ws/install/py_pubsub:/home/student/dev_ws/install/py_parameters:/home/student/dev_ws/install/my_package:/home/student/dev_ws/install/RoomboSimator:/opt/ros/foxy /usr/bin/cmake /home/student/dev_ws/src/cpp_parameters -DAMENT_CMAKE_SYMLINK_INSTALL=1 -DCMAKE_INSTALL_PREFIX=/home/student/dev_ws/install/cpp_parameters
[1.023s] Invoking command in '/home/student/dev_ws/build/cpp_parameters': CMAKE_PREFIX_PATH=${CMAKE_PREFIX_PATH}:/home/student/dev_ws/install/roombasimulator:/home/student/dev_ws/install/py_srvcli:/home/student/dev_ws/install/py_pubsub:/home/student/dev_ws/install/py_parameters:/home/student/dev_ws/install/my_package:/home/student/dev_ws/install/RoomboSimator:/opt/ros/foxy /usr/bin/cmake --build /home/student/dev_ws/build/cpp_parameters -- -j12 -l12
[1.426s] [ 50%] [32m[1mLinking CXX executable parameter_node[0m
[1.427s] [100%] Built target parameter_node
[1.436s] Invoked command in '/home/student/dev_ws/build/cpp_parameters' returned '0': CMAKE_PREFIX_PATH=${CMAKE_PREFIX_PATH}:/home/student/dev_ws/install/roombasimulator:/home/student/dev_ws/install/py_srvcli:/home/student/dev_ws/install/py_pubsub:/home/student/dev_ws/install/py_parameters:/home/student/dev_ws/install/my_package:/home/student/dev_ws/install/RoomboSimator:/opt/ros/foxy /usr/bin/cmake --build /home/student/dev_ws/build/cpp_parameters -- -j12 -l12
[1.494s] Invoking command in '/home/student/dev_ws/build/cpp_parameters': CMAKE_PREFIX_PATH=${CMAKE_PREFIX_PATH}:/home/student/dev_ws/install/roombasimulator:/home/student/dev_ws/install/py_srvcli:/home/student/dev_ws/install/py_pubsub:/home/student/dev_ws/install/py_parameters:/home/student/dev_ws/install/my_package:/home/student/dev_ws/install/RoomboSimator:/opt/ros/foxy /usr/bin/cmake --install /home/student/dev_ws/build/cpp_parameters
[1.680s] -- Install configuration: ""
[1.680s] -- Execute custom install script
[1.680s] -- Symlinking: /home/student/dev_ws/install/cpp_parameters/lib/cpp_parameters/parameter_node
[1.680s] -- Symlinking: /home/student/dev_ws/install/cpp_parameters/share/ament_index/resource_index/package_run_dependencies/cpp_parameters
[1.680s] -- Symlinking: /home/student/dev_ws/install/cpp_parameters/share/ament_index/resource_index/parent_prefix_path/cpp_parameters
[1.680s] -- Symlinking: /home/student/dev_ws/install/cpp_parameters/share/cpp_parameters/environment/ament_prefix_path.sh
[1.680s] -- Symlinking: /home/student/dev_ws/install/cpp_parameters/share/cpp_parameters/environment/ament_prefix_path.dsv
[1.680s] -- Symlinking: /home/student/dev_ws/install/cpp_parameters/share/cpp_parameters/environment/path.sh
[1.681s] -- Symlinking: /home/student/dev_ws/install/cpp_parameters/share/cpp_parameters/environment/path.dsv
[1.681s] -- Symlinking: /home/student/dev_ws/install/cpp_parameters/share/cpp_parameters/local_setup.bash
[1.681s] -- Symlinking: /home/student/dev_ws/install/cpp_parameters/share/cpp_parameters/local_setup.sh
[1.681s] -- Symlinking: /home/student/dev_ws/install/cpp_parameters/share/cpp_parameters/local_setup.zsh
[1.681s] -- Symlinking: /home/student/dev_ws/install/cpp_parameters/share/cpp_parameters/local_setup.dsv
[1.681s] -- Symlinking: /home/student/dev_ws/install/cpp_parameters/share/cpp_parameters/package.dsv
[1.689s] -- Symlinking: /home/student/dev_ws/install/cpp_parameters/share/ament_index/resource_index/packages/cpp_parameters
[1.713s] -- Symlinking: /home/student/dev_ws/install/cpp_parameters/share/cpp_parameters/cmake/cpp_parametersConfig.cmake
[1.728s] -- Symlinking: /home/student/dev_ws/install/cpp_parameters/share/cpp_parameters/cmake/cpp_parametersConfig-version.cmake
[1.740s] -- Symlinking: /home/student/dev_ws/install/cpp_parameters/share/cpp_parameters/package.xml
[1.760s] Invoked command in '/home/student/dev_ws/build/cpp_parameters' returned '0': CMAKE_PREFIX_PATH=${CMAKE_PREFIX_PATH}:/home/student/dev_ws/install/roombasimulator:/home/student/dev_ws/install/py_srvcli:/home/student/dev_ws/install/py_pubsub:/home/student/dev_ws/install/py_parameters:/home/student/dev_ws/install/my_package:/home/student/dev_ws/install/RoomboSimator:/opt/ros/foxy /usr/bin/cmake --install /home/student/dev_ws/build/cpp_parameters
