[0.267s] Invoking command in '/home/student/dev_ws/build/cpp_pubsub': CMAKE_PREFIX_PATH=/opt/ros/foxy /usr/bin/cmake --build /home/student/dev_ws/build/cpp_pubsub -- -j12 -l12
[0.792s] [ 50%] Built target talker
[0.794s] [100%] Built target listener
[0.808s] Invoked command in '/home/student/dev_ws/build/cpp_pubsub' returned '0': CMAKE_PREFIX_PATH=/opt/ros/foxy /usr/bin/cmake --build /home/student/dev_ws/build/cpp_pubsub -- -j12 -l12
[0.861s] Invoking command in '/home/student/dev_ws/build/cpp_pubsub': CMAKE_PREFIX_PATH=/opt/ros/foxy /usr/bin/cmake --install /home/student/dev_ws/build/cpp_pubsub
[0.886s] -- Install configuration: ""
[0.887s] -- Up-to-date: /home/student/dev_ws/install/cpp_pubsub/lib/cpp_pubsub/talker
[0.887s] -- Up-to-date: /home/student/dev_ws/install/cpp_pubsub/lib/cpp_pubsub/listener
[0.887s] -- Up-to-date: /home/student/dev_ws/install/cpp_pubsub/lib/cpp_pubsub/talker
[0.887s] -- Up-to-date: /home/student/dev_ws/install/cpp_pubsub/share/ament_index/resource_index/package_run_dependencies/cpp_pubsub
[0.888s] -- Up-to-date: /home/student/dev_ws/install/cpp_pubsub/share/ament_index/resource_index/parent_prefix_path/cpp_pubsub
[0.888s] -- Up-to-date: /home/student/dev_ws/install/cpp_pubsub/share/cpp_pubsub/environment/ament_prefix_path.sh
[0.889s] -- Up-to-date: /home/student/dev_ws/install/cpp_pubsub/share/cpp_pubsub/environment/ament_prefix_path.dsv
[0.889s] -- Up-to-date: /home/student/dev_ws/install/cpp_pubsub/share/cpp_pubsub/environment/path.sh
[0.889s] -- Up-to-date: /home/student/dev_ws/install/cpp_pubsub/share/cpp_pubsub/environment/path.dsv
[0.890s] -- Up-to-date: /home/student/dev_ws/install/cpp_pubsub/share/cpp_pubsub/local_setup.bash
[0.890s] -- Up-to-date: /home/student/dev_ws/install/cpp_pubsub/share/cpp_pubsub/local_setup.sh
[0.890s] -- Up-to-date: /home/student/dev_ws/install/cpp_pubsub/share/cpp_pubsub/local_setup.zsh
[0.890s] -- Up-to-date: /home/student/dev_ws/install/cpp_pubsub/share/cpp_pubsub/local_setup.dsv
[0.891s] -- Installing: /home/student/dev_ws/install/cpp_pubsub/share/cpp_pubsub/package.dsv
[0.891s] -- Up-to-date: /home/student/dev_ws/install/cpp_pubsub/share/ament_index/resource_index/packages/cpp_pubsub
[0.892s] -- Up-to-date: /home/student/dev_ws/install/cpp_pubsub/share/cpp_pubsub/cmake/cpp_pubsubConfig.cmake
[0.892s] -- Up-to-date: /home/student/dev_ws/install/cpp_pubsub/share/cpp_pubsub/cmake/cpp_pubsubConfig-version.cmake
[0.893s] -- Up-to-date: /home/student/dev_ws/install/cpp_pubsub/share/cpp_pubsub/package.xml
[0.941s] Invoked command in '/home/student/dev_ws/build/cpp_pubsub' returned '0': CMAKE_PREFIX_PATH=/opt/ros/foxy /usr/bin/cmake --install /home/student/dev_ws/build/cpp_pubsub
