[0.011s] Invoking command in '/home/student/dev_ws/build/turtlebot3_simulations': AMENT_PREFIX_PATH=/home/student/dev_ws/install/turtlebot3_gazebo:/home/student/dev_ws/install/turtlebot3_fake_node:${AMENT_PREFIX_PATH} CMAKE_PREFIX_PATH=/home/student/dev_ws/install/turtlebot3_gazebo:/home/student/dev_ws/install/turtlebot3_fake_node:/home/student/dev_ws/install/turtlesim:/home/student/dev_ws/install/more_interfaces:/home/student/dev_ws/install/cpp_srvcli:/home/student/dev_ws/install/cpp_pubsub:/home/student/dev_ws/install/cpp_parameters:/home/student/dev_ws/install/roombasimulator:/home/student/dev_ws/install/py_srvcli:/home/student/dev_ws/install/py_pubsub:/home/student/dev_ws/install/py_parameters:/home/student/dev_ws/install/my_package:/home/student/dev_ws/install/RoomboSimator:/opt/ros/foxy /usr/bin/cmake /home/student/dev_ws/src/turtlebot3_simulations/turtlebot3_simulations -DAMENT_CMAKE_SYMLINK_INSTALL=1 -DCMAKE_INSTALL_PREFIX=/home/student/dev_ws/install/turtlebot3_simulations
[0.072s] -- The C compiler identification is GNU 9.3.0
[0.135s] -- The CXX compiler identification is GNU 9.3.0
[0.140s] -- Check for working C compiler: /usr/bin/cc
[0.200s] -- Check for working C compiler: /usr/bin/cc -- works
[0.200s] -- Detecting C compiler ABI info
[0.253s] -- Detecting C compiler ABI info - done
[0.263s] -- Detecting C compile features
[0.264s] -- Detecting C compile features - done
[0.266s] -- Check for working CXX compiler: /usr/bin/c++
[0.328s] -- Check for working CXX compiler: /usr/bin/c++ -- works
[0.329s] -- Detecting CXX compiler ABI info
[0.397s] -- Detecting CXX compiler ABI info - done
[0.408s] -- Detecting CXX compile features
[0.409s] -- Detecting CXX compile features - done
[0.411s] -- Found ament_cmake: 0.9.8 (/opt/ros/foxy/share/ament_cmake/cmake)
[0.438s] -- Found PythonInterp: /usr/bin/python3 (found suitable version "3.8.5", minimum required is "3") 
[0.439s] -- Using PYTHON_EXECUTABLE: /usr/bin/python3
[0.595s] -- Override CMake install command with custom implementation using symlinks instead of copying resources
[0.674s] -- Configuring done
[0.675s] -- Generating done
[0.676s] -- Build files have been written to: /home/student/dev_ws/build/turtlebot3_simulations
[0.680s] Invoked command in '/home/student/dev_ws/build/turtlebot3_simulations' returned '0': AMENT_PREFIX_PATH=/home/student/dev_ws/install/turtlebot3_gazebo:/home/student/dev_ws/install/turtlebot3_fake_node:${AMENT_PREFIX_PATH} CMAKE_PREFIX_PATH=/home/student/dev_ws/install/turtlebot3_gazebo:/home/student/dev_ws/install/turtlebot3_fake_node:/home/student/dev_ws/install/turtlesim:/home/student/dev_ws/install/more_interfaces:/home/student/dev_ws/install/cpp_srvcli:/home/student/dev_ws/install/cpp_pubsub:/home/student/dev_ws/install/cpp_parameters:/home/student/dev_ws/install/roombasimulator:/home/student/dev_ws/install/py_srvcli:/home/student/dev_ws/install/py_pubsub:/home/student/dev_ws/install/py_parameters:/home/student/dev_ws/install/my_package:/home/student/dev_ws/install/RoomboSimator:/opt/ros/foxy /usr/bin/cmake /home/student/dev_ws/src/turtlebot3_simulations/turtlebot3_simulations -DAMENT_CMAKE_SYMLINK_INSTALL=1 -DCMAKE_INSTALL_PREFIX=/home/student/dev_ws/install/turtlebot3_simulations
[0.681s] Invoking command in '/home/student/dev_ws/build/turtlebot3_simulations': AMENT_PREFIX_PATH=/home/student/dev_ws/install/turtlebot3_gazebo:/home/student/dev_ws/install/turtlebot3_fake_node:${AMENT_PREFIX_PATH} CMAKE_PREFIX_PATH=/home/student/dev_ws/install/turtlebot3_gazebo:/home/student/dev_ws/install/turtlebot3_fake_node:/home/student/dev_ws/install/turtlesim:/home/student/dev_ws/install/more_interfaces:/home/student/dev_ws/install/cpp_srvcli:/home/student/dev_ws/install/cpp_pubsub:/home/student/dev_ws/install/cpp_parameters:/home/student/dev_ws/install/roombasimulator:/home/student/dev_ws/install/py_srvcli:/home/student/dev_ws/install/py_pubsub:/home/student/dev_ws/install/py_parameters:/home/student/dev_ws/install/my_package:/home/student/dev_ws/install/RoomboSimator:/opt/ros/foxy /usr/bin/cmake --build /home/student/dev_ws/build/turtlebot3_simulations -- -j12 -l12
[0.711s] Invoked command in '/home/student/dev_ws/build/turtlebot3_simulations' returned '0': AMENT_PREFIX_PATH=/home/student/dev_ws/install/turtlebot3_gazebo:/home/student/dev_ws/install/turtlebot3_fake_node:${AMENT_PREFIX_PATH} CMAKE_PREFIX_PATH=/home/student/dev_ws/install/turtlebot3_gazebo:/home/student/dev_ws/install/turtlebot3_fake_node:/home/student/dev_ws/install/turtlesim:/home/student/dev_ws/install/more_interfaces:/home/student/dev_ws/install/cpp_srvcli:/home/student/dev_ws/install/cpp_pubsub:/home/student/dev_ws/install/cpp_parameters:/home/student/dev_ws/install/roombasimulator:/home/student/dev_ws/install/py_srvcli:/home/student/dev_ws/install/py_pubsub:/home/student/dev_ws/install/py_parameters:/home/student/dev_ws/install/my_package:/home/student/dev_ws/install/RoomboSimator:/opt/ros/foxy /usr/bin/cmake --build /home/student/dev_ws/build/turtlebot3_simulations -- -j12 -l12
[0.731s] Invoking command in '/home/student/dev_ws/build/turtlebot3_simulations': AMENT_PREFIX_PATH=/home/student/dev_ws/install/turtlebot3_gazebo:/home/student/dev_ws/install/turtlebot3_fake_node:${AMENT_PREFIX_PATH} CMAKE_PREFIX_PATH=/home/student/dev_ws/install/turtlebot3_gazebo:/home/student/dev_ws/install/turtlebot3_fake_node:/home/student/dev_ws/install/turtlesim:/home/student/dev_ws/install/more_interfaces:/home/student/dev_ws/install/cpp_srvcli:/home/student/dev_ws/install/cpp_pubsub:/home/student/dev_ws/install/cpp_parameters:/home/student/dev_ws/install/roombasimulator:/home/student/dev_ws/install/py_srvcli:/home/student/dev_ws/install/py_pubsub:/home/student/dev_ws/install/py_parameters:/home/student/dev_ws/install/my_package:/home/student/dev_ws/install/RoomboSimator:/opt/ros/foxy /usr/bin/cmake --install /home/student/dev_ws/build/turtlebot3_simulations
[0.737s] -- Install configuration: ""
[0.738s] -- Execute custom install script
[0.738s] -- Symlinking: /home/student/dev_ws/install/turtlebot3_simulations/share/ament_index/resource_index/package_run_dependencies/turtlebot3_simulations
[0.746s] -- Symlinking: /home/student/dev_ws/install/turtlebot3_simulations/share/ament_index/resource_index/parent_prefix_path/turtlebot3_simulations
[0.753s] -- Symlinking: /home/student/dev_ws/install/turtlebot3_simulations/share/turtlebot3_simulations/environment/ament_prefix_path.sh
[0.760s] -- Symlinking: /home/student/dev_ws/install/turtlebot3_simulations/share/turtlebot3_simulations/environment/ament_prefix_path.dsv
[0.768s] -- Symlinking: /home/student/dev_ws/install/turtlebot3_simulations/share/turtlebot3_simulations/environment/path.sh
[0.775s] -- Symlinking: /home/student/dev_ws/install/turtlebot3_simulations/share/turtlebot3_simulations/environment/path.dsv
[0.783s] -- Symlinking: /home/student/dev_ws/install/turtlebot3_simulations/share/turtlebot3_simulations/local_setup.bash
[0.789s] -- Symlinking: /home/student/dev_ws/install/turtlebot3_simulations/share/turtlebot3_simulations/local_setup.sh
[0.796s] -- Symlinking: /home/student/dev_ws/install/turtlebot3_simulations/share/turtlebot3_simulations/local_setup.zsh
[0.803s] -- Symlinking: /home/student/dev_ws/install/turtlebot3_simulations/share/turtlebot3_simulations/local_setup.dsv
[0.810s] -- Symlinking: /home/student/dev_ws/install/turtlebot3_simulations/share/turtlebot3_simulations/package.dsv
[0.817s] -- Symlinking: /home/student/dev_ws/install/turtlebot3_simulations/share/ament_index/resource_index/packages/turtlebot3_simulations
[0.824s] -- Symlinking: /home/student/dev_ws/install/turtlebot3_simulations/share/turtlebot3_simulations/cmake/turtlebot3_simulationsConfig.cmake
[0.831s] -- Symlinking: /home/student/dev_ws/install/turtlebot3_simulations/share/turtlebot3_simulations/cmake/turtlebot3_simulationsConfig-version.cmake
[0.838s] -- Symlinking: /home/student/dev_ws/install/turtlebot3_simulations/share/turtlebot3_simulations/package.xml
[0.847s] Invoked command in '/home/student/dev_ws/build/turtlebot3_simulations' returned '0': AMENT_PREFIX_PATH=/home/student/dev_ws/install/turtlebot3_gazebo:/home/student/dev_ws/install/turtlebot3_fake_node:${AMENT_PREFIX_PATH} CMAKE_PREFIX_PATH=/home/student/dev_ws/install/turtlebot3_gazebo:/home/student/dev_ws/install/turtlebot3_fake_node:/home/student/dev_ws/install/turtlesim:/home/student/dev_ws/install/more_interfaces:/home/student/dev_ws/install/cpp_srvcli:/home/student/dev_ws/install/cpp_pubsub:/home/student/dev_ws/install/cpp_parameters:/home/student/dev_ws/install/roombasimulator:/home/student/dev_ws/install/py_srvcli:/home/student/dev_ws/install/py_pubsub:/home/student/dev_ws/install/py_parameters:/home/student/dev_ws/install/my_package:/home/student/dev_ws/install/RoomboSimator:/opt/ros/foxy /usr/bin/cmake --install /home/student/dev_ws/build/turtlebot3_simulations
