[0.015s] Invoking command in '/home/student/dev_ws/build/tutorial_interfaces': CMAKE_PREFIX_PATH=${CMAKE_PREFIX_PATH}:/home/student/dev_ws/install/py_srvcli:/home/student/dev_ws/install/py_pubsub:/home/student/dev_ws/install/my_package:/opt/ros/foxy /usr/bin/cmake /home/student/dev_ws/src/tutorial_interfaces -DCMAKE_INSTALL_PREFIX=/home/student/dev_ws/install/tutorial_interfaces
[0.029s] -- Found ament_cmake: 0.9.8 (/opt/ros/foxy/share/ament_cmake/cmake)
[0.047s] -- Using PYTHON_EXECUTABLE: /usr/bin/python3
[0.205s] CMake Error at CMakeLists.txt:20 (find_package):
[0.205s]   By not providing "Findrosid1_default_generators.cmake" in CMAKE_MODULE_PATH
[0.205s]   this project has asked CMake to find a package configuration file provided
[0.206s]   by "rosid1_default_generators", but CMake did not find one.
[0.206s] 
[0.206s]   Could not find a package configuration file provided by
[0.206s]   "rosid1_default_generators" with any of the following names:
[0.206s] 
[0.206s]     rosid1_default_generatorsConfig.cmake
[0.206s]     rosid1_default_generators-config.cmake
[0.207s] 
[0.207s]   Add the installation prefix of "rosid1_default_generators" to
[0.207s]   CMAKE_PREFIX_PATH or set "rosid1_default_generators_DIR" to a directory
[0.207s]   containing one of the above files.  If "rosid1_default_generators" provides
[0.207s]   a separate development package or SDK, be sure it has been installed.
[0.207s] 
[0.207s] 
[0.207s] -- Configuring incomplete, errors occurred!
[0.207s] See also "/home/student/dev_ws/build/tutorial_interfaces/CMakeFiles/CMakeOutput.log".
[0.209s] Invoked command in '/home/student/dev_ws/build/tutorial_interfaces' returned '1': CMAKE_PREFIX_PATH=${CMAKE_PREFIX_PATH}:/home/student/dev_ws/install/py_srvcli:/home/student/dev_ws/install/py_pubsub:/home/student/dev_ws/install/my_package:/opt/ros/foxy /usr/bin/cmake /home/student/dev_ws/src/tutorial_interfaces -DCMAKE_INSTALL_PREFIX=/home/student/dev_ws/install/tutorial_interfaces
