[0.252s] Invoking command in '/home/student/dev_ws/build/cpp_srvcli': CMAKE_PREFIX_PATH=/opt/ros/foxy /usr/bin/cmake --build /home/student/dev_ws/build/cpp_srvcli -- -j12 -l12
[0.723s] [ 50%] Built target server
[0.724s] [100%] Built target client
[0.735s] Invoked command in '/home/student/dev_ws/build/cpp_srvcli' returned '0': CMAKE_PREFIX_PATH=/opt/ros/foxy /usr/bin/cmake --build /home/student/dev_ws/build/cpp_srvcli -- -j12 -l12
[0.790s] Invoking command in '/home/student/dev_ws/build/cpp_srvcli': CMAKE_PREFIX_PATH=/opt/ros/foxy /usr/bin/cmake --install /home/student/dev_ws/build/cpp_srvcli
[0.809s] -- Install configuration: ""
[0.811s] -- Up-to-date: /home/student/dev_ws/install/cpp_srvcli/lib/cpp_srvcli/server
[0.812s] -- Up-to-date: /home/student/dev_ws/install/cpp_srvcli/lib/cpp_srvcli/client
[0.812s] -- Up-to-date: /home/student/dev_ws/install/cpp_srvcli/share/ament_index/resource_index/package_run_dependencies/cpp_srvcli
[0.812s] -- Up-to-date: /home/student/dev_ws/install/cpp_srvcli/share/ament_index/resource_index/parent_prefix_path/cpp_srvcli
[0.813s] -- Up-to-date: /home/student/dev_ws/install/cpp_srvcli/share/cpp_srvcli/environment/ament_prefix_path.sh
[0.813s] -- Up-to-date: /home/student/dev_ws/install/cpp_srvcli/share/cpp_srvcli/environment/ament_prefix_path.dsv
[0.814s] -- Up-to-date: /home/student/dev_ws/install/cpp_srvcli/share/cpp_srvcli/environment/path.sh
[0.816s] -- Up-to-date: /home/student/dev_ws/install/cpp_srvcli/share/cpp_srvcli/environment/path.dsv
[0.816s] -- Up-to-date: /home/student/dev_ws/install/cpp_srvcli/share/cpp_srvcli/local_setup.bash
[0.816s] -- Up-to-date: /home/student/dev_ws/install/cpp_srvcli/share/cpp_srvcli/local_setup.sh
[0.817s] -- Up-to-date: /home/student/dev_ws/install/cpp_srvcli/share/cpp_srvcli/local_setup.zsh
[0.817s] -- Up-to-date: /home/student/dev_ws/install/cpp_srvcli/share/cpp_srvcli/local_setup.dsv
[0.817s] -- Installing: /home/student/dev_ws/install/cpp_srvcli/share/cpp_srvcli/package.dsv
[0.818s] -- Up-to-date: /home/student/dev_ws/install/cpp_srvcli/share/ament_index/resource_index/packages/cpp_srvcli
[0.818s] -- Up-to-date: /home/student/dev_ws/install/cpp_srvcli/share/cpp_srvcli/cmake/cpp_srvcliConfig.cmake
[0.819s] -- Up-to-date: /home/student/dev_ws/install/cpp_srvcli/share/cpp_srvcli/cmake/cpp_srvcliConfig-version.cmake
[0.819s] -- Up-to-date: /home/student/dev_ws/install/cpp_srvcli/share/cpp_srvcli/package.xml
[0.860s] Invoked command in '/home/student/dev_ws/build/cpp_srvcli' returned '0': CMAKE_PREFIX_PATH=/opt/ros/foxy /usr/bin/cmake --install /home/student/dev_ws/build/cpp_srvcli
