[0.060s] Invoking command in '/home/student/dev_ws/build/more_interfaces': CMAKE_PREFIX_PATH=${CMAKE_PREFIX_PATH}:/home/student/dev_ws/install/roombasimulator:/home/student/dev_ws/install/py_srvcli:/home/student/dev_ws/install/py_pubsub:/home/student/dev_ws/install/py_parameters:/home/student/dev_ws/install/my_package:/home/student/dev_ws/install/RoomboSimator:/opt/ros/foxy /usr/bin/cmake /home/student/dev_ws/src/more_interfaces -DCMAKE_INSTALL_PREFIX=/home/student/dev_ws/install/more_interfaces
[1.294s] -- Found ament_cmake: 0.9.8 (/opt/ros/foxy/share/ament_cmake/cmake)
[1.294s] -- Found PythonInterp: /usr/bin/python3 (found suitable version "3.8.5", minimum required is "3") 
[1.294s] -- Using PYTHON_EXECUTABLE: /usr/bin/python3
[1.294s] -- Override CMake install command with custom implementation using symlinks instead of copying resources
[1.295s] -- Found rosidl_default_generators: 1.0.0 (/opt/ros/foxy/share/rosidl_default_generators/cmake)
[1.295s] -- Using all available rosidl_typesupport_c: rosidl_typesupport_fastrtps_c;rosidl_typesupport_introspection_c
[1.295s] -- Found rosidl_adapter: 1.2.0 (/opt/ros/foxy/share/rosidl_adapter/cmake)
[1.295s] -- Using all available rosidl_typesupport_cpp: rosidl_typesupport_fastrtps_cpp;rosidl_typesupport_introspection_cpp
[1.295s] -- Found rclcpp: 2.3.0 (/opt/ros/foxy/share/rclcpp/cmake)
[1.295s] -- Found rmw_implementation_cmake: 1.0.2 (/opt/ros/foxy/share/rmw_implementation_cmake/cmake)
[1.295s] -- Using RMW implementation 'rmw_fastrtps_cpp' as default
[1.295s] -- Found PythonInterp: /usr/bin/python3 (found version "3.8.5") 
[1.295s] -- Found ament_cmake_ros: 0.9.1 (/opt/ros/foxy/share/ament_cmake_ros/cmake)
[1.296s] -- Using all available rosidl_typesupport_c: rosidl_typesupport_fastrtps_c;rosidl_typesupport_introspection_c
[1.296s] -- Using all available rosidl_typesupport_cpp: rosidl_typesupport_fastrtps_cpp;rosidl_typesupport_introspection_cpp
[1.296s] -- Found PythonInterp: /usr/bin/python3 (found suitable version "3.8.5", minimum required is "3.5") 
[1.296s] -- Found python_cmake_module: 0.8.0 (/opt/ros/foxy/share/python_cmake_module/cmake)
[1.296s] -- Using PYTHON_EXECUTABLE: /usr/bin/python3
[1.296s] -- Using PYTHON_INCLUDE_DIRS: /usr/include/python3.8
[1.296s] -- Using PYTHON_LIBRARIES: /usr/lib/x86_64-linux-gnu/libpython3.8.so
[1.296s] -- Configuring done
[1.297s] -- Generating done
[1.297s] -- Build files have been written to: /home/student/dev_ws/build/more_interfaces
[1.301s] Invoked command in '/home/student/dev_ws/build/more_interfaces' returned '0': CMAKE_PREFIX_PATH=${CMAKE_PREFIX_PATH}:/home/student/dev_ws/install/roombasimulator:/home/student/dev_ws/install/py_srvcli:/home/student/dev_ws/install/py_pubsub:/home/student/dev_ws/install/py_parameters:/home/student/dev_ws/install/my_package:/home/student/dev_ws/install/RoomboSimator:/opt/ros/foxy /usr/bin/cmake /home/student/dev_ws/src/more_interfaces -DCMAKE_INSTALL_PREFIX=/home/student/dev_ws/install/more_interfaces
[1.302s] Invoking command in '/home/student/dev_ws/build/more_interfaces': CMAKE_PREFIX_PATH=${CMAKE_PREFIX_PATH}:/home/student/dev_ws/install/roombasimulator:/home/student/dev_ws/install/py_srvcli:/home/student/dev_ws/install/py_pubsub:/home/student/dev_ws/install/py_parameters:/home/student/dev_ws/install/my_package:/home/student/dev_ws/install/RoomboSimator:/opt/ros/foxy /usr/bin/cmake --build /home/student/dev_ws/build/more_interfaces -- -j12 -l12
[1.346s] [  3%] Built target more_interfaces__cpp
[1.349s] [ 12%] Built target more_interfaces__rosidl_generator_c
[1.394s] [ 21%] Built target more_interfaces__rosidl_typesupport_cpp
[1.397s] [ 30%] Built target more_interfaces__rosidl_typesupport_introspection_cpp
[1.399s] [ 39%] Built target more_interfaces__rosidl_typesupport_c
[1.403s] [ 48%] Built target more_interfaces__rosidl_typesupport_fastrtps_cpp
[1.409s] [ 57%] Built target more_interfaces__rosidl_typesupport_introspection_c
[1.429s] [ 66%] Built target more_interfaces__rosidl_typesupport_fastrtps_c
[1.449s] [ 66%] Built target more_interfaces
[1.474s] [ 69%] Built target more_interfaces__py
[1.479s] [ 75%] Built target publish_address_book
[1.499s] [ 81%] Built target more_interfaces__python
[1.526s] [ 93%] Built target more_interfaces__rosidl_typesupport_introspection_c__pyext
[1.526s] [ 93%] Built target more_interfaces__rosidl_typesupport_c__pyext
[1.535s] [100%] Built target more_interfaces__rosidl_typesupport_fastrtps_c__pyext
