[0.251s] Invoking command in '/home/student/dev_ws/build/cpp_parameters': CMAKE_PREFIX_PATH=/opt/ros/foxy /usr/bin/cmake --build /home/student/dev_ws/build/cpp_parameters -- -j12 -l12
[0.732s] [100%] Built target parameter_node
[0.747s] Invoked command in '/home/student/dev_ws/build/cpp_parameters' returned '0': CMAKE_PREFIX_PATH=/opt/ros/foxy /usr/bin/cmake --build /home/student/dev_ws/build/cpp_parameters -- -j12 -l12
[0.795s] Invoking command in '/home/student/dev_ws/build/cpp_parameters': CMAKE_PREFIX_PATH=/opt/ros/foxy /usr/bin/cmake --install /home/student/dev_ws/build/cpp_parameters
[0.815s] -- Install configuration: ""
[0.815s] -- Up-to-date: /home/student/dev_ws/install/cpp_parameters/lib/cpp_parameters/parameter_node
[0.816s] -- Up-to-date: /home/student/dev_ws/install/cpp_parameters/share/ament_index/resource_index/package_run_dependencies/cpp_parameters
[0.816s] -- Up-to-date: /home/student/dev_ws/install/cpp_parameters/share/ament_index/resource_index/parent_prefix_path/cpp_parameters
[0.817s] -- Up-to-date: /home/student/dev_ws/install/cpp_parameters/share/cpp_parameters/environment/ament_prefix_path.sh
[0.817s] -- Up-to-date: /home/student/dev_ws/install/cpp_parameters/share/cpp_parameters/environment/ament_prefix_path.dsv
[0.817s] -- Up-to-date: /home/student/dev_ws/install/cpp_parameters/share/cpp_parameters/environment/path.sh
[0.818s] -- Up-to-date: /home/student/dev_ws/install/cpp_parameters/share/cpp_parameters/environment/path.dsv
[0.818s] -- Up-to-date: /home/student/dev_ws/install/cpp_parameters/share/cpp_parameters/local_setup.bash
[0.818s] -- Up-to-date: /home/student/dev_ws/install/cpp_parameters/share/cpp_parameters/local_setup.sh
[0.820s] -- Up-to-date: /home/student/dev_ws/install/cpp_parameters/share/cpp_parameters/local_setup.zsh
[0.820s] -- Up-to-date: /home/student/dev_ws/install/cpp_parameters/share/cpp_parameters/local_setup.dsv
[0.820s] -- Installing: /home/student/dev_ws/install/cpp_parameters/share/cpp_parameters/package.dsv
[0.820s] -- Up-to-date: /home/student/dev_ws/install/cpp_parameters/share/ament_index/resource_index/packages/cpp_parameters
[0.821s] -- Up-to-date: /home/student/dev_ws/install/cpp_parameters/share/cpp_parameters/cmake/cpp_parametersConfig.cmake
[0.821s] -- Up-to-date: /home/student/dev_ws/install/cpp_parameters/share/cpp_parameters/cmake/cpp_parametersConfig-version.cmake
[0.821s] -- Up-to-date: /home/student/dev_ws/install/cpp_parameters/share/cpp_parameters/package.xml
[0.852s] Invoked command in '/home/student/dev_ws/build/cpp_parameters' returned '0': CMAKE_PREFIX_PATH=/opt/ros/foxy /usr/bin/cmake --install /home/student/dev_ws/build/cpp_parameters
