running develop
running egg_info
writing ../../build/py_parameters/py_parameters.egg-info/PKG-INFO
writing dependency_links to ../../build/py_parameters/py_parameters.egg-info/dependency_links.txt
writing entry points to ../../build/py_parameters/py_parameters.egg-info/entry_points.txt
writing requirements to ../../build/py_parameters/py_parameters.egg-info/requires.txt
writing top-level names to ../../build/py_parameters/py_parameters.egg-info/top_level.txt
reading manifest file '../../build/py_parameters/py_parameters.egg-info/SOURCES.txt'
writing manifest file '../../build/py_parameters/py_parameters.egg-info/SOURCES.txt'
running build
running build_py
running install
running install_lib
creating /home/student/dev_ws/install/py_parameters/lib/python3.8/site-packages/py_parameters
copying /home/student/dev_ws/build/py_parameters/build/lib/py_parameters/py_parameters_node.py -> /home/student/dev_ws/install/py_parameters/lib/python3.8/site-packages/py_parameters
copying /home/student/dev_ws/build/py_parameters/build/lib/py_parameters/__init__.py -> /home/student/dev_ws/install/py_parameters/lib/python3.8/site-packages/py_parameters
byte-compiling /home/student/dev_ws/install/py_parameters/lib/python3.8/site-packages/py_parameters/py_parameters_node.py to py_parameters_node.cpython-38.pyc
byte-compiling /home/student/dev_ws/install/py_parameters/lib/python3.8/site-packages/py_parameters/__init__.py to __init__.cpython-38.pyc
running install_data
running install_egg_info
Copying ../../build/py_parameters/py_parameters.egg-info to /home/student/dev_ws/install/py_parameters/lib/python3.8/site-packages/py_parameters-0.0.0-py3.8.egg-info
running install_scripts
Installing param_talker script to /home/student/dev_ws/install/py_parameters/lib/py_parameters
writing list of installed files to '/home/student/dev_ws/build/py_parameters/install.log'
