[0.704s] Invoking command in '/home/student/dev_ws/build/py_parameters': PYTHONPATH=/home/student/dev_ws/install/py_parameters/lib/python3.8/site-packages:${PYTHONPATH} /usr/bin/python3 setup.py develop --prefix /home/student/dev_ws/install/py_parameters --uninstall --editable --build-directory /home/student/dev_ws/build/py_parameters/build
[1.032s] running develop
[1.209s] Invoked command in '/home/student/dev_ws/build/py_parameters' returned '0': PYTHONPATH=/home/student/dev_ws/install/py_parameters/lib/python3.8/site-packages:${PYTHONPATH} /usr/bin/python3 setup.py develop --prefix /home/student/dev_ws/install/py_parameters --uninstall --editable --build-directory /home/student/dev_ws/build/py_parameters/build
[1.210s] Invoking command in '/home/student/dev_ws/src/py_parameters': PYTHONPATH=/home/student/dev_ws/install/py_parameters/lib/python3.8/site-packages:${PYTHONPATH} /usr/bin/python3 setup.py egg_info --egg-base ../../build/py_parameters build --build-base /home/student/dev_ws/build/py_parameters/build install --prefix /home/student/dev_ws/install/py_parameters --record /home/student/dev_ws/build/py_parameters/install.log --single-version-externally-managed
[1.428s] running egg_info
[1.429s] writing ../../build/py_parameters/py_parameters.egg-info/PKG-INFO
[1.429s] writing dependency_links to ../../build/py_parameters/py_parameters.egg-info/dependency_links.txt
[1.429s] writing entry points to ../../build/py_parameters/py_parameters.egg-info/entry_points.txt
[1.429s] writing requirements to ../../build/py_parameters/py_parameters.egg-info/requires.txt
[1.430s] writing top-level names to ../../build/py_parameters/py_parameters.egg-info/top_level.txt
[1.459s] reading manifest file '../../build/py_parameters/py_parameters.egg-info/SOURCES.txt'
[1.460s] writing manifest file '../../build/py_parameters/py_parameters.egg-info/SOURCES.txt'
[1.461s] running build
[1.461s] running build_py
[1.461s] running install
[1.462s] running install_lib
[1.462s] creating /home/student/dev_ws/install/py_parameters/lib/python3.8/site-packages/py_parameters
[1.463s] copying /home/student/dev_ws/build/py_parameters/build/lib/py_parameters/py_parameters_node.py -> /home/student/dev_ws/install/py_parameters/lib/python3.8/site-packages/py_parameters
[1.463s] copying /home/student/dev_ws/build/py_parameters/build/lib/py_parameters/__init__.py -> /home/student/dev_ws/install/py_parameters/lib/python3.8/site-packages/py_parameters
[1.463s] byte-compiling /home/student/dev_ws/install/py_parameters/lib/python3.8/site-packages/py_parameters/py_parameters_node.py to py_parameters_node.cpython-38.pyc
[1.464s] byte-compiling /home/student/dev_ws/install/py_parameters/lib/python3.8/site-packages/py_parameters/__init__.py to __init__.cpython-38.pyc
[1.464s] running install_data
[1.465s] running install_egg_info
[1.466s] Copying ../../build/py_parameters/py_parameters.egg-info to /home/student/dev_ws/install/py_parameters/lib/python3.8/site-packages/py_parameters-0.0.0-py3.8.egg-info
[1.467s] running install_scripts
[1.482s] Installing param_talker script to /home/student/dev_ws/install/py_parameters/lib/py_parameters
[1.483s] writing list of installed files to '/home/student/dev_ws/build/py_parameters/install.log'
[1.498s] Invoked command in '/home/student/dev_ws/src/py_parameters' returned '0': PYTHONPATH=/home/student/dev_ws/install/py_parameters/lib/python3.8/site-packages:${PYTHONPATH} /usr/bin/python3 setup.py egg_info --egg-base ../../build/py_parameters build --build-base /home/student/dev_ws/build/py_parameters/build install --prefix /home/student/dev_ws/install/py_parameters --record /home/student/dev_ws/build/py_parameters/install.log --single-version-externally-managed
