[0.650s] Invoking command in '/home/student/dev_ws/src/py_parameters': PYTHONPATH=/home/student/dev_ws/install/py_parameters/lib/python3.8/site-packages:${PYTHONPATH} /usr/bin/python3 setup.py egg_info --egg-base ../../build/py_parameters build --build-base /home/student/dev_ws/build/py_parameters/build install --prefix /home/student/dev_ws/install/py_parameters --record /home/student/dev_ws/build/py_parameters/install.log --single-version-externally-managed
[0.928s] running egg_info
[0.928s] writing ../../build/py_parameters/py_parameters.egg-info/PKG-INFO
[0.929s] writing dependency_links to ../../build/py_parameters/py_parameters.egg-info/dependency_links.txt
[0.929s] writing entry points to ../../build/py_parameters/py_parameters.egg-info/entry_points.txt
[0.929s] writing requirements to ../../build/py_parameters/py_parameters.egg-info/requires.txt
[0.929s] writing top-level names to ../../build/py_parameters/py_parameters.egg-info/top_level.txt
[0.965s] reading manifest file '../../build/py_parameters/py_parameters.egg-info/SOURCES.txt'
[0.965s] writing manifest file '../../build/py_parameters/py_parameters.egg-info/SOURCES.txt'
[0.966s] running build
[0.966s] running build_py
[0.966s] running install
[0.967s] running install_lib
[0.968s] running install_data
[0.968s] running install_egg_info
[0.970s] removing '/home/student/dev_ws/install/py_parameters/lib/python3.8/site-packages/py_parameters-0.0.0-py3.8.egg-info' (and everything under it)
[0.970s] Copying ../../build/py_parameters/py_parameters.egg-info to /home/student/dev_ws/install/py_parameters/lib/python3.8/site-packages/py_parameters-0.0.0-py3.8.egg-info
[0.971s] running install_scripts
[0.989s] Installing param_talker script to /home/student/dev_ws/install/py_parameters/lib/py_parameters
[0.989s] writing list of installed files to '/home/student/dev_ws/build/py_parameters/install.log'
[1.020s] Invoked command in '/home/student/dev_ws/src/py_parameters' returned '0': PYTHONPATH=/home/student/dev_ws/install/py_parameters/lib/python3.8/site-packages:${PYTHONPATH} /usr/bin/python3 setup.py egg_info --egg-base ../../build/py_parameters build --build-base /home/student/dev_ws/build/py_parameters/build install --prefix /home/student/dev_ws/install/py_parameters --record /home/student/dev_ws/build/py_parameters/install.log --single-version-externally-managed
