[0.650s] Invoking command in '/home/student/dev_ws/py_srvcli': PYTHONPATH=/home/student/dev_ws/install/py_srvcli/lib/python3.8/site-packages:${PYTHONPATH} /usr/bin/python3 setup.py egg_info --egg-base ../build/py_srvcli build --build-base /home/student/dev_ws/build/py_srvcli/build install --prefix /home/student/dev_ws/install/py_srvcli --record /home/student/dev_ws/build/py_srvcli/install.log --single-version-externally-managed
[0.927s] running egg_info
[0.927s] writing ../build/py_srvcli/py_srvcli.egg-info/PKG-INFO
[0.928s] writing dependency_links to ../build/py_srvcli/py_srvcli.egg-info/dependency_links.txt
[0.928s] writing entry points to ../build/py_srvcli/py_srvcli.egg-info/entry_points.txt
[0.928s] writing requirements to ../build/py_srvcli/py_srvcli.egg-info/requires.txt
[0.928s] writing top-level names to ../build/py_srvcli/py_srvcli.egg-info/top_level.txt
[0.963s] reading manifest file '../build/py_srvcli/py_srvcli.egg-info/SOURCES.txt'
[0.964s] writing manifest file '../build/py_srvcli/py_srvcli.egg-info/SOURCES.txt'
[0.964s] running build
[0.964s] running build_py
[0.965s] running install
[0.966s] running install_lib
[0.967s] running install_data
[0.967s] running install_egg_info
[0.969s] removing '/home/student/dev_ws/install/py_srvcli/lib/python3.8/site-packages/py_srvcli-0.0.0-py3.8.egg-info' (and everything under it)
[0.969s] Copying ../build/py_srvcli/py_srvcli.egg-info to /home/student/dev_ws/install/py_srvcli/lib/python3.8/site-packages/py_srvcli-0.0.0-py3.8.egg-info
[0.970s] running install_scripts
[0.988s] Installing client script to /home/student/dev_ws/install/py_srvcli/lib/py_srvcli
[0.989s] Installing service script to /home/student/dev_ws/install/py_srvcli/lib/py_srvcli
[0.989s] writing list of installed files to '/home/student/dev_ws/build/py_srvcli/install.log'
[1.032s] Invoked command in '/home/student/dev_ws/py_srvcli' returned '0': PYTHONPATH=/home/student/dev_ws/install/py_srvcli/lib/python3.8/site-packages:${PYTHONPATH} /usr/bin/python3 setup.py egg_info --egg-base ../build/py_srvcli build --build-base /home/student/dev_ws/build/py_srvcli/build install --prefix /home/student/dev_ws/install/py_srvcli --record /home/student/dev_ws/build/py_srvcli/install.log --single-version-externally-managed
