[0.065s] Invoking command in '/home/student/dev_ws/build/cpp_parameters': CMAKE_PREFIX_PATH=${CMAKE_PREFIX_PATH}:/home/student/dev_ws/install/roombasimulator:/home/student/dev_ws/install/py_srvcli:/home/student/dev_ws/install/py_pubsub:/home/student/dev_ws/install/py_parameters:/home/student/dev_ws/install/my_package:/home/student/dev_ws/install/RoomboSimator:/opt/ros/foxy /usr/bin/cmake /home/student/dev_ws/src/cpp_parameters -DCMAKE_INSTALL_PREFIX=/home/student/dev_ws/install/cpp_parameters
[1.306s] -- Found ament_cmake: 0.9.8 (/opt/ros/foxy/share/ament_cmake/cmake)
[1.307s] -- Using PYTHON_EXECUTABLE: /usr/bin/python3
[1.307s] -- Override CMake install command with custom implementation using symlinks instead of copying resources
[1.307s] -- Found rclcpp: 2.3.0 (/opt/ros/foxy/share/rclcpp/cmake)
[1.307s] -- Using all available rosidl_typesupport_c: rosidl_typesupport_fastrtps_c;rosidl_typesupport_introspection_c
[1.307s] -- Found rosidl_adapter: 1.2.0 (/opt/ros/foxy/share/rosidl_adapter/cmake)
[1.307s] -- Using all available rosidl_typesupport_cpp: rosidl_typesupport_fastrtps_cpp;rosidl_typesupport_introspection_cpp
[1.307s] -- Found rmw_implementation_cmake: 1.0.2 (/opt/ros/foxy/share/rmw_implementation_cmake/cmake)
[1.307s] -- Using RMW implementation 'rmw_fastrtps_cpp' as default
[1.307s] -- Found ament_lint_auto: 0.9.6 (/opt/ros/foxy/share/ament_lint_auto/cmake)
[1.308s] -- Added test 'copyright' to check source files copyright and LICENSE
[1.308s] -- Added test 'cppcheck' to perform static code analysis on C / C++ code
[1.308s] -- Configured cppcheck include dirs: 
[1.308s] -- Configured cppcheck exclude dirs and/or files: 
[1.308s] -- Added test 'cpplint' to check C / C++ code against the Google style
[1.308s] -- Configured cpplint exclude dirs and/or files: 
[1.308s] -- Added test 'lint_cmake' to check CMake code style
[1.308s] -- Added test 'uncrustify' to check C / C++ code style
[1.308s] -- Configured uncrustify additional arguments: 
[1.308s] -- Added test 'xmllint' to check XML markup files
[1.309s] -- Configuring done
[1.309s] -- Generating done
[1.309s] -- Build files have been written to: /home/student/dev_ws/build/cpp_parameters
[1.317s] Invoked command in '/home/student/dev_ws/build/cpp_parameters' returned '0': CMAKE_PREFIX_PATH=${CMAKE_PREFIX_PATH}:/home/student/dev_ws/install/roombasimulator:/home/student/dev_ws/install/py_srvcli:/home/student/dev_ws/install/py_pubsub:/home/student/dev_ws/install/py_parameters:/home/student/dev_ws/install/my_package:/home/student/dev_ws/install/RoomboSimator:/opt/ros/foxy /usr/bin/cmake /home/student/dev_ws/src/cpp_parameters -DCMAKE_INSTALL_PREFIX=/home/student/dev_ws/install/cpp_parameters
[1.318s] Invoking command in '/home/student/dev_ws/build/cpp_parameters': CMAKE_PREFIX_PATH=${CMAKE_PREFIX_PATH}:/home/student/dev_ws/install/roombasimulator:/home/student/dev_ws/install/py_srvcli:/home/student/dev_ws/install/py_pubsub:/home/student/dev_ws/install/py_parameters:/home/student/dev_ws/install/my_package:/home/student/dev_ws/install/RoomboSimator:/opt/ros/foxy /usr/bin/cmake --build /home/student/dev_ws/build/cpp_parameters -- -j12 -l12
[1.357s] [100%] Built target parameter_node
[1.373s] Invoked command in '/home/student/dev_ws/build/cpp_parameters' returned '0': CMAKE_PREFIX_PATH=${CMAKE_PREFIX_PATH}:/home/student/dev_ws/install/roombasimulator:/home/student/dev_ws/install/py_srvcli:/home/student/dev_ws/install/py_pubsub:/home/student/dev_ws/install/py_parameters:/home/student/dev_ws/install/my_package:/home/student/dev_ws/install/RoomboSimator:/opt/ros/foxy /usr/bin/cmake --build /home/student/dev_ws/build/cpp_parameters -- -j12 -l12
