[0.183s] Invoking command in '/home/student/dev_ws/src/my_package': PYTHONPATH=/home/student/dev_ws/install/my_package/lib/python3.8/site-packages:${PYTHONPATH} /usr/bin/python3 setup.py egg_info --egg-base ../../build/my_package build --build-base /home/student/dev_ws/build/my_package/build install --prefix /home/student/dev_ws/install/my_package --record /home/student/dev_ws/build/my_package/install.log --single-version-externally-managed
[0.365s] running egg_info
[0.365s] creating ../../build/my_package/my_package.egg-info
[0.366s] writing ../../build/my_package/my_package.egg-info/PKG-INFO
[0.366s] writing dependency_links to ../../build/my_package/my_package.egg-info/dependency_links.txt
[0.366s] writing entry points to ../../build/my_package/my_package.egg-info/entry_points.txt
[0.366s] writing requirements to ../../build/my_package/my_package.egg-info/requires.txt
[0.366s] writing top-level names to ../../build/my_package/my_package.egg-info/top_level.txt
[0.368s] writing manifest file '../../build/my_package/my_package.egg-info/SOURCES.txt'
[0.398s] reading manifest file '../../build/my_package/my_package.egg-info/SOURCES.txt'
[0.398s] writing manifest file '../../build/my_package/my_package.egg-info/SOURCES.txt'
[0.399s] running build
[0.399s] running build_py
[0.399s] creating /home/student/dev_ws/build/my_package/build
[0.399s] creating /home/student/dev_ws/build/my_package/build/lib
[0.399s] creating /home/student/dev_ws/build/my_package/build/lib/my_package
[0.399s] copying my_package/my_node.py -> /home/student/dev_ws/build/my_package/build/lib/my_package
[0.400s] copying my_package/__init__.py -> /home/student/dev_ws/build/my_package/build/lib/my_package
[0.400s] running install
[0.400s] running install_lib
[0.401s] creating /home/student/dev_ws/install/my_package/lib/python3.8/site-packages/my_package
[0.401s] copying /home/student/dev_ws/build/my_package/build/lib/my_package/my_node.py -> /home/student/dev_ws/install/my_package/lib/python3.8/site-packages/my_package
[0.402s] copying /home/student/dev_ws/build/my_package/build/lib/my_package/__init__.py -> /home/student/dev_ws/install/my_package/lib/python3.8/site-packages/my_package
[0.402s] byte-compiling /home/student/dev_ws/install/my_package/lib/python3.8/site-packages/my_package/my_node.py to my_node.cpython-38.pyc
[0.403s] byte-compiling /home/student/dev_ws/install/my_package/lib/python3.8/site-packages/my_package/__init__.py to __init__.cpython-38.pyc
[0.403s] running install_data
[0.404s] creating /home/student/dev_ws/install/my_package/share/ament_index
[0.404s] creating /home/student/dev_ws/install/my_package/share/ament_index/resource_index
[0.404s] creating /home/student/dev_ws/install/my_package/share/ament_index/resource_index/packages
[0.404s] copying resource/my_package -> /home/student/dev_ws/install/my_package/share/ament_index/resource_index/packages
[0.404s] copying package.xml -> /home/student/dev_ws/install/my_package/share/my_package
[0.404s] running install_egg_info
[0.406s] Copying ../../build/my_package/my_package.egg-info to /home/student/dev_ws/install/my_package/lib/python3.8/site-packages/my_package-0.0.0-py3.8.egg-info
[0.407s] running install_scripts
[0.423s] Installing my_node script to /home/student/dev_ws/install/my_package/lib/my_package
[0.423s] writing list of installed files to '/home/student/dev_ws/build/my_package/install.log'
[0.438s] Invoked command in '/home/student/dev_ws/src/my_package' returned '0': PYTHONPATH=/home/student/dev_ws/install/my_package/lib/python3.8/site-packages:${PYTHONPATH} /usr/bin/python3 setup.py egg_info --egg-base ../../build/my_package build --build-base /home/student/dev_ws/build/my_package/build install --prefix /home/student/dev_ws/install/my_package --record /home/student/dev_ws/build/my_package/install.log --single-version-externally-managed
