[0.010s] Invoking command in '/home/student/dev_ws/build/more_interfaces': CMAKE_PREFIX_PATH=/opt/ros/foxy /usr/bin/cmake /home/student/dev_ws/src/more_interfaces -DCMAKE_INSTALL_PREFIX=/home/student/dev_ws/install/more_interfaces
[0.189s] -- The C compiler identification is GNU 9.3.0
[0.328s] -- The CXX compiler identification is GNU 9.3.0
[0.334s] -- Check for working C compiler: /usr/bin/cc
[0.449s] -- Check for working C compiler: /usr/bin/cc -- works
[0.452s] -- Detecting C compiler ABI info
[0.544s] -- Detecting C compiler ABI info - done
[0.554s] -- Detecting C compile features
[0.555s] -- Detecting C compile features - done
[0.557s] -- Check for working CXX compiler: /usr/bin/c++
[0.613s] -- Check for working CXX compiler: /usr/bin/c++ -- works
[0.614s] -- Detecting CXX compiler ABI info
[0.671s] -- Detecting CXX compiler ABI info - done
[0.680s] -- Detecting CXX compile features
[0.681s] -- Detecting CXX compile features - done
[0.686s] -- Found ament_cmake: 0.9.8 (/opt/ros/foxy/share/ament_cmake/cmake)
[0.703s] -- Found PythonInterp: /usr/bin/python3 (found suitable version "3.8.5", minimum required is "3") 
[0.703s] -- Using PYTHON_EXECUTABLE: /usr/bin/python3
[0.845s] -- Found rosidl_default_generators: 1.0.0 (/opt/ros/foxy/share/rosidl_default_generators/cmake)
[0.848s] -- Using all available rosidl_typesupport_c: rosidl_typesupport_fastrtps_c;rosidl_typesupport_introspection_c
[0.853s] -- Found rosidl_adapter: 1.2.0 (/opt/ros/foxy/share/rosidl_adapter/cmake)
[0.921s] -- Found OpenSSL: /usr/lib/x86_64-linux-gnu/libcrypto.so (found version "1.1.1f")  
[0.942s] -- Found FastRTPS: /opt/ros/foxy/include  
[1.001s] -- Using all available rosidl_typesupport_cpp: rosidl_typesupport_fastrtps_cpp;rosidl_typesupport_introspection_cpp
[1.022s] -- Found rclcpp: 2.3.0 (/opt/ros/foxy/share/rclcpp/cmake)
[1.090s] -- Found rmw_implementation_cmake: 1.0.2 (/opt/ros/foxy/share/rmw_implementation_cmake/cmake)
[1.093s] -- Using RMW implementation 'rmw_fastrtps_cpp' as default
[1.095s] -- Looking for pthread.h
[1.146s] -- Looking for pthread.h - found
[1.146s] -- Performing Test CMAKE_HAVE_LIBC_PTHREAD
[1.199s] -- Performing Test CMAKE_HAVE_LIBC_PTHREAD - Failed
[1.199s] -- Looking for pthread_create in pthreads
[1.241s] -- Looking for pthread_create in pthreads - not found
[1.242s] -- Looking for pthread_create in pthread
[1.291s] -- Looking for pthread_create in pthread - found
[1.292s] -- Found Threads: TRUE  
[1.434s] CMake Error at /opt/ros/foxy/share/rosidl_cmake/cmake/rosidl_generate_interfaces.cmake:59 (message):
[1.434s]   rosidl_generate_interfaces() called without any interface files
[1.434s] Call Stack (most recent call first):
[1.434s]   CMakeLists.txt:28 (rosidl_generate_interfaces)
[1.435s] 
[1.435s] 
[1.436s] -- Configuring incomplete, errors occurred!
[1.436s] See also "/home/student/dev_ws/build/more_interfaces/CMakeFiles/CMakeOutput.log".
[1.436s] See also "/home/student/dev_ws/build/more_interfaces/CMakeFiles/CMakeError.log".
[1.441s] Invoked command in '/home/student/dev_ws/build/more_interfaces' returned '1': CMAKE_PREFIX_PATH=/opt/ros/foxy /usr/bin/cmake /home/student/dev_ws/src/more_interfaces -DCMAKE_INSTALL_PREFIX=/home/student/dev_ws/install/more_interfaces
