[0.238s] DEBUG:colcon:Command line arguments: ['/usr/bin/colcon', 'build']
[0.238s] DEBUG:colcon:Parsed command line arguments: Namespace(ament_cmake_args=None, base_paths=['.'], build_base='build', catkin_cmake_args=None, catkin_skip_building_tests=False, cmake_args=None, cmake_clean_cache=False, cmake_clean_first=False, cmake_force_configure=False, cmake_target=None, cmake_target_skip_unavailable=False, continue_on_error=False, event_handlers=None, executor='parallel', ignore_user_meta=False, install_base='install', log_base=None, log_level=None, main=<bound method BuildVerb.main of <colcon_core.verb.build.BuildVerb object at 0x7fa4947190d0>>, merge_install=False, metas=['./colcon.meta'], packages_above=None, packages_above_and_dependencies=None, packages_above_depth=None, packages_end=None, packages_ignore=None, packages_ignore_regex=None, packages_select=None, packages_select_build_failed=False, packages_select_by_dep=None, packages_select_regex=None, packages_select_test_failures=False, packages_skip=None, packages_skip_build_finished=False, packages_skip_by_dep=None, packages_skip_regex=None, packages_skip_test_passed=False, packages_skip_up_to=None, packages_start=None, packages_up_to=None, packages_up_to_regex=None, parallel_workers=12, paths=None, symlink_install=False, test_result_base=None, verb_extension=<colcon_core.verb.build.BuildVerb object at 0x7fa4947190d0>, verb_name='build', verb_parser=<colcon_defaults.argument_parser.defaults.DefaultArgumentsDecorator object at 0x7fa494719610>)
[0.242s] Level 1:colcon.colcon_core.package_discovery:discover_packages(colcon_meta) check parameters
[0.242s] Level 1:colcon.colcon_core.package_discovery:discover_packages(recursive) check parameters
[0.242s] Level 1:colcon.colcon_core.package_discovery:discover_packages(ignore) check parameters
[0.242s] Level 1:colcon.colcon_core.package_discovery:discover_packages(path) check parameters
[0.242s] Level 1:colcon.colcon_core.package_discovery:discover_packages(colcon_meta) discover
[0.242s] Level 1:colcon.colcon_core.package_discovery:discover_packages(recursive) discover
[0.242s] INFO:colcon.colcon_core.package_discovery:Crawling recursively for packages in '/home/student/dev_ws'
[0.242s] Level 1:colcon.colcon_core.package_identification:_identify(.) by extensions ['ignore', 'ignore_ament_install']
[0.242s] Level 1:colcon.colcon_core.package_identification:_identify(.) by extension 'ignore'
[0.242s] Level 1:colcon.colcon_core.package_identification:_identify(.) by extension 'ignore_ament_install'
[0.242s] Level 1:colcon.colcon_core.package_identification:_identify(.) by extensions ['colcon_pkg']
[0.242s] Level 1:colcon.colcon_core.package_identification:_identify(.) by extension 'colcon_pkg'
[0.242s] Level 1:colcon.colcon_core.package_identification:_identify(.) by extensions ['colcon_meta']
[0.242s] Level 1:colcon.colcon_core.package_identification:_identify(.) by extension 'colcon_meta'
[0.243s] Level 1:colcon.colcon_core.package_identification:_identify(.) by extensions ['ros']
[0.243s] Level 1:colcon.colcon_core.package_identification:_identify(.) by extension 'ros'
[0.251s] Level 1:colcon.colcon_core.package_identification:_identify(.) by extensions ['cmake', 'python']
[0.252s] Level 1:colcon.colcon_core.package_identification:_identify(.) by extension 'cmake'
[0.252s] Level 1:colcon.colcon_core.package_identification:_identify(.) by extension 'python'
[0.252s] Level 1:colcon.colcon_core.package_identification:_identify(.) by extensions ['python_setup_py']
[0.252s] Level 1:colcon.colcon_core.package_identification:_identify(.) by extension 'python_setup_py'
[0.252s] Level 1:colcon.colcon_core.package_identification:_identify(build) by extensions ['ignore', 'ignore_ament_install']
[0.252s] Level 1:colcon.colcon_core.package_identification:_identify(build) by extension 'ignore'
[0.252s] Level 1:colcon.colcon_core.package_identification:_identify(build) ignored
[0.252s] Level 1:colcon.colcon_core.package_identification:_identify(cpp_srvcli) by extensions ['ignore', 'ignore_ament_install']
[0.252s] Level 1:colcon.colcon_core.package_identification:_identify(cpp_srvcli) by extension 'ignore'
[0.252s] Level 1:colcon.colcon_core.package_identification:_identify(cpp_srvcli) by extension 'ignore_ament_install'
[0.252s] Level 1:colcon.colcon_core.package_identification:_identify(cpp_srvcli) by extensions ['colcon_pkg']
[0.252s] Level 1:colcon.colcon_core.package_identification:_identify(cpp_srvcli) by extension 'colcon_pkg'
[0.252s] Level 1:colcon.colcon_core.package_identification:_identify(cpp_srvcli) by extensions ['colcon_meta']
[0.252s] Level 1:colcon.colcon_core.package_identification:_identify(cpp_srvcli) by extension 'colcon_meta'
[0.252s] Level 1:colcon.colcon_core.package_identification:_identify(cpp_srvcli) by extensions ['ros']
[0.252s] Level 1:colcon.colcon_core.package_identification:_identify(cpp_srvcli) by extension 'ros'
[0.254s] DEBUG:colcon.colcon_core.package_identification:Package 'cpp_srvcli' with type 'ros.ament_cmake' and name 'cpp_srvcli'
[0.254s] Level 1:colcon.colcon_core.package_identification:_identify(install) by extensions ['ignore', 'ignore_ament_install']
[0.254s] Level 1:colcon.colcon_core.package_identification:_identify(install) by extension 'ignore'
[0.254s] Level 1:colcon.colcon_core.package_identification:_identify(install) ignored
[0.254s] Level 1:colcon.colcon_core.package_identification:_identify(log) by extensions ['ignore', 'ignore_ament_install']
[0.254s] Level 1:colcon.colcon_core.package_identification:_identify(log) by extension 'ignore'
[0.254s] Level 1:colcon.colcon_core.package_identification:_identify(log) ignored
[0.255s] Level 1:colcon.colcon_core.package_identification:_identify(py_srvcli) by extensions ['ignore', 'ignore_ament_install']
[0.255s] Level 1:colcon.colcon_core.package_identification:_identify(py_srvcli) by extension 'ignore'
[0.255s] Level 1:colcon.colcon_core.package_identification:_identify(py_srvcli) by extension 'ignore_ament_install'
[0.255s] Level 1:colcon.colcon_core.package_identification:_identify(py_srvcli) by extensions ['colcon_pkg']
[0.255s] Level 1:colcon.colcon_core.package_identification:_identify(py_srvcli) by extension 'colcon_pkg'
[0.255s] Level 1:colcon.colcon_core.package_identification:_identify(py_srvcli) by extensions ['colcon_meta']
[0.255s] Level 1:colcon.colcon_core.package_identification:_identify(py_srvcli) by extension 'colcon_meta'
[0.255s] Level 1:colcon.colcon_core.package_identification:_identify(py_srvcli) by extensions ['ros']
[0.255s] Level 1:colcon.colcon_core.package_identification:_identify(py_srvcli) by extension 'ros'
[0.255s] DEBUG:colcon.colcon_core.package_identification:Package 'py_srvcli' with type 'ros.ament_python' and name 'py_srvcli'
[0.255s] Level 1:colcon.colcon_core.package_identification:_identify(src) by extensions ['ignore', 'ignore_ament_install']
[0.256s] Level 1:colcon.colcon_core.package_identification:_identify(src) by extension 'ignore'
[0.256s] Level 1:colcon.colcon_core.package_identification:_identify(src) by extension 'ignore_ament_install'
[0.256s] Level 1:colcon.colcon_core.package_identification:_identify(src) by extensions ['colcon_pkg']
[0.256s] Level 1:colcon.colcon_core.package_identification:_identify(src) by extension 'colcon_pkg'
[0.256s] Level 1:colcon.colcon_core.package_identification:_identify(src) by extensions ['colcon_meta']
[0.256s] Level 1:colcon.colcon_core.package_identification:_identify(src) by extension 'colcon_meta'
[0.256s] Level 1:colcon.colcon_core.package_identification:_identify(src) by extensions ['ros']
[0.256s] Level 1:colcon.colcon_core.package_identification:_identify(src) by extension 'ros'
[0.256s] Level 1:colcon.colcon_core.package_identification:_identify(src) by extensions ['cmake', 'python']
[0.256s] Level 1:colcon.colcon_core.package_identification:_identify(src) by extension 'cmake'
[0.256s] Level 1:colcon.colcon_core.package_identification:_identify(src) by extension 'python'
[0.256s] Level 1:colcon.colcon_core.package_identification:_identify(src) by extensions ['python_setup_py']
[0.256s] Level 1:colcon.colcon_core.package_identification:_identify(src) by extension 'python_setup_py'
[0.256s] Level 1:colcon.colcon_core.package_identification:_identify(src/action_ws) by extensions ['ignore', 'ignore_ament_install']
[0.256s] Level 1:colcon.colcon_core.package_identification:_identify(src/action_ws) by extension 'ignore'
[0.256s] Level 1:colcon.colcon_core.package_identification:_identify(src/action_ws) by extension 'ignore_ament_install'
[0.256s] Level 1:colcon.colcon_core.package_identification:_identify(src/action_ws) by extensions ['colcon_pkg']
[0.256s] Level 1:colcon.colcon_core.package_identification:_identify(src/action_ws) by extension 'colcon_pkg'
[0.256s] Level 1:colcon.colcon_core.package_identification:_identify(src/action_ws) by extensions ['colcon_meta']
[0.256s] Level 1:colcon.colcon_core.package_identification:_identify(src/action_ws) by extension 'colcon_meta'
[0.256s] Level 1:colcon.colcon_core.package_identification:_identify(src/action_ws) by extensions ['ros']
[0.256s] Level 1:colcon.colcon_core.package_identification:_identify(src/action_ws) by extension 'ros'
[0.257s] Level 1:colcon.colcon_core.package_identification:_identify(src/action_ws) by extensions ['cmake', 'python']
[0.257s] Level 1:colcon.colcon_core.package_identification:_identify(src/action_ws) by extension 'cmake'
[0.257s] Level 1:colcon.colcon_core.package_identification:_identify(src/action_ws) by extension 'python'
[0.257s] Level 1:colcon.colcon_core.package_identification:_identify(src/action_ws) by extensions ['python_setup_py']
[0.257s] Level 1:colcon.colcon_core.package_identification:_identify(src/action_ws) by extension 'python_setup_py'
[0.257s] Level 1:colcon.colcon_core.package_identification:_identify(src/cpp_parameters) by extensions ['ignore', 'ignore_ament_install']
[0.257s] Level 1:colcon.colcon_core.package_identification:_identify(src/cpp_parameters) by extension 'ignore'
[0.257s] Level 1:colcon.colcon_core.package_identification:_identify(src/cpp_parameters) by extension 'ignore_ament_install'
[0.257s] Level 1:colcon.colcon_core.package_identification:_identify(src/cpp_parameters) by extensions ['colcon_pkg']
[0.257s] Level 1:colcon.colcon_core.package_identification:_identify(src/cpp_parameters) by extension 'colcon_pkg'
[0.257s] Level 1:colcon.colcon_core.package_identification:_identify(src/cpp_parameters) by extensions ['colcon_meta']
[0.257s] Level 1:colcon.colcon_core.package_identification:_identify(src/cpp_parameters) by extension 'colcon_meta'
[0.257s] Level 1:colcon.colcon_core.package_identification:_identify(src/cpp_parameters) by extensions ['ros']
[0.257s] Level 1:colcon.colcon_core.package_identification:_identify(src/cpp_parameters) by extension 'ros'
[0.258s] DEBUG:colcon.colcon_core.package_identification:Package 'src/cpp_parameters' with type 'ros.ament_cmake' and name 'cpp_parameters'
[0.258s] Level 1:colcon.colcon_core.package_identification:_identify(src/cpp_pubsub) by extensions ['ignore', 'ignore_ament_install']
[0.258s] Level 1:colcon.colcon_core.package_identification:_identify(src/cpp_pubsub) by extension 'ignore'
[0.258s] Level 1:colcon.colcon_core.package_identification:_identify(src/cpp_pubsub) by extension 'ignore_ament_install'
[0.258s] Level 1:colcon.colcon_core.package_identification:_identify(src/cpp_pubsub) by extensions ['colcon_pkg']
[0.258s] Level 1:colcon.colcon_core.package_identification:_identify(src/cpp_pubsub) by extension 'colcon_pkg'
[0.258s] Level 1:colcon.colcon_core.package_identification:_identify(src/cpp_pubsub) by extensions ['colcon_meta']
[0.258s] Level 1:colcon.colcon_core.package_identification:_identify(src/cpp_pubsub) by extension 'colcon_meta'
[0.258s] Level 1:colcon.colcon_core.package_identification:_identify(src/cpp_pubsub) by extensions ['ros']
[0.258s] Level 1:colcon.colcon_core.package_identification:_identify(src/cpp_pubsub) by extension 'ros'
[0.258s] DEBUG:colcon.colcon_core.package_identification:Package 'src/cpp_pubsub' with type 'ros.ament_cmake' and name 'cpp_pubsub'
[0.259s] Level 1:colcon.colcon_core.package_identification:_identify(src/more_interfaces) by extensions ['ignore', 'ignore_ament_install']
[0.259s] Level 1:colcon.colcon_core.package_identification:_identify(src/more_interfaces) by extension 'ignore'
[0.259s] Level 1:colcon.colcon_core.package_identification:_identify(src/more_interfaces) by extension 'ignore_ament_install'
[0.259s] Level 1:colcon.colcon_core.package_identification:_identify(src/more_interfaces) by extensions ['colcon_pkg']
[0.259s] Level 1:colcon.colcon_core.package_identification:_identify(src/more_interfaces) by extension 'colcon_pkg'
[0.259s] Level 1:colcon.colcon_core.package_identification:_identify(src/more_interfaces) by extensions ['colcon_meta']
[0.259s] Level 1:colcon.colcon_core.package_identification:_identify(src/more_interfaces) by extension 'colcon_meta'
[0.259s] Level 1:colcon.colcon_core.package_identification:_identify(src/more_interfaces) by extensions ['ros']
[0.259s] Level 1:colcon.colcon_core.package_identification:_identify(src/more_interfaces) by extension 'ros'
[0.260s] DEBUG:colcon.colcon_core.package_identification:Package 'src/more_interfaces' with type 'ros.ament_cmake' and name 'more_interfaces'
[0.260s] Level 1:colcon.colcon_core.package_identification:_identify(src/py_parameters) by extensions ['ignore', 'ignore_ament_install']
[0.260s] Level 1:colcon.colcon_core.package_identification:_identify(src/py_parameters) by extension 'ignore'
[0.260s] Level 1:colcon.colcon_core.package_identification:_identify(src/py_parameters) by extension 'ignore_ament_install'
[0.260s] Level 1:colcon.colcon_core.package_identification:_identify(src/py_parameters) by extensions ['colcon_pkg']
[0.260s] Level 1:colcon.colcon_core.package_identification:_identify(src/py_parameters) by extension 'colcon_pkg'
[0.260s] Level 1:colcon.colcon_core.package_identification:_identify(src/py_parameters) by extensions ['colcon_meta']
[0.260s] Level 1:colcon.colcon_core.package_identification:_identify(src/py_parameters) by extension 'colcon_meta'
[0.260s] Level 1:colcon.colcon_core.package_identification:_identify(src/py_parameters) by extensions ['ros']
[0.261s] Level 1:colcon.colcon_core.package_identification:_identify(src/py_parameters) by extension 'ros'
[0.261s] DEBUG:colcon.colcon_core.package_identification:Package 'src/py_parameters' with type 'ros.ament_python' and name 'py_parameters'
[0.261s] Level 1:colcon.colcon_core.package_identification:_identify(src/roombasimulator) by extensions ['ignore', 'ignore_ament_install']
[0.261s] Level 1:colcon.colcon_core.package_identification:_identify(src/roombasimulator) by extension 'ignore'
[0.261s] Level 1:colcon.colcon_core.package_identification:_identify(src/roombasimulator) by extension 'ignore_ament_install'
[0.261s] Level 1:colcon.colcon_core.package_identification:_identify(src/roombasimulator) by extensions ['colcon_pkg']
[0.261s] Level 1:colcon.colcon_core.package_identification:_identify(src/roombasimulator) by extension 'colcon_pkg'
[0.261s] Level 1:colcon.colcon_core.package_identification:_identify(src/roombasimulator) by extensions ['colcon_meta']
[0.261s] Level 1:colcon.colcon_core.package_identification:_identify(src/roombasimulator) by extension 'colcon_meta'
[0.261s] Level 1:colcon.colcon_core.package_identification:_identify(src/roombasimulator) by extensions ['ros']
[0.261s] Level 1:colcon.colcon_core.package_identification:_identify(src/roombasimulator) by extension 'ros'
[0.262s] DEBUG:colcon.colcon_core.package_identification:Package 'src/roombasimulator' with type 'ros.ament_python' and name 'roombasimulator'
[0.262s] Level 1:colcon.colcon_core.package_identification:_identify(src/ros_tutorials) by extensions ['ignore', 'ignore_ament_install']
[0.262s] Level 1:colcon.colcon_core.package_identification:_identify(src/ros_tutorials) by extension 'ignore'
[0.262s] Level 1:colcon.colcon_core.package_identification:_identify(src/ros_tutorials) by extension 'ignore_ament_install'
[0.262s] Level 1:colcon.colcon_core.package_identification:_identify(src/ros_tutorials) by extensions ['colcon_pkg']
[0.262s] Level 1:colcon.colcon_core.package_identification:_identify(src/ros_tutorials) by extension 'colcon_pkg'
[0.262s] Level 1:colcon.colcon_core.package_identification:_identify(src/ros_tutorials) by extensions ['colcon_meta']
[0.262s] Level 1:colcon.colcon_core.package_identification:_identify(src/ros_tutorials) by extension 'colcon_meta'
[0.262s] Level 1:colcon.colcon_core.package_identification:_identify(src/ros_tutorials) by extensions ['ros']
[0.262s] Level 1:colcon.colcon_core.package_identification:_identify(src/ros_tutorials) by extension 'ros'
[0.262s] Level 1:colcon.colcon_core.package_identification:_identify(src/ros_tutorials) by extensions ['cmake', 'python']
[0.262s] Level 1:colcon.colcon_core.package_identification:_identify(src/ros_tutorials) by extension 'cmake'
[0.262s] Level 1:colcon.colcon_core.package_identification:_identify(src/ros_tutorials) by extension 'python'
[0.262s] Level 1:colcon.colcon_core.package_identification:_identify(src/ros_tutorials) by extensions ['python_setup_py']
[0.262s] Level 1:colcon.colcon_core.package_identification:_identify(src/ros_tutorials) by extension 'python_setup_py'
[0.262s] Level 1:colcon.colcon_core.package_identification:_identify(src/ros_tutorials/ros_tutorials) by extensions ['ignore', 'ignore_ament_install']
[0.263s] Level 1:colcon.colcon_core.package_identification:_identify(src/ros_tutorials/ros_tutorials) by extension 'ignore'
[0.263s] Level 1:colcon.colcon_core.package_identification:_identify(src/ros_tutorials/ros_tutorials) ignored
[0.263s] Level 1:colcon.colcon_core.package_identification:_identify(src/ros_tutorials/roscpp_tutorials) by extensions ['ignore', 'ignore_ament_install']
[0.263s] Level 1:colcon.colcon_core.package_identification:_identify(src/ros_tutorials/roscpp_tutorials) by extension 'ignore'
[0.263s] Level 1:colcon.colcon_core.package_identification:_identify(src/ros_tutorials/roscpp_tutorials) ignored
[0.263s] Level 1:colcon.colcon_core.package_identification:_identify(src/ros_tutorials/rospy_tutorials) by extensions ['ignore', 'ignore_ament_install']
[0.263s] Level 1:colcon.colcon_core.package_identification:_identify(src/ros_tutorials/rospy_tutorials) by extension 'ignore'
[0.263s] Level 1:colcon.colcon_core.package_identification:_identify(src/ros_tutorials/rospy_tutorials) ignored
[0.263s] Level 1:colcon.colcon_core.package_identification:_identify(src/ros_tutorials/turtlesim) by extensions ['ignore', 'ignore_ament_install']
[0.263s] Level 1:colcon.colcon_core.package_identification:_identify(src/ros_tutorials/turtlesim) by extension 'ignore'
[0.263s] Level 1:colcon.colcon_core.package_identification:_identify(src/ros_tutorials/turtlesim) by extension 'ignore_ament_install'
[0.263s] Level 1:colcon.colcon_core.package_identification:_identify(src/ros_tutorials/turtlesim) by extensions ['colcon_pkg']
[0.263s] Level 1:colcon.colcon_core.package_identification:_identify(src/ros_tutorials/turtlesim) by extension 'colcon_pkg'
[0.263s] Level 1:colcon.colcon_core.package_identification:_identify(src/ros_tutorials/turtlesim) by extensions ['colcon_meta']
[0.263s] Level 1:colcon.colcon_core.package_identification:_identify(src/ros_tutorials/turtlesim) by extension 'colcon_meta'
[0.263s] Level 1:colcon.colcon_core.package_identification:_identify(src/ros_tutorials/turtlesim) by extensions ['ros']
[0.263s] Level 1:colcon.colcon_core.package_identification:_identify(src/ros_tutorials/turtlesim) by extension 'ros'
[0.264s] DEBUG:colcon.colcon_core.package_identification:Package 'src/ros_tutorials/turtlesim' with type 'ros.ament_cmake' and name 'turtlesim'
[0.264s] Level 1:colcon.colcon_core.package_discovery:discover_packages(recursive) using defaults
[0.264s] Level 1:colcon.colcon_core.package_discovery:discover_packages(ignore) discover
[0.264s] Level 1:colcon.colcon_core.package_discovery:discover_packages(ignore) using defaults
[0.264s] Level 1:colcon.colcon_core.package_discovery:discover_packages(path) discover
[0.264s] Level 1:colcon.colcon_core.package_discovery:discover_packages(path) using defaults
[0.280s] Level 5:colcon.colcon_core.verb:set package 'cpp_parameters' build argument 'cmake_args' from command line to 'None'
[0.280s] Level 5:colcon.colcon_core.verb:set package 'cpp_parameters' build argument 'cmake_target' from command line to 'None'
[0.280s] Level 5:colcon.colcon_core.verb:set package 'cpp_parameters' build argument 'cmake_target_skip_unavailable' from command line to 'False'
[0.280s] Level 5:colcon.colcon_core.verb:set package 'cpp_parameters' build argument 'cmake_clean_cache' from command line to 'False'
[0.280s] Level 5:colcon.colcon_core.verb:set package 'cpp_parameters' build argument 'cmake_clean_first' from command line to 'False'
[0.280s] Level 5:colcon.colcon_core.verb:set package 'cpp_parameters' build argument 'cmake_force_configure' from command line to 'False'
[0.280s] Level 5:colcon.colcon_core.verb:set package 'cpp_parameters' build argument 'ament_cmake_args' from command line to 'None'
[0.280s] Level 5:colcon.colcon_core.verb:set package 'cpp_parameters' build argument 'catkin_cmake_args' from command line to 'None'
[0.280s] Level 5:colcon.colcon_core.verb:set package 'cpp_parameters' build argument 'catkin_skip_building_tests' from command line to 'False'
[0.280s] DEBUG:colcon.colcon_core.verb:Building package 'cpp_parameters' with the following arguments: {'ament_cmake_args': None, 'build_base': '/home/student/dev_ws/build/cpp_parameters', 'catkin_cmake_args': None, 'catkin_skip_building_tests': False, 'cmake_args': None, 'cmake_clean_cache': False, 'cmake_clean_first': False, 'cmake_force_configure': False, 'cmake_target': None, 'cmake_target_skip_unavailable': False, 'install_base': '/home/student/dev_ws/install/cpp_parameters', 'merge_install': False, 'path': '/home/student/dev_ws/src/cpp_parameters', 'symlink_install': False, 'test_result_base': None}
[0.282s] Level 5:colcon.colcon_core.verb:set package 'cpp_pubsub' build argument 'cmake_args' from command line to 'None'
[0.282s] Level 5:colcon.colcon_core.verb:set package 'cpp_pubsub' build argument 'cmake_target' from command line to 'None'
[0.282s] Level 5:colcon.colcon_core.verb:set package 'cpp_pubsub' build argument 'cmake_target_skip_unavailable' from command line to 'False'
[0.282s] Level 5:colcon.colcon_core.verb:set package 'cpp_pubsub' build argument 'cmake_clean_cache' from command line to 'False'
[0.282s] Level 5:colcon.colcon_core.verb:set package 'cpp_pubsub' build argument 'cmake_clean_first' from command line to 'False'
[0.282s] Level 5:colcon.colcon_core.verb:set package 'cpp_pubsub' build argument 'cmake_force_configure' from command line to 'False'
[0.282s] Level 5:colcon.colcon_core.verb:set package 'cpp_pubsub' build argument 'ament_cmake_args' from command line to 'None'
[0.282s] Level 5:colcon.colcon_core.verb:set package 'cpp_pubsub' build argument 'catkin_cmake_args' from command line to 'None'
[0.282s] Level 5:colcon.colcon_core.verb:set package 'cpp_pubsub' build argument 'catkin_skip_building_tests' from command line to 'False'
[0.282s] DEBUG:colcon.colcon_core.verb:Building package 'cpp_pubsub' with the following arguments: {'ament_cmake_args': None, 'build_base': '/home/student/dev_ws/build/cpp_pubsub', 'catkin_cmake_args': None, 'catkin_skip_building_tests': False, 'cmake_args': None, 'cmake_clean_cache': False, 'cmake_clean_first': False, 'cmake_force_configure': False, 'cmake_target': None, 'cmake_target_skip_unavailable': False, 'install_base': '/home/student/dev_ws/install/cpp_pubsub', 'merge_install': False, 'path': '/home/student/dev_ws/src/cpp_pubsub', 'symlink_install': False, 'test_result_base': None}
[0.284s] Level 5:colcon.colcon_core.verb:set package 'cpp_srvcli' build argument 'cmake_args' from command line to 'None'
[0.284s] Level 5:colcon.colcon_core.verb:set package 'cpp_srvcli' build argument 'cmake_target' from command line to 'None'
[0.284s] Level 5:colcon.colcon_core.verb:set package 'cpp_srvcli' build argument 'cmake_target_skip_unavailable' from command line to 'False'
[0.284s] Level 5:colcon.colcon_core.verb:set package 'cpp_srvcli' build argument 'cmake_clean_cache' from command line to 'False'
[0.284s] Level 5:colcon.colcon_core.verb:set package 'cpp_srvcli' build argument 'cmake_clean_first' from command line to 'False'
[0.284s] Level 5:colcon.colcon_core.verb:set package 'cpp_srvcli' build argument 'cmake_force_configure' from command line to 'False'
[0.284s] Level 5:colcon.colcon_core.verb:set package 'cpp_srvcli' build argument 'ament_cmake_args' from command line to 'None'
[0.284s] Level 5:colcon.colcon_core.verb:set package 'cpp_srvcli' build argument 'catkin_cmake_args' from command line to 'None'
[0.284s] Level 5:colcon.colcon_core.verb:set package 'cpp_srvcli' build argument 'catkin_skip_building_tests' from command line to 'False'
[0.284s] DEBUG:colcon.colcon_core.verb:Building package 'cpp_srvcli' with the following arguments: {'ament_cmake_args': None, 'build_base': '/home/student/dev_ws/build/cpp_srvcli', 'catkin_cmake_args': None, 'catkin_skip_building_tests': False, 'cmake_args': None, 'cmake_clean_cache': False, 'cmake_clean_first': False, 'cmake_force_configure': False, 'cmake_target': None, 'cmake_target_skip_unavailable': False, 'install_base': '/home/student/dev_ws/install/cpp_srvcli', 'merge_install': False, 'path': '/home/student/dev_ws/cpp_srvcli', 'symlink_install': False, 'test_result_base': None}
[0.286s] Level 5:colcon.colcon_core.verb:set package 'more_interfaces' build argument 'cmake_args' from command line to 'None'
[0.286s] Level 5:colcon.colcon_core.verb:set package 'more_interfaces' build argument 'cmake_target' from command line to 'None'
[0.286s] Level 5:colcon.colcon_core.verb:set package 'more_interfaces' build argument 'cmake_target_skip_unavailable' from command line to 'False'
[0.286s] Level 5:colcon.colcon_core.verb:set package 'more_interfaces' build argument 'cmake_clean_cache' from command line to 'False'
[0.286s] Level 5:colcon.colcon_core.verb:set package 'more_interfaces' build argument 'cmake_clean_first' from command line to 'False'
[0.286s] Level 5:colcon.colcon_core.verb:set package 'more_interfaces' build argument 'cmake_force_configure' from command line to 'False'
[0.286s] Level 5:colcon.colcon_core.verb:set package 'more_interfaces' build argument 'ament_cmake_args' from command line to 'None'
[0.286s] Level 5:colcon.colcon_core.verb:set package 'more_interfaces' build argument 'catkin_cmake_args' from command line to 'None'
[0.286s] Level 5:colcon.colcon_core.verb:set package 'more_interfaces' build argument 'catkin_skip_building_tests' from command line to 'False'
[0.286s] DEBUG:colcon.colcon_core.verb:Building package 'more_interfaces' with the following arguments: {'ament_cmake_args': None, 'build_base': '/home/student/dev_ws/build/more_interfaces', 'catkin_cmake_args': None, 'catkin_skip_building_tests': False, 'cmake_args': None, 'cmake_clean_cache': False, 'cmake_clean_first': False, 'cmake_force_configure': False, 'cmake_target': None, 'cmake_target_skip_unavailable': False, 'install_base': '/home/student/dev_ws/install/more_interfaces', 'merge_install': False, 'path': '/home/student/dev_ws/src/more_interfaces', 'symlink_install': False, 'test_result_base': None}
[0.288s] Level 5:colcon.colcon_core.verb:set package 'py_parameters' build argument 'cmake_args' from command line to 'None'
[0.288s] Level 5:colcon.colcon_core.verb:set package 'py_parameters' build argument 'cmake_target' from command line to 'None'
[0.288s] Level 5:colcon.colcon_core.verb:set package 'py_parameters' build argument 'cmake_target_skip_unavailable' from command line to 'False'
[0.288s] Level 5:colcon.colcon_core.verb:set package 'py_parameters' build argument 'cmake_clean_cache' from command line to 'False'
[0.288s] Level 5:colcon.colcon_core.verb:set package 'py_parameters' build argument 'cmake_clean_first' from command line to 'False'
[0.288s] Level 5:colcon.colcon_core.verb:set package 'py_parameters' build argument 'cmake_force_configure' from command line to 'False'
[0.288s] Level 5:colcon.colcon_core.verb:set package 'py_parameters' build argument 'ament_cmake_args' from command line to 'None'
[0.288s] Level 5:colcon.colcon_core.verb:set package 'py_parameters' build argument 'catkin_cmake_args' from command line to 'None'
[0.288s] Level 5:colcon.colcon_core.verb:set package 'py_parameters' build argument 'catkin_skip_building_tests' from command line to 'False'
[0.288s] DEBUG:colcon.colcon_core.verb:Building package 'py_parameters' with the following arguments: {'ament_cmake_args': None, 'build_base': '/home/student/dev_ws/build/py_parameters', 'catkin_cmake_args': None, 'catkin_skip_building_tests': False, 'cmake_args': None, 'cmake_clean_cache': False, 'cmake_clean_first': False, 'cmake_force_configure': False, 'cmake_target': None, 'cmake_target_skip_unavailable': False, 'install_base': '/home/student/dev_ws/install/py_parameters', 'merge_install': False, 'path': '/home/student/dev_ws/src/py_parameters', 'symlink_install': False, 'test_result_base': None}
[0.290s] Level 5:colcon.colcon_core.verb:set package 'py_srvcli' build argument 'cmake_args' from command line to 'None'
[0.290s] Level 5:colcon.colcon_core.verb:set package 'py_srvcli' build argument 'cmake_target' from command line to 'None'
[0.290s] Level 5:colcon.colcon_core.verb:set package 'py_srvcli' build argument 'cmake_target_skip_unavailable' from command line to 'False'
[0.290s] Level 5:colcon.colcon_core.verb:set package 'py_srvcli' build argument 'cmake_clean_cache' from command line to 'False'
[0.290s] Level 5:colcon.colcon_core.verb:set package 'py_srvcli' build argument 'cmake_clean_first' from command line to 'False'
[0.290s] Level 5:colcon.colcon_core.verb:set package 'py_srvcli' build argument 'cmake_force_configure' from command line to 'False'
[0.290s] Level 5:colcon.colcon_core.verb:set package 'py_srvcli' build argument 'ament_cmake_args' from command line to 'None'
[0.290s] Level 5:colcon.colcon_core.verb:set package 'py_srvcli' build argument 'catkin_cmake_args' from command line to 'None'
[0.290s] Level 5:colcon.colcon_core.verb:set package 'py_srvcli' build argument 'catkin_skip_building_tests' from command line to 'False'
[0.290s] DEBUG:colcon.colcon_core.verb:Building package 'py_srvcli' with the following arguments: {'ament_cmake_args': None, 'build_base': '/home/student/dev_ws/build/py_srvcli', 'catkin_cmake_args': None, 'catkin_skip_building_tests': False, 'cmake_args': None, 'cmake_clean_cache': False, 'cmake_clean_first': False, 'cmake_force_configure': False, 'cmake_target': None, 'cmake_target_skip_unavailable': False, 'install_base': '/home/student/dev_ws/install/py_srvcli', 'merge_install': False, 'path': '/home/student/dev_ws/py_srvcli', 'symlink_install': False, 'test_result_base': None}
[0.292s] Level 5:colcon.colcon_core.verb:set package 'roombasimulator' build argument 'cmake_args' from command line to 'None'
[0.292s] Level 5:colcon.colcon_core.verb:set package 'roombasimulator' build argument 'cmake_target' from command line to 'None'
[0.292s] Level 5:colcon.colcon_core.verb:set package 'roombasimulator' build argument 'cmake_target_skip_unavailable' from command line to 'False'
[0.292s] Level 5:colcon.colcon_core.verb:set package 'roombasimulator' build argument 'cmake_clean_cache' from command line to 'False'
[0.292s] Level 5:colcon.colcon_core.verb:set package 'roombasimulator' build argument 'cmake_clean_first' from command line to 'False'
[0.292s] Level 5:colcon.colcon_core.verb:set package 'roombasimulator' build argument 'cmake_force_configure' from command line to 'False'
[0.292s] Level 5:colcon.colcon_core.verb:set package 'roombasimulator' build argument 'ament_cmake_args' from command line to 'None'
[0.292s] Level 5:colcon.colcon_core.verb:set package 'roombasimulator' build argument 'catkin_cmake_args' from command line to 'None'
[0.292s] Level 5:colcon.colcon_core.verb:set package 'roombasimulator' build argument 'catkin_skip_building_tests' from command line to 'False'
[0.292s] DEBUG:colcon.colcon_core.verb:Building package 'roombasimulator' with the following arguments: {'ament_cmake_args': None, 'build_base': '/home/student/dev_ws/build/roombasimulator', 'catkin_cmake_args': None, 'catkin_skip_building_tests': False, 'cmake_args': None, 'cmake_clean_cache': False, 'cmake_clean_first': False, 'cmake_force_configure': False, 'cmake_target': None, 'cmake_target_skip_unavailable': False, 'install_base': '/home/student/dev_ws/install/roombasimulator', 'merge_install': False, 'path': '/home/student/dev_ws/src/roombasimulator', 'symlink_install': False, 'test_result_base': None}
[0.294s] Level 5:colcon.colcon_core.verb:set package 'turtlesim' build argument 'cmake_args' from command line to 'None'
[0.294s] Level 5:colcon.colcon_core.verb:set package 'turtlesim' build argument 'cmake_target' from command line to 'None'
[0.294s] Level 5:colcon.colcon_core.verb:set package 'turtlesim' build argument 'cmake_target_skip_unavailable' from command line to 'False'
[0.294s] Level 5:colcon.colcon_core.verb:set package 'turtlesim' build argument 'cmake_clean_cache' from command line to 'False'
[0.294s] Level 5:colcon.colcon_core.verb:set package 'turtlesim' build argument 'cmake_clean_first' from command line to 'False'
[0.294s] Level 5:colcon.colcon_core.verb:set package 'turtlesim' build argument 'cmake_force_configure' from command line to 'False'
[0.294s] Level 5:colcon.colcon_core.verb:set package 'turtlesim' build argument 'ament_cmake_args' from command line to 'None'
[0.294s] Level 5:colcon.colcon_core.verb:set package 'turtlesim' build argument 'catkin_cmake_args' from command line to 'None'
[0.294s] Level 5:colcon.colcon_core.verb:set package 'turtlesim' build argument 'catkin_skip_building_tests' from command line to 'False'
[0.294s] DEBUG:colcon.colcon_core.verb:Building package 'turtlesim' with the following arguments: {'ament_cmake_args': None, 'build_base': '/home/student/dev_ws/build/turtlesim', 'catkin_cmake_args': None, 'catkin_skip_building_tests': False, 'cmake_args': None, 'cmake_clean_cache': False, 'cmake_clean_first': False, 'cmake_force_configure': False, 'cmake_target': None, 'cmake_target_skip_unavailable': False, 'install_base': '/home/student/dev_ws/install/turtlesim', 'merge_install': False, 'path': '/home/student/dev_ws/src/ros_tutorials/turtlesim', 'symlink_install': False, 'test_result_base': None}
[0.294s] INFO:colcon.colcon_core.executor:Executing jobs using 'parallel' executor
[0.296s] DEBUG:colcon.colcon_parallel_executor.executor.parallel:run_until_complete
[0.297s] INFO:colcon.colcon_ros.task.ament_cmake.build:Building ROS package in '/home/student/dev_ws/src/cpp_parameters' with build type 'ament_cmake'
[0.297s] INFO:colcon.colcon_cmake.task.cmake.build:Building CMake package in '/home/student/dev_ws/src/cpp_parameters'
[0.300s] INFO:colcon.colcon_core.plugin_system:Skipping extension 'colcon_core.shell.bat': Not used on non-Windows systems
[0.300s] INFO:colcon.colcon_core.shell:Skip shell extension 'powershell' for command environment: Not usable outside of PowerShell
[0.300s] DEBUG:colcon.colcon_core.shell:Skip shell extension 'dsv' for command environment
[0.302s] DEBUG:colcon.colcon_core.shell:Ignoring prefix path '/opt/ros/foxy'
[0.304s] INFO:colcon.colcon_ros.task.ament_cmake.build:Building ROS package in '/home/student/dev_ws/src/cpp_pubsub' with build type 'ament_cmake'
[0.304s] INFO:colcon.colcon_cmake.task.cmake.build:Building CMake package in '/home/student/dev_ws/src/cpp_pubsub'
[0.305s] INFO:colcon.colcon_core.shell:Skip shell extension 'powershell' for command environment: Not usable outside of PowerShell
[0.305s] DEBUG:colcon.colcon_core.shell:Skip shell extension 'dsv' for command environment
[0.306s] DEBUG:colcon.colcon_core.shell:Ignoring prefix path '/opt/ros/foxy'
[0.308s] INFO:colcon.colcon_ros.task.ament_cmake.build:Building ROS package in '/home/student/dev_ws/cpp_srvcli' with build type 'ament_cmake'
[0.308s] INFO:colcon.colcon_cmake.task.cmake.build:Building CMake package in '/home/student/dev_ws/cpp_srvcli'
[0.309s] INFO:colcon.colcon_core.shell:Skip shell extension 'powershell' for command environment: Not usable outside of PowerShell
[0.309s] DEBUG:colcon.colcon_core.shell:Skip shell extension 'dsv' for command environment
[0.311s] DEBUG:colcon.colcon_core.shell:Ignoring prefix path '/opt/ros/foxy'
[0.313s] INFO:colcon.colcon_ros.task.ament_cmake.build:Building ROS package in '/home/student/dev_ws/src/more_interfaces' with build type 'ament_cmake'
[0.314s] INFO:colcon.colcon_cmake.task.cmake.build:Building CMake package in '/home/student/dev_ws/src/more_interfaces'
[0.315s] INFO:colcon.colcon_core.shell:Skip shell extension 'powershell' for command environment: Not usable outside of PowerShell
[0.315s] DEBUG:colcon.colcon_core.shell:Skip shell extension 'dsv' for command environment
[0.316s] DEBUG:colcon.colcon_core.shell:Ignoring prefix path '/opt/ros/foxy'
[0.318s] INFO:colcon.colcon_ros.task.ament_python.build:Building ROS package in '/home/student/dev_ws/src/py_parameters' with build type 'ament_python'
[0.318s] Level 1:colcon.colcon_core.shell:create_environment_hook('py_parameters', 'ament_prefix_path')
[0.319s] INFO:colcon.colcon_core.shell:Creating environment hook '/home/student/dev_ws/install/py_parameters/share/py_parameters/hook/ament_prefix_path.ps1'
[0.320s] INFO:colcon.colcon_core.shell:Creating environment descriptor '/home/student/dev_ws/install/py_parameters/share/py_parameters/hook/ament_prefix_path.dsv'
[0.321s] INFO:colcon.colcon_core.shell:Creating environment hook '/home/student/dev_ws/install/py_parameters/share/py_parameters/hook/ament_prefix_path.sh'
[0.321s] INFO:colcon.colcon_core.shell:Skip shell extension 'powershell' for command environment: Not usable outside of PowerShell
[0.321s] DEBUG:colcon.colcon_core.shell:Skip shell extension 'dsv' for command environment
[0.322s] DEBUG:colcon.colcon_core.shell:Ignoring prefix path '/opt/ros/foxy'
[0.324s] INFO:colcon.colcon_ros.task.ament_python.build:Building ROS package in '/home/student/dev_ws/py_srvcli' with build type 'ament_python'
[0.325s] Level 1:colcon.colcon_core.shell:create_environment_hook('py_srvcli', 'ament_prefix_path')
[0.326s] INFO:colcon.colcon_core.shell:Creating environment hook '/home/student/dev_ws/install/py_srvcli/share/py_srvcli/hook/ament_prefix_path.ps1'
[0.327s] INFO:colcon.colcon_core.shell:Creating environment descriptor '/home/student/dev_ws/install/py_srvcli/share/py_srvcli/hook/ament_prefix_path.dsv'
[0.327s] INFO:colcon.colcon_core.shell:Creating environment hook '/home/student/dev_ws/install/py_srvcli/share/py_srvcli/hook/ament_prefix_path.sh'
[0.328s] INFO:colcon.colcon_core.shell:Skip shell extension 'powershell' for command environment: Not usable outside of PowerShell
[0.328s] DEBUG:colcon.colcon_core.shell:Skip shell extension 'dsv' for command environment
[0.329s] DEBUG:colcon.colcon_core.shell:Ignoring prefix path '/opt/ros/foxy'
[0.331s] INFO:colcon.colcon_ros.task.ament_python.build:Building ROS package in '/home/student/dev_ws/src/roombasimulator' with build type 'ament_python'
[0.332s] Level 1:colcon.colcon_core.shell:create_environment_hook('roombasimulator', 'ament_prefix_path')
[0.333s] INFO:colcon.colcon_core.shell:Creating environment hook '/home/student/dev_ws/install/roombasimulator/share/roombasimulator/hook/ament_prefix_path.ps1'
[0.334s] INFO:colcon.colcon_core.shell:Creating environment descriptor '/home/student/dev_ws/install/roombasimulator/share/roombasimulator/hook/ament_prefix_path.dsv'
[0.334s] INFO:colcon.colcon_core.shell:Creating environment hook '/home/student/dev_ws/install/roombasimulator/share/roombasimulator/hook/ament_prefix_path.sh'
[0.335s] INFO:colcon.colcon_core.shell:Skip shell extension 'powershell' for command environment: Not usable outside of PowerShell
[0.335s] DEBUG:colcon.colcon_core.shell:Skip shell extension 'dsv' for command environment
[0.336s] DEBUG:colcon.colcon_core.shell:Ignoring prefix path '/opt/ros/foxy'
[0.337s] INFO:colcon.colcon_ros.task.ament_cmake.build:Building ROS package in '/home/student/dev_ws/src/ros_tutorials/turtlesim' with build type 'ament_cmake'
[0.338s] INFO:colcon.colcon_cmake.task.cmake.build:Building CMake package in '/home/student/dev_ws/src/ros_tutorials/turtlesim'
[0.338s] INFO:colcon.colcon_core.shell:Skip shell extension 'powershell' for command environment: Not usable outside of PowerShell
[0.338s] DEBUG:colcon.colcon_core.shell:Skip shell extension 'dsv' for command environment
[0.340s] DEBUG:colcon.colcon_core.shell:Ignoring prefix path '/opt/ros/foxy'
[0.349s] DEBUG:colcon.colcon_core.event_handler.log_command:Invoking command in '/home/student/dev_ws/build/cpp_parameters': CMAKE_PREFIX_PATH=/opt/ros/foxy /usr/bin/cmake --build /home/student/dev_ws/build/cpp_parameters -- -j12 -l12
[0.355s] DEBUG:colcon.colcon_core.event_handler.log_command:Invoking command in '/home/student/dev_ws/build/cpp_pubsub': CMAKE_PREFIX_PATH=/opt/ros/foxy /usr/bin/cmake --build /home/student/dev_ws/build/cpp_pubsub -- -j12 -l12
[0.358s] DEBUG:colcon.colcon_core.event_handler.log_command:Invoking command in '/home/student/dev_ws/build/cpp_srvcli': CMAKE_PREFIX_PATH=/opt/ros/foxy /usr/bin/cmake --build /home/student/dev_ws/build/cpp_srvcli -- -j12 -l12
[0.364s] DEBUG:colcon.colcon_core.event_handler.log_command:Invoking command in '/home/student/dev_ws/build/more_interfaces': CMAKE_PREFIX_PATH=/opt/ros/foxy /usr/bin/cmake --build /home/student/dev_ws/build/more_interfaces -- -j12 -l12
[0.581s] INFO:colcon.colcon_core.task.python.build:Building Python package in '/home/student/dev_ws/src/py_parameters'
[0.582s] INFO:colcon.colcon_core.shell:Skip shell extension 'powershell' for command environment: Not usable outside of PowerShell
[0.582s] DEBUG:colcon.colcon_core.shell:Skip shell extension 'dsv' for command environment
[0.583s] DEBUG:colcon.colcon_core.shell:Ignoring prefix path '/opt/ros/foxy'
[0.757s] INFO:colcon.colcon_core.task.python.build:Building Python package in '/home/student/dev_ws/py_srvcli'
[0.758s] INFO:colcon.colcon_core.shell:Skip shell extension 'powershell' for command environment: Not usable outside of PowerShell
[0.758s] DEBUG:colcon.colcon_core.shell:Skip shell extension 'dsv' for command environment
[0.759s] DEBUG:colcon.colcon_core.shell:Ignoring prefix path '/opt/ros/foxy'
[0.934s] INFO:colcon.colcon_core.task.python.build:Building Python package in '/home/student/dev_ws/src/roombasimulator'
[0.935s] INFO:colcon.colcon_core.shell:Skip shell extension 'powershell' for command environment: Not usable outside of PowerShell
[0.935s] DEBUG:colcon.colcon_core.shell:Skip shell extension 'dsv' for command environment
[0.936s] DEBUG:colcon.colcon_core.shell:Ignoring prefix path '/opt/ros/foxy'
[0.944s] DEBUG:colcon.colcon_core.event_handler.log_command:Invoking command in '/home/student/dev_ws/build/turtlesim': CMAKE_PREFIX_PATH=/opt/ros/foxy /usr/bin/cmake --build /home/student/dev_ws/build/turtlesim -- -j12 -l12
[0.953s] DEBUG:colcon.colcon_core.event_handler.log_command:Invoked command in '/home/student/dev_ws/build/cpp_pubsub' returned '0': CMAKE_PREFIX_PATH=/opt/ros/foxy /usr/bin/cmake --build /home/student/dev_ws/build/cpp_pubsub -- -j12 -l12
[0.956s] DEBUG:colcon.colcon_core.event_handler.log_command:Invoked command in '/home/student/dev_ws/build/cpp_parameters' returned '0': CMAKE_PREFIX_PATH=/opt/ros/foxy /usr/bin/cmake --build /home/student/dev_ws/build/cpp_parameters -- -j12 -l12
[0.957s] DEBUG:colcon.colcon_core.event_handler.log_command:Invoked command in '/home/student/dev_ws/build/more_interfaces' returned '0': CMAKE_PREFIX_PATH=/opt/ros/foxy /usr/bin/cmake --build /home/student/dev_ws/build/more_interfaces -- -j12 -l12
[0.962s] DEBUG:colcon.colcon_core.event_handler.log_command:Invoked command in '/home/student/dev_ws/build/cpp_srvcli' returned '0': CMAKE_PREFIX_PATH=/opt/ros/foxy /usr/bin/cmake --build /home/student/dev_ws/build/cpp_srvcli -- -j12 -l12
[0.971s] DEBUG:colcon.colcon_core.event_handler.log_command:Invoking command in '/home/student/dev_ws/src/py_parameters': PYTHONPATH=/home/student/dev_ws/install/py_parameters/lib/python3.8/site-packages:${PYTHONPATH} /usr/bin/python3 setup.py egg_info --egg-base ../../build/py_parameters build --build-base /home/student/dev_ws/build/py_parameters/build install --prefix /home/student/dev_ws/install/py_parameters --record /home/student/dev_ws/build/py_parameters/install.log --single-version-externally-managed
[0.974s] DEBUG:colcon.colcon_core.event_handler.log_command:Invoking command in '/home/student/dev_ws/py_srvcli': PYTHONPATH=/home/student/dev_ws/install/py_srvcli/lib/python3.8/site-packages:${PYTHONPATH} /usr/bin/python3 setup.py egg_info --egg-base ../build/py_srvcli build --build-base /home/student/dev_ws/build/py_srvcli/build install --prefix /home/student/dev_ws/install/py_srvcli --record /home/student/dev_ws/build/py_srvcli/install.log --single-version-externally-managed
[0.975s] DEBUG:colcon.colcon_core.event_handler.log_command:Invoking command in '/home/student/dev_ws/src/roombasimulator': PYTHONPATH=/home/student/dev_ws/install/roombasimulator/lib/python3.8/site-packages:${PYTHONPATH} /usr/bin/python3 setup.py egg_info --egg-base ../../build/roombasimulator build --build-base /home/student/dev_ws/build/roombasimulator/build install --prefix /home/student/dev_ws/install/roombasimulator --record /home/student/dev_ws/build/roombasimulator/install.log --single-version-externally-managed
[1.000s] DEBUG:colcon.colcon_core.event_handler.log_command:Invoking command in '/home/student/dev_ws/build/cpp_pubsub': CMAKE_PREFIX_PATH=/opt/ros/foxy /usr/bin/cmake --install /home/student/dev_ws/build/cpp_pubsub
[1.005s] DEBUG:colcon.colcon_core.event_handler.log_command:Invoking command in '/home/student/dev_ws/build/cpp_parameters': CMAKE_PREFIX_PATH=/opt/ros/foxy /usr/bin/cmake --install /home/student/dev_ws/build/cpp_parameters
[1.011s] DEBUG:colcon.colcon_core.event_handler.log_command:Invoking command in '/home/student/dev_ws/build/cpp_srvcli': CMAKE_PREFIX_PATH=/opt/ros/foxy /usr/bin/cmake --install /home/student/dev_ws/build/cpp_srvcli
[1.018s] DEBUG:colcon.colcon_core.event_handler.log_command:Invoking command in '/home/student/dev_ws/build/more_interfaces': CMAKE_PREFIX_PATH=/opt/ros/foxy /usr/bin/cmake --install /home/student/dev_ws/build/more_interfaces
[1.028s] Level 1:colcon.colcon_core.environment:create_environment_scripts_only(cpp_pubsub)
[1.037s] DEBUG:colcon.colcon_core.event_handler.log_command:Invoked command in '/home/student/dev_ws/build/cpp_pubsub' returned '0': CMAKE_PREFIX_PATH=/opt/ros/foxy /usr/bin/cmake --install /home/student/dev_ws/build/cpp_pubsub
[1.043s] Level 1:colcon.colcon_core.environment:checking '/home/student/dev_ws/install/cpp_pubsub' for CMake module files
[1.045s] Level 1:colcon.colcon_core.environment:checking '/home/student/dev_ws/install/cpp_pubsub' for CMake config files
[1.047s] Level 1:colcon.colcon_core.shell:create_environment_hook('cpp_pubsub', 'cmake_prefix_path')
[1.048s] INFO:colcon.colcon_core.shell:Creating environment hook '/home/student/dev_ws/install/cpp_pubsub/share/cpp_pubsub/hook/cmake_prefix_path.ps1'
[1.050s] INFO:colcon.colcon_core.shell:Creating environment descriptor '/home/student/dev_ws/install/cpp_pubsub/share/cpp_pubsub/hook/cmake_prefix_path.dsv'
[1.051s] INFO:colcon.colcon_core.shell:Creating environment hook '/home/student/dev_ws/install/cpp_pubsub/share/cpp_pubsub/hook/cmake_prefix_path.sh'
[1.052s] Level 1:colcon.colcon_core.environment:checking '/home/student/dev_ws/install/cpp_pubsub/lib'
[1.053s] Level 1:colcon.colcon_core.environment:checking '/home/student/dev_ws/install/cpp_pubsub/bin'
[1.053s] Level 1:colcon.colcon_core.environment:checking '/home/student/dev_ws/install/cpp_pubsub/lib/pkgconfig/cpp_pubsub.pc'
[1.053s] Level 1:colcon.colcon_core.environment:checking '/home/student/dev_ws/install/cpp_pubsub/lib/python3.8/site-packages'
[1.054s] INFO:colcon.colcon_core.shell:Creating package script '/home/student/dev_ws/install/cpp_pubsub/share/cpp_pubsub/package.ps1'
[1.056s] INFO:colcon.colcon_core.shell:Creating package descriptor '/home/student/dev_ws/install/cpp_pubsub/share/cpp_pubsub/package.dsv'
[1.057s] INFO:colcon.colcon_core.shell:Creating package script '/home/student/dev_ws/install/cpp_pubsub/share/cpp_pubsub/package.sh'
[1.059s] INFO:colcon.colcon_core.shell:Creating package script '/home/student/dev_ws/install/cpp_pubsub/share/cpp_pubsub/package.bash'
[1.060s] INFO:colcon.colcon_core.shell:Creating package script '/home/student/dev_ws/install/cpp_pubsub/share/cpp_pubsub/package.zsh'
[1.062s] Level 1:colcon.colcon_core.environment:create_file_with_runtime_dependencies(/home/student/dev_ws/install/cpp_pubsub/share/colcon-core/packages/cpp_pubsub)
[1.066s] Level 1:colcon.colcon_core.environment:create_environment_scripts_only(cpp_parameters)
[1.068s] Level 1:colcon.colcon_core.environment:checking '/home/student/dev_ws/install/cpp_parameters' for CMake module files
[1.071s] Level 1:colcon.colcon_core.environment:checking '/home/student/dev_ws/install/cpp_parameters' for CMake config files
[1.073s] DEBUG:colcon.colcon_core.event_handler.log_command:Invoked command in '/home/student/dev_ws/build/cpp_parameters' returned '0': CMAKE_PREFIX_PATH=/opt/ros/foxy /usr/bin/cmake --install /home/student/dev_ws/build/cpp_parameters
[1.073s] Level 1:colcon.colcon_core.shell:create_environment_hook('cpp_parameters', 'cmake_prefix_path')
[1.074s] INFO:colcon.colcon_core.shell:Creating environment hook '/home/student/dev_ws/install/cpp_parameters/share/cpp_parameters/hook/cmake_prefix_path.ps1'
[1.075s] INFO:colcon.colcon_core.shell:Creating environment descriptor '/home/student/dev_ws/install/cpp_parameters/share/cpp_parameters/hook/cmake_prefix_path.dsv'
[1.077s] INFO:colcon.colcon_core.shell:Creating environment hook '/home/student/dev_ws/install/cpp_parameters/share/cpp_parameters/hook/cmake_prefix_path.sh'
[1.079s] Level 1:colcon.colcon_core.environment:checking '/home/student/dev_ws/install/cpp_parameters/libcpp_parameters'
[1.079s] Level 1:colcon.colcon_core.environment:checking '/home/student/dev_ws/install/cpp_parameters/lib'
[1.080s] Level 1:colcon.colcon_core.environment:checking '/home/student/dev_ws/install/cpp_parameters/bin'
[1.080s] Level 1:colcon.colcon_core.environment:checking '/home/student/dev_ws/install/cpp_parameters/lib/pkgconfig/cpp_parameters.pc'
[1.080s] Level 1:colcon.colcon_core.environment:checking '/home/student/dev_ws/install/cpp_parameters/lib/python3.8/site-packages'
[1.081s] INFO:colcon.colcon_core.shell:Creating package script '/home/student/dev_ws/install/cpp_parameters/share/cpp_parameters/package.ps1'
[1.083s] INFO:colcon.colcon_core.shell:Creating package descriptor '/home/student/dev_ws/install/cpp_parameters/share/cpp_parameters/package.dsv'
[1.084s] INFO:colcon.colcon_core.shell:Creating package script '/home/student/dev_ws/install/cpp_parameters/share/cpp_parameters/package.sh'
[1.085s] INFO:colcon.colcon_core.shell:Creating package script '/home/student/dev_ws/install/cpp_parameters/share/cpp_parameters/package.bash'
[1.086s] INFO:colcon.colcon_core.shell:Creating package script '/home/student/dev_ws/install/cpp_parameters/share/cpp_parameters/package.zsh'
[1.087s] Level 1:colcon.colcon_core.environment:create_file_with_runtime_dependencies(/home/student/dev_ws/install/cpp_parameters/share/colcon-core/packages/cpp_parameters)
[1.092s] Level 1:colcon.colcon_core.environment:create_environment_scripts_only(cpp_srvcli)
[1.093s] Level 1:colcon.colcon_core.environment:checking '/home/student/dev_ws/install/cpp_srvcli' for CMake module files
[1.095s] Level 1:colcon.colcon_core.environment:checking '/home/student/dev_ws/install/cpp_srvcli' for CMake config files
[1.096s] Level 1:colcon.colcon_core.shell:create_environment_hook('cpp_srvcli', 'cmake_prefix_path')
[1.097s] INFO:colcon.colcon_core.shell:Creating environment hook '/home/student/dev_ws/install/cpp_srvcli/share/cpp_srvcli/hook/cmake_prefix_path.ps1'
[1.098s] DEBUG:colcon.colcon_core.event_handler.log_command:Invoked command in '/home/student/dev_ws/build/cpp_srvcli' returned '0': CMAKE_PREFIX_PATH=/opt/ros/foxy /usr/bin/cmake --install /home/student/dev_ws/build/cpp_srvcli
[1.098s] INFO:colcon.colcon_core.shell:Creating environment descriptor '/home/student/dev_ws/install/cpp_srvcli/share/cpp_srvcli/hook/cmake_prefix_path.dsv'
[1.098s] INFO:colcon.colcon_core.shell:Creating environment hook '/home/student/dev_ws/install/cpp_srvcli/share/cpp_srvcli/hook/cmake_prefix_path.sh'
[1.099s] Level 1:colcon.colcon_core.environment:checking '/home/student/dev_ws/install/cpp_srvcli/lib'
[1.099s] Level 1:colcon.colcon_core.environment:checking '/home/student/dev_ws/install/cpp_srvcli/bin'
[1.099s] Level 1:colcon.colcon_core.environment:checking '/home/student/dev_ws/install/cpp_srvcli/lib/pkgconfig/cpp_srvcli.pc'
[1.099s] Level 1:colcon.colcon_core.environment:checking '/home/student/dev_ws/install/cpp_srvcli/lib/python3.8/site-packages'
[1.100s] INFO:colcon.colcon_core.shell:Creating package script '/home/student/dev_ws/install/cpp_srvcli/share/cpp_srvcli/package.ps1'
[1.101s] INFO:colcon.colcon_core.shell:Creating package descriptor '/home/student/dev_ws/install/cpp_srvcli/share/cpp_srvcli/package.dsv'
[1.101s] INFO:colcon.colcon_core.shell:Creating package script '/home/student/dev_ws/install/cpp_srvcli/share/cpp_srvcli/package.sh'
[1.102s] INFO:colcon.colcon_core.shell:Creating package script '/home/student/dev_ws/install/cpp_srvcli/share/cpp_srvcli/package.bash'
[1.102s] INFO:colcon.colcon_core.shell:Creating package script '/home/student/dev_ws/install/cpp_srvcli/share/cpp_srvcli/package.zsh'
[1.103s] Level 1:colcon.colcon_core.environment:create_file_with_runtime_dependencies(/home/student/dev_ws/install/cpp_srvcli/share/colcon-core/packages/cpp_srvcli)
[1.109s] Level 1:colcon.colcon_core.environment:create_environment_scripts_only(cpp_pubsub)
[1.110s] Level 1:colcon.colcon_core.environment:checking '/home/student/dev_ws/install/cpp_pubsub' for CMake module files
[1.111s] Level 1:colcon.colcon_core.environment:checking '/home/student/dev_ws/install/cpp_pubsub' for CMake config files
[1.112s] Level 1:colcon.colcon_core.shell:create_environment_hook('cpp_pubsub', 'cmake_prefix_path')
[1.113s] INFO:colcon.colcon_core.shell:Creating environment hook '/home/student/dev_ws/install/cpp_pubsub/share/cpp_pubsub/hook/cmake_prefix_path.ps1'
[1.114s] INFO:colcon.colcon_core.shell:Creating environment descriptor '/home/student/dev_ws/install/cpp_pubsub/share/cpp_pubsub/hook/cmake_prefix_path.dsv'
[1.114s] INFO:colcon.colcon_core.shell:Creating environment hook '/home/student/dev_ws/install/cpp_pubsub/share/cpp_pubsub/hook/cmake_prefix_path.sh'
[1.115s] Level 1:colcon.colcon_core.environment:checking '/home/student/dev_ws/install/cpp_pubsub/lib'
[1.115s] Level 1:colcon.colcon_core.environment:checking '/home/student/dev_ws/install/cpp_pubsub/bin'
[1.115s] Level 1:colcon.colcon_core.environment:checking '/home/student/dev_ws/install/cpp_pubsub/lib/pkgconfig/cpp_pubsub.pc'
[1.115s] Level 1:colcon.colcon_core.environment:checking '/home/student/dev_ws/install/cpp_pubsub/lib/python3.8/site-packages'
[1.117s] INFO:colcon.colcon_core.shell:Creating package script '/home/student/dev_ws/install/cpp_pubsub/share/cpp_pubsub/package.ps1'
[1.118s] INFO:colcon.colcon_core.shell:Creating package descriptor '/home/student/dev_ws/install/cpp_pubsub/share/cpp_pubsub/package.dsv'
[1.119s] INFO:colcon.colcon_core.shell:Creating package script '/home/student/dev_ws/install/cpp_pubsub/share/cpp_pubsub/package.sh'
[1.119s] INFO:colcon.colcon_core.shell:Creating package script '/home/student/dev_ws/install/cpp_pubsub/share/cpp_pubsub/package.bash'
[1.120s] INFO:colcon.colcon_core.shell:Creating package script '/home/student/dev_ws/install/cpp_pubsub/share/cpp_pubsub/package.zsh'
[1.121s] Level 1:colcon.colcon_core.environment:create_file_with_runtime_dependencies(/home/student/dev_ws/install/cpp_pubsub/share/colcon-core/packages/cpp_pubsub)
[1.121s] Level 1:colcon.colcon_core.environment:create_environment_scripts_only(more_interfaces)
[1.123s] Level 1:colcon.colcon_core.environment:checking '/home/student/dev_ws/install/more_interfaces' for CMake module files
[1.124s] DEBUG:colcon.colcon_core.event_handler.log_command:Invoked command in '/home/student/dev_ws/build/more_interfaces' returned '0': CMAKE_PREFIX_PATH=/opt/ros/foxy /usr/bin/cmake --install /home/student/dev_ws/build/more_interfaces
[1.125s] Level 1:colcon.colcon_core.environment:checking '/home/student/dev_ws/install/more_interfaces' for CMake config files
[1.126s] Level 1:colcon.colcon_core.shell:create_environment_hook('more_interfaces', 'cmake_prefix_path')
[1.127s] INFO:colcon.colcon_core.shell:Creating environment hook '/home/student/dev_ws/install/more_interfaces/share/more_interfaces/hook/cmake_prefix_path.ps1'
[1.127s] INFO:colcon.colcon_core.shell:Creating environment descriptor '/home/student/dev_ws/install/more_interfaces/share/more_interfaces/hook/cmake_prefix_path.dsv'
[1.128s] INFO:colcon.colcon_core.shell:Creating environment hook '/home/student/dev_ws/install/more_interfaces/share/more_interfaces/hook/cmake_prefix_path.sh'
[1.129s] Level 1:colcon.colcon_core.environment:checking '/home/student/dev_ws/install/more_interfaces/lib'
[1.129s] Level 1:colcon.colcon_core.shell:create_environment_hook('more_interfaces', 'ld_library_path_lib')
[1.130s] INFO:colcon.colcon_core.shell:Creating environment hook '/home/student/dev_ws/install/more_interfaces/share/more_interfaces/hook/ld_library_path_lib.ps1'
[1.131s] INFO:colcon.colcon_core.shell:Creating environment descriptor '/home/student/dev_ws/install/more_interfaces/share/more_interfaces/hook/ld_library_path_lib.dsv'
[1.131s] INFO:colcon.colcon_core.shell:Creating environment hook '/home/student/dev_ws/install/more_interfaces/share/more_interfaces/hook/ld_library_path_lib.sh'
[1.132s] Level 1:colcon.colcon_core.environment:checking '/home/student/dev_ws/install/more_interfaces/bin'
[1.132s] Level 1:colcon.colcon_core.environment:checking '/home/student/dev_ws/install/more_interfaces/lib/pkgconfig/more_interfaces.pc'
[1.132s] Level 1:colcon.colcon_core.environment:checking '/home/student/dev_ws/install/more_interfaces/lib/python3.8/site-packages'
[1.132s] Level 1:colcon.colcon_core.shell:create_environment_hook('more_interfaces', 'pythonpath')
[1.133s] INFO:colcon.colcon_core.shell:Creating environment hook '/home/student/dev_ws/install/more_interfaces/share/more_interfaces/hook/pythonpath.ps1'
[1.134s] INFO:colcon.colcon_core.shell:Creating environment descriptor '/home/student/dev_ws/install/more_interfaces/share/more_interfaces/hook/pythonpath.dsv'
[1.134s] INFO:colcon.colcon_core.shell:Creating environment hook '/home/student/dev_ws/install/more_interfaces/share/more_interfaces/hook/pythonpath.sh'
[1.136s] INFO:colcon.colcon_core.shell:Creating package script '/home/student/dev_ws/install/more_interfaces/share/more_interfaces/package.ps1'
[1.137s] INFO:colcon.colcon_core.shell:Creating package descriptor '/home/student/dev_ws/install/more_interfaces/share/more_interfaces/package.dsv'
[1.138s] INFO:colcon.colcon_core.shell:Creating package script '/home/student/dev_ws/install/more_interfaces/share/more_interfaces/package.sh'
[1.138s] INFO:colcon.colcon_core.shell:Creating package script '/home/student/dev_ws/install/more_interfaces/share/more_interfaces/package.bash'
[1.139s] INFO:colcon.colcon_core.shell:Creating package script '/home/student/dev_ws/install/more_interfaces/share/more_interfaces/package.zsh'
[1.139s] Level 1:colcon.colcon_core.environment:create_file_with_runtime_dependencies(/home/student/dev_ws/install/more_interfaces/share/colcon-core/packages/more_interfaces)
[1.147s] Level 1:colcon.colcon_core.environment:create_environment_scripts_only(cpp_parameters)
[1.148s] Level 1:colcon.colcon_core.environment:checking '/home/student/dev_ws/install/cpp_parameters' for CMake module files
[1.150s] Level 1:colcon.colcon_core.environment:checking '/home/student/dev_ws/install/cpp_parameters' for CMake config files
[1.151s] Level 1:colcon.colcon_core.shell:create_environment_hook('cpp_parameters', 'cmake_prefix_path')
[1.152s] INFO:colcon.colcon_core.shell:Creating environment hook '/home/student/dev_ws/install/cpp_parameters/share/cpp_parameters/hook/cmake_prefix_path.ps1'
[1.152s] INFO:colcon.colcon_core.shell:Creating environment descriptor '/home/student/dev_ws/install/cpp_parameters/share/cpp_parameters/hook/cmake_prefix_path.dsv'
[1.153s] INFO:colcon.colcon_core.shell:Creating environment hook '/home/student/dev_ws/install/cpp_parameters/share/cpp_parameters/hook/cmake_prefix_path.sh'
[1.154s] Level 1:colcon.colcon_core.environment:checking '/home/student/dev_ws/install/cpp_parameters/libcpp_parameters'
[1.154s] Level 1:colcon.colcon_core.environment:checking '/home/student/dev_ws/install/cpp_parameters/lib'
[1.154s] Level 1:colcon.colcon_core.environment:checking '/home/student/dev_ws/install/cpp_parameters/bin'
[1.154s] Level 1:colcon.colcon_core.environment:checking '/home/student/dev_ws/install/cpp_parameters/lib/pkgconfig/cpp_parameters.pc'
[1.154s] Level 1:colcon.colcon_core.environment:checking '/home/student/dev_ws/install/cpp_parameters/lib/python3.8/site-packages'
[1.155s] INFO:colcon.colcon_core.shell:Creating package script '/home/student/dev_ws/install/cpp_parameters/share/cpp_parameters/package.ps1'
[1.156s] INFO:colcon.colcon_core.shell:Creating package descriptor '/home/student/dev_ws/install/cpp_parameters/share/cpp_parameters/package.dsv'
[1.157s] INFO:colcon.colcon_core.shell:Creating package script '/home/student/dev_ws/install/cpp_parameters/share/cpp_parameters/package.sh'
[1.157s] INFO:colcon.colcon_core.shell:Creating package script '/home/student/dev_ws/install/cpp_parameters/share/cpp_parameters/package.bash'
[1.158s] INFO:colcon.colcon_core.shell:Creating package script '/home/student/dev_ws/install/cpp_parameters/share/cpp_parameters/package.zsh'
[1.159s] Level 1:colcon.colcon_core.environment:create_file_with_runtime_dependencies(/home/student/dev_ws/install/cpp_parameters/share/colcon-core/packages/cpp_parameters)
[1.160s] Level 1:colcon.colcon_core.environment:create_environment_scripts_only(cpp_srvcli)
[1.161s] Level 1:colcon.colcon_core.environment:checking '/home/student/dev_ws/install/cpp_srvcli' for CMake module files
[1.162s] Level 1:colcon.colcon_core.environment:checking '/home/student/dev_ws/install/cpp_srvcli' for CMake config files
[1.162s] Level 1:colcon.colcon_core.shell:create_environment_hook('cpp_srvcli', 'cmake_prefix_path')
[1.163s] INFO:colcon.colcon_core.shell:Creating environment hook '/home/student/dev_ws/install/cpp_srvcli/share/cpp_srvcli/hook/cmake_prefix_path.ps1'
[1.163s] INFO:colcon.colcon_core.shell:Creating environment descriptor '/home/student/dev_ws/install/cpp_srvcli/share/cpp_srvcli/hook/cmake_prefix_path.dsv'
[1.164s] INFO:colcon.colcon_core.shell:Creating environment hook '/home/student/dev_ws/install/cpp_srvcli/share/cpp_srvcli/hook/cmake_prefix_path.sh'
[1.164s] Level 1:colcon.colcon_core.environment:checking '/home/student/dev_ws/install/cpp_srvcli/lib'
[1.164s] Level 1:colcon.colcon_core.environment:checking '/home/student/dev_ws/install/cpp_srvcli/bin'
[1.164s] Level 1:colcon.colcon_core.environment:checking '/home/student/dev_ws/install/cpp_srvcli/lib/pkgconfig/cpp_srvcli.pc'
[1.164s] Level 1:colcon.colcon_core.environment:checking '/home/student/dev_ws/install/cpp_srvcli/lib/python3.8/site-packages'
[1.165s] INFO:colcon.colcon_core.shell:Creating package script '/home/student/dev_ws/install/cpp_srvcli/share/cpp_srvcli/package.ps1'
[1.166s] INFO:colcon.colcon_core.shell:Creating package descriptor '/home/student/dev_ws/install/cpp_srvcli/share/cpp_srvcli/package.dsv'
[1.166s] INFO:colcon.colcon_core.shell:Creating package script '/home/student/dev_ws/install/cpp_srvcli/share/cpp_srvcli/package.sh'
[1.166s] INFO:colcon.colcon_core.shell:Creating package script '/home/student/dev_ws/install/cpp_srvcli/share/cpp_srvcli/package.bash'
[1.167s] INFO:colcon.colcon_core.shell:Creating package script '/home/student/dev_ws/install/cpp_srvcli/share/cpp_srvcli/package.zsh'
[1.167s] Level 1:colcon.colcon_core.environment:create_file_with_runtime_dependencies(/home/student/dev_ws/install/cpp_srvcli/share/colcon-core/packages/cpp_srvcli)
[1.200s] Level 1:colcon.colcon_core.environment:create_environment_scripts_only(more_interfaces)
[1.200s] Level 1:colcon.colcon_core.environment:checking '/home/student/dev_ws/install/more_interfaces' for CMake module files
[1.201s] Level 1:colcon.colcon_core.environment:checking '/home/student/dev_ws/install/more_interfaces' for CMake config files
[1.202s] Level 1:colcon.colcon_core.shell:create_environment_hook('more_interfaces', 'cmake_prefix_path')
[1.202s] INFO:colcon.colcon_core.shell:Creating environment hook '/home/student/dev_ws/install/more_interfaces/share/more_interfaces/hook/cmake_prefix_path.ps1'
[1.203s] INFO:colcon.colcon_core.shell:Creating environment descriptor '/home/student/dev_ws/install/more_interfaces/share/more_interfaces/hook/cmake_prefix_path.dsv'
[1.203s] INFO:colcon.colcon_core.shell:Creating environment hook '/home/student/dev_ws/install/more_interfaces/share/more_interfaces/hook/cmake_prefix_path.sh'
[1.204s] Level 1:colcon.colcon_core.environment:checking '/home/student/dev_ws/install/more_interfaces/lib'
[1.204s] Level 1:colcon.colcon_core.shell:create_environment_hook('more_interfaces', 'ld_library_path_lib')
[1.205s] INFO:colcon.colcon_core.shell:Creating environment hook '/home/student/dev_ws/install/more_interfaces/share/more_interfaces/hook/ld_library_path_lib.ps1'
[1.205s] INFO:colcon.colcon_core.shell:Creating environment descriptor '/home/student/dev_ws/install/more_interfaces/share/more_interfaces/hook/ld_library_path_lib.dsv'
[1.205s] INFO:colcon.colcon_core.shell:Creating environment hook '/home/student/dev_ws/install/more_interfaces/share/more_interfaces/hook/ld_library_path_lib.sh'
[1.206s] Level 1:colcon.colcon_core.environment:checking '/home/student/dev_ws/install/more_interfaces/bin'
[1.206s] Level 1:colcon.colcon_core.environment:checking '/home/student/dev_ws/install/more_interfaces/lib/pkgconfig/more_interfaces.pc'
[1.206s] Level 1:colcon.colcon_core.environment:checking '/home/student/dev_ws/install/more_interfaces/lib/python3.8/site-packages'
[1.206s] Level 1:colcon.colcon_core.shell:create_environment_hook('more_interfaces', 'pythonpath')
[1.207s] INFO:colcon.colcon_core.shell:Creating environment hook '/home/student/dev_ws/install/more_interfaces/share/more_interfaces/hook/pythonpath.ps1'
[1.207s] INFO:colcon.colcon_core.shell:Creating environment descriptor '/home/student/dev_ws/install/more_interfaces/share/more_interfaces/hook/pythonpath.dsv'
[1.207s] INFO:colcon.colcon_core.shell:Creating environment hook '/home/student/dev_ws/install/more_interfaces/share/more_interfaces/hook/pythonpath.sh'
[1.208s] INFO:colcon.colcon_core.shell:Creating package script '/home/student/dev_ws/install/more_interfaces/share/more_interfaces/package.ps1'
[1.209s] INFO:colcon.colcon_core.shell:Creating package descriptor '/home/student/dev_ws/install/more_interfaces/share/more_interfaces/package.dsv'
[1.209s] INFO:colcon.colcon_core.shell:Creating package script '/home/student/dev_ws/install/more_interfaces/share/more_interfaces/package.sh'
[1.209s] INFO:colcon.colcon_core.shell:Creating package script '/home/student/dev_ws/install/more_interfaces/share/more_interfaces/package.bash'
[1.210s] INFO:colcon.colcon_core.shell:Creating package script '/home/student/dev_ws/install/more_interfaces/share/more_interfaces/package.zsh'
[1.210s] Level 1:colcon.colcon_core.environment:create_file_with_runtime_dependencies(/home/student/dev_ws/install/more_interfaces/share/colcon-core/packages/more_interfaces)
[1.217s] DEBUG:colcon.colcon_core.event_handler.log_command:Invoked command in '/home/student/dev_ws/build/turtlesim' returned '0': CMAKE_PREFIX_PATH=/opt/ros/foxy /usr/bin/cmake --build /home/student/dev_ws/build/turtlesim -- -j12 -l12
[1.339s] Level 1:colcon.colcon_core.environment:checking '/home/student/dev_ws/install/py_parameters' for CMake module files
[1.340s] DEBUG:colcon.colcon_core.event_handler.log_command:Invoked command in '/home/student/dev_ws/src/py_parameters' returned '0': PYTHONPATH=/home/student/dev_ws/install/py_parameters/lib/python3.8/site-packages:${PYTHONPATH} /usr/bin/python3 setup.py egg_info --egg-base ../../build/py_parameters build --build-base /home/student/dev_ws/build/py_parameters/build install --prefix /home/student/dev_ws/install/py_parameters --record /home/student/dev_ws/build/py_parameters/install.log --single-version-externally-managed
[1.341s] Level 1:colcon.colcon_core.environment:checking '/home/student/dev_ws/install/py_parameters' for CMake config files
[1.341s] Level 1:colcon.colcon_core.environment:checking '/home/student/dev_ws/install/py_parameters/lib'
[1.342s] Level 1:colcon.colcon_core.environment:checking '/home/student/dev_ws/install/py_parameters/bin'
[1.342s] Level 1:colcon.colcon_core.environment:checking '/home/student/dev_ws/install/py_parameters/lib/pkgconfig/py_parameters.pc'
[1.342s] Level 1:colcon.colcon_core.environment:checking '/home/student/dev_ws/install/py_parameters/lib/python3.8/site-packages'
[1.342s] Level 1:colcon.colcon_core.shell:create_environment_hook('py_parameters', 'pythonpath')
[1.342s] INFO:colcon.colcon_core.shell:Creating environment hook '/home/student/dev_ws/install/py_parameters/share/py_parameters/hook/pythonpath.ps1'
[1.343s] INFO:colcon.colcon_core.shell:Creating environment descriptor '/home/student/dev_ws/install/py_parameters/share/py_parameters/hook/pythonpath.dsv'
[1.343s] INFO:colcon.colcon_core.shell:Creating environment hook '/home/student/dev_ws/install/py_parameters/share/py_parameters/hook/pythonpath.sh'
[1.343s] Level 1:colcon.colcon_core.environment:create_environment_scripts_only(py_parameters)
[1.344s] INFO:colcon.colcon_core.shell:Creating package script '/home/student/dev_ws/install/py_parameters/share/py_parameters/package.ps1'
[1.344s] INFO:colcon.colcon_core.shell:Creating package descriptor '/home/student/dev_ws/install/py_parameters/share/py_parameters/package.dsv'
[1.345s] INFO:colcon.colcon_core.shell:Creating package script '/home/student/dev_ws/install/py_parameters/share/py_parameters/package.sh'
[1.345s] INFO:colcon.colcon_core.shell:Creating package script '/home/student/dev_ws/install/py_parameters/share/py_parameters/package.bash'
[1.345s] INFO:colcon.colcon_core.shell:Creating package script '/home/student/dev_ws/install/py_parameters/share/py_parameters/package.zsh'
[1.346s] Level 1:colcon.colcon_core.environment:create_file_with_runtime_dependencies(/home/student/dev_ws/install/py_parameters/share/colcon-core/packages/py_parameters)
[1.348s] Level 1:colcon.colcon_core.environment:checking '/home/student/dev_ws/install/roombasimulator' for CMake module files
[1.349s] DEBUG:colcon.colcon_core.event_handler.log_command:Invoked command in '/home/student/dev_ws/src/roombasimulator' returned '0': PYTHONPATH=/home/student/dev_ws/install/roombasimulator/lib/python3.8/site-packages:${PYTHONPATH} /usr/bin/python3 setup.py egg_info --egg-base ../../build/roombasimulator build --build-base /home/student/dev_ws/build/roombasimulator/build install --prefix /home/student/dev_ws/install/roombasimulator --record /home/student/dev_ws/build/roombasimulator/install.log --single-version-externally-managed
[1.349s] Level 1:colcon.colcon_core.environment:checking '/home/student/dev_ws/install/roombasimulator' for CMake config files
[1.350s] Level 1:colcon.colcon_core.environment:checking '/home/student/dev_ws/install/roombasimulator/lib'
[1.350s] Level 1:colcon.colcon_core.environment:checking '/home/student/dev_ws/install/roombasimulator/bin'
[1.350s] Level 1:colcon.colcon_core.environment:checking '/home/student/dev_ws/install/roombasimulator/lib/pkgconfig/roombasimulator.pc'
[1.350s] Level 1:colcon.colcon_core.environment:checking '/home/student/dev_ws/install/roombasimulator/lib/python3.8/site-packages'
[1.350s] Level 1:colcon.colcon_core.shell:create_environment_hook('roombasimulator', 'pythonpath')
[1.351s] INFO:colcon.colcon_core.shell:Creating environment hook '/home/student/dev_ws/install/roombasimulator/share/roombasimulator/hook/pythonpath.ps1'
[1.351s] INFO:colcon.colcon_core.shell:Creating environment descriptor '/home/student/dev_ws/install/roombasimulator/share/roombasimulator/hook/pythonpath.dsv'
[1.351s] INFO:colcon.colcon_core.shell:Creating environment hook '/home/student/dev_ws/install/roombasimulator/share/roombasimulator/hook/pythonpath.sh'
[1.351s] Level 1:colcon.colcon_core.environment:create_environment_scripts_only(roombasimulator)
[1.352s] INFO:colcon.colcon_core.shell:Creating package script '/home/student/dev_ws/install/roombasimulator/share/roombasimulator/package.ps1'
[1.353s] INFO:colcon.colcon_core.shell:Creating package descriptor '/home/student/dev_ws/install/roombasimulator/share/roombasimulator/package.dsv'
[1.353s] INFO:colcon.colcon_core.shell:Creating package script '/home/student/dev_ws/install/roombasimulator/share/roombasimulator/package.sh'
[1.353s] INFO:colcon.colcon_core.shell:Creating package script '/home/student/dev_ws/install/roombasimulator/share/roombasimulator/package.bash'
[1.354s] INFO:colcon.colcon_core.shell:Creating package script '/home/student/dev_ws/install/roombasimulator/share/roombasimulator/package.zsh'
[1.354s] Level 1:colcon.colcon_core.environment:create_file_with_runtime_dependencies(/home/student/dev_ws/install/roombasimulator/share/colcon-core/packages/roombasimulator)
[1.355s] Level 1:colcon.colcon_core.environment:checking '/home/student/dev_ws/install/py_srvcli' for CMake module files
[1.356s] Level 1:colcon.colcon_core.environment:checking '/home/student/dev_ws/install/py_srvcli' for CMake config files
[1.356s] DEBUG:colcon.colcon_core.event_handler.log_command:Invoked command in '/home/student/dev_ws/py_srvcli' returned '0': PYTHONPATH=/home/student/dev_ws/install/py_srvcli/lib/python3.8/site-packages:${PYTHONPATH} /usr/bin/python3 setup.py egg_info --egg-base ../build/py_srvcli build --build-base /home/student/dev_ws/build/py_srvcli/build install --prefix /home/student/dev_ws/install/py_srvcli --record /home/student/dev_ws/build/py_srvcli/install.log --single-version-externally-managed
[1.357s] Level 1:colcon.colcon_core.environment:checking '/home/student/dev_ws/install/py_srvcli/lib'
[1.357s] Level 1:colcon.colcon_core.environment:checking '/home/student/dev_ws/install/py_srvcli/bin'
[1.357s] Level 1:colcon.colcon_core.environment:checking '/home/student/dev_ws/install/py_srvcli/lib/pkgconfig/py_srvcli.pc'
[1.357s] Level 1:colcon.colcon_core.environment:checking '/home/student/dev_ws/install/py_srvcli/lib/python3.8/site-packages'
[1.357s] Level 1:colcon.colcon_core.shell:create_environment_hook('py_srvcli', 'pythonpath')
[1.357s] INFO:colcon.colcon_core.shell:Creating environment hook '/home/student/dev_ws/install/py_srvcli/share/py_srvcli/hook/pythonpath.ps1'
[1.358s] INFO:colcon.colcon_core.shell:Creating environment descriptor '/home/student/dev_ws/install/py_srvcli/share/py_srvcli/hook/pythonpath.dsv'
[1.358s] INFO:colcon.colcon_core.shell:Creating environment hook '/home/student/dev_ws/install/py_srvcli/share/py_srvcli/hook/pythonpath.sh'
[1.358s] Level 1:colcon.colcon_core.environment:create_environment_scripts_only(py_srvcli)
[1.359s] INFO:colcon.colcon_core.shell:Creating package script '/home/student/dev_ws/install/py_srvcli/share/py_srvcli/package.ps1'
[1.360s] INFO:colcon.colcon_core.shell:Creating package descriptor '/home/student/dev_ws/install/py_srvcli/share/py_srvcli/package.dsv'
[1.360s] INFO:colcon.colcon_core.shell:Creating package script '/home/student/dev_ws/install/py_srvcli/share/py_srvcli/package.sh'
[1.361s] INFO:colcon.colcon_core.shell:Creating package script '/home/student/dev_ws/install/py_srvcli/share/py_srvcli/package.bash'
[1.361s] INFO:colcon.colcon_core.shell:Creating package script '/home/student/dev_ws/install/py_srvcli/share/py_srvcli/package.zsh'
[1.362s] Level 1:colcon.colcon_core.environment:create_file_with_runtime_dependencies(/home/student/dev_ws/install/py_srvcli/share/colcon-core/packages/py_srvcli)
[1.376s] DEBUG:colcon.colcon_core.event_handler.log_command:Invoking command in '/home/student/dev_ws/build/turtlesim': CMAKE_PREFIX_PATH=/opt/ros/foxy /usr/bin/cmake --install /home/student/dev_ws/build/turtlesim
[1.430s] Level 1:colcon.colcon_core.environment:create_environment_scripts_only(turtlesim)
[1.431s] DEBUG:colcon.colcon_core.event_handler.log_command:Invoked command in '/home/student/dev_ws/build/turtlesim' returned '0': CMAKE_PREFIX_PATH=/opt/ros/foxy /usr/bin/cmake --install /home/student/dev_ws/build/turtlesim
[1.432s] Level 1:colcon.colcon_core.environment:checking '/home/student/dev_ws/install/turtlesim' for CMake module files
[1.432s] Level 1:colcon.colcon_core.environment:checking '/home/student/dev_ws/install/turtlesim' for CMake config files
[1.433s] Level 1:colcon.colcon_core.shell:create_environment_hook('turtlesim', 'cmake_prefix_path')
[1.433s] INFO:colcon.colcon_core.shell:Creating environment hook '/home/student/dev_ws/install/turtlesim/share/turtlesim/hook/cmake_prefix_path.ps1'
[1.434s] INFO:colcon.colcon_core.shell:Creating environment descriptor '/home/student/dev_ws/install/turtlesim/share/turtlesim/hook/cmake_prefix_path.dsv'
[1.434s] INFO:colcon.colcon_core.shell:Creating environment hook '/home/student/dev_ws/install/turtlesim/share/turtlesim/hook/cmake_prefix_path.sh'
[1.435s] Level 1:colcon.colcon_core.environment:checking '/home/student/dev_ws/install/turtlesim/lib'
[1.435s] Level 1:colcon.colcon_core.shell:create_environment_hook('turtlesim', 'ld_library_path_lib')
[1.435s] INFO:colcon.colcon_core.shell:Creating environment hook '/home/student/dev_ws/install/turtlesim/share/turtlesim/hook/ld_library_path_lib.ps1'
[1.436s] INFO:colcon.colcon_core.shell:Creating environment descriptor '/home/student/dev_ws/install/turtlesim/share/turtlesim/hook/ld_library_path_lib.dsv'
[1.436s] INFO:colcon.colcon_core.shell:Creating environment hook '/home/student/dev_ws/install/turtlesim/share/turtlesim/hook/ld_library_path_lib.sh'
[1.436s] Level 1:colcon.colcon_core.environment:checking '/home/student/dev_ws/install/turtlesim/bin'
[1.436s] Level 1:colcon.colcon_core.environment:checking '/home/student/dev_ws/install/turtlesim/lib/pkgconfig/turtlesim.pc'
[1.436s] Level 1:colcon.colcon_core.environment:checking '/home/student/dev_ws/install/turtlesim/lib/python3.8/site-packages'
[1.436s] Level 1:colcon.colcon_core.shell:create_environment_hook('turtlesim', 'pythonpath')
[1.437s] INFO:colcon.colcon_core.shell:Creating environment hook '/home/student/dev_ws/install/turtlesim/share/turtlesim/hook/pythonpath.ps1'
[1.437s] INFO:colcon.colcon_core.shell:Creating environment descriptor '/home/student/dev_ws/install/turtlesim/share/turtlesim/hook/pythonpath.dsv'
[1.437s] INFO:colcon.colcon_core.shell:Creating environment hook '/home/student/dev_ws/install/turtlesim/share/turtlesim/hook/pythonpath.sh'
[1.438s] INFO:colcon.colcon_core.shell:Creating package script '/home/student/dev_ws/install/turtlesim/share/turtlesim/package.ps1'
[1.439s] INFO:colcon.colcon_core.shell:Creating package descriptor '/home/student/dev_ws/install/turtlesim/share/turtlesim/package.dsv'
[1.439s] INFO:colcon.colcon_core.shell:Creating package script '/home/student/dev_ws/install/turtlesim/share/turtlesim/package.sh'
[1.439s] INFO:colcon.colcon_core.shell:Creating package script '/home/student/dev_ws/install/turtlesim/share/turtlesim/package.bash'
[1.440s] INFO:colcon.colcon_core.shell:Creating package script '/home/student/dev_ws/install/turtlesim/share/turtlesim/package.zsh'
[1.440s] Level 1:colcon.colcon_core.environment:create_file_with_runtime_dependencies(/home/student/dev_ws/install/turtlesim/share/colcon-core/packages/turtlesim)
[1.570s] Level 1:colcon.colcon_core.environment:create_environment_scripts_only(turtlesim)
[1.571s] Level 1:colcon.colcon_core.environment:checking '/home/student/dev_ws/install/turtlesim' for CMake module files
[1.571s] Level 1:colcon.colcon_core.environment:checking '/home/student/dev_ws/install/turtlesim' for CMake config files
[1.572s] Level 1:colcon.colcon_core.shell:create_environment_hook('turtlesim', 'cmake_prefix_path')
[1.572s] INFO:colcon.colcon_core.shell:Creating environment hook '/home/student/dev_ws/install/turtlesim/share/turtlesim/hook/cmake_prefix_path.ps1'
[1.573s] INFO:colcon.colcon_core.shell:Creating environment descriptor '/home/student/dev_ws/install/turtlesim/share/turtlesim/hook/cmake_prefix_path.dsv'
[1.573s] INFO:colcon.colcon_core.shell:Creating environment hook '/home/student/dev_ws/install/turtlesim/share/turtlesim/hook/cmake_prefix_path.sh'
[1.574s] Level 1:colcon.colcon_core.environment:checking '/home/student/dev_ws/install/turtlesim/lib'
[1.574s] Level 1:colcon.colcon_core.shell:create_environment_hook('turtlesim', 'ld_library_path_lib')
[1.574s] INFO:colcon.colcon_core.shell:Creating environment hook '/home/student/dev_ws/install/turtlesim/share/turtlesim/hook/ld_library_path_lib.ps1'
[1.574s] INFO:colcon.colcon_core.shell:Creating environment descriptor '/home/student/dev_ws/install/turtlesim/share/turtlesim/hook/ld_library_path_lib.dsv'
[1.575s] INFO:colcon.colcon_core.shell:Creating environment hook '/home/student/dev_ws/install/turtlesim/share/turtlesim/hook/ld_library_path_lib.sh'
[1.575s] Level 1:colcon.colcon_core.environment:checking '/home/student/dev_ws/install/turtlesim/bin'
[1.575s] Level 1:colcon.colcon_core.environment:checking '/home/student/dev_ws/install/turtlesim/lib/pkgconfig/turtlesim.pc'
[1.575s] Level 1:colcon.colcon_core.environment:checking '/home/student/dev_ws/install/turtlesim/lib/python3.8/site-packages'
[1.575s] Level 1:colcon.colcon_core.shell:create_environment_hook('turtlesim', 'pythonpath')
[1.576s] INFO:colcon.colcon_core.shell:Creating environment hook '/home/student/dev_ws/install/turtlesim/share/turtlesim/hook/pythonpath.ps1'
[1.576s] INFO:colcon.colcon_core.shell:Creating environment descriptor '/home/student/dev_ws/install/turtlesim/share/turtlesim/hook/pythonpath.dsv'
[1.576s] INFO:colcon.colcon_core.shell:Creating environment hook '/home/student/dev_ws/install/turtlesim/share/turtlesim/hook/pythonpath.sh'
[1.577s] INFO:colcon.colcon_core.shell:Creating package script '/home/student/dev_ws/install/turtlesim/share/turtlesim/package.ps1'
[1.578s] INFO:colcon.colcon_core.shell:Creating package descriptor '/home/student/dev_ws/install/turtlesim/share/turtlesim/package.dsv'
[1.578s] INFO:colcon.colcon_core.shell:Creating package script '/home/student/dev_ws/install/turtlesim/share/turtlesim/package.sh'
[1.579s] INFO:colcon.colcon_core.shell:Creating package script '/home/student/dev_ws/install/turtlesim/share/turtlesim/package.bash'
[1.579s] INFO:colcon.colcon_core.shell:Creating package script '/home/student/dev_ws/install/turtlesim/share/turtlesim/package.zsh'
[1.579s] Level 1:colcon.colcon_core.environment:create_file_with_runtime_dependencies(/home/student/dev_ws/install/turtlesim/share/colcon-core/packages/turtlesim)
[1.580s] DEBUG:colcon.colcon_parallel_executor.executor.parallel:closing loop
[1.580s] DEBUG:colcon.colcon_parallel_executor.executor.parallel:loop closed
[1.580s] DEBUG:colcon.colcon_parallel_executor.executor.parallel:run_until_complete finished with '0'
[1.580s] DEBUG:colcon.colcon_core.event_reactor:joining thread
[1.585s] INFO:colcon.colcon_core.plugin_system:Skipping extension 'colcon_notification.desktop_notification.terminal_notifier': Not used on non-Darwin systems
[1.585s] INFO:colcon.colcon_core.plugin_system:Skipping extension 'colcon_notification.desktop_notification.win32': Not used on non-Windows systems
[1.585s] INFO:colcon.colcon_notification.desktop_notification:Sending desktop notification using 'notify2'
[1.598s] DEBUG:colcon.colcon_core.event_reactor:joined thread
[1.598s] INFO:colcon.colcon_core.shell:Creating prefix script '/home/student/dev_ws/install/local_setup.ps1'
[1.599s] INFO:colcon.colcon_core.shell:Creating prefix util module '/home/student/dev_ws/install/_local_setup_util_ps1.py'
[1.600s] INFO:colcon.colcon_core.shell:Creating prefix chain script '/home/student/dev_ws/install/setup.ps1'
[1.602s] INFO:colcon.colcon_core.shell:Creating prefix script '/home/student/dev_ws/install/local_setup.sh'
[1.603s] INFO:colcon.colcon_core.shell:Creating prefix util module '/home/student/dev_ws/install/_local_setup_util_sh.py'
[1.603s] INFO:colcon.colcon_core.shell:Creating prefix chain script '/home/student/dev_ws/install/setup.sh'
[1.605s] INFO:colcon.colcon_core.shell:Creating prefix script '/home/student/dev_ws/install/local_setup.bash'
[1.606s] INFO:colcon.colcon_core.shell:Creating prefix chain script '/home/student/dev_ws/install/setup.bash'
[1.607s] INFO:colcon.colcon_core.shell:Creating prefix script '/home/student/dev_ws/install/local_setup.zsh'
[1.608s] INFO:colcon.colcon_core.shell:Creating prefix chain script '/home/student/dev_ws/install/setup.zsh'
