[0.010s] Invoking command in '/home/student/dev_ws/build/cpp_parameters': CMAKE_PREFIX_PATH=${CMAKE_PREFIX_PATH}:/home/student/dev_ws/install/py_srvcli:/home/student/dev_ws/install/py_pubsub:/home/student/dev_ws/install/my_package:/opt/ros/foxy /usr/bin/cmake /home/student/dev_ws/src/cpp_parameters -DCMAKE_INSTALL_PREFIX=/home/student/dev_ws/install/cpp_parameters
[0.050s] -- The C compiler identification is GNU 9.3.0
[0.091s] -- The CXX compiler identification is GNU 9.3.0
[0.095s] -- Check for working C compiler: /usr/bin/cc
[0.149s] -- Check for working C compiler: /usr/bin/cc -- works
[0.150s] -- Detecting C compiler ABI info
[0.205s] -- Detecting C compiler ABI info - done
[0.215s] -- Detecting C compile features
[0.215s] -- Detecting C compile features - done
[0.217s] -- Check for working CXX compiler: /usr/bin/c++
[0.277s] -- Check for working CXX compiler: /usr/bin/c++ -- works
[0.278s] -- Detecting CXX compiler ABI info
[0.337s] -- Detecting CXX compiler ABI info - done
[0.347s] -- Detecting CXX compile features
[0.347s] -- Detecting CXX compile features - done
[0.349s] -- Found ament_cmake: 0.9.8 (/opt/ros/foxy/share/ament_cmake/cmake)
[0.368s] -- Found PythonInterp: /usr/bin/python3 (found suitable version "3.8.5", minimum required is "3") 
[0.368s] -- Using PYTHON_EXECUTABLE: /usr/bin/python3
[0.516s] -- Found rclcpp: 2.3.0 (/opt/ros/foxy/share/rclcpp/cmake)
[0.552s] -- Using all available rosidl_typesupport_c: rosidl_typesupport_fastrtps_c;rosidl_typesupport_introspection_c
[0.558s] -- Found rosidl_adapter: 1.2.0 (/opt/ros/foxy/share/rosidl_adapter/cmake)
[0.611s] -- Found OpenSSL: /usr/lib/x86_64-linux-gnu/libcrypto.so (found version "1.1.1f")  
[0.633s] -- Found FastRTPS: /opt/ros/foxy/include  
[0.692s] -- Using all available rosidl_typesupport_cpp: rosidl_typesupport_fastrtps_cpp;rosidl_typesupport_introspection_cpp
[0.738s] -- Found rmw_implementation_cmake: 1.0.2 (/opt/ros/foxy/share/rmw_implementation_cmake/cmake)
[0.739s] -- Using RMW implementation 'rmw_fastrtps_cpp' as default
[0.740s] -- Looking for pthread.h
[0.790s] -- Looking for pthread.h - found
[0.791s] -- Performing Test CMAKE_HAVE_LIBC_PTHREAD
[0.843s] -- Performing Test CMAKE_HAVE_LIBC_PTHREAD - Failed
[0.843s] -- Looking for pthread_create in pthreads
[0.885s] -- Looking for pthread_create in pthreads - not found
[0.885s] -- Looking for pthread_create in pthread
[0.936s] -- Looking for pthread_create in pthread - found
[0.936s] -- Found Threads: TRUE  
[1.057s] CMake Error at CMakeLists.txt:24 (install):
[1.057s]   Syntax error in cmake code at
[1.057s] 
[1.057s]     /home/student/dev_ws/src/cpp_parameters/CMakeLists.txt:24
[1.057s] 
[1.058s]   when parsing string
[1.058s] 
[1.058s]     $lib{PROJECT_NAME}
[1.058s] 
[1.058s]   Syntax $lib{{} is not supported.  Only ${}, $ENV{}, and $CACHE{} are
[1.058s]   allowed.
[1.058s] 
[1.058s] 
[1.058s] -- Configuring incomplete, errors occurred!
[1.058s] See also "/home/student/dev_ws/build/cpp_parameters/CMakeFiles/CMakeOutput.log".
[1.058s] See also "/home/student/dev_ws/build/cpp_parameters/CMakeFiles/CMakeError.log".
[1.063s] Invoked command in '/home/student/dev_ws/build/cpp_parameters' returned '1': CMAKE_PREFIX_PATH=${CMAKE_PREFIX_PATH}:/home/student/dev_ws/install/py_srvcli:/home/student/dev_ws/install/py_pubsub:/home/student/dev_ws/install/my_package:/opt/ros/foxy /usr/bin/cmake /home/student/dev_ws/src/cpp_parameters -DCMAKE_INSTALL_PREFIX=/home/student/dev_ws/install/cpp_parameters
