/home/student/dev_ws/install/turtlecrab/lib/python3.8/site-packages/turtlecrab/holo_driver.py
/home/student/dev_ws/install/turtlecrab/lib/python3.8/site-packages/turtlecrab/__init__.py
/home/student/dev_ws/install/turtlecrab/lib/python3.8/site-packages/turtlecrab/__pycache__/holo_driver.cpython-38.pyc
/home/student/dev_ws/install/turtlecrab/lib/python3.8/site-packages/turtlecrab/__pycache__/__init__.cpython-38.pyc
/home/student/dev_ws/install/turtlecrab/share/ament_index/resource_index/packages/turtlecrab
/home/student/dev_ws/install/turtlecrab/share/turtlecrab/package.xml
/home/student/dev_ws/install/turtlecrab/share/turtlecrab/launch/slam_toolbox.launch.py
/home/student/dev_ws/install/turtlecrab/share/turtlecrab/launch/nav_alternative.launch.py
/home/student/dev_ws/install/turtlecrab/share/turtlecrab/launch/nav_core.launch.py
/home/student/dev_ws/install/turtlecrab/share/turtlecrab/config/slam/slam_localization.yaml
/home/student/dev_ws/install/turtlecrab/share/turtlecrab/config/slam/slam_async.yaml
/home/student/dev_ws/install/turtlecrab/share/turtlecrab/config/nav/controller_dwb.yaml
/home/student/dev_ws/install/turtlecrab/share/turtlecrab/config/nav/amcl.yaml
/home/student/dev_ws/install/turtlecrab/share/turtlecrab/config/nav/recoveries.yaml
/home/student/dev_ws/install/turtlecrab/share/turtlecrab/config/nav/waypoint.yaml
/home/student/dev_ws/install/turtlecrab/share/turtlecrab/config/nav/bt_navigator.yaml
/home/student/dev_ws/install/turtlecrab/share/turtlecrab/config/nav/planner.yaml
/home/student/dev_ws/install/turtlecrab/lib/python3.8/site-packages/turtlecrab-0.0.1-py3.8.egg-info/dependency_links.txt
/home/student/dev_ws/install/turtlecrab/lib/python3.8/site-packages/turtlecrab-0.0.1-py3.8.egg-info/entry_points.txt
/home/student/dev_ws/install/turtlecrab/lib/python3.8/site-packages/turtlecrab-0.0.1-py3.8.egg-info/requires.txt
/home/student/dev_ws/install/turtlecrab/lib/python3.8/site-packages/turtlecrab-0.0.1-py3.8.egg-info/top_level.txt
/home/student/dev_ws/install/turtlecrab/lib/python3.8/site-packages/turtlecrab-0.0.1-py3.8.egg-info/zip-safe
/home/student/dev_ws/install/turtlecrab/lib/python3.8/site-packages/turtlecrab-0.0.1-py3.8.egg-info/PKG-INFO
/home/student/dev_ws/install/turtlecrab/lib/python3.8/site-packages/turtlecrab-0.0.1-py3.8.egg-info/SOURCES.txt
/home/student/dev_ws/install/turtlecrab/lib/turtlecrab/holo_driver
