[0.809s] Invoking command in '/home/student/dev_ws/src/py_parameters': PYTHONPATH=/home/student/dev_ws/install/py_parameters/lib/python3.8/site-packages:${PYTHONPATH} /usr/bin/python3 setup.py egg_info --egg-base ../../build/py_parameters build --build-base /home/student/dev_ws/build/py_parameters/build install --prefix /home/student/dev_ws/install/py_parameters --record /home/student/dev_ws/build/py_parameters/install.log --single-version-externally-managed
[1.248s] running egg_info
[1.249s] writing ../../build/py_parameters/py_parameters.egg-info/PKG-INFO
[1.250s] writing dependency_links to ../../build/py_parameters/py_parameters.egg-info/dependency_links.txt
[1.250s] writing entry points to ../../build/py_parameters/py_parameters.egg-info/entry_points.txt
[1.250s] writing requirements to ../../build/py_parameters/py_parameters.egg-info/requires.txt
[1.250s] writing top-level names to ../../build/py_parameters/py_parameters.egg-info/top_level.txt
[1.295s] reading manifest file '../../build/py_parameters/py_parameters.egg-info/SOURCES.txt'
[1.296s] writing manifest file '../../build/py_parameters/py_parameters.egg-info/SOURCES.txt'
[1.297s] running build
[1.297s] running build_py
[1.298s] running install
[1.299s] running install_lib
[1.302s] running install_data
[1.304s] running install_egg_info
[1.307s] removing '/home/student/dev_ws/install/py_parameters/lib/python3.8/site-packages/py_parameters-0.0.0-py3.8.egg-info' (and everything under it)
[1.308s] Copying ../../build/py_parameters/py_parameters.egg-info to /home/student/dev_ws/install/py_parameters/lib/python3.8/site-packages/py_parameters-0.0.0-py3.8.egg-info
[1.311s] running install_scripts
[1.346s] Installing param_talker script to /home/student/dev_ws/install/py_parameters/lib/py_parameters
[1.347s] writing list of installed files to '/home/student/dev_ws/build/py_parameters/install.log'
[1.376s] Invoked command in '/home/student/dev_ws/src/py_parameters' returned '0': PYTHONPATH=/home/student/dev_ws/install/py_parameters/lib/python3.8/site-packages:${PYTHONPATH} /usr/bin/python3 setup.py egg_info --egg-base ../../build/py_parameters build --build-base /home/student/dev_ws/build/py_parameters/build install --prefix /home/student/dev_ws/install/py_parameters --record /home/student/dev_ws/build/py_parameters/install.log --single-version-externally-managed
