[0.701s] Invoking command in '/home/student/dev_ws/build/roombasimulator': PYTHONPATH=/home/student/dev_ws/install/roombasimulator/lib/python3.8/site-packages:${PYTHONPATH} /usr/bin/python3 setup.py develop --prefix /home/student/dev_ws/install/roombasimulator --uninstall --editable --build-directory /home/student/dev_ws/build/roombasimulator/build
[0.996s] running develop
[1.159s] Invoked command in '/home/student/dev_ws/build/roombasimulator' returned '0': PYTHONPATH=/home/student/dev_ws/install/roombasimulator/lib/python3.8/site-packages:${PYTHONPATH} /usr/bin/python3 setup.py develop --prefix /home/student/dev_ws/install/roombasimulator --uninstall --editable --build-directory /home/student/dev_ws/build/roombasimulator/build
[1.160s] Invoking command in '/home/student/dev_ws/src/roombasimulator': PYTHONPATH=/home/student/dev_ws/install/roombasimulator/lib/python3.8/site-packages:${PYTHONPATH} /usr/bin/python3 setup.py egg_info --egg-base ../../build/roombasimulator build --build-base /home/student/dev_ws/build/roombasimulator/build install --prefix /home/student/dev_ws/install/roombasimulator --record /home/student/dev_ws/build/roombasimulator/install.log --single-version-externally-managed
[1.361s] running egg_info
[1.361s] writing ../../build/roombasimulator/roombasimulator.egg-info/PKG-INFO
[1.362s] writing dependency_links to ../../build/roombasimulator/roombasimulator.egg-info/dependency_links.txt
[1.362s] writing entry points to ../../build/roombasimulator/roombasimulator.egg-info/entry_points.txt
[1.362s] writing requirements to ../../build/roombasimulator/roombasimulator.egg-info/requires.txt
[1.362s] writing top-level names to ../../build/roombasimulator/roombasimulator.egg-info/top_level.txt
[1.391s] reading manifest file '../../build/roombasimulator/roombasimulator.egg-info/SOURCES.txt'
[1.391s] writing manifest file '../../build/roombasimulator/roombasimulator.egg-info/SOURCES.txt'
[1.391s] running build
[1.391s] running build_py
[1.392s] copying roombasimulator/Robot.py -> /home/student/dev_ws/build/roombasimulator/build/lib/roombasimulator
[1.392s] running install
[1.393s] running install_lib
[1.394s] creating /home/student/dev_ws/install/roombasimulator/lib/python3.8/site-packages/roombasimulator
[1.394s] copying /home/student/dev_ws/build/roombasimulator/build/lib/roombasimulator/statemachine.py -> /home/student/dev_ws/install/roombasimulator/lib/python3.8/site-packages/roombasimulator
[1.394s] copying /home/student/dev_ws/build/roombasimulator/build/lib/roombasimulator/Robot.py -> /home/student/dev_ws/install/roombasimulator/lib/python3.8/site-packages/roombasimulator
[1.394s] copying /home/student/dev_ws/build/roombasimulator/build/lib/roombasimulator/BatteryManagement.py -> /home/student/dev_ws/install/roombasimulator/lib/python3.8/site-packages/roombasimulator
[1.394s] copying /home/student/dev_ws/build/roombasimulator/build/lib/roombasimulator/__init__.py -> /home/student/dev_ws/install/roombasimulator/lib/python3.8/site-packages/roombasimulator
[1.394s] byte-compiling /home/student/dev_ws/install/roombasimulator/lib/python3.8/site-packages/roombasimulator/statemachine.py to statemachine.cpython-38.pyc
[1.395s] byte-compiling /home/student/dev_ws/install/roombasimulator/lib/python3.8/site-packages/roombasimulator/Robot.py to Robot.cpython-38.pyc
[1.396s] byte-compiling /home/student/dev_ws/install/roombasimulator/lib/python3.8/site-packages/roombasimulator/BatteryManagement.py to BatteryManagement.cpython-38.pyc
[1.397s] byte-compiling /home/student/dev_ws/install/roombasimulator/lib/python3.8/site-packages/roombasimulator/__init__.py to __init__.cpython-38.pyc
[1.397s] running install_data
[1.397s] running install_egg_info
[1.399s] Copying ../../build/roombasimulator/roombasimulator.egg-info to /home/student/dev_ws/install/roombasimulator/lib/python3.8/site-packages/roombasimulator-0.0.0-py3.8.egg-info
[1.399s] running install_scripts
[1.414s] writing list of installed files to '/home/student/dev_ws/build/roombasimulator/install.log'
[1.431s] Invoked command in '/home/student/dev_ws/src/roombasimulator' returned '0': PYTHONPATH=/home/student/dev_ws/install/roombasimulator/lib/python3.8/site-packages:${PYTHONPATH} /usr/bin/python3 setup.py egg_info --egg-base ../../build/roombasimulator build --build-base /home/student/dev_ws/build/roombasimulator/build install --prefix /home/student/dev_ws/install/roombasimulator --record /home/student/dev_ws/build/roombasimulator/install.log --single-version-externally-managed
