[0.011s] Invoking command in '/home/student/dev_ws/build/cpp_parameters': CMAKE_PREFIX_PATH=${CMAKE_PREFIX_PATH}:/home/student/dev_ws/install/py_srvcli:/home/student/dev_ws/install/py_pubsub:/home/student/dev_ws/install/my_package:/opt/ros/foxy /usr/bin/cmake /home/student/dev_ws/src/cpp_parameters -DCMAKE_INSTALL_PREFIX=/home/student/dev_ws/install/cpp_parameters
[0.022s] -- Found ament_cmake: 0.9.8 (/opt/ros/foxy/share/ament_cmake/cmake)
[0.038s] -- Using PYTHON_EXECUTABLE: /usr/bin/python3
[0.173s] -- Found rclcpp: 2.3.0 (/opt/ros/foxy/share/rclcpp/cmake)
[0.199s] -- Using all available rosidl_typesupport_c: rosidl_typesupport_fastrtps_c;rosidl_typesupport_introspection_c
[0.201s] -- Found rosidl_adapter: 1.2.0 (/opt/ros/foxy/share/rosidl_adapter/cmake)
[0.291s] -- Using all available rosidl_typesupport_cpp: rosidl_typesupport_fastrtps_cpp;rosidl_typesupport_introspection_cpp
[0.330s] -- Found rmw_implementation_cmake: 1.0.2 (/opt/ros/foxy/share/rmw_implementation_cmake/cmake)
[0.331s] -- Using RMW implementation 'rmw_fastrtps_cpp' as default
[0.441s] -- Found ament_lint_auto: 0.9.6 (/opt/ros/foxy/share/ament_lint_auto/cmake)
[0.489s] -- Added test 'copyright' to check source files copyright and LICENSE
[0.489s] -- Added test 'cppcheck' to perform static code analysis on C / C++ code
[0.489s] -- Configured cppcheck include dirs: 
[0.489s] -- Configured cppcheck exclude dirs and/or files: 
[0.490s] -- Added test 'cpplint' to check C / C++ code against the Google style
[0.490s] -- Configured cpplint exclude dirs and/or files: 
[0.490s] -- Added test 'lint_cmake' to check CMake code style
[0.491s] -- Added test 'uncrustify' to check C / C++ code style
[0.491s] -- Configured uncrustify additional arguments: 
[0.491s] -- Added test 'xmllint' to check XML markup files
[0.493s] -- Configuring done
[0.499s] -- Generating done
[0.500s] -- Build files have been written to: /home/student/dev_ws/build/cpp_parameters
[0.506s] Invoked command in '/home/student/dev_ws/build/cpp_parameters' returned '0': CMAKE_PREFIX_PATH=${CMAKE_PREFIX_PATH}:/home/student/dev_ws/install/py_srvcli:/home/student/dev_ws/install/py_pubsub:/home/student/dev_ws/install/my_package:/opt/ros/foxy /usr/bin/cmake /home/student/dev_ws/src/cpp_parameters -DCMAKE_INSTALL_PREFIX=/home/student/dev_ws/install/cpp_parameters
[0.506s] Invoking command in '/home/student/dev_ws/build/cpp_parameters': CMAKE_PREFIX_PATH=${CMAKE_PREFIX_PATH}:/home/student/dev_ws/install/py_srvcli:/home/student/dev_ws/install/py_pubsub:/home/student/dev_ws/install/my_package:/opt/ros/foxy /usr/bin/cmake --build /home/student/dev_ws/build/cpp_parameters -- -j12 -l12
[0.535s] [35m[1mScanning dependencies of target parameter_node[0m
[0.560s] [ 50%] [32mBuilding CXX object CMakeFiles/parameter_node.dir/src/cpp_parameters_node.cpp.o[0m
[1.914s] [100%] [32m[1mLinking CXX executable parameter_node[0m
[1.998s] [100%] Built target parameter_node
[2.006s] Invoked command in '/home/student/dev_ws/build/cpp_parameters' returned '0': CMAKE_PREFIX_PATH=${CMAKE_PREFIX_PATH}:/home/student/dev_ws/install/py_srvcli:/home/student/dev_ws/install/py_pubsub:/home/student/dev_ws/install/my_package:/opt/ros/foxy /usr/bin/cmake --build /home/student/dev_ws/build/cpp_parameters -- -j12 -l12
[2.032s] Invoking command in '/home/student/dev_ws/build/cpp_parameters': CMAKE_PREFIX_PATH=${CMAKE_PREFIX_PATH}:/home/student/dev_ws/install/py_srvcli:/home/student/dev_ws/install/py_pubsub:/home/student/dev_ws/install/my_package:/opt/ros/foxy /usr/bin/cmake --install /home/student/dev_ws/build/cpp_parameters
[2.038s] -- Install configuration: ""
[2.038s] -- Installing: /home/student/dev_ws/install/cpp_parameters/libcpp_parameters/parameter_node
[2.039s] -- Set runtime path of "/home/student/dev_ws/install/cpp_parameters/libcpp_parameters/parameter_node" to ""
[2.039s] -- Installing: /home/student/dev_ws/install/cpp_parameters/share/ament_index/resource_index/package_run_dependencies/cpp_parameters
[2.039s] -- Installing: /home/student/dev_ws/install/cpp_parameters/share/ament_index/resource_index/parent_prefix_path/cpp_parameters
[2.039s] -- Installing: /home/student/dev_ws/install/cpp_parameters/share/cpp_parameters/environment/ament_prefix_path.sh
[2.039s] -- Installing: /home/student/dev_ws/install/cpp_parameters/share/cpp_parameters/environment/ament_prefix_path.dsv
[2.039s] -- Installing: /home/student/dev_ws/install/cpp_parameters/share/cpp_parameters/environment/path.sh
[2.039s] -- Installing: /home/student/dev_ws/install/cpp_parameters/share/cpp_parameters/environment/path.dsv
[2.039s] -- Installing: /home/student/dev_ws/install/cpp_parameters/share/cpp_parameters/local_setup.bash
[2.040s] -- Installing: /home/student/dev_ws/install/cpp_parameters/share/cpp_parameters/local_setup.sh
[2.040s] -- Installing: /home/student/dev_ws/install/cpp_parameters/share/cpp_parameters/local_setup.zsh
[2.040s] -- Installing: /home/student/dev_ws/install/cpp_parameters/share/cpp_parameters/local_setup.dsv
[2.040s] -- Installing: /home/student/dev_ws/install/cpp_parameters/share/cpp_parameters/package.dsv
[2.040s] -- Installing: /home/student/dev_ws/install/cpp_parameters/share/ament_index/resource_index/packages/cpp_parameters
[2.040s] -- Installing: /home/student/dev_ws/install/cpp_parameters/share/cpp_parameters/cmake/cpp_parametersConfig.cmake
[2.040s] -- Installing: /home/student/dev_ws/install/cpp_parameters/share/cpp_parameters/cmake/cpp_parametersConfig-version.cmake
[2.040s] -- Installing: /home/student/dev_ws/install/cpp_parameters/share/cpp_parameters/package.xml
[2.042s] Invoked command in '/home/student/dev_ws/build/cpp_parameters' returned '0': CMAKE_PREFIX_PATH=${CMAKE_PREFIX_PATH}:/home/student/dev_ws/install/py_srvcli:/home/student/dev_ws/install/py_pubsub:/home/student/dev_ws/install/my_package:/opt/ros/foxy /usr/bin/cmake --install /home/student/dev_ws/build/cpp_parameters
