[0.014s] Invoking command in '/home/student/dev_ws/build/tutorial_interfaces': CMAKE_PREFIX_PATH=${CMAKE_PREFIX_PATH}:/home/student/dev_ws/install/py_srvcli:/home/student/dev_ws/install/py_pubsub:/home/student/dev_ws/install/my_package:/opt/ros/foxy /usr/bin/cmake /home/student/dev_ws/src/tutorial_interfaces -DCMAKE_INSTALL_PREFIX=/home/student/dev_ws/install/tutorial_interfaces
[0.027s] -- Found ament_cmake: 0.9.8 (/opt/ros/foxy/share/ament_cmake/cmake)
[0.050s] -- Using PYTHON_EXECUTABLE: /usr/bin/python3
[0.222s] -- Found rosidl_default_generators: 1.0.0 (/opt/ros/foxy/share/rosidl_default_generators/cmake)
[0.227s] -- Using all available rosidl_typesupport_c: rosidl_typesupport_fastrtps_c;rosidl_typesupport_introspection_c
[0.235s] -- Found rosidl_adapter: 1.2.0 (/opt/ros/foxy/share/rosidl_adapter/cmake)
[0.328s] -- Found OpenSSL: /usr/lib/x86_64-linux-gnu/libcrypto.so (found version "1.1.1f")  
[0.359s] -- Found FastRTPS: /opt/ros/foxy/include  
[0.435s] -- Using all available rosidl_typesupport_cpp: rosidl_typesupport_fastrtps_cpp;rosidl_typesupport_introspection_cpp
[0.481s] -- Found PythonInterp: /usr/bin/python3 (found version "3.8.5") 
[0.632s] CMake Error at /opt/ros/foxy/share/rosidl_adapter/cmake/rosidl_adapt_interfaces.cmake:60 (message):
[0.632s]   execute_process(/usr/bin/python3 -m rosidl_adapter --package-name
[0.632s]   tutorial_interfaces --arguments-file
[0.632s]   /home/student/dev_ws/build/tutorial_interfaces/rosidl_adapter__arguments__tutorial_interfaces.json
[0.632s]   --output-dir
[0.632s]   /home/student/dev_ws/build/tutorial_interfaces/rosidl_adapter/tutorial_interfaces
[0.632s]   --output-file
[0.632s]   /home/student/dev_ws/build/tutorial_interfaces/rosidl_adapter/tutorial_interfaces.idls)
[0.632s]   returned error code 1:
[0.632s] 
[0.632s]   Traceback (most recent call last):
[0.632s] 
[0.632s]     File "/usr/lib/python3.8/runpy.py", line 194, in _run_module_as_main
[0.633s]       return _run_code(code, main_globals, None,
[0.633s]     File "/usr/lib/python3.8/runpy.py", line 87, in _run_code
[0.633s]       exec(code, run_globals)
[0.633s]     File "/opt/ros/foxy/lib/python3.8/site-packages/rosidl_adapter/__main__.py", line 19, in <module>
[0.633s]       sys.exit(main())
[0.633s]     File "/opt/ros/foxy/lib/python3.8/site-packages/rosidl_adapter/main.py", line 53, in main
[0.633s]       abs_idl_file = convert_to_idl(
[0.633s]     File "/opt/ros/foxy/lib/python3.8/site-packages/rosidl_adapter/__init__.py", line 24, in convert_to_idl
[0.633s]       return convert_srv_to_idl(
[0.633s]     File "/opt/ros/foxy/lib/python3.8/site-packages/rosidl_adapter/srv/__init__.py", line 28, in convert_srv_to_idl
[0.633s]       srv = parse_service_string(package_name, input_file.stem, content)
[0.634s]     File "/opt/ros/foxy/lib/python3.8/site-packages/rosidl_adapter/parser.py", line 833, in parse_service_string
[0.634s]       raise InvalidServiceSpecification(
[0.634s] 
[0.634s]   rosidl_adapter.parser.InvalidServiceSpecification: Could not find separator
[0.634s]   '---' between request and response
[0.634s] 
[0.634s] Call Stack (most recent call first):
[0.634s]   /opt/ros/foxy/share/rosidl_cmake/cmake/rosidl_generate_interfaces.cmake:130 (rosidl_adapt_interfaces)
[0.634s]   CMakeLists.txt:21 (rosidl_generate_interfaces)
[0.634s] 
[0.634s] 
[0.634s] -- Configuring incomplete, errors occurred!
[0.634s] See also "/home/student/dev_ws/build/tutorial_interfaces/CMakeFiles/CMakeOutput.log".
[0.638s] Invoked command in '/home/student/dev_ws/build/tutorial_interfaces' returned '1': CMAKE_PREFIX_PATH=${CMAKE_PREFIX_PATH}:/home/student/dev_ws/install/py_srvcli:/home/student/dev_ws/install/py_pubsub:/home/student/dev_ws/install/my_package:/opt/ros/foxy /usr/bin/cmake /home/student/dev_ws/src/tutorial_interfaces -DCMAKE_INSTALL_PREFIX=/home/student/dev_ws/install/tutorial_interfaces
