[0.771s] Invoking command in '/home/student/dev_ws/src/roombosimator': PYTHONPATH=/home/student/dev_ws/install/RoomboSimator/lib/python3.8/site-packages:${PYTHONPATH} /usr/bin/python3 setup.py egg_info --egg-base ../../build/RoomboSimator build --build-base /home/student/dev_ws/build/RoomboSimator/build install --prefix /home/student/dev_ws/install/RoomboSimator --record /home/student/dev_ws/build/RoomboSimator/install.log --single-version-externally-managed
[1.106s] running egg_info
[1.107s] writing ../../build/RoomboSimator/RoomboSimator.egg-info/PKG-INFO
[1.107s] writing dependency_links to ../../build/RoomboSimator/RoomboSimator.egg-info/dependency_links.txt
[1.108s] writing entry points to ../../build/RoomboSimator/RoomboSimator.egg-info/entry_points.txt
[1.108s] writing requirements to ../../build/RoomboSimator/RoomboSimator.egg-info/requires.txt
[1.108s] writing top-level names to ../../build/RoomboSimator/RoomboSimator.egg-info/top_level.txt
[1.156s] reading manifest file '../../build/RoomboSimator/RoomboSimator.egg-info/SOURCES.txt'
[1.157s] writing manifest file '../../build/RoomboSimator/RoomboSimator.egg-info/SOURCES.txt'
[1.157s] running build
[1.158s] running build_py
[1.158s] running install
[1.159s] running install_lib
[1.161s] running install_data
[1.161s] running install_egg_info
[1.164s] removing '/home/student/dev_ws/install/RoomboSimator/lib/python3.8/site-packages/RoomboSimator-0.0.0-py3.8.egg-info' (and everything under it)
[1.164s] Copying ../../build/RoomboSimator/RoomboSimator.egg-info to /home/student/dev_ws/install/RoomboSimator/lib/python3.8/site-packages/RoomboSimator-0.0.0-py3.8.egg-info
[1.165s] running install_scripts
[1.188s] writing list of installed files to '/home/student/dev_ws/build/RoomboSimator/install.log'
[1.218s] Invoked command in '/home/student/dev_ws/src/roombosimator' returned '0': PYTHONPATH=/home/student/dev_ws/install/RoomboSimator/lib/python3.8/site-packages:${PYTHONPATH} /usr/bin/python3 setup.py egg_info --egg-base ../../build/RoomboSimator build --build-base /home/student/dev_ws/build/RoomboSimator/build install --prefix /home/student/dev_ws/install/RoomboSimator --record /home/student/dev_ws/build/RoomboSimator/install.log --single-version-externally-managed
