[0.197s] Invoking command in '/home/student/dev_ws/py_srvcli': PYTHONPATH=/home/student/dev_ws/install/py_srvcli/lib/python3.8/site-packages:${PYTHONPATH} /usr/bin/python3 setup.py egg_info --egg-base ../build/py_srvcli build --build-base /home/student/dev_ws/build/py_srvcli/build install --prefix /home/student/dev_ws/install/py_srvcli --record /home/student/dev_ws/build/py_srvcli/install.log --single-version-externally-managed
[0.365s] running egg_info
[0.365s] creating ../build/py_srvcli/py_srvcli.egg-info
[0.366s] writing ../build/py_srvcli/py_srvcli.egg-info/PKG-INFO
[0.366s] writing dependency_links to ../build/py_srvcli/py_srvcli.egg-info/dependency_links.txt
[0.366s] writing entry points to ../build/py_srvcli/py_srvcli.egg-info/entry_points.txt
[0.366s] writing requirements to ../build/py_srvcli/py_srvcli.egg-info/requires.txt
[0.366s] writing top-level names to ../build/py_srvcli/py_srvcli.egg-info/top_level.txt
[0.367s] writing manifest file '../build/py_srvcli/py_srvcli.egg-info/SOURCES.txt'
[0.392s] reading manifest file '../build/py_srvcli/py_srvcli.egg-info/SOURCES.txt'
[0.393s] writing manifest file '../build/py_srvcli/py_srvcli.egg-info/SOURCES.txt'
[0.393s] running build
[0.393s] running build_py
[0.394s] creating /home/student/dev_ws/build/py_srvcli/build
[0.394s] creating /home/student/dev_ws/build/py_srvcli/build/lib
[0.394s] creating /home/student/dev_ws/build/py_srvcli/build/lib/py_srvcli
[0.394s] copying py_srvcli/client_member_function.py -> /home/student/dev_ws/build/py_srvcli/build/lib/py_srvcli
[0.394s] copying py_srvcli/service_member_function.py -> /home/student/dev_ws/build/py_srvcli/build/lib/py_srvcli
[0.394s] copying py_srvcli/__init__.py -> /home/student/dev_ws/build/py_srvcli/build/lib/py_srvcli
[0.394s] running install
[0.395s] running install_lib
[0.396s] creating /home/student/dev_ws/install/py_srvcli/lib/python3.8/site-packages/py_srvcli
[0.396s] copying /home/student/dev_ws/build/py_srvcli/build/lib/py_srvcli/client_member_function.py -> /home/student/dev_ws/install/py_srvcli/lib/python3.8/site-packages/py_srvcli
[0.396s] copying /home/student/dev_ws/build/py_srvcli/build/lib/py_srvcli/service_member_function.py -> /home/student/dev_ws/install/py_srvcli/lib/python3.8/site-packages/py_srvcli
[0.396s] copying /home/student/dev_ws/build/py_srvcli/build/lib/py_srvcli/__init__.py -> /home/student/dev_ws/install/py_srvcli/lib/python3.8/site-packages/py_srvcli
[0.396s] byte-compiling /home/student/dev_ws/install/py_srvcli/lib/python3.8/site-packages/py_srvcli/client_member_function.py to client_member_function.cpython-38.pyc
[0.398s] byte-compiling /home/student/dev_ws/install/py_srvcli/lib/python3.8/site-packages/py_srvcli/service_member_function.py to service_member_function.cpython-38.pyc
[0.398s] byte-compiling /home/student/dev_ws/install/py_srvcli/lib/python3.8/site-packages/py_srvcli/__init__.py to __init__.cpython-38.pyc
[0.398s] running install_data
[0.399s] creating /home/student/dev_ws/install/py_srvcli/share/ament_index
[0.399s] creating /home/student/dev_ws/install/py_srvcli/share/ament_index/resource_index
[0.399s] creating /home/student/dev_ws/install/py_srvcli/share/ament_index/resource_index/packages
[0.399s] copying resource/py_srvcli -> /home/student/dev_ws/install/py_srvcli/share/ament_index/resource_index/packages
[0.399s] copying package.xml -> /home/student/dev_ws/install/py_srvcli/share/py_srvcli
[0.399s] running install_egg_info
[0.400s] Copying ../build/py_srvcli/py_srvcli.egg-info to /home/student/dev_ws/install/py_srvcli/lib/python3.8/site-packages/py_srvcli-0.0.0-py3.8.egg-info
[0.401s] running install_scripts
[0.415s] Installing client script to /home/student/dev_ws/install/py_srvcli/lib/py_srvcli
[0.416s] Installing service script to /home/student/dev_ws/install/py_srvcli/lib/py_srvcli
[0.416s] writing list of installed files to '/home/student/dev_ws/build/py_srvcli/install.log'
[0.430s] Invoked command in '/home/student/dev_ws/py_srvcli' returned '0': PYTHONPATH=/home/student/dev_ws/install/py_srvcli/lib/python3.8/site-packages:${PYTHONPATH} /usr/bin/python3 setup.py egg_info --egg-base ../build/py_srvcli build --build-base /home/student/dev_ws/build/py_srvcli/build install --prefix /home/student/dev_ws/install/py_srvcli --record /home/student/dev_ws/build/py_srvcli/install.log --single-version-externally-managed
