[0.020s] Invoking command in '/home/student/dev_ws/build/tutorial_interfaces': CMAKE_PREFIX_PATH=/opt/ros/foxy /usr/bin/cmake /home/student/dev_ws/src/tutorial_interfaces -DCMAKE_INSTALL_PREFIX=/home/student/dev_ws/install/tutorial_interfaces
[0.102s] -- Found ament_cmake: 0.9.8 (/opt/ros/foxy/share/ament_cmake/cmake)
[0.135s] -- Found PythonInterp: /usr/bin/python3 (found suitable version "3.8.5", minimum required is "3") 
[0.136s] -- Using PYTHON_EXECUTABLE: /usr/bin/python3
[0.299s] -- Found rosidl_default_generators: 1.0.0 (/opt/ros/foxy/share/rosidl_default_generators/cmake)
[0.303s] -- Using all available rosidl_typesupport_c: rosidl_typesupport_fastrtps_c;rosidl_typesupport_introspection_c
[0.309s] -- Found rosidl_adapter: 1.2.0 (/opt/ros/foxy/share/rosidl_adapter/cmake)
[0.448s] -- Using all available rosidl_typesupport_cpp: rosidl_typesupport_fastrtps_cpp;rosidl_typesupport_introspection_cpp
[0.490s] -- Found PythonInterp: /usr/bin/python3 (found version "3.8.5") 
[0.622s] CMake Error at /opt/ros/foxy/share/rosidl_adapter/cmake/rosidl_adapt_interfaces.cmake:60 (message):
[0.622s]   execute_process(/usr/bin/python3 -m rosidl_adapter --package-name
[0.622s]   tutorial_interfaces --arguments-file
[0.622s]   /home/student/dev_ws/build/tutorial_interfaces/rosidl_adapter__arguments__tutorial_interfaces.json
[0.622s]   --output-dir
[0.622s]   /home/student/dev_ws/build/tutorial_interfaces/rosidl_adapter/tutorial_interfaces
[0.622s]   --output-file
[0.622s]   /home/student/dev_ws/build/tutorial_interfaces/rosidl_adapter/tutorial_interfaces.idls)
[0.622s]   returned error code 1:
[0.622s] 
[0.622s]   Error with: tutorial_interfaces Num ---
[0.622s] 
[0.622s]   Traceback (most recent call last):
[0.622s] 
[0.623s]     File "/usr/lib/python3.8/runpy.py", line 194, in _run_module_as_main
[0.623s]       return _run_code(code, main_globals, None,
[0.623s]     File "/usr/lib/python3.8/runpy.py", line 87, in _run_code
[0.623s]       exec(code, run_globals)
[0.623s]     File "/opt/ros/foxy/lib/python3.8/site-packages/rosidl_adapter/__main__.py", line 19, in <module>
[0.623s]       sys.exit(main())
[0.623s]     File "/opt/ros/foxy/lib/python3.8/site-packages/rosidl_adapter/main.py", line 53, in main
[0.623s]       abs_idl_file = convert_to_idl(
[0.623s]     File "/opt/ros/foxy/lib/python3.8/site-packages/rosidl_adapter/__init__.py", line 19, in convert_to_idl
[0.623s]       return convert_msg_to_idl(
[0.623s]     File "/opt/ros/foxy/lib/python3.8/site-packages/rosidl_adapter/msg/__init__.py", line 28, in convert_msg_to_idl
[0.623s]       msg = parse_message_string(package_name, input_file.stem, content)
[0.623s]     File "/opt/ros/foxy/lib/python3.8/site-packages/rosidl_adapter/parser.py", line 503, in parse_message_string
[0.623s]       raise InvalidFieldDefinition(line)
[0.623s] 
[0.624s]   rosidl_adapter.parser.InvalidFieldDefinition: ---
[0.624s] 
[0.624s] Call Stack (most recent call first):
[0.624s]   /opt/ros/foxy/share/rosidl_cmake/cmake/rosidl_generate_interfaces.cmake:130 (rosidl_adapt_interfaces)
[0.624s]   CMakeLists.txt:21 (rosidl_generate_interfaces)
[0.624s] 
[0.624s] 
[0.624s] -- Configuring incomplete, errors occurred!
[0.624s] See also "/home/student/dev_ws/build/tutorial_interfaces/CMakeFiles/CMakeOutput.log".
[0.628s] Invoked command in '/home/student/dev_ws/build/tutorial_interfaces' returned '1': CMAKE_PREFIX_PATH=/opt/ros/foxy /usr/bin/cmake /home/student/dev_ws/src/tutorial_interfaces -DCMAKE_INSTALL_PREFIX=/home/student/dev_ws/install/tutorial_interfaces
