[0.061s] Invoking command in '/home/student/dev_ws/build/cpp_parameters': CMAKE_PREFIX_PATH=${CMAKE_PREFIX_PATH}:/home/student/dev_ws/install/roombasimulator:/home/student/dev_ws/install/py_srvcli:/home/student/dev_ws/install/py_pubsub:/home/student/dev_ws/install/py_parameters:/home/student/dev_ws/install/my_package:/home/student/dev_ws/install/RoomboSimator:/opt/ros/foxy /usr/bin/cmake --build /home/student/dev_ws/build/cpp_parameters -- -j12 -l12
[0.699s] [100%] Built target parameter_node
[0.711s] Invoked command in '/home/student/dev_ws/build/cpp_parameters' returned '0': CMAKE_PREFIX_PATH=${CMAKE_PREFIX_PATH}:/home/student/dev_ws/install/roombasimulator:/home/student/dev_ws/install/py_srvcli:/home/student/dev_ws/install/py_pubsub:/home/student/dev_ws/install/py_parameters:/home/student/dev_ws/install/my_package:/home/student/dev_ws/install/RoomboSimator:/opt/ros/foxy /usr/bin/cmake --build /home/student/dev_ws/build/cpp_parameters -- -j12 -l12
[0.762s] Invoking command in '/home/student/dev_ws/build/cpp_parameters': CMAKE_PREFIX_PATH=${CMAKE_PREFIX_PATH}:/home/student/dev_ws/install/roombasimulator:/home/student/dev_ws/install/py_srvcli:/home/student/dev_ws/install/py_pubsub:/home/student/dev_ws/install/py_parameters:/home/student/dev_ws/install/my_package:/home/student/dev_ws/install/RoomboSimator:/opt/ros/foxy /usr/bin/cmake --install /home/student/dev_ws/build/cpp_parameters
[0.801s] -- Install configuration: ""
[0.804s] -- Execute custom install script
[0.805s] -- Up-to-date symlink: /home/student/dev_ws/install/cpp_parameters/lib/cpp_parameters/parameter_node
[0.808s] -- Up-to-date symlink: /home/student/dev_ws/install/cpp_parameters/share/ament_index/resource_index/package_run_dependencies/cpp_parameters
[0.808s] -- Up-to-date symlink: /home/student/dev_ws/install/cpp_parameters/share/ament_index/resource_index/parent_prefix_path/cpp_parameters
[0.808s] -- Up-to-date symlink: /home/student/dev_ws/install/cpp_parameters/share/cpp_parameters/environment/ament_prefix_path.sh
[0.809s] -- Up-to-date symlink: /home/student/dev_ws/install/cpp_parameters/share/cpp_parameters/environment/ament_prefix_path.dsv
[0.809s] -- Up-to-date symlink: /home/student/dev_ws/install/cpp_parameters/share/cpp_parameters/environment/path.sh
[0.810s] -- Up-to-date symlink: /home/student/dev_ws/install/cpp_parameters/share/cpp_parameters/environment/path.dsv
[0.810s] -- Up-to-date symlink: /home/student/dev_ws/install/cpp_parameters/share/cpp_parameters/local_setup.bash
[0.811s] -- Up-to-date symlink: /home/student/dev_ws/install/cpp_parameters/share/cpp_parameters/local_setup.sh
[0.811s] -- Up-to-date symlink: /home/student/dev_ws/install/cpp_parameters/share/cpp_parameters/local_setup.zsh
[0.811s] -- Up-to-date symlink: /home/student/dev_ws/install/cpp_parameters/share/cpp_parameters/local_setup.dsv
[0.812s] -- Symlinking: /home/student/dev_ws/install/cpp_parameters/share/cpp_parameters/package.dsv
[0.812s] -- Up-to-date symlink: /home/student/dev_ws/install/cpp_parameters/share/ament_index/resource_index/packages/cpp_parameters
[0.812s] -- Up-to-date symlink: /home/student/dev_ws/install/cpp_parameters/share/cpp_parameters/cmake/cpp_parametersConfig.cmake
[0.813s] -- Up-to-date symlink: /home/student/dev_ws/install/cpp_parameters/share/cpp_parameters/cmake/cpp_parametersConfig-version.cmake
[0.813s] -- Up-to-date symlink: /home/student/dev_ws/install/cpp_parameters/share/cpp_parameters/package.xml
[0.870s] Invoked command in '/home/student/dev_ws/build/cpp_parameters' returned '0': CMAKE_PREFIX_PATH=${CMAKE_PREFIX_PATH}:/home/student/dev_ws/install/roombasimulator:/home/student/dev_ws/install/py_srvcli:/home/student/dev_ws/install/py_pubsub:/home/student/dev_ws/install/py_parameters:/home/student/dev_ws/install/my_package:/home/student/dev_ws/install/RoomboSimator:/opt/ros/foxy /usr/bin/cmake --install /home/student/dev_ws/build/cpp_parameters
