[0.010s] Invoking command in '/home/student/dev_ws/build/more_interfaces': CMAKE_PREFIX_PATH=/opt/ros/foxy /usr/bin/cmake /home/student/dev_ws/src/more_interfaces -DCMAKE_INSTALL_PREFIX=/home/student/dev_ws/install/more_interfaces
[0.020s] -- Found ament_cmake: 0.9.8 (/opt/ros/foxy/share/ament_cmake/cmake)
[0.037s] -- Using PYTHON_EXECUTABLE: /usr/bin/python3
[0.169s] -- Found rosidl_default_generators: 1.0.0 (/opt/ros/foxy/share/rosidl_default_generators/cmake)
[0.170s] -- Using all available rosidl_typesupport_c: rosidl_typesupport_fastrtps_c;rosidl_typesupport_introspection_c
[0.173s] -- Found rosidl_adapter: 1.2.0 (/opt/ros/foxy/share/rosidl_adapter/cmake)
[0.272s] -- Using all available rosidl_typesupport_cpp: rosidl_typesupport_fastrtps_cpp;rosidl_typesupport_introspection_cpp
[0.290s] -- Found rclcpp: 2.3.0 (/opt/ros/foxy/share/rclcpp/cmake)
[0.328s] -- Found rmw_implementation_cmake: 1.0.2 (/opt/ros/foxy/share/rmw_implementation_cmake/cmake)
[0.329s] -- Using RMW implementation 'rmw_fastrtps_cpp' as default
[0.456s] -- Found PythonInterp: /usr/bin/python3 (found version "3.8.5") 
[0.543s] -- Found ament_cmake_ros: 0.9.1 (/opt/ros/foxy/share/ament_cmake_ros/cmake)
[0.622s] -- Using all available rosidl_typesupport_c: rosidl_typesupport_fastrtps_c;rosidl_typesupport_introspection_c
[0.629s] -- Using all available rosidl_typesupport_cpp: rosidl_typesupport_fastrtps_cpp;rosidl_typesupport_introspection_cpp
[0.646s] -- Found PythonInterp: /usr/bin/python3 (found suitable version "3.8.5", minimum required is "3.5") 
[0.648s] -- Found python_cmake_module: 0.8.0 (/opt/ros/foxy/share/python_cmake_module/cmake)
[0.669s] -- Found PythonLibs: /usr/lib/x86_64-linux-gnu/libpython3.8.so (found suitable version "3.8.5", minimum required is "3.5") 
[0.669s] -- Using PYTHON_EXECUTABLE: /usr/bin/python3
[0.670s] -- Using PYTHON_INCLUDE_DIRS: /usr/include/python3.8
[0.670s] -- Using PYTHON_LIBRARIES: /usr/lib/x86_64-linux-gnu/libpython3.8.so
[0.684s] -- Found PythonExtra: .so  
[0.724s] -- Configuring done
[0.752s] -- Generating done
[0.754s] -- Build files have been written to: /home/student/dev_ws/build/more_interfaces
[0.759s] Invoked command in '/home/student/dev_ws/build/more_interfaces' returned '0': CMAKE_PREFIX_PATH=/opt/ros/foxy /usr/bin/cmake /home/student/dev_ws/src/more_interfaces -DCMAKE_INSTALL_PREFIX=/home/student/dev_ws/install/more_interfaces
[0.761s] Invoking command in '/home/student/dev_ws/build/more_interfaces': CMAKE_PREFIX_PATH=/opt/ros/foxy /usr/bin/cmake --build /home/student/dev_ws/build/more_interfaces -- -j12 -l12
[0.790s] [  3%] [34m[1mGenerating C code for ROS interfaces[0m
[0.790s] [35m[1mScanning dependencies of target more_interfaces__cpp[0m
[0.798s] [  6%] [34m[1mGenerating C++ code for ROS interfaces[0m
[0.972s] [  6%] Built target more_interfaces__cpp
[0.977s] [35m[1mScanning dependencies of target more_interfaces__rosidl_generator_c[0m
[0.980s] [ 12%] [34m[1mGenerating C++ introspection for ROS interfaces[0m
[0.980s] [ 12%] [34m[1mGenerating C++ type support dispatch for ROS interfaces[0m
[0.980s] [ 15%] [34m[1mGenerating C++ type support for eProsima Fast-RTPS[0m
[0.989s] [ 18%] [32mBuilding C object CMakeFiles/more_interfaces__rosidl_generator_c.dir/rosidl_generator_c/more_interfaces/msg/detail/adress_book__functions.c.o[0m
[1.025s] [ 21%] [32m[1mLinking C shared library libmore_interfaces__rosidl_generator_c.so[0m
[1.056s] [ 21%] Built target more_interfaces__rosidl_generator_c
[1.065s] [ 27%] [34m[1mGenerating C introspection for ROS interfaces[0m
[1.065s] [ 27%] [34m[1mGenerating C type support dispatch for ROS interfaces[0m
[1.161s] [35m[1mScanning dependencies of target more_interfaces__rosidl_typesupport_cpp[0m
[1.175s] [ 30%] [32mBuilding CXX object CMakeFiles/more_interfaces__rosidl_typesupport_cpp.dir/rosidl_typesupport_cpp/more_interfaces/msg/adress_book__type_support.cpp.o[0m
[1.179s] [35m[1mScanning dependencies of target more_interfaces__rosidl_typesupport_introspection_cpp[0m
[1.186s] [35m[1mScanning dependencies of target more_interfaces__rosidl_typesupport_fastrtps_cpp[0m
[1.192s] [ 33%] [32mBuilding CXX object CMakeFiles/more_interfaces__rosidl_typesupport_introspection_cpp.dir/rosidl_typesupport_introspection_cpp/more_interfaces/msg/detail/adress_book__type_support.cpp.o[0m
[1.203s] [ 36%] [32mBuilding CXX object CMakeFiles/more_interfaces__rosidl_typesupport_fastrtps_cpp.dir/rosidl_typesupport_fastrtps_cpp/more_interfaces/msg/detail/dds_fastrtps/adress_book__type_support.cpp.o[0m
[1.257s] [35m[1mScanning dependencies of target more_interfaces__rosidl_typesupport_c[0m
[1.267s] [ 39%] [32mBuilding CXX object CMakeFiles/more_interfaces__rosidl_typesupport_c.dir/rosidl_typesupport_c/more_interfaces/msg/adress_book__type_support.cpp.o[0m
[1.274s] [35m[1mScanning dependencies of target more_interfaces__rosidl_typesupport_introspection_c[0m
[1.285s] [ 42%] [32mBuilding C object CMakeFiles/more_interfaces__rosidl_typesupport_introspection_c.dir/rosidl_typesupport_introspection_c/more_interfaces/msg/detail/adress_book__type_support.c.o[0m
[1.295s] [ 45%] [32m[1mLinking CXX shared library libmore_interfaces__rosidl_typesupport_c.so[0m
[1.313s] [ 48%] [32m[1mLinking C shared library libmore_interfaces__rosidl_typesupport_introspection_c.so[0m
[1.332s] [ 48%] Built target more_interfaces__rosidl_typesupport_c
[1.339s] [ 48%] Built target more_interfaces__rosidl_typesupport_introspection_c
[1.424s] [ 51%] [32m[1mLinking CXX shared library libmore_interfaces__rosidl_typesupport_cpp.so[0m
[1.440s] [ 54%] [32m[1mLinking CXX shared library libmore_interfaces__rosidl_typesupport_introspection_cpp.so[0m
[1.455s] [ 54%] Built target more_interfaces__rosidl_typesupport_cpp
[1.487s] [ 54%] Built target more_interfaces__rosidl_typesupport_introspection_cpp
[1.567s] [ 57%] [32m[1mLinking CXX shared library libmore_interfaces__rosidl_typesupport_fastrtps_cpp.so[0m
[1.640s] [ 57%] Built target more_interfaces__rosidl_typesupport_fastrtps_cpp
[1.648s] [ 60%] [34m[1mGenerating C type support for eProsima Fast-RTPS[0m
[1.810s] [35m[1mScanning dependencies of target more_interfaces__rosidl_typesupport_fastrtps_c[0m
[1.820s] [ 63%] [32mBuilding CXX object CMakeFiles/more_interfaces__rosidl_typesupport_fastrtps_c.dir/rosidl_typesupport_fastrtps_c/more_interfaces/msg/detail/adress_book__type_support_c.cpp.o[0m
[2.082s] [ 66%] [32m[1mLinking CXX shared library libmore_interfaces__rosidl_typesupport_fastrtps_c.so[0m
[2.141s] [ 66%] Built target more_interfaces__rosidl_typesupport_fastrtps_c
[2.148s] [35m[1mScanning dependencies of target more_interfaces[0m
[2.155s] [ 66%] Built target more_interfaces
[2.162s] [35m[1mScanning dependencies of target more_interfaces__py[0m
[2.162s] [35m[1mScanning dependencies of target publish_adress_book[0m
[2.170s] [ 69%] [34m[1mGenerating Python code for ROS interfaces[0m
[2.268s] [ 72%] [32mBuilding CXX object CMakeFiles/publish_adress_book.dir/src/publish_adress_book.cpp.o[0m
[2.368s] [01m[K/home/student/dev_ws/src/more_interfaces/src/publish_adress_book.cpp:5:10:[m[K [01;31m[Kfatal error: [m[Kmore_interfaces/msg/address_book.hpp: No such file or directory
[2.368s]     5 | #include [01;31m[K"more_interfaces/msg/address_book.hpp"[m[K
[2.368s]       |          [01;31m[K^~~~~~~~~~~~~~~~~~~~~~~~~~~~~~~~~~~~~~[m[K
[2.368s] compilation terminated.
[2.369s] make[2]: *** [CMakeFiles/publish_adress_book.dir/build.make:63: CMakeFiles/publish_adress_book.dir/src/publish_adress_book.cpp.o] Error 1
[2.369s] make[1]: *** [CMakeFiles/Makefile2:331: CMakeFiles/publish_adress_book.dir/all] Error 2
[2.369s] make[1]: *** Waiting for unfinished jobs....
[2.478s] [ 72%] Built target more_interfaces__py
[2.478s] make: *** [Makefile:141: all] Error 2
[2.480s] Invoked command in '/home/student/dev_ws/build/more_interfaces' returned '2': CMAKE_PREFIX_PATH=/opt/ros/foxy /usr/bin/cmake --build /home/student/dev_ws/build/more_interfaces -- -j12 -l12
