[0.204s] Invoking command in '/home/student/dev_ws/src/py_pubsub': PYTHONPATH=/home/student/dev_ws/install/py_pubsub/lib/python3.8/site-packages:${PYTHONPATH} /usr/bin/python3 setup.py egg_info --egg-base ../../build/py_pubsub build --build-base /home/student/dev_ws/build/py_pubsub/build install --prefix /home/student/dev_ws/install/py_pubsub --record /home/student/dev_ws/build/py_pubsub/install.log --single-version-externally-managed
[0.374s] running egg_info
[0.374s] writing ../../build/py_pubsub/py_pubsub.egg-info/PKG-INFO
[0.375s] writing dependency_links to ../../build/py_pubsub/py_pubsub.egg-info/dependency_links.txt
[0.375s] writing entry points to ../../build/py_pubsub/py_pubsub.egg-info/entry_points.txt
[0.376s] writing requirements to ../../build/py_pubsub/py_pubsub.egg-info/requires.txt
[0.376s] writing top-level names to ../../build/py_pubsub/py_pubsub.egg-info/top_level.txt
[0.404s] reading manifest file '../../build/py_pubsub/py_pubsub.egg-info/SOURCES.txt'
[0.405s] writing manifest file '../../build/py_pubsub/py_pubsub.egg-info/SOURCES.txt'
[0.405s] running build
[0.405s] running build_py
[0.405s] running install
[0.406s] running install_lib
[0.407s] running install_data
[0.408s] running install_egg_info
[0.409s] removing '/home/student/dev_ws/install/py_pubsub/lib/python3.8/site-packages/py_pubsub-0.0.0-py3.8.egg-info' (and everything under it)
[0.409s] Copying ../../build/py_pubsub/py_pubsub.egg-info to /home/student/dev_ws/install/py_pubsub/lib/python3.8/site-packages/py_pubsub-0.0.0-py3.8.egg-info
[0.410s] running install_scripts
[0.423s] Installing listener script to /home/student/dev_ws/install/py_pubsub/lib/py_pubsub
[0.423s] Installing talker script to /home/student/dev_ws/install/py_pubsub/lib/py_pubsub
[0.424s] writing list of installed files to '/home/student/dev_ws/build/py_pubsub/install.log'
[0.439s] Invoked command in '/home/student/dev_ws/src/py_pubsub' returned '0': PYTHONPATH=/home/student/dev_ws/install/py_pubsub/lib/python3.8/site-packages:${PYTHONPATH} /usr/bin/python3 setup.py egg_info --egg-base ../../build/py_pubsub build --build-base /home/student/dev_ws/build/py_pubsub/build install --prefix /home/student/dev_ws/install/py_pubsub --record /home/student/dev_ws/build/py_pubsub/install.log --single-version-externally-managed
