[0.010s] Invoking command in '/home/student/dev_ws/build/more_interfaces': CMAKE_PREFIX_PATH=/opt/ros/foxy /usr/bin/cmake --build /home/student/dev_ws/build/more_interfaces -- -j12 -l12
[0.049s] [  3%] Built target more_interfaces__cpp
[0.049s] [ 12%] Built target more_interfaces__rosidl_generator_c
[0.067s] [ 39%] Built target more_interfaces__rosidl_typesupport_introspection_cpp
[0.067s] [ 39%] Built target more_interfaces__rosidl_typesupport_introspection_c
[0.067s] [ 39%] Built target more_interfaces__rosidl_typesupport_cpp
[0.070s] [ 48%] Built target more_interfaces__rosidl_typesupport_fastrtps_cpp
[0.083s] [ 57%] Built target more_interfaces__rosidl_typesupport_c
[0.088s] [ 66%] Built target more_interfaces__rosidl_typesupport_fastrtps_c
[0.102s] [ 66%] Built target more_interfaces
[0.117s] [ 69%] Built target more_interfaces__py
[0.121s] [ 72%] [32mBuilding CXX object CMakeFiles/publish_adress_book.dir/src/publish_adress_book.cpp.o[0m
[0.125s] [35m[1mScanning dependencies of target more_interfaces__python[0m
[0.164s] [ 75%] [32mBuilding C object CMakeFiles/more_interfaces__python.dir/rosidl_generator_py/more_interfaces/msg/_adress_book_s.c.o[0m
[0.203s] [01m[K/home/student/dev_ws/src/more_interfaces/src/publish_adress_book.cpp:5:10:[m[K [01;31m[Kfatal error: [m[Kmore_interfaces/msg/address_book.hpp: No such file or directory
[0.203s]     5 | #include [01;31m[K"more_interfaces/msg/address_book.hpp"[m[K
[0.204s]       |          [01;31m[K^~~~~~~~~~~~~~~~~~~~~~~~~~~~~~~~~~~~~~[m[K
[0.204s] compilation terminated.
[0.205s] make[2]: *** [CMakeFiles/publish_adress_book.dir/build.make:63: CMakeFiles/publish_adress_book.dir/src/publish_adress_book.cpp.o] Error 1
[0.205s] make[1]: *** [CMakeFiles/Makefile2:331: CMakeFiles/publish_adress_book.dir/all] Error 2
[0.205s] make[1]: *** Waiting for unfinished jobs....
[0.242s] [ 78%] [32m[1mLinking C shared library rosidl_generator_py/more_interfaces/libmore_interfaces__python.so[0m
[0.272s] [ 78%] Built target more_interfaces__python
[0.273s] make: *** [Makefile:141: all] Error 2
[0.275s] Invoked command in '/home/student/dev_ws/build/more_interfaces' returned '2': CMAKE_PREFIX_PATH=/opt/ros/foxy /usr/bin/cmake --build /home/student/dev_ws/build/more_interfaces -- -j12 -l12
