[0.178s] Invoking command in '/home/student/dev_ws/src/py_parameters': PYTHONPATH=/home/student/dev_ws/install/py_parameters/lib/python3.8/site-packages:${PYTHONPATH} /usr/bin/python3 setup.py egg_info --egg-base ../../build/py_parameters build --build-base /home/student/dev_ws/build/py_parameters/build install --prefix /home/student/dev_ws/install/py_parameters --record /home/student/dev_ws/build/py_parameters/install.log --single-version-externally-managed
[0.337s] running egg_info
[0.338s] creating ../../build/py_parameters/py_parameters.egg-info
[0.338s] writing ../../build/py_parameters/py_parameters.egg-info/PKG-INFO
[0.338s] writing dependency_links to ../../build/py_parameters/py_parameters.egg-info/dependency_links.txt
[0.338s] writing entry points to ../../build/py_parameters/py_parameters.egg-info/entry_points.txt
[0.338s] writing requirements to ../../build/py_parameters/py_parameters.egg-info/requires.txt
[0.338s] writing top-level names to ../../build/py_parameters/py_parameters.egg-info/top_level.txt
[0.341s] writing manifest file '../../build/py_parameters/py_parameters.egg-info/SOURCES.txt'
[0.371s] reading manifest file '../../build/py_parameters/py_parameters.egg-info/SOURCES.txt'
[0.371s] writing manifest file '../../build/py_parameters/py_parameters.egg-info/SOURCES.txt'
[0.371s] running build
[0.371s] running build_py
[0.372s] creating /home/student/dev_ws/build/py_parameters/build
[0.372s] creating /home/student/dev_ws/build/py_parameters/build/lib
[0.372s] creating /home/student/dev_ws/build/py_parameters/build/lib/py_parameters
[0.372s] copying py_parameters/py_parameters_node.py -> /home/student/dev_ws/build/py_parameters/build/lib/py_parameters
[0.372s] copying py_parameters/__init__.py -> /home/student/dev_ws/build/py_parameters/build/lib/py_parameters
[0.372s] running install
[0.372s] running install_lib
[0.374s] creating /home/student/dev_ws/install/py_parameters/lib/python3.8/site-packages/py_parameters
[0.374s] copying /home/student/dev_ws/build/py_parameters/build/lib/py_parameters/py_parameters_node.py -> /home/student/dev_ws/install/py_parameters/lib/python3.8/site-packages/py_parameters
[0.374s] copying /home/student/dev_ws/build/py_parameters/build/lib/py_parameters/__init__.py -> /home/student/dev_ws/install/py_parameters/lib/python3.8/site-packages/py_parameters
[0.375s] byte-compiling /home/student/dev_ws/install/py_parameters/lib/python3.8/site-packages/py_parameters/py_parameters_node.py to py_parameters_node.cpython-38.pyc
[0.376s] byte-compiling /home/student/dev_ws/install/py_parameters/lib/python3.8/site-packages/py_parameters/__init__.py to __init__.cpython-38.pyc
[0.376s] running install_data
[0.376s] creating /home/student/dev_ws/install/py_parameters/share/ament_index
[0.376s] creating /home/student/dev_ws/install/py_parameters/share/ament_index/resource_index
[0.376s] creating /home/student/dev_ws/install/py_parameters/share/ament_index/resource_index/packages
[0.377s] copying resource/py_parameters -> /home/student/dev_ws/install/py_parameters/share/ament_index/resource_index/packages
[0.377s] copying package.xml -> /home/student/dev_ws/install/py_parameters/share/py_parameters
[0.377s] running install_egg_info
[0.378s] Copying ../../build/py_parameters/py_parameters.egg-info to /home/student/dev_ws/install/py_parameters/lib/python3.8/site-packages/py_parameters-0.0.0-py3.8.egg-info
[0.379s] running install_scripts
[0.402s] Installing param_talker script to /home/student/dev_ws/install/py_parameters/lib/py_parameters
[0.402s] writing list of installed files to '/home/student/dev_ws/build/py_parameters/install.log'
[0.422s] Invoked command in '/home/student/dev_ws/src/py_parameters' returned '0': PYTHONPATH=/home/student/dev_ws/install/py_parameters/lib/python3.8/site-packages:${PYTHONPATH} /usr/bin/python3 setup.py egg_info --egg-base ../../build/py_parameters build --build-base /home/student/dev_ws/build/py_parameters/build install --prefix /home/student/dev_ws/install/py_parameters --record /home/student/dev_ws/build/py_parameters/install.log --single-version-externally-managed
