[0.071s] Invoking command in '/home/student/dev_ws/build/turtlebot3_fake_node': CMAKE_PREFIX_PATH=${CMAKE_PREFIX_PATH}:/home/student/dev_ws/install/roombasimulator:/home/student/dev_ws/install/py_srvcli:/home/student/dev_ws/install/py_pubsub:/home/student/dev_ws/install/py_parameters:/home/student/dev_ws/install/my_package:/home/student/dev_ws/install/RoomboSimator:/opt/ros/foxy /usr/bin/cmake /home/student/dev_ws/src/turtlebot3_simulations/turtlebot3_fake_node -DAMENT_CMAKE_SYMLINK_INSTALL=1 -DCMAKE_INSTALL_PREFIX=/home/student/dev_ws/install/turtlebot3_fake_node
[0.917s] -- The C compiler identification is GNU 9.3.0
[0.919s] -- The CXX compiler identification is GNU 9.3.0
[0.920s] -- Check for working C compiler: /usr/bin/cc
[0.922s] -- Check for working C compiler: /usr/bin/cc -- works
[0.922s] -- Detecting C compiler ABI info
[0.923s] -- Detecting C compiler ABI info - done
[0.923s] -- Detecting C compile features
[0.923s] -- Detecting C compile features - done
[0.924s] -- Check for working CXX compiler: /usr/bin/c++
[0.924s] -- Check for working CXX compiler: /usr/bin/c++ -- works
[0.924s] -- Detecting CXX compiler ABI info
[0.924s] -- Detecting CXX compiler ABI info - done
[0.925s] -- Detecting CXX compile features
[0.925s] -- Detecting CXX compile features - done
[0.925s] -- Found ament_cmake: 0.9.8 (/opt/ros/foxy/share/ament_cmake/cmake)
[0.946s] -- Found PythonInterp: /usr/bin/python3 (found suitable version "3.8.5", minimum required is "3") 
[0.947s] -- Using PYTHON_EXECUTABLE: /usr/bin/python3
[1.256s] -- Override CMake install command with custom implementation using symlinks instead of copying resources
[1.317s] -- Found geometry_msgs: 2.0.3 (/opt/ros/foxy/share/geometry_msgs/cmake)
[1.388s] -- Using all available rosidl_typesupport_c: rosidl_typesupport_fastrtps_c;rosidl_typesupport_introspection_c
[1.406s] -- Found rosidl_adapter: 1.2.0 (/opt/ros/foxy/share/rosidl_adapter/cmake)
[1.572s] -- Found OpenSSL: /usr/lib/x86_64-linux-gnu/libcrypto.so (found version "1.1.1f")  
[1.627s] -- Found FastRTPS: /opt/ros/foxy/include  
[1.782s] -- Using all available rosidl_typesupport_cpp: rosidl_typesupport_fastrtps_cpp;rosidl_typesupport_introspection_cpp
[1.943s] -- Found nav_msgs: 2.0.3 (/opt/ros/foxy/share/nav_msgs/cmake)
[2.055s] -- Found rclcpp: 2.3.0 (/opt/ros/foxy/share/rclcpp/cmake)
[2.128s] -- Found rmw_implementation_cmake: 1.0.2 (/opt/ros/foxy/share/rmw_implementation_cmake/cmake)
[2.130s] -- Using RMW implementation 'rmw_fastrtps_cpp' as default
[2.131s] -- Looking for pthread.h
[2.211s] -- Looking for pthread.h - found
[2.212s] -- Performing Test CMAKE_HAVE_LIBC_PTHREAD
[2.288s] -- Performing Test CMAKE_HAVE_LIBC_PTHREAD - Failed
[2.289s] -- Looking for pthread_create in pthreads
[2.352s] -- Looking for pthread_create in pthreads - not found
[2.352s] -- Looking for pthread_create in pthread
[2.422s] -- Looking for pthread_create in pthread - found
[2.424s] -- Found Threads: TRUE  
[2.583s] -- Found sensor_msgs: 2.0.3 (/opt/ros/foxy/share/sensor_msgs/cmake)
[2.687s] -- Found tf2: 0.13.9 (/opt/ros/foxy/share/tf2/cmake)
[2.713s] -- Found tf2_msgs: 0.13.9 (/opt/ros/foxy/share/tf2_msgs/cmake)
[2.961s] -- Found turtlebot3_msgs: 2.2.1 (/opt/ros/foxy/share/turtlebot3_msgs/cmake)
[3.171s] -- Configuring done
[3.185s] -- Generating done
[3.186s] -- Build files have been written to: /home/student/dev_ws/build/turtlebot3_fake_node
[3.194s] Invoked command in '/home/student/dev_ws/build/turtlebot3_fake_node' returned '0': CMAKE_PREFIX_PATH=${CMAKE_PREFIX_PATH}:/home/student/dev_ws/install/roombasimulator:/home/student/dev_ws/install/py_srvcli:/home/student/dev_ws/install/py_pubsub:/home/student/dev_ws/install/py_parameters:/home/student/dev_ws/install/my_package:/home/student/dev_ws/install/RoomboSimator:/opt/ros/foxy /usr/bin/cmake /home/student/dev_ws/src/turtlebot3_simulations/turtlebot3_fake_node -DAMENT_CMAKE_SYMLINK_INSTALL=1 -DCMAKE_INSTALL_PREFIX=/home/student/dev_ws/install/turtlebot3_fake_node
[3.197s] Invoking command in '/home/student/dev_ws/build/turtlebot3_fake_node': CMAKE_PREFIX_PATH=${CMAKE_PREFIX_PATH}:/home/student/dev_ws/install/roombasimulator:/home/student/dev_ws/install/py_srvcli:/home/student/dev_ws/install/py_pubsub:/home/student/dev_ws/install/py_parameters:/home/student/dev_ws/install/my_package:/home/student/dev_ws/install/RoomboSimator:/opt/ros/foxy /usr/bin/cmake --build /home/student/dev_ws/build/turtlebot3_fake_node -- -j12 -l12
[3.241s] [35m[1mScanning dependencies of target turtlebot3_fake_node[0m
[3.460s] [ 50%] [32mBuilding CXX object CMakeFiles/turtlebot3_fake_node.dir/src/turtlebot3_fake_node.cpp.o[0m
[10.543s] [100%] [32m[1mLinking CXX executable turtlebot3_fake_node[0m
[10.936s] [100%] Built target turtlebot3_fake_node
[10.948s] Invoked command in '/home/student/dev_ws/build/turtlebot3_fake_node' returned '0': CMAKE_PREFIX_PATH=${CMAKE_PREFIX_PATH}:/home/student/dev_ws/install/roombasimulator:/home/student/dev_ws/install/py_srvcli:/home/student/dev_ws/install/py_pubsub:/home/student/dev_ws/install/py_parameters:/home/student/dev_ws/install/my_package:/home/student/dev_ws/install/RoomboSimator:/opt/ros/foxy /usr/bin/cmake --build /home/student/dev_ws/build/turtlebot3_fake_node -- -j12 -l12
[10.976s] Invoking command in '/home/student/dev_ws/build/turtlebot3_fake_node': CMAKE_PREFIX_PATH=${CMAKE_PREFIX_PATH}:/home/student/dev_ws/install/roombasimulator:/home/student/dev_ws/install/py_srvcli:/home/student/dev_ws/install/py_pubsub:/home/student/dev_ws/install/py_parameters:/home/student/dev_ws/install/my_package:/home/student/dev_ws/install/RoomboSimator:/opt/ros/foxy /usr/bin/cmake --install /home/student/dev_ws/build/turtlebot3_fake_node
[10.985s] -- Install configuration: ""
[10.985s] -- Execute custom install script
[10.986s] -- Symlinking: /home/student/dev_ws/install/turtlebot3_fake_node/lib/turtlebot3_fake_node/turtlebot3_fake_node
[10.996s] -- Symlinking: /home/student/dev_ws/install/turtlebot3_fake_node/share/turtlebot3_fake_node/launch/rviz2.launch.py
[11.005s] -- Symlinking: /home/student/dev_ws/install/turtlebot3_fake_node/share/turtlebot3_fake_node/launch/turtlebot3_fake_node.launch.py
[11.015s] -- Symlinking: /home/student/dev_ws/install/turtlebot3_fake_node/share/turtlebot3_fake_node/param/burger.yaml
[11.025s] -- Symlinking: /home/student/dev_ws/install/turtlebot3_fake_node/share/turtlebot3_fake_node/param/waffle.yaml
[11.034s] -- Symlinking: /home/student/dev_ws/install/turtlebot3_fake_node/share/turtlebot3_fake_node/param/waffle_pi.yaml
[11.044s] -- Symlinking: /home/student/dev_ws/install/turtlebot3_fake_node/share/turtlebot3_fake_node/rviz/model.rviz
[11.053s] -- Symlinking: /home/student/dev_ws/install/turtlebot3_fake_node/include//turtlebot3_fake_node/turtlebot3_fake_node.hpp
[11.064s] -- Symlinking: /home/student/dev_ws/install/turtlebot3_fake_node/share/ament_index/resource_index/package_run_dependencies/turtlebot3_fake_node
[11.073s] -- Symlinking: /home/student/dev_ws/install/turtlebot3_fake_node/share/ament_index/resource_index/parent_prefix_path/turtlebot3_fake_node
[11.083s] -- Symlinking: /home/student/dev_ws/install/turtlebot3_fake_node/share/turtlebot3_fake_node/environment/ament_prefix_path.sh
[11.092s] -- Symlinking: /home/student/dev_ws/install/turtlebot3_fake_node/share/turtlebot3_fake_node/environment/ament_prefix_path.dsv
[11.102s] -- Symlinking: /home/student/dev_ws/install/turtlebot3_fake_node/share/turtlebot3_fake_node/environment/path.sh
[11.111s] -- Symlinking: /home/student/dev_ws/install/turtlebot3_fake_node/share/turtlebot3_fake_node/environment/path.dsv
[11.121s] -- Symlinking: /home/student/dev_ws/install/turtlebot3_fake_node/share/turtlebot3_fake_node/local_setup.bash
[11.131s] -- Symlinking: /home/student/dev_ws/install/turtlebot3_fake_node/share/turtlebot3_fake_node/local_setup.sh
[11.141s] -- Symlinking: /home/student/dev_ws/install/turtlebot3_fake_node/share/turtlebot3_fake_node/local_setup.zsh
[11.150s] -- Symlinking: /home/student/dev_ws/install/turtlebot3_fake_node/share/turtlebot3_fake_node/local_setup.dsv
[11.159s] -- Symlinking: /home/student/dev_ws/install/turtlebot3_fake_node/share/turtlebot3_fake_node/package.dsv
[11.169s] -- Symlinking: /home/student/dev_ws/install/turtlebot3_fake_node/share/ament_index/resource_index/packages/turtlebot3_fake_node
[11.179s] -- Symlinking: /home/student/dev_ws/install/turtlebot3_fake_node/share/turtlebot3_fake_node/cmake/ament_cmake_export_include_directories-extras.cmake
[11.188s] -- Symlinking: /home/student/dev_ws/install/turtlebot3_fake_node/share/turtlebot3_fake_node/cmake/ament_cmake_export_dependencies-extras.cmake
[11.196s] -- Symlinking: /home/student/dev_ws/install/turtlebot3_fake_node/share/turtlebot3_fake_node/cmake/turtlebot3_fake_nodeConfig.cmake
[11.206s] -- Symlinking: /home/student/dev_ws/install/turtlebot3_fake_node/share/turtlebot3_fake_node/cmake/turtlebot3_fake_nodeConfig-version.cmake
[11.216s] -- Symlinking: /home/student/dev_ws/install/turtlebot3_fake_node/share/turtlebot3_fake_node/package.xml
[11.228s] Invoked command in '/home/student/dev_ws/build/turtlebot3_fake_node' returned '0': CMAKE_PREFIX_PATH=${CMAKE_PREFIX_PATH}:/home/student/dev_ws/install/roombasimulator:/home/student/dev_ws/install/py_srvcli:/home/student/dev_ws/install/py_pubsub:/home/student/dev_ws/install/py_parameters:/home/student/dev_ws/install/my_package:/home/student/dev_ws/install/RoomboSimator:/opt/ros/foxy /usr/bin/cmake --install /home/student/dev_ws/build/turtlebot3_fake_node
