[0.048s] Invoking command in '/home/student/dev_ws/build/cpp_pubsub': CMAKE_PREFIX_PATH=/opt/ros/foxy /usr/bin/cmake --build /home/student/dev_ws/build/cpp_pubsub -- -j12 -l12
[0.641s] [ 50%] Built target talker
[0.641s] [100%] Built target listener
[0.647s] Invoked command in '/home/student/dev_ws/build/cpp_pubsub' returned '0': CMAKE_PREFIX_PATH=/opt/ros/foxy /usr/bin/cmake --build /home/student/dev_ws/build/cpp_pubsub -- -j12 -l12
[0.693s] Invoking command in '/home/student/dev_ws/build/cpp_pubsub': CMAKE_PREFIX_PATH=/opt/ros/foxy /usr/bin/cmake --install /home/student/dev_ws/build/cpp_pubsub
[0.706s] -- Install configuration: ""
[0.706s] -- Up-to-date: /home/student/dev_ws/install/cpp_pubsub/lib/cpp_pubsub/talker
[0.712s] -- Up-to-date: /home/student/dev_ws/install/cpp_pubsub/lib/cpp_pubsub/listener
[0.712s] -- Up-to-date: /home/student/dev_ws/install/cpp_pubsub/lib/cpp_pubsub/talker
[0.713s] -- Up-to-date: /home/student/dev_ws/install/cpp_pubsub/share/ament_index/resource_index/package_run_dependencies/cpp_pubsub
[0.713s] -- Up-to-date: /home/student/dev_ws/install/cpp_pubsub/share/ament_index/resource_index/parent_prefix_path/cpp_pubsub
[0.713s] -- Up-to-date: /home/student/dev_ws/install/cpp_pubsub/share/cpp_pubsub/environment/ament_prefix_path.sh
[0.713s] -- Up-to-date: /home/student/dev_ws/install/cpp_pubsub/share/cpp_pubsub/environment/ament_prefix_path.dsv
[0.713s] -- Up-to-date: /home/student/dev_ws/install/cpp_pubsub/share/cpp_pubsub/environment/path.sh
[0.713s] -- Up-to-date: /home/student/dev_ws/install/cpp_pubsub/share/cpp_pubsub/environment/path.dsv
[0.714s] -- Up-to-date: /home/student/dev_ws/install/cpp_pubsub/share/cpp_pubsub/local_setup.bash
[0.714s] -- Up-to-date: /home/student/dev_ws/install/cpp_pubsub/share/cpp_pubsub/local_setup.sh
[0.714s] -- Up-to-date: /home/student/dev_ws/install/cpp_pubsub/share/cpp_pubsub/local_setup.zsh
[0.714s] -- Up-to-date: /home/student/dev_ws/install/cpp_pubsub/share/cpp_pubsub/local_setup.dsv
[0.714s] -- Installing: /home/student/dev_ws/install/cpp_pubsub/share/cpp_pubsub/package.dsv
[0.714s] -- Up-to-date: /home/student/dev_ws/install/cpp_pubsub/share/ament_index/resource_index/packages/cpp_pubsub
[0.714s] -- Up-to-date: /home/student/dev_ws/install/cpp_pubsub/share/cpp_pubsub/cmake/cpp_pubsubConfig.cmake
[0.715s] -- Up-to-date: /home/student/dev_ws/install/cpp_pubsub/share/cpp_pubsub/cmake/cpp_pubsubConfig-version.cmake
[0.715s] -- Up-to-date: /home/student/dev_ws/install/cpp_pubsub/share/cpp_pubsub/package.xml
[0.731s] Invoked command in '/home/student/dev_ws/build/cpp_pubsub' returned '0': CMAKE_PREFIX_PATH=/opt/ros/foxy /usr/bin/cmake --install /home/student/dev_ws/build/cpp_pubsub
