[0.011s] Invoking command in '/home/student/dev_ws/build/tutorial_interfaces': CMAKE_PREFIX_PATH=${CMAKE_PREFIX_PATH}:/home/student/dev_ws/install/py_srvcli:/home/student/dev_ws/install/py_pubsub:/home/student/dev_ws/install/my_package:/opt/ros/foxy /usr/bin/cmake /home/student/dev_ws/src/tutorial_interfaces -DCMAKE_INSTALL_PREFIX=/home/student/dev_ws/install/tutorial_interfaces
[0.061s] -- The C compiler identification is GNU 9.3.0
[0.104s] -- The CXX compiler identification is GNU 9.3.0
[0.108s] -- Check for working C compiler: /usr/bin/cc
[0.180s] -- Check for working C compiler: /usr/bin/cc -- works
[0.181s] -- Detecting C compiler ABI info
[0.250s] -- Detecting C compiler ABI info - done
[0.262s] -- Detecting C compile features
[0.262s] -- Detecting C compile features - done
[0.265s] -- Check for working CXX compiler: /usr/bin/c++
[0.334s] -- Check for working CXX compiler: /usr/bin/c++ -- works
[0.336s] -- Detecting CXX compiler ABI info
[0.404s] -- Detecting CXX compiler ABI info - done
[0.415s] -- Detecting CXX compile features
[0.416s] -- Detecting CXX compile features - done
[0.418s] -- Found ament_cmake: 0.9.8 (/opt/ros/foxy/share/ament_cmake/cmake)
[0.439s] -- Found PythonInterp: /usr/bin/python3 (found suitable version "3.8.5", minimum required is "3") 
[0.440s] -- Using PYTHON_EXECUTABLE: /usr/bin/python3
[0.614s] CMake Error at CMakeLists.txt:20 (find_package):
[0.614s]   By not providing "Findrosid1_default_generators.cmake" in CMAKE_MODULE_PATH
[0.614s]   this project has asked CMake to find a package configuration file provided
[0.615s]   by "rosid1_default_generators", but CMake did not find one.
[0.615s] 
[0.615s]   Could not find a package configuration file provided by
[0.615s]   "rosid1_default_generators" with any of the following names:
[0.615s] 
[0.615s]     rosid1_default_generatorsConfig.cmake
[0.615s]     rosid1_default_generators-config.cmake
[0.615s] 
[0.615s]   Add the installation prefix of "rosid1_default_generators" to
[0.615s]   CMAKE_PREFIX_PATH or set "rosid1_default_generators_DIR" to a directory
[0.615s]   containing one of the above files.  If "rosid1_default_generators" provides
[0.615s]   a separate development package or SDK, be sure it has been installed.
[0.616s] 
[0.616s] 
[0.616s] -- Configuring incomplete, errors occurred!
[0.616s] See also "/home/student/dev_ws/build/tutorial_interfaces/CMakeFiles/CMakeOutput.log".
[0.618s] Invoked command in '/home/student/dev_ws/build/tutorial_interfaces' returned '1': CMAKE_PREFIX_PATH=${CMAKE_PREFIX_PATH}:/home/student/dev_ws/install/py_srvcli:/home/student/dev_ws/install/py_pubsub:/home/student/dev_ws/install/my_package:/opt/ros/foxy /usr/bin/cmake /home/student/dev_ws/src/tutorial_interfaces -DCMAKE_INSTALL_PREFIX=/home/student/dev_ws/install/tutorial_interfaces
