[0.047s] Invoking command in '/home/student/dev_ws/build/more_interfaces': CMAKE_PREFIX_PATH=/opt/ros/foxy /usr/bin/cmake --build /home/student/dev_ws/build/more_interfaces -- -j12 -l12
[0.631s] [  3%] Built target more_interfaces__cpp
[0.632s] [ 12%] Built target more_interfaces__rosidl_generator_c
[0.633s] [ 27%] Built target more_interfaces__rosidl_typesupport_cpp
[0.633s] [ 30%] Built target more_interfaces__rosidl_typesupport_introspection_cpp
[0.633s] [ 39%] Built target more_interfaces__rosidl_typesupport_c
[0.633s] [ 57%] Built target more_interfaces__rosidl_typesupport_fastrtps_cpp
[0.634s] [ 57%] Built target more_interfaces__rosidl_typesupport_introspection_c
[0.634s] [ 66%] Built target more_interfaces__rosidl_typesupport_fastrtps_c
[0.634s] [ 66%] Built target more_interfaces
[0.634s] [ 69%] Built target more_interfaces__py
[0.634s] [ 75%] Built target publish_address_book
[0.635s] [ 81%] Built target more_interfaces__python
[0.636s] [100%] Built target more_interfaces__rosidl_typesupport_fastrtps_c__pyext
[0.636s] [100%] Built target more_interfaces__rosidl_typesupport_introspection_c__pyext
[0.636s] [100%] Built target more_interfaces__rosidl_typesupport_c__pyext
[0.641s] Invoked command in '/home/student/dev_ws/build/more_interfaces' returned '0': CMAKE_PREFIX_PATH=/opt/ros/foxy /usr/bin/cmake --build /home/student/dev_ws/build/more_interfaces -- -j12 -l12
[0.701s] Invoking command in '/home/student/dev_ws/build/more_interfaces': CMAKE_PREFIX_PATH=/opt/ros/foxy /usr/bin/cmake --install /home/student/dev_ws/build/more_interfaces
[0.722s] -- Install configuration: ""
[0.722s] -- Up-to-date: /home/student/dev_ws/install/more_interfaces/share/ament_index/resource_index/rosidl_interfaces/more_interfaces
[0.723s] -- Up-to-date: /home/student/dev_ws/install/more_interfaces/include/more_interfaces
[0.724s] -- Up-to-date: /home/student/dev_ws/install/more_interfaces/include/more_interfaces/msg
[0.724s] -- Up-to-date: /home/student/dev_ws/install/more_interfaces/include/more_interfaces/msg/detail
[0.724s] -- Up-to-date: /home/student/dev_ws/install/more_interfaces/include/more_interfaces/msg/detail/address_book__functions.h
[0.724s] -- Up-to-date: /home/student/dev_ws/install/more_interfaces/include/more_interfaces/msg/detail/adress_book__struct.h
[0.724s] -- Up-to-date: /home/student/dev_ws/install/more_interfaces/include/more_interfaces/msg/detail/address_book__type_support.h
[0.725s] -- Up-to-date: /home/student/dev_ws/install/more_interfaces/include/more_interfaces/msg/detail/adress_book__type_support.h
[0.726s] -- Up-to-date: /home/student/dev_ws/install/more_interfaces/include/more_interfaces/msg/detail/adress_book__functions.h
[0.727s] -- Up-to-date: /home/student/dev_ws/install/more_interfaces/include/more_interfaces/msg/detail/address_book__struct.h
[0.727s] -- Up-to-date: /home/student/dev_ws/install/more_interfaces/include/more_interfaces/msg/detail/address_book__functions.c
[0.728s] -- Up-to-date: /home/student/dev_ws/install/more_interfaces/include/more_interfaces/msg/detail/adress_book__functions.c
[0.728s] -- Up-to-date: /home/student/dev_ws/install/more_interfaces/include/more_interfaces/msg/address_book.h
[0.728s] -- Up-to-date: /home/student/dev_ws/install/more_interfaces/include/more_interfaces/msg/rosidl_generator_c__visibility_control.h
[0.728s] -- Up-to-date: /home/student/dev_ws/install/more_interfaces/include/more_interfaces/msg/adress_book.h
[0.729s] -- Up-to-date: /home/student/dev_ws/install/more_interfaces/share/more_interfaces/environment/library_path.sh
[0.729s] -- Up-to-date: /home/student/dev_ws/install/more_interfaces/share/more_interfaces/environment/library_path.dsv
[0.729s] -- Up-to-date: /home/student/dev_ws/install/more_interfaces/lib/libmore_interfaces__rosidl_generator_c.so
[0.729s] -- Up-to-date: /home/student/dev_ws/install/more_interfaces/include/more_interfaces
[0.730s] -- Up-to-date: /home/student/dev_ws/install/more_interfaces/include/more_interfaces/msg
[0.730s] -- Up-to-date: /home/student/dev_ws/install/more_interfaces/include/more_interfaces/msg/detail
[0.730s] -- Up-to-date: /home/student/dev_ws/install/more_interfaces/include/more_interfaces/msg/detail/address_book__rosidl_typesupport_fastrtps_c.h
[0.730s] -- Up-to-date: /home/student/dev_ws/install/more_interfaces/include/more_interfaces/msg/detail/adress_book__rosidl_typesupport_fastrtps_c.h
[0.730s] -- Up-to-date: /home/student/dev_ws/install/more_interfaces/include/more_interfaces/msg/rosidl_typesupport_fastrtps_c__visibility_control.h
[0.731s] -- Up-to-date: /home/student/dev_ws/install/more_interfaces/lib/libmore_interfaces__rosidl_typesupport_fastrtps_c.so
[0.731s] -- Up-to-date: /home/student/dev_ws/install/more_interfaces/include/more_interfaces
[0.732s] -- Up-to-date: /home/student/dev_ws/install/more_interfaces/include/more_interfaces/msg
[0.733s] -- Up-to-date: /home/student/dev_ws/install/more_interfaces/include/more_interfaces/msg/rosidl_typesupport_fastrtps_cpp__visibility_control.h
[0.733s] -- Up-to-date: /home/student/dev_ws/install/more_interfaces/include/more_interfaces/msg/detail
[0.734s] -- Up-to-date: /home/student/dev_ws/install/more_interfaces/include/more_interfaces/msg/detail/dds_fastrtps
[0.734s] -- Up-to-date: /home/student/dev_ws/install/more_interfaces/include/more_interfaces/msg/detail/address_book__rosidl_typesupport_fastrtps_cpp.hpp
[0.734s] -- Up-to-date: /home/student/dev_ws/install/more_interfaces/include/more_interfaces/msg/detail/adress_book__rosidl_typesupport_fastrtps_cpp.hpp
[0.735s] -- Up-to-date: /home/student/dev_ws/install/more_interfaces/lib/libmore_interfaces__rosidl_typesupport_fastrtps_cpp.so
[0.735s] -- Up-to-date: /home/student/dev_ws/install/more_interfaces/include/more_interfaces
[0.736s] -- Up-to-date: /home/student/dev_ws/install/more_interfaces/include/more_interfaces/msg
[0.736s] -- Up-to-date: /home/student/dev_ws/install/more_interfaces/include/more_interfaces/msg/detail
[0.737s] -- Up-to-date: /home/student/dev_ws/install/more_interfaces/include/more_interfaces/msg/detail/adress_book__rosidl_typesupport_introspection_c.h
[0.738s] -- Up-to-date: /home/student/dev_ws/install/more_interfaces/include/more_interfaces/msg/detail/address_book__type_support.c
[0.739s] -- Up-to-date: /home/student/dev_ws/install/more_interfaces/include/more_interfaces/msg/detail/adress_book__type_support.c
[0.740s] -- Up-to-date: /home/student/dev_ws/install/more_interfaces/include/more_interfaces/msg/detail/address_book__rosidl_typesupport_introspection_c.h
[0.740s] -- Up-to-date: /home/student/dev_ws/install/more_interfaces/include/more_interfaces/msg/rosidl_typesupport_introspection_c__visibility_control.h
[0.741s] -- Up-to-date: /home/student/dev_ws/install/more_interfaces/lib/libmore_interfaces__rosidl_typesupport_introspection_c.so
[0.741s] -- Up-to-date: /home/student/dev_ws/install/more_interfaces/lib/libmore_interfaces__rosidl_typesupport_c.so
[0.742s] -- Up-to-date: /home/student/dev_ws/install/more_interfaces/include/more_interfaces
[0.742s] -- Up-to-date: /home/student/dev_ws/install/more_interfaces/include/more_interfaces/msg
[0.743s] -- Up-to-date: /home/student/dev_ws/install/more_interfaces/include/more_interfaces/msg/detail
[0.744s] -- Up-to-date: /home/student/dev_ws/install/more_interfaces/include/more_interfaces/msg/detail/address_book__struct.hpp
[0.744s] -- Up-to-date: /home/student/dev_ws/install/more_interfaces/include/more_interfaces/msg/detail/address_book__builder.hpp
[0.745s] -- Up-to-date: /home/student/dev_ws/install/more_interfaces/include/more_interfaces/msg/detail/adress_book__builder.hpp
[0.745s] -- Up-to-date: /home/student/dev_ws/install/more_interfaces/include/more_interfaces/msg/detail/adress_book__struct.hpp
[0.746s] -- Up-to-date: /home/student/dev_ws/install/more_interfaces/include/more_interfaces/msg/detail/address_book__traits.hpp
[0.746s] -- Up-to-date: /home/student/dev_ws/install/more_interfaces/include/more_interfaces/msg/detail/adress_book__traits.hpp
[0.746s] -- Up-to-date: /home/student/dev_ws/install/more_interfaces/include/more_interfaces/msg/address_book.hpp
[0.747s] -- Up-to-date: /home/student/dev_ws/install/more_interfaces/include/more_interfaces/msg/adress_book.hpp
[0.749s] -- Up-to-date: /home/student/dev_ws/install/more_interfaces/include/more_interfaces
[0.749s] -- Up-to-date: /home/student/dev_ws/install/more_interfaces/include/more_interfaces/msg
[0.753s] -- Up-to-date: /home/student/dev_ws/install/more_interfaces/include/more_interfaces/msg/detail
[0.753s] -- Up-to-date: /home/student/dev_ws/install/more_interfaces/include/more_interfaces/msg/detail/address_book__type_support.cpp
[0.753s] -- Up-to-date: /home/student/dev_ws/install/more_interfaces/include/more_interfaces/msg/detail/address_book__rosidl_typesupport_introspection_cpp.hpp
[0.753s] -- Up-to-date: /home/student/dev_ws/install/more_interfaces/include/more_interfaces/msg/detail/adress_book__type_support.cpp
[0.754s] -- Up-to-date: /home/student/dev_ws/install/more_interfaces/include/more_interfaces/msg/detail/adress_book__rosidl_typesupport_introspection_cpp.hpp
[0.754s] -- Up-to-date: /home/student/dev_ws/install/more_interfaces/lib/libmore_interfaces__rosidl_typesupport_introspection_cpp.so
[0.754s] -- Up-to-date: /home/student/dev_ws/install/more_interfaces/lib/libmore_interfaces__rosidl_typesupport_cpp.so
[0.754s] -- Up-to-date: /home/student/dev_ws/install/more_interfaces/share/more_interfaces/environment/pythonpath.sh
[0.755s] -- Up-to-date: /home/student/dev_ws/install/more_interfaces/share/more_interfaces/environment/pythonpath.dsv
[0.755s] -- Up-to-date: /home/student/dev_ws/install/more_interfaces/lib/python3.8/site-packages/more_interfaces/__init__.py
[0.759s] -- Up-to-date: /home/student/dev_ws/install/more_interfaces/lib/python3.8/site-packages/more_interfaces/msg
[0.760s] -- Up-to-date: /home/student/dev_ws/install/more_interfaces/lib/python3.8/site-packages/more_interfaces/msg/_address_book_s.c
[0.760s] -- Up-to-date: /home/student/dev_ws/install/more_interfaces/lib/python3.8/site-packages/more_interfaces/msg/_address_book.py
[0.760s] -- Up-to-date: /home/student/dev_ws/install/more_interfaces/lib/python3.8/site-packages/more_interfaces/msg/_adress_book.py
[0.761s] -- Up-to-date: /home/student/dev_ws/install/more_interfaces/lib/python3.8/site-packages/more_interfaces/msg/_adress_book_s.c
[0.761s] -- Up-to-date: /home/student/dev_ws/install/more_interfaces/lib/python3.8/site-packages/more_interfaces/msg/__init__.py
[0.762s] -- Up-to-date: /home/student/dev_ws/install/more_interfaces/lib/python3.8/site-packages/more_interfaces/more_interfaces_s__rosidl_typesupport_fastrtps_c.cpython-38-x86_64-linux-gnu.so
[0.762s] -- Up-to-date: /home/student/dev_ws/install/more_interfaces/lib/python3.8/site-packages/more_interfaces/more_interfaces_s__rosidl_typesupport_introspection_c.cpython-38-x86_64-linux-gnu.so
[0.762s] -- Up-to-date: /home/student/dev_ws/install/more_interfaces/lib/python3.8/site-packages/more_interfaces/more_interfaces_s__rosidl_typesupport_c.cpython-38-x86_64-linux-gnu.so
[0.763s] -- Up-to-date: /home/student/dev_ws/install/more_interfaces/lib/libmore_interfaces__python.so
[0.763s] -- Up-to-date: /home/student/dev_ws/install/more_interfaces/share/more_interfaces/msg/AddressBook.idl
[0.764s] -- Up-to-date: /home/student/dev_ws/install/more_interfaces/share/more_interfaces/msg/AddressBook.msg
[0.764s] -- Up-to-date: /home/student/dev_ws/install/more_interfaces/lib/more_interfaces/publish_address_book
[0.766s] -- Up-to-date: /home/student/dev_ws/install/more_interfaces/share/ament_index/resource_index/package_run_dependencies/more_interfaces
[0.766s] -- Up-to-date: /home/student/dev_ws/install/more_interfaces/share/ament_index/resource_index/parent_prefix_path/more_interfaces
[0.767s] -- Up-to-date: /home/student/dev_ws/install/more_interfaces/share/more_interfaces/environment/ament_prefix_path.sh
[0.767s] -- Up-to-date: /home/student/dev_ws/install/more_interfaces/share/more_interfaces/environment/ament_prefix_path.dsv
[0.767s] -- Up-to-date: /home/student/dev_ws/install/more_interfaces/share/more_interfaces/environment/path.sh
[0.768s] -- Up-to-date: /home/student/dev_ws/install/more_interfaces/share/more_interfaces/environment/path.dsv
[0.768s] -- Up-to-date: /home/student/dev_ws/install/more_interfaces/share/more_interfaces/local_setup.bash
[0.769s] -- Up-to-date: /home/student/dev_ws/install/more_interfaces/share/more_interfaces/local_setup.sh
[0.769s] -- Up-to-date: /home/student/dev_ws/install/more_interfaces/share/more_interfaces/local_setup.zsh
[0.769s] -- Up-to-date: /home/student/dev_ws/install/more_interfaces/share/more_interfaces/local_setup.dsv
[0.769s] -- Installing: /home/student/dev_ws/install/more_interfaces/share/more_interfaces/package.dsv
[0.770s] -- Up-to-date: /home/student/dev_ws/install/more_interfaces/share/ament_index/resource_index/packages/more_interfaces
[0.770s] -- Up-to-date: /home/student/dev_ws/install/more_interfaces/share/more_interfaces/cmake/more_interfaces__rosidl_generator_cExport.cmake
[0.771s] -- Up-to-date: /home/student/dev_ws/install/more_interfaces/share/more_interfaces/cmake/more_interfaces__rosidl_generator_cExport-noconfig.cmake
[0.771s] -- Up-to-date: /home/student/dev_ws/install/more_interfaces/share/more_interfaces/cmake/more_interfaces__rosidl_typesupport_introspection_cExport.cmake
[0.771s] -- Up-to-date: /home/student/dev_ws/install/more_interfaces/share/more_interfaces/cmake/more_interfaces__rosidl_typesupport_introspection_cExport-noconfig.cmake
[0.773s] -- Up-to-date: /home/student/dev_ws/install/more_interfaces/share/more_interfaces/cmake/more_interfaces__rosidl_typesupport_cExport.cmake
[0.773s] -- Up-to-date: /home/student/dev_ws/install/more_interfaces/share/more_interfaces/cmake/more_interfaces__rosidl_typesupport_cExport-noconfig.cmake
[0.774s] -- Up-to-date: /home/student/dev_ws/install/more_interfaces/share/more_interfaces/cmake/more_interfaces__rosidl_generator_cppExport.cmake
[0.774s] -- Up-to-date: /home/student/dev_ws/install/more_interfaces/share/more_interfaces/cmake/more_interfaces__rosidl_typesupport_introspection_cppExport.cmake
[0.774s] -- Up-to-date: /home/student/dev_ws/install/more_interfaces/share/more_interfaces/cmake/more_interfaces__rosidl_typesupport_introspection_cppExport-noconfig.cmake
[0.775s] -- Up-to-date: /home/student/dev_ws/install/more_interfaces/share/more_interfaces/cmake/more_interfaces__rosidl_typesupport_cppExport.cmake
[0.778s] -- Up-to-date: /home/student/dev_ws/install/more_interfaces/share/more_interfaces/cmake/more_interfaces__rosidl_typesupport_cppExport-noconfig.cmake
[0.778s] -- Up-to-date: /home/student/dev_ws/install/more_interfaces/share/more_interfaces/cmake/rosidl_cmake-extras.cmake
[0.778s] -- Up-to-date: /home/student/dev_ws/install/more_interfaces/share/more_interfaces/cmake/ament_cmake_export_dependencies-extras.cmake
[0.778s] -- Up-to-date: /home/student/dev_ws/install/more_interfaces/share/more_interfaces/cmake/ament_cmake_export_libraries-extras.cmake
[0.779s] -- Up-to-date: /home/student/dev_ws/install/more_interfaces/share/more_interfaces/cmake/ament_cmake_export_targets-extras.cmake
[0.779s] -- Up-to-date: /home/student/dev_ws/install/more_interfaces/share/more_interfaces/cmake/ament_cmake_export_include_directories-extras.cmake
[0.779s] -- Up-to-date: /home/student/dev_ws/install/more_interfaces/share/more_interfaces/cmake/rosidl_cmake_export_typesupport_libraries-extras.cmake
[0.779s] -- Up-to-date: /home/student/dev_ws/install/more_interfaces/share/more_interfaces/cmake/rosidl_cmake_export_typesupport_targets-extras.cmake
[0.779s] -- Up-to-date: /home/student/dev_ws/install/more_interfaces/share/more_interfaces/cmake/more_interfacesConfig.cmake
[0.780s] -- Up-to-date: /home/student/dev_ws/install/more_interfaces/share/more_interfaces/cmake/more_interfacesConfig-version.cmake
[0.781s] -- Up-to-date: /home/student/dev_ws/install/more_interfaces/share/more_interfaces/package.xml
[0.808s] Invoked command in '/home/student/dev_ws/build/more_interfaces' returned '0': CMAKE_PREFIX_PATH=/opt/ros/foxy /usr/bin/cmake --install /home/student/dev_ws/build/more_interfaces
