[0.657s] DEBUG:colcon:Command line arguments: ['/usr/bin/colcon', 'build']
[0.657s] DEBUG:colcon:Parsed command line arguments: Namespace(ament_cmake_args=None, base_paths=['.'], build_base='build', catkin_cmake_args=None, catkin_skip_building_tests=False, cmake_args=None, cmake_clean_cache=False, cmake_clean_first=False, cmake_force_configure=False, cmake_target=None, cmake_target_skip_unavailable=False, continue_on_error=False, event_handlers=None, executor='parallel', ignore_user_meta=False, install_base='install', log_base=None, log_level=None, main=<bound method BuildVerb.main of <colcon_core.verb.build.BuildVerb object at 0x7fd5508b3100>>, merge_install=False, metas=['./colcon.meta'], packages_above=None, packages_above_and_dependencies=None, packages_above_depth=None, packages_end=None, packages_ignore=None, packages_ignore_regex=None, packages_select=None, packages_select_build_failed=False, packages_select_by_dep=None, packages_select_regex=None, packages_select_test_failures=False, packages_skip=None, packages_skip_build_finished=False, packages_skip_by_dep=None, packages_skip_regex=None, packages_skip_test_passed=False, packages_skip_up_to=None, packages_start=None, packages_up_to=None, packages_up_to_regex=None, parallel_workers=12, paths=None, symlink_install=False, test_result_base=None, verb_extension=<colcon_core.verb.build.BuildVerb object at 0x7fd5508b3100>, verb_name='build', verb_parser=<colcon_defaults.argument_parser.defaults.DefaultArgumentsDecorator object at 0x7fd5508b3580>)
[0.668s] Level 1:colcon.colcon_core.package_discovery:discover_packages(colcon_meta) check parameters
[0.668s] Level 1:colcon.colcon_core.package_discovery:discover_packages(recursive) check parameters
[0.668s] Level 1:colcon.colcon_core.package_discovery:discover_packages(ignore) check parameters
[0.668s] Level 1:colcon.colcon_core.package_discovery:discover_packages(path) check parameters
[0.668s] Level 1:colcon.colcon_core.package_discovery:discover_packages(colcon_meta) discover
[0.668s] Level 1:colcon.colcon_core.package_discovery:discover_packages(recursive) discover
[0.668s] INFO:colcon.colcon_core.package_discovery:Crawling recursively for packages in '/home/student/dev_ws'
[0.668s] Level 1:colcon.colcon_core.package_identification:_identify(.) by extensions ['ignore', 'ignore_ament_install']
[0.668s] Level 1:colcon.colcon_core.package_identification:_identify(.) by extension 'ignore'
[0.668s] Level 1:colcon.colcon_core.package_identification:_identify(.) by extension 'ignore_ament_install'
[0.668s] Level 1:colcon.colcon_core.package_identification:_identify(.) by extensions ['colcon_pkg']
[0.668s] Level 1:colcon.colcon_core.package_identification:_identify(.) by extension 'colcon_pkg'
[0.668s] Level 1:colcon.colcon_core.package_identification:_identify(.) by extensions ['colcon_meta']
[0.668s] Level 1:colcon.colcon_core.package_identification:_identify(.) by extension 'colcon_meta'
[0.668s] Level 1:colcon.colcon_core.package_identification:_identify(.) by extensions ['ros']
[0.669s] Level 1:colcon.colcon_core.package_identification:_identify(.) by extension 'ros'
[0.681s] Level 1:colcon.colcon_core.package_identification:_identify(.) by extensions ['cmake', 'python']
[0.681s] Level 1:colcon.colcon_core.package_identification:_identify(.) by extension 'cmake'
[0.681s] Level 1:colcon.colcon_core.package_identification:_identify(.) by extension 'python'
[0.681s] Level 1:colcon.colcon_core.package_identification:_identify(.) by extensions ['python_setup_py']
[0.681s] Level 1:colcon.colcon_core.package_identification:_identify(.) by extension 'python_setup_py'
[0.681s] Level 1:colcon.colcon_core.package_identification:_identify(build) by extensions ['ignore', 'ignore_ament_install']
[0.682s] Level 1:colcon.colcon_core.package_identification:_identify(build) by extension 'ignore'
[0.682s] Level 1:colcon.colcon_core.package_identification:_identify(build) ignored
[0.682s] Level 1:colcon.colcon_core.package_identification:_identify(cpp_srvcli) by extensions ['ignore', 'ignore_ament_install']
[0.682s] Level 1:colcon.colcon_core.package_identification:_identify(cpp_srvcli) by extension 'ignore'
[0.682s] Level 1:colcon.colcon_core.package_identification:_identify(cpp_srvcli) by extension 'ignore_ament_install'
[0.682s] Level 1:colcon.colcon_core.package_identification:_identify(cpp_srvcli) by extensions ['colcon_pkg']
[0.682s] Level 1:colcon.colcon_core.package_identification:_identify(cpp_srvcli) by extension 'colcon_pkg'
[0.682s] Level 1:colcon.colcon_core.package_identification:_identify(cpp_srvcli) by extensions ['colcon_meta']
[0.682s] Level 1:colcon.colcon_core.package_identification:_identify(cpp_srvcli) by extension 'colcon_meta'
[0.682s] Level 1:colcon.colcon_core.package_identification:_identify(cpp_srvcli) by extensions ['ros']
[0.682s] Level 1:colcon.colcon_core.package_identification:_identify(cpp_srvcli) by extension 'ros'
[0.686s] DEBUG:colcon.colcon_core.package_identification:Package 'cpp_srvcli' with type 'ros.ament_cmake' and name 'cpp_srvcli'
[0.686s] Level 1:colcon.colcon_core.package_identification:_identify(install) by extensions ['ignore', 'ignore_ament_install']
[0.686s] Level 1:colcon.colcon_core.package_identification:_identify(install) by extension 'ignore'
[0.686s] Level 1:colcon.colcon_core.package_identification:_identify(install) ignored
[0.686s] Level 1:colcon.colcon_core.package_identification:_identify(log) by extensions ['ignore', 'ignore_ament_install']
[0.686s] Level 1:colcon.colcon_core.package_identification:_identify(log) by extension 'ignore'
[0.686s] Level 1:colcon.colcon_core.package_identification:_identify(log) ignored
[0.687s] Level 1:colcon.colcon_core.package_identification:_identify(py_srvcli) by extensions ['ignore', 'ignore_ament_install']
[0.687s] Level 1:colcon.colcon_core.package_identification:_identify(py_srvcli) by extension 'ignore'
[0.687s] Level 1:colcon.colcon_core.package_identification:_identify(py_srvcli) by extension 'ignore_ament_install'
[0.687s] Level 1:colcon.colcon_core.package_identification:_identify(py_srvcli) by extensions ['colcon_pkg']
[0.687s] Level 1:colcon.colcon_core.package_identification:_identify(py_srvcli) by extension 'colcon_pkg'
[0.687s] Level 1:colcon.colcon_core.package_identification:_identify(py_srvcli) by extensions ['colcon_meta']
[0.687s] Level 1:colcon.colcon_core.package_identification:_identify(py_srvcli) by extension 'colcon_meta'
[0.687s] Level 1:colcon.colcon_core.package_identification:_identify(py_srvcli) by extensions ['ros']
[0.687s] Level 1:colcon.colcon_core.package_identification:_identify(py_srvcli) by extension 'ros'
[0.688s] DEBUG:colcon.colcon_core.package_identification:Package 'py_srvcli' with type 'ros.ament_python' and name 'py_srvcli'
[0.688s] Level 1:colcon.colcon_core.package_identification:_identify(src) by extensions ['ignore', 'ignore_ament_install']
[0.688s] Level 1:colcon.colcon_core.package_identification:_identify(src) by extension 'ignore'
[0.688s] Level 1:colcon.colcon_core.package_identification:_identify(src) by extension 'ignore_ament_install'
[0.688s] Level 1:colcon.colcon_core.package_identification:_identify(src) by extensions ['colcon_pkg']
[0.688s] Level 1:colcon.colcon_core.package_identification:_identify(src) by extension 'colcon_pkg'
[0.688s] Level 1:colcon.colcon_core.package_identification:_identify(src) by extensions ['colcon_meta']
[0.688s] Level 1:colcon.colcon_core.package_identification:_identify(src) by extension 'colcon_meta'
[0.688s] Level 1:colcon.colcon_core.package_identification:_identify(src) by extensions ['ros']
[0.688s] Level 1:colcon.colcon_core.package_identification:_identify(src) by extension 'ros'
[0.689s] Level 1:colcon.colcon_core.package_identification:_identify(src) by extensions ['cmake', 'python']
[0.689s] Level 1:colcon.colcon_core.package_identification:_identify(src) by extension 'cmake'
[0.689s] Level 1:colcon.colcon_core.package_identification:_identify(src) by extension 'python'
[0.689s] Level 1:colcon.colcon_core.package_identification:_identify(src) by extensions ['python_setup_py']
[0.689s] Level 1:colcon.colcon_core.package_identification:_identify(src) by extension 'python_setup_py'
[0.689s] Level 1:colcon.colcon_core.package_identification:_identify(src/RoomboSimator) by extensions ['ignore', 'ignore_ament_install']
[0.689s] Level 1:colcon.colcon_core.package_identification:_identify(src/RoomboSimator) by extension 'ignore'
[0.689s] Level 1:colcon.colcon_core.package_identification:_identify(src/RoomboSimator) by extension 'ignore_ament_install'
[0.689s] Level 1:colcon.colcon_core.package_identification:_identify(src/RoomboSimator) by extensions ['colcon_pkg']
[0.689s] Level 1:colcon.colcon_core.package_identification:_identify(src/RoomboSimator) by extension 'colcon_pkg'
[0.689s] Level 1:colcon.colcon_core.package_identification:_identify(src/RoomboSimator) by extensions ['colcon_meta']
[0.689s] Level 1:colcon.colcon_core.package_identification:_identify(src/RoomboSimator) by extension 'colcon_meta'
[0.689s] Level 1:colcon.colcon_core.package_identification:_identify(src/RoomboSimator) by extensions ['ros']
[0.689s] Level 1:colcon.colcon_core.package_identification:_identify(src/RoomboSimator) by extension 'ros'
[0.690s] DEBUG:colcon.colcon_core.package_identification:Package 'src/RoomboSimator' with type 'ros.ament_python' and name 'RoomboSimator'
[0.690s] Level 1:colcon.colcon_core.package_identification:_identify(src/action_ws) by extensions ['ignore', 'ignore_ament_install']
[0.690s] Level 1:colcon.colcon_core.package_identification:_identify(src/action_ws) by extension 'ignore'
[0.691s] Level 1:colcon.colcon_core.package_identification:_identify(src/action_ws) by extension 'ignore_ament_install'
[0.691s] Level 1:colcon.colcon_core.package_identification:_identify(src/action_ws) by extensions ['colcon_pkg']
[0.691s] Level 1:colcon.colcon_core.package_identification:_identify(src/action_ws) by extension 'colcon_pkg'
[0.691s] Level 1:colcon.colcon_core.package_identification:_identify(src/action_ws) by extensions ['colcon_meta']
[0.691s] Level 1:colcon.colcon_core.package_identification:_identify(src/action_ws) by extension 'colcon_meta'
[0.691s] Level 1:colcon.colcon_core.package_identification:_identify(src/action_ws) by extensions ['ros']
[0.691s] Level 1:colcon.colcon_core.package_identification:_identify(src/action_ws) by extension 'ros'
[0.691s] Level 1:colcon.colcon_core.package_identification:_identify(src/action_ws) by extensions ['cmake', 'python']
[0.691s] Level 1:colcon.colcon_core.package_identification:_identify(src/action_ws) by extension 'cmake'
[0.691s] Level 1:colcon.colcon_core.package_identification:_identify(src/action_ws) by extension 'python'
[0.691s] Level 1:colcon.colcon_core.package_identification:_identify(src/action_ws) by extensions ['python_setup_py']
[0.691s] Level 1:colcon.colcon_core.package_identification:_identify(src/action_ws) by extension 'python_setup_py'
[0.692s] Level 1:colcon.colcon_core.package_identification:_identify(src/cpp_parameters) by extensions ['ignore', 'ignore_ament_install']
[0.692s] Level 1:colcon.colcon_core.package_identification:_identify(src/cpp_parameters) by extension 'ignore'
[0.692s] Level 1:colcon.colcon_core.package_identification:_identify(src/cpp_parameters) by extension 'ignore_ament_install'
[0.692s] Level 1:colcon.colcon_core.package_identification:_identify(src/cpp_parameters) by extensions ['colcon_pkg']
[0.692s] Level 1:colcon.colcon_core.package_identification:_identify(src/cpp_parameters) by extension 'colcon_pkg'
[0.692s] Level 1:colcon.colcon_core.package_identification:_identify(src/cpp_parameters) by extensions ['colcon_meta']
[0.692s] Level 1:colcon.colcon_core.package_identification:_identify(src/cpp_parameters) by extension 'colcon_meta'
[0.692s] Level 1:colcon.colcon_core.package_identification:_identify(src/cpp_parameters) by extensions ['ros']
[0.692s] Level 1:colcon.colcon_core.package_identification:_identify(src/cpp_parameters) by extension 'ros'
[0.693s] DEBUG:colcon.colcon_core.package_identification:Package 'src/cpp_parameters' with type 'ros.ament_cmake' and name 'cpp_parameters'
[0.693s] Level 1:colcon.colcon_core.package_identification:_identify(src/cpp_pubsub) by extensions ['ignore', 'ignore_ament_install']
[0.693s] Level 1:colcon.colcon_core.package_identification:_identify(src/cpp_pubsub) by extension 'ignore'
[0.693s] Level 1:colcon.colcon_core.package_identification:_identify(src/cpp_pubsub) by extension 'ignore_ament_install'
[0.693s] Level 1:colcon.colcon_core.package_identification:_identify(src/cpp_pubsub) by extensions ['colcon_pkg']
[0.693s] Level 1:colcon.colcon_core.package_identification:_identify(src/cpp_pubsub) by extension 'colcon_pkg'
[0.693s] Level 1:colcon.colcon_core.package_identification:_identify(src/cpp_pubsub) by extensions ['colcon_meta']
[0.693s] Level 1:colcon.colcon_core.package_identification:_identify(src/cpp_pubsub) by extension 'colcon_meta'
[0.693s] Level 1:colcon.colcon_core.package_identification:_identify(src/cpp_pubsub) by extensions ['ros']
[0.694s] Level 1:colcon.colcon_core.package_identification:_identify(src/cpp_pubsub) by extension 'ros'
[0.694s] DEBUG:colcon.colcon_core.package_identification:Package 'src/cpp_pubsub' with type 'ros.ament_cmake' and name 'cpp_pubsub'
[0.695s] Level 1:colcon.colcon_core.package_identification:_identify(src/more_interfaces) by extensions ['ignore', 'ignore_ament_install']
[0.695s] Level 1:colcon.colcon_core.package_identification:_identify(src/more_interfaces) by extension 'ignore'
[0.696s] Level 1:colcon.colcon_core.package_identification:_identify(src/more_interfaces) by extension 'ignore_ament_install'
[0.696s] Level 1:colcon.colcon_core.package_identification:_identify(src/more_interfaces) by extensions ['colcon_pkg']
[0.696s] Level 1:colcon.colcon_core.package_identification:_identify(src/more_interfaces) by extension 'colcon_pkg'
[0.696s] Level 1:colcon.colcon_core.package_identification:_identify(src/more_interfaces) by extensions ['colcon_meta']
[0.696s] Level 1:colcon.colcon_core.package_identification:_identify(src/more_interfaces) by extension 'colcon_meta'
[0.696s] Level 1:colcon.colcon_core.package_identification:_identify(src/more_interfaces) by extensions ['ros']
[0.696s] Level 1:colcon.colcon_core.package_identification:_identify(src/more_interfaces) by extension 'ros'
[0.696s] DEBUG:colcon.colcon_core.package_identification:Package 'src/more_interfaces' with type 'ros.ament_cmake' and name 'more_interfaces'
[0.697s] Level 1:colcon.colcon_core.package_identification:_identify(src/py_parameters) by extensions ['ignore', 'ignore_ament_install']
[0.697s] Level 1:colcon.colcon_core.package_identification:_identify(src/py_parameters) by extension 'ignore'
[0.697s] Level 1:colcon.colcon_core.package_identification:_identify(src/py_parameters) by extension 'ignore_ament_install'
[0.697s] Level 1:colcon.colcon_core.package_identification:_identify(src/py_parameters) by extensions ['colcon_pkg']
[0.697s] Level 1:colcon.colcon_core.package_identification:_identify(src/py_parameters) by extension 'colcon_pkg'
[0.697s] Level 1:colcon.colcon_core.package_identification:_identify(src/py_parameters) by extensions ['colcon_meta']
[0.697s] Level 1:colcon.colcon_core.package_identification:_identify(src/py_parameters) by extension 'colcon_meta'
[0.697s] Level 1:colcon.colcon_core.package_identification:_identify(src/py_parameters) by extensions ['ros']
[0.697s] Level 1:colcon.colcon_core.package_identification:_identify(src/py_parameters) by extension 'ros'
[0.698s] DEBUG:colcon.colcon_core.package_identification:Package 'src/py_parameters' with type 'ros.ament_python' and name 'py_parameters'
[0.698s] Level 1:colcon.colcon_core.package_identification:_identify(src/ros_tutorials) by extensions ['ignore', 'ignore_ament_install']
[0.699s] Level 1:colcon.colcon_core.package_identification:_identify(src/ros_tutorials) by extension 'ignore'
[0.699s] Level 1:colcon.colcon_core.package_identification:_identify(src/ros_tutorials) by extension 'ignore_ament_install'
[0.699s] Level 1:colcon.colcon_core.package_identification:_identify(src/ros_tutorials) by extensions ['colcon_pkg']
[0.699s] Level 1:colcon.colcon_core.package_identification:_identify(src/ros_tutorials) by extension 'colcon_pkg'
[0.699s] Level 1:colcon.colcon_core.package_identification:_identify(src/ros_tutorials) by extensions ['colcon_meta']
[0.699s] Level 1:colcon.colcon_core.package_identification:_identify(src/ros_tutorials) by extension 'colcon_meta'
[0.699s] Level 1:colcon.colcon_core.package_identification:_identify(src/ros_tutorials) by extensions ['ros']
[0.699s] Level 1:colcon.colcon_core.package_identification:_identify(src/ros_tutorials) by extension 'ros'
[0.699s] Level 1:colcon.colcon_core.package_identification:_identify(src/ros_tutorials) by extensions ['cmake', 'python']
[0.699s] Level 1:colcon.colcon_core.package_identification:_identify(src/ros_tutorials) by extension 'cmake'
[0.699s] Level 1:colcon.colcon_core.package_identification:_identify(src/ros_tutorials) by extension 'python'
[0.699s] Level 1:colcon.colcon_core.package_identification:_identify(src/ros_tutorials) by extensions ['python_setup_py']
[0.699s] Level 1:colcon.colcon_core.package_identification:_identify(src/ros_tutorials) by extension 'python_setup_py'
[0.699s] Level 1:colcon.colcon_core.package_identification:_identify(src/ros_tutorials/ros_tutorials) by extensions ['ignore', 'ignore_ament_install']
[0.700s] Level 1:colcon.colcon_core.package_identification:_identify(src/ros_tutorials/ros_tutorials) by extension 'ignore'
[0.700s] Level 1:colcon.colcon_core.package_identification:_identify(src/ros_tutorials/ros_tutorials) ignored
[0.700s] Level 1:colcon.colcon_core.package_identification:_identify(src/ros_tutorials/roscpp_tutorials) by extensions ['ignore', 'ignore_ament_install']
[0.700s] Level 1:colcon.colcon_core.package_identification:_identify(src/ros_tutorials/roscpp_tutorials) by extension 'ignore'
[0.700s] Level 1:colcon.colcon_core.package_identification:_identify(src/ros_tutorials/roscpp_tutorials) ignored
[0.701s] Level 1:colcon.colcon_core.package_identification:_identify(src/ros_tutorials/rospy_tutorials) by extensions ['ignore', 'ignore_ament_install']
[0.701s] Level 1:colcon.colcon_core.package_identification:_identify(src/ros_tutorials/rospy_tutorials) by extension 'ignore'
[0.701s] Level 1:colcon.colcon_core.package_identification:_identify(src/ros_tutorials/rospy_tutorials) ignored
[0.701s] Level 1:colcon.colcon_core.package_identification:_identify(src/ros_tutorials/turtlesim) by extensions ['ignore', 'ignore_ament_install']
[0.701s] Level 1:colcon.colcon_core.package_identification:_identify(src/ros_tutorials/turtlesim) by extension 'ignore'
[0.701s] Level 1:colcon.colcon_core.package_identification:_identify(src/ros_tutorials/turtlesim) by extension 'ignore_ament_install'
[0.701s] Level 1:colcon.colcon_core.package_identification:_identify(src/ros_tutorials/turtlesim) by extensions ['colcon_pkg']
[0.701s] Level 1:colcon.colcon_core.package_identification:_identify(src/ros_tutorials/turtlesim) by extension 'colcon_pkg'
[0.701s] Level 1:colcon.colcon_core.package_identification:_identify(src/ros_tutorials/turtlesim) by extensions ['colcon_meta']
[0.701s] Level 1:colcon.colcon_core.package_identification:_identify(src/ros_tutorials/turtlesim) by extension 'colcon_meta'
[0.701s] Level 1:colcon.colcon_core.package_identification:_identify(src/ros_tutorials/turtlesim) by extensions ['ros']
[0.701s] Level 1:colcon.colcon_core.package_identification:_identify(src/ros_tutorials/turtlesim) by extension 'ros'
[0.702s] DEBUG:colcon.colcon_core.package_identification:Package 'src/ros_tutorials/turtlesim' with type 'ros.ament_cmake' and name 'turtlesim'
[0.703s] Level 1:colcon.colcon_core.package_identification:_identify(src/tutorial_interfaces) by extensions ['ignore', 'ignore_ament_install']
[0.703s] Level 1:colcon.colcon_core.package_identification:_identify(src/tutorial_interfaces) by extension 'ignore'
[0.703s] Level 1:colcon.colcon_core.package_identification:_identify(src/tutorial_interfaces) by extension 'ignore_ament_install'
[0.703s] Level 1:colcon.colcon_core.package_identification:_identify(src/tutorial_interfaces) by extensions ['colcon_pkg']
[0.703s] Level 1:colcon.colcon_core.package_identification:_identify(src/tutorial_interfaces) by extension 'colcon_pkg'
[0.703s] Level 1:colcon.colcon_core.package_identification:_identify(src/tutorial_interfaces) by extensions ['colcon_meta']
[0.703s] Level 1:colcon.colcon_core.package_identification:_identify(src/tutorial_interfaces) by extension 'colcon_meta'
[0.703s] Level 1:colcon.colcon_core.package_identification:_identify(src/tutorial_interfaces) by extensions ['ros']
[0.703s] Level 1:colcon.colcon_core.package_identification:_identify(src/tutorial_interfaces) by extension 'ros'
[0.704s] DEBUG:colcon.colcon_core.package_identification:Package 'src/tutorial_interfaces' with type 'ros.ament_cmake' and name 'tutorial_interfaces'
[0.704s] Level 1:colcon.colcon_core.package_discovery:discover_packages(recursive) using defaults
[0.704s] Level 1:colcon.colcon_core.package_discovery:discover_packages(ignore) discover
[0.704s] Level 1:colcon.colcon_core.package_discovery:discover_packages(ignore) using defaults
[0.704s] Level 1:colcon.colcon_core.package_discovery:discover_packages(path) discover
[0.704s] Level 1:colcon.colcon_core.package_discovery:discover_packages(path) using defaults
[0.728s] Level 5:colcon.colcon_core.verb:set package 'RoomboSimator' build argument 'cmake_args' from command line to 'None'
[0.728s] Level 5:colcon.colcon_core.verb:set package 'RoomboSimator' build argument 'cmake_target' from command line to 'None'
[0.728s] Level 5:colcon.colcon_core.verb:set package 'RoomboSimator' build argument 'cmake_target_skip_unavailable' from command line to 'False'
[0.728s] Level 5:colcon.colcon_core.verb:set package 'RoomboSimator' build argument 'cmake_clean_cache' from command line to 'False'
[0.728s] Level 5:colcon.colcon_core.verb:set package 'RoomboSimator' build argument 'cmake_clean_first' from command line to 'False'
[0.728s] Level 5:colcon.colcon_core.verb:set package 'RoomboSimator' build argument 'cmake_force_configure' from command line to 'False'
[0.728s] Level 5:colcon.colcon_core.verb:set package 'RoomboSimator' build argument 'ament_cmake_args' from command line to 'None'
[0.728s] Level 5:colcon.colcon_core.verb:set package 'RoomboSimator' build argument 'catkin_cmake_args' from command line to 'None'
[0.728s] Level 5:colcon.colcon_core.verb:set package 'RoomboSimator' build argument 'catkin_skip_building_tests' from command line to 'False'
[0.728s] DEBUG:colcon.colcon_core.verb:Building package 'RoomboSimator' with the following arguments: {'ament_cmake_args': None, 'build_base': '/home/student/dev_ws/build/RoomboSimator', 'catkin_cmake_args': None, 'catkin_skip_building_tests': False, 'cmake_args': None, 'cmake_clean_cache': False, 'cmake_clean_first': False, 'cmake_force_configure': False, 'cmake_target': None, 'cmake_target_skip_unavailable': False, 'install_base': '/home/student/dev_ws/install/RoomboSimator', 'merge_install': False, 'path': '/home/student/dev_ws/src/RoomboSimator', 'symlink_install': False, 'test_result_base': None}
[0.730s] Level 5:colcon.colcon_core.verb:set package 'cpp_parameters' build argument 'cmake_args' from command line to 'None'
[0.730s] Level 5:colcon.colcon_core.verb:set package 'cpp_parameters' build argument 'cmake_target' from command line to 'None'
[0.730s] Level 5:colcon.colcon_core.verb:set package 'cpp_parameters' build argument 'cmake_target_skip_unavailable' from command line to 'False'
[0.730s] Level 5:colcon.colcon_core.verb:set package 'cpp_parameters' build argument 'cmake_clean_cache' from command line to 'False'
[0.730s] Level 5:colcon.colcon_core.verb:set package 'cpp_parameters' build argument 'cmake_clean_first' from command line to 'False'
[0.730s] Level 5:colcon.colcon_core.verb:set package 'cpp_parameters' build argument 'cmake_force_configure' from command line to 'False'
[0.730s] Level 5:colcon.colcon_core.verb:set package 'cpp_parameters' build argument 'ament_cmake_args' from command line to 'None'
[0.730s] Level 5:colcon.colcon_core.verb:set package 'cpp_parameters' build argument 'catkin_cmake_args' from command line to 'None'
[0.730s] Level 5:colcon.colcon_core.verb:set package 'cpp_parameters' build argument 'catkin_skip_building_tests' from command line to 'False'
[0.730s] DEBUG:colcon.colcon_core.verb:Building package 'cpp_parameters' with the following arguments: {'ament_cmake_args': None, 'build_base': '/home/student/dev_ws/build/cpp_parameters', 'catkin_cmake_args': None, 'catkin_skip_building_tests': False, 'cmake_args': None, 'cmake_clean_cache': False, 'cmake_clean_first': False, 'cmake_force_configure': False, 'cmake_target': None, 'cmake_target_skip_unavailable': False, 'install_base': '/home/student/dev_ws/install/cpp_parameters', 'merge_install': False, 'path': '/home/student/dev_ws/src/cpp_parameters', 'symlink_install': False, 'test_result_base': None}
[0.732s] Level 5:colcon.colcon_core.verb:set package 'cpp_pubsub' build argument 'cmake_args' from command line to 'None'
[0.732s] Level 5:colcon.colcon_core.verb:set package 'cpp_pubsub' build argument 'cmake_target' from command line to 'None'
[0.732s] Level 5:colcon.colcon_core.verb:set package 'cpp_pubsub' build argument 'cmake_target_skip_unavailable' from command line to 'False'
[0.732s] Level 5:colcon.colcon_core.verb:set package 'cpp_pubsub' build argument 'cmake_clean_cache' from command line to 'False'
[0.732s] Level 5:colcon.colcon_core.verb:set package 'cpp_pubsub' build argument 'cmake_clean_first' from command line to 'False'
[0.732s] Level 5:colcon.colcon_core.verb:set package 'cpp_pubsub' build argument 'cmake_force_configure' from command line to 'False'
[0.732s] Level 5:colcon.colcon_core.verb:set package 'cpp_pubsub' build argument 'ament_cmake_args' from command line to 'None'
[0.732s] Level 5:colcon.colcon_core.verb:set package 'cpp_pubsub' build argument 'catkin_cmake_args' from command line to 'None'
[0.732s] Level 5:colcon.colcon_core.verb:set package 'cpp_pubsub' build argument 'catkin_skip_building_tests' from command line to 'False'
[0.732s] DEBUG:colcon.colcon_core.verb:Building package 'cpp_pubsub' with the following arguments: {'ament_cmake_args': None, 'build_base': '/home/student/dev_ws/build/cpp_pubsub', 'catkin_cmake_args': None, 'catkin_skip_building_tests': False, 'cmake_args': None, 'cmake_clean_cache': False, 'cmake_clean_first': False, 'cmake_force_configure': False, 'cmake_target': None, 'cmake_target_skip_unavailable': False, 'install_base': '/home/student/dev_ws/install/cpp_pubsub', 'merge_install': False, 'path': '/home/student/dev_ws/src/cpp_pubsub', 'symlink_install': False, 'test_result_base': None}
[0.734s] Level 5:colcon.colcon_core.verb:set package 'cpp_srvcli' build argument 'cmake_args' from command line to 'None'
[0.734s] Level 5:colcon.colcon_core.verb:set package 'cpp_srvcli' build argument 'cmake_target' from command line to 'None'
[0.734s] Level 5:colcon.colcon_core.verb:set package 'cpp_srvcli' build argument 'cmake_target_skip_unavailable' from command line to 'False'
[0.734s] Level 5:colcon.colcon_core.verb:set package 'cpp_srvcli' build argument 'cmake_clean_cache' from command line to 'False'
[0.734s] Level 5:colcon.colcon_core.verb:set package 'cpp_srvcli' build argument 'cmake_clean_first' from command line to 'False'
[0.734s] Level 5:colcon.colcon_core.verb:set package 'cpp_srvcli' build argument 'cmake_force_configure' from command line to 'False'
[0.734s] Level 5:colcon.colcon_core.verb:set package 'cpp_srvcli' build argument 'ament_cmake_args' from command line to 'None'
[0.734s] Level 5:colcon.colcon_core.verb:set package 'cpp_srvcli' build argument 'catkin_cmake_args' from command line to 'None'
[0.734s] Level 5:colcon.colcon_core.verb:set package 'cpp_srvcli' build argument 'catkin_skip_building_tests' from command line to 'False'
[0.734s] DEBUG:colcon.colcon_core.verb:Building package 'cpp_srvcli' with the following arguments: {'ament_cmake_args': None, 'build_base': '/home/student/dev_ws/build/cpp_srvcli', 'catkin_cmake_args': None, 'catkin_skip_building_tests': False, 'cmake_args': None, 'cmake_clean_cache': False, 'cmake_clean_first': False, 'cmake_force_configure': False, 'cmake_target': None, 'cmake_target_skip_unavailable': False, 'install_base': '/home/student/dev_ws/install/cpp_srvcli', 'merge_install': False, 'path': '/home/student/dev_ws/cpp_srvcli', 'symlink_install': False, 'test_result_base': None}
[0.736s] Level 5:colcon.colcon_core.verb:set package 'more_interfaces' build argument 'cmake_args' from command line to 'None'
[0.736s] Level 5:colcon.colcon_core.verb:set package 'more_interfaces' build argument 'cmake_target' from command line to 'None'
[0.736s] Level 5:colcon.colcon_core.verb:set package 'more_interfaces' build argument 'cmake_target_skip_unavailable' from command line to 'False'
[0.736s] Level 5:colcon.colcon_core.verb:set package 'more_interfaces' build argument 'cmake_clean_cache' from command line to 'False'
[0.737s] Level 5:colcon.colcon_core.verb:set package 'more_interfaces' build argument 'cmake_clean_first' from command line to 'False'
[0.737s] Level 5:colcon.colcon_core.verb:set package 'more_interfaces' build argument 'cmake_force_configure' from command line to 'False'
[0.737s] Level 5:colcon.colcon_core.verb:set package 'more_interfaces' build argument 'ament_cmake_args' from command line to 'None'
[0.737s] Level 5:colcon.colcon_core.verb:set package 'more_interfaces' build argument 'catkin_cmake_args' from command line to 'None'
[0.737s] Level 5:colcon.colcon_core.verb:set package 'more_interfaces' build argument 'catkin_skip_building_tests' from command line to 'False'
[0.737s] DEBUG:colcon.colcon_core.verb:Building package 'more_interfaces' with the following arguments: {'ament_cmake_args': None, 'build_base': '/home/student/dev_ws/build/more_interfaces', 'catkin_cmake_args': None, 'catkin_skip_building_tests': False, 'cmake_args': None, 'cmake_clean_cache': False, 'cmake_clean_first': False, 'cmake_force_configure': False, 'cmake_target': None, 'cmake_target_skip_unavailable': False, 'install_base': '/home/student/dev_ws/install/more_interfaces', 'merge_install': False, 'path': '/home/student/dev_ws/src/more_interfaces', 'symlink_install': False, 'test_result_base': None}
[0.738s] Level 5:colcon.colcon_core.verb:set package 'py_parameters' build argument 'cmake_args' from command line to 'None'
[0.739s] Level 5:colcon.colcon_core.verb:set package 'py_parameters' build argument 'cmake_target' from command line to 'None'
[0.739s] Level 5:colcon.colcon_core.verb:set package 'py_parameters' build argument 'cmake_target_skip_unavailable' from command line to 'False'
[0.739s] Level 5:colcon.colcon_core.verb:set package 'py_parameters' build argument 'cmake_clean_cache' from command line to 'False'
[0.739s] Level 5:colcon.colcon_core.verb:set package 'py_parameters' build argument 'cmake_clean_first' from command line to 'False'
[0.739s] Level 5:colcon.colcon_core.verb:set package 'py_parameters' build argument 'cmake_force_configure' from command line to 'False'
[0.739s] Level 5:colcon.colcon_core.verb:set package 'py_parameters' build argument 'ament_cmake_args' from command line to 'None'
[0.739s] Level 5:colcon.colcon_core.verb:set package 'py_parameters' build argument 'catkin_cmake_args' from command line to 'None'
[0.739s] Level 5:colcon.colcon_core.verb:set package 'py_parameters' build argument 'catkin_skip_building_tests' from command line to 'False'
[0.739s] DEBUG:colcon.colcon_core.verb:Building package 'py_parameters' with the following arguments: {'ament_cmake_args': None, 'build_base': '/home/student/dev_ws/build/py_parameters', 'catkin_cmake_args': None, 'catkin_skip_building_tests': False, 'cmake_args': None, 'cmake_clean_cache': False, 'cmake_clean_first': False, 'cmake_force_configure': False, 'cmake_target': None, 'cmake_target_skip_unavailable': False, 'install_base': '/home/student/dev_ws/install/py_parameters', 'merge_install': False, 'path': '/home/student/dev_ws/src/py_parameters', 'symlink_install': False, 'test_result_base': None}
[0.741s] Level 5:colcon.colcon_core.verb:set package 'py_srvcli' build argument 'cmake_args' from command line to 'None'
[0.741s] Level 5:colcon.colcon_core.verb:set package 'py_srvcli' build argument 'cmake_target' from command line to 'None'
[0.741s] Level 5:colcon.colcon_core.verb:set package 'py_srvcli' build argument 'cmake_target_skip_unavailable' from command line to 'False'
[0.741s] Level 5:colcon.colcon_core.verb:set package 'py_srvcli' build argument 'cmake_clean_cache' from command line to 'False'
[0.741s] Level 5:colcon.colcon_core.verb:set package 'py_srvcli' build argument 'cmake_clean_first' from command line to 'False'
[0.741s] Level 5:colcon.colcon_core.verb:set package 'py_srvcli' build argument 'cmake_force_configure' from command line to 'False'
[0.741s] Level 5:colcon.colcon_core.verb:set package 'py_srvcli' build argument 'ament_cmake_args' from command line to 'None'
[0.741s] Level 5:colcon.colcon_core.verb:set package 'py_srvcli' build argument 'catkin_cmake_args' from command line to 'None'
[0.741s] Level 5:colcon.colcon_core.verb:set package 'py_srvcli' build argument 'catkin_skip_building_tests' from command line to 'False'
[0.741s] DEBUG:colcon.colcon_core.verb:Building package 'py_srvcli' with the following arguments: {'ament_cmake_args': None, 'build_base': '/home/student/dev_ws/build/py_srvcli', 'catkin_cmake_args': None, 'catkin_skip_building_tests': False, 'cmake_args': None, 'cmake_clean_cache': False, 'cmake_clean_first': False, 'cmake_force_configure': False, 'cmake_target': None, 'cmake_target_skip_unavailable': False, 'install_base': '/home/student/dev_ws/install/py_srvcli', 'merge_install': False, 'path': '/home/student/dev_ws/py_srvcli', 'symlink_install': False, 'test_result_base': None}
[0.743s] Level 5:colcon.colcon_core.verb:set package 'turtlesim' build argument 'cmake_args' from command line to 'None'
[0.743s] Level 5:colcon.colcon_core.verb:set package 'turtlesim' build argument 'cmake_target' from command line to 'None'
[0.743s] Level 5:colcon.colcon_core.verb:set package 'turtlesim' build argument 'cmake_target_skip_unavailable' from command line to 'False'
[0.743s] Level 5:colcon.colcon_core.verb:set package 'turtlesim' build argument 'cmake_clean_cache' from command line to 'False'
[0.743s] Level 5:colcon.colcon_core.verb:set package 'turtlesim' build argument 'cmake_clean_first' from command line to 'False'
[0.743s] Level 5:colcon.colcon_core.verb:set package 'turtlesim' build argument 'cmake_force_configure' from command line to 'False'
[0.743s] Level 5:colcon.colcon_core.verb:set package 'turtlesim' build argument 'ament_cmake_args' from command line to 'None'
[0.743s] Level 5:colcon.colcon_core.verb:set package 'turtlesim' build argument 'catkin_cmake_args' from command line to 'None'
[0.743s] Level 5:colcon.colcon_core.verb:set package 'turtlesim' build argument 'catkin_skip_building_tests' from command line to 'False'
[0.743s] DEBUG:colcon.colcon_core.verb:Building package 'turtlesim' with the following arguments: {'ament_cmake_args': None, 'build_base': '/home/student/dev_ws/build/turtlesim', 'catkin_cmake_args': None, 'catkin_skip_building_tests': False, 'cmake_args': None, 'cmake_clean_cache': False, 'cmake_clean_first': False, 'cmake_force_configure': False, 'cmake_target': None, 'cmake_target_skip_unavailable': False, 'install_base': '/home/student/dev_ws/install/turtlesim', 'merge_install': False, 'path': '/home/student/dev_ws/src/ros_tutorials/turtlesim', 'symlink_install': False, 'test_result_base': None}
[0.745s] Level 5:colcon.colcon_core.verb:set package 'tutorial_interfaces' build argument 'cmake_args' from command line to 'None'
[0.745s] Level 5:colcon.colcon_core.verb:set package 'tutorial_interfaces' build argument 'cmake_target' from command line to 'None'
[0.745s] Level 5:colcon.colcon_core.verb:set package 'tutorial_interfaces' build argument 'cmake_target_skip_unavailable' from command line to 'False'
[0.745s] Level 5:colcon.colcon_core.verb:set package 'tutorial_interfaces' build argument 'cmake_clean_cache' from command line to 'False'
[0.745s] Level 5:colcon.colcon_core.verb:set package 'tutorial_interfaces' build argument 'cmake_clean_first' from command line to 'False'
[0.745s] Level 5:colcon.colcon_core.verb:set package 'tutorial_interfaces' build argument 'cmake_force_configure' from command line to 'False'
[0.745s] Level 5:colcon.colcon_core.verb:set package 'tutorial_interfaces' build argument 'ament_cmake_args' from command line to 'None'
[0.745s] Level 5:colcon.colcon_core.verb:set package 'tutorial_interfaces' build argument 'catkin_cmake_args' from command line to 'None'
[0.745s] Level 5:colcon.colcon_core.verb:set package 'tutorial_interfaces' build argument 'catkin_skip_building_tests' from command line to 'False'
[0.745s] DEBUG:colcon.colcon_core.verb:Building package 'tutorial_interfaces' with the following arguments: {'ament_cmake_args': None, 'build_base': '/home/student/dev_ws/build/tutorial_interfaces', 'catkin_cmake_args': None, 'catkin_skip_building_tests': False, 'cmake_args': None, 'cmake_clean_cache': False, 'cmake_clean_first': False, 'cmake_force_configure': False, 'cmake_target': None, 'cmake_target_skip_unavailable': False, 'install_base': '/home/student/dev_ws/install/tutorial_interfaces', 'merge_install': False, 'path': '/home/student/dev_ws/src/tutorial_interfaces', 'symlink_install': False, 'test_result_base': None}
[0.745s] INFO:colcon.colcon_core.executor:Executing jobs using 'parallel' executor
[0.748s] DEBUG:colcon.colcon_parallel_executor.executor.parallel:run_until_complete
[0.748s] INFO:colcon.colcon_ros.task.ament_python.build:Building ROS package in '/home/student/dev_ws/src/RoomboSimator' with build type 'ament_python'
[0.749s] Level 1:colcon.colcon_core.shell:create_environment_hook('RoomboSimator', 'ament_prefix_path')
[0.756s] INFO:colcon.colcon_core.plugin_system:Skipping extension 'colcon_core.shell.bat': Not used on non-Windows systems
[0.756s] INFO:colcon.colcon_core.shell:Creating environment hook '/home/student/dev_ws/install/RoomboSimator/share/RoomboSimator/hook/ament_prefix_path.ps1'
[0.757s] INFO:colcon.colcon_core.shell:Creating environment descriptor '/home/student/dev_ws/install/RoomboSimator/share/RoomboSimator/hook/ament_prefix_path.dsv'
[0.758s] INFO:colcon.colcon_core.shell:Creating environment hook '/home/student/dev_ws/install/RoomboSimator/share/RoomboSimator/hook/ament_prefix_path.sh'
[0.759s] INFO:colcon.colcon_core.shell:Skip shell extension 'powershell' for command environment: Not usable outside of PowerShell
[0.759s] DEBUG:colcon.colcon_core.shell:Skip shell extension 'dsv' for command environment
[0.762s] DEBUG:colcon.colcon_core.shell:Ignoring prefix path '/opt/ros/foxy'
[0.764s] INFO:colcon.colcon_ros.task.ament_cmake.build:Building ROS package in '/home/student/dev_ws/src/cpp_parameters' with build type 'ament_cmake'
[0.765s] INFO:colcon.colcon_cmake.task.cmake.build:Building CMake package in '/home/student/dev_ws/src/cpp_parameters'
[0.766s] INFO:colcon.colcon_core.shell:Skip shell extension 'powershell' for command environment: Not usable outside of PowerShell
[0.766s] DEBUG:colcon.colcon_core.shell:Skip shell extension 'dsv' for command environment
[0.767s] DEBUG:colcon.colcon_core.shell:Ignoring prefix path '/opt/ros/foxy'
[0.771s] INFO:colcon.colcon_ros.task.ament_cmake.build:Building ROS package in '/home/student/dev_ws/src/cpp_pubsub' with build type 'ament_cmake'
[0.771s] INFO:colcon.colcon_cmake.task.cmake.build:Building CMake package in '/home/student/dev_ws/src/cpp_pubsub'
[0.772s] INFO:colcon.colcon_core.shell:Skip shell extension 'powershell' for command environment: Not usable outside of PowerShell
[0.772s] DEBUG:colcon.colcon_core.shell:Skip shell extension 'dsv' for command environment
[0.773s] DEBUG:colcon.colcon_core.shell:Ignoring prefix path '/opt/ros/foxy'
[0.777s] INFO:colcon.colcon_ros.task.ament_cmake.build:Building ROS package in '/home/student/dev_ws/cpp_srvcli' with build type 'ament_cmake'
[0.777s] INFO:colcon.colcon_cmake.task.cmake.build:Building CMake package in '/home/student/dev_ws/cpp_srvcli'
[0.778s] INFO:colcon.colcon_core.shell:Skip shell extension 'powershell' for command environment: Not usable outside of PowerShell
[0.778s] DEBUG:colcon.colcon_core.shell:Skip shell extension 'dsv' for command environment
[0.780s] DEBUG:colcon.colcon_core.shell:Ignoring prefix path '/opt/ros/foxy'
[0.785s] INFO:colcon.colcon_ros.task.ament_cmake.build:Building ROS package in '/home/student/dev_ws/src/more_interfaces' with build type 'ament_cmake'
[0.785s] INFO:colcon.colcon_cmake.task.cmake.build:Building CMake package in '/home/student/dev_ws/src/more_interfaces'
[0.786s] INFO:colcon.colcon_core.shell:Skip shell extension 'powershell' for command environment: Not usable outside of PowerShell
[0.786s] DEBUG:colcon.colcon_core.shell:Skip shell extension 'dsv' for command environment
[0.788s] DEBUG:colcon.colcon_core.shell:Ignoring prefix path '/opt/ros/foxy'
[0.791s] INFO:colcon.colcon_ros.task.ament_python.build:Building ROS package in '/home/student/dev_ws/src/py_parameters' with build type 'ament_python'
[0.791s] Level 1:colcon.colcon_core.shell:create_environment_hook('py_parameters', 'ament_prefix_path')
[0.792s] INFO:colcon.colcon_core.shell:Creating environment hook '/home/student/dev_ws/install/py_parameters/share/py_parameters/hook/ament_prefix_path.ps1'
[0.795s] INFO:colcon.colcon_core.shell:Creating environment descriptor '/home/student/dev_ws/install/py_parameters/share/py_parameters/hook/ament_prefix_path.dsv'
[0.795s] INFO:colcon.colcon_core.shell:Creating environment hook '/home/student/dev_ws/install/py_parameters/share/py_parameters/hook/ament_prefix_path.sh'
[0.796s] INFO:colcon.colcon_core.shell:Skip shell extension 'powershell' for command environment: Not usable outside of PowerShell
[0.796s] DEBUG:colcon.colcon_core.shell:Skip shell extension 'dsv' for command environment
[0.797s] DEBUG:colcon.colcon_core.shell:Ignoring prefix path '/opt/ros/foxy'
[0.800s] INFO:colcon.colcon_ros.task.ament_python.build:Building ROS package in '/home/student/dev_ws/py_srvcli' with build type 'ament_python'
[0.800s] Level 1:colcon.colcon_core.shell:create_environment_hook('py_srvcli', 'ament_prefix_path')
[0.801s] INFO:colcon.colcon_core.shell:Creating environment hook '/home/student/dev_ws/install/py_srvcli/share/py_srvcli/hook/ament_prefix_path.ps1'
[0.803s] INFO:colcon.colcon_core.shell:Creating environment descriptor '/home/student/dev_ws/install/py_srvcli/share/py_srvcli/hook/ament_prefix_path.dsv'
[0.804s] INFO:colcon.colcon_core.shell:Creating environment hook '/home/student/dev_ws/install/py_srvcli/share/py_srvcli/hook/ament_prefix_path.sh'
[0.804s] INFO:colcon.colcon_core.shell:Skip shell extension 'powershell' for command environment: Not usable outside of PowerShell
[0.805s] DEBUG:colcon.colcon_core.shell:Skip shell extension 'dsv' for command environment
[0.806s] DEBUG:colcon.colcon_core.shell:Ignoring prefix path '/opt/ros/foxy'
[0.809s] INFO:colcon.colcon_ros.task.ament_cmake.build:Building ROS package in '/home/student/dev_ws/src/ros_tutorials/turtlesim' with build type 'ament_cmake'
[0.809s] INFO:colcon.colcon_cmake.task.cmake.build:Building CMake package in '/home/student/dev_ws/src/ros_tutorials/turtlesim'
[0.810s] INFO:colcon.colcon_core.shell:Skip shell extension 'powershell' for command environment: Not usable outside of PowerShell
[0.810s] DEBUG:colcon.colcon_core.shell:Skip shell extension 'dsv' for command environment
[0.812s] DEBUG:colcon.colcon_core.shell:Ignoring prefix path '/opt/ros/foxy'
[0.816s] INFO:colcon.colcon_ros.task.ament_cmake.build:Building ROS package in '/home/student/dev_ws/src/tutorial_interfaces' with build type 'ament_cmake'
[0.816s] INFO:colcon.colcon_cmake.task.cmake.build:Building CMake package in '/home/student/dev_ws/src/tutorial_interfaces'
[0.817s] INFO:colcon.colcon_core.shell:Skip shell extension 'powershell' for command environment: Not usable outside of PowerShell
[0.817s] DEBUG:colcon.colcon_core.shell:Skip shell extension 'dsv' for command environment
[0.818s] DEBUG:colcon.colcon_core.shell:Ignoring prefix path '/opt/ros/foxy'
[1.021s] INFO:colcon.colcon_core.task.python.build:Building Python package in '/home/student/dev_ws/src/RoomboSimator'
[1.022s] INFO:colcon.colcon_core.shell:Skip shell extension 'powershell' for command environment: Not usable outside of PowerShell
[1.022s] DEBUG:colcon.colcon_core.shell:Skip shell extension 'dsv' for command environment
[1.023s] DEBUG:colcon.colcon_core.shell:Ignoring prefix path '/opt/ros/foxy'
[1.030s] DEBUG:colcon.colcon_core.event_handler.log_command:Invoking command in '/home/student/dev_ws/build/cpp_parameters': CMAKE_PREFIX_PATH=/opt/ros/foxy /usr/bin/cmake --build /home/student/dev_ws/build/cpp_parameters -- -j12 -l12
[1.041s] DEBUG:colcon.colcon_core.event_handler.log_command:Invoking command in '/home/student/dev_ws/build/cpp_pubsub': CMAKE_PREFIX_PATH=/opt/ros/foxy /usr/bin/cmake --build /home/student/dev_ws/build/cpp_pubsub -- -j12 -l12
[1.045s] DEBUG:colcon.colcon_core.event_handler.log_command:Invoking command in '/home/student/dev_ws/build/cpp_srvcli': CMAKE_PREFIX_PATH=/opt/ros/foxy /usr/bin/cmake --build /home/student/dev_ws/build/cpp_srvcli -- -j12 -l12
[1.053s] DEBUG:colcon.colcon_core.event_handler.log_command:Invoking command in '/home/student/dev_ws/build/more_interfaces': CMAKE_PREFIX_PATH=/opt/ros/foxy /usr/bin/cmake --build /home/student/dev_ws/build/more_interfaces -- -j12 -l12
[1.344s] INFO:colcon.colcon_core.task.python.build:Building Python package in '/home/student/dev_ws/src/py_parameters'
[1.345s] INFO:colcon.colcon_core.shell:Skip shell extension 'powershell' for command environment: Not usable outside of PowerShell
[1.346s] DEBUG:colcon.colcon_core.shell:Skip shell extension 'dsv' for command environment
[1.347s] DEBUG:colcon.colcon_core.shell:Ignoring prefix path '/opt/ros/foxy'
[1.544s] INFO:colcon.colcon_core.task.python.build:Building Python package in '/home/student/dev_ws/py_srvcli'
[1.545s] INFO:colcon.colcon_core.shell:Skip shell extension 'powershell' for command environment: Not usable outside of PowerShell
[1.546s] DEBUG:colcon.colcon_core.shell:Skip shell extension 'dsv' for command environment
[1.547s] DEBUG:colcon.colcon_core.shell:Ignoring prefix path '/opt/ros/foxy'
[1.554s] DEBUG:colcon.colcon_core.event_handler.log_command:Invoking command in '/home/student/dev_ws/build/turtlesim': CMAKE_PREFIX_PATH=/opt/ros/foxy /usr/bin/cmake --build /home/student/dev_ws/build/turtlesim -- -j12 -l12
[1.561s] DEBUG:colcon.colcon_core.event_handler.log_command:Invoking command in '/home/student/dev_ws/build/tutorial_interfaces': CMAKE_PREFIX_PATH=/opt/ros/foxy /usr/bin/cmake /home/student/dev_ws/src/tutorial_interfaces -DCMAKE_INSTALL_PREFIX=/home/student/dev_ws/install/tutorial_interfaces
[1.580s] DEBUG:colcon.colcon_core.event_handler.log_command:Invoked command in '/home/student/dev_ws/build/cpp_parameters' returned '0': CMAKE_PREFIX_PATH=/opt/ros/foxy /usr/bin/cmake --build /home/student/dev_ws/build/cpp_parameters -- -j12 -l12
[1.582s] DEBUG:colcon.colcon_core.event_handler.log_command:Invoked command in '/home/student/dev_ws/build/cpp_pubsub' returned '0': CMAKE_PREFIX_PATH=/opt/ros/foxy /usr/bin/cmake --build /home/student/dev_ws/build/cpp_pubsub -- -j12 -l12
[1.583s] DEBUG:colcon.colcon_core.event_handler.log_command:Invoked command in '/home/student/dev_ws/build/more_interfaces' returned '0': CMAKE_PREFIX_PATH=/opt/ros/foxy /usr/bin/cmake --build /home/student/dev_ws/build/more_interfaces -- -j12 -l12
[1.586s] DEBUG:colcon.colcon_core.event_handler.log_command:Invoked command in '/home/student/dev_ws/build/cpp_srvcli' returned '0': CMAKE_PREFIX_PATH=/opt/ros/foxy /usr/bin/cmake --build /home/student/dev_ws/build/cpp_srvcli -- -j12 -l12
[1.596s] DEBUG:colcon.colcon_core.event_handler.log_command:Invoking command in '/home/student/dev_ws/src/RoomboSimator': PYTHONPATH=/home/student/dev_ws/install/RoomboSimator/lib/python3.8/site-packages:${PYTHONPATH} /usr/bin/python3 setup.py egg_info --egg-base ../../build/RoomboSimator build --build-base /home/student/dev_ws/build/RoomboSimator/build install --prefix /home/student/dev_ws/install/RoomboSimator --record /home/student/dev_ws/build/RoomboSimator/install.log --single-version-externally-managed
[1.603s] DEBUG:colcon.colcon_core.event_handler.log_command:Invoking command in '/home/student/dev_ws/src/py_parameters': PYTHONPATH=/home/student/dev_ws/install/py_parameters/lib/python3.8/site-packages:${PYTHONPATH} /usr/bin/python3 setup.py egg_info --egg-base ../../build/py_parameters build --build-base /home/student/dev_ws/build/py_parameters/build install --prefix /home/student/dev_ws/install/py_parameters --record /home/student/dev_ws/build/py_parameters/install.log --single-version-externally-managed
[1.610s] DEBUG:colcon.colcon_core.event_handler.log_command:Invoking command in '/home/student/dev_ws/py_srvcli': PYTHONPATH=/home/student/dev_ws/install/py_srvcli/lib/python3.8/site-packages:${PYTHONPATH} /usr/bin/python3 setup.py egg_info --egg-base ../build/py_srvcli build --build-base /home/student/dev_ws/build/py_srvcli/build install --prefix /home/student/dev_ws/install/py_srvcli --record /home/student/dev_ws/build/py_srvcli/install.log --single-version-externally-managed
[1.629s] DEBUG:colcon.colcon_core.event_handler.log_command:Invoking command in '/home/student/dev_ws/build/cpp_parameters': CMAKE_PREFIX_PATH=/opt/ros/foxy /usr/bin/cmake --install /home/student/dev_ws/build/cpp_parameters
[1.635s] DEBUG:colcon.colcon_core.event_handler.log_command:Invoking command in '/home/student/dev_ws/build/cpp_pubsub': CMAKE_PREFIX_PATH=/opt/ros/foxy /usr/bin/cmake --install /home/student/dev_ws/build/cpp_pubsub
[1.642s] DEBUG:colcon.colcon_core.event_handler.log_command:Invoking command in '/home/student/dev_ws/build/cpp_srvcli': CMAKE_PREFIX_PATH=/opt/ros/foxy /usr/bin/cmake --install /home/student/dev_ws/build/cpp_srvcli
[1.653s] DEBUG:colcon.colcon_core.event_handler.log_command:Invoking command in '/home/student/dev_ws/build/more_interfaces': CMAKE_PREFIX_PATH=/opt/ros/foxy /usr/bin/cmake --install /home/student/dev_ws/build/more_interfaces
[1.657s] Level 1:colcon.colcon_core.environment:create_environment_scripts_only(cpp_parameters)
[1.661s] DEBUG:colcon.colcon_core.event_handler.log_command:Invoked command in '/home/student/dev_ws/build/cpp_parameters' returned '0': CMAKE_PREFIX_PATH=/opt/ros/foxy /usr/bin/cmake --install /home/student/dev_ws/build/cpp_parameters
[1.680s] Level 1:colcon.colcon_core.environment:checking '/home/student/dev_ws/install/cpp_parameters' for CMake module files
[1.689s] Level 1:colcon.colcon_core.environment:checking '/home/student/dev_ws/install/cpp_parameters' for CMake config files
[1.690s] Level 1:colcon.colcon_core.shell:create_environment_hook('cpp_parameters', 'cmake_prefix_path')
[1.691s] INFO:colcon.colcon_core.shell:Creating environment hook '/home/student/dev_ws/install/cpp_parameters/share/cpp_parameters/hook/cmake_prefix_path.ps1'
[1.692s] INFO:colcon.colcon_core.shell:Creating environment descriptor '/home/student/dev_ws/install/cpp_parameters/share/cpp_parameters/hook/cmake_prefix_path.dsv'
[1.693s] INFO:colcon.colcon_core.shell:Creating environment hook '/home/student/dev_ws/install/cpp_parameters/share/cpp_parameters/hook/cmake_prefix_path.sh'
[1.694s] Level 1:colcon.colcon_core.environment:checking '/home/student/dev_ws/install/cpp_parameters/libcpp_parameters'
[1.694s] Level 1:colcon.colcon_core.environment:checking '/home/student/dev_ws/install/cpp_parameters/lib'
[1.694s] Level 1:colcon.colcon_core.environment:checking '/home/student/dev_ws/install/cpp_parameters/bin'
[1.694s] Level 1:colcon.colcon_core.environment:checking '/home/student/dev_ws/install/cpp_parameters/lib/pkgconfig/cpp_parameters.pc'
[1.695s] Level 1:colcon.colcon_core.environment:checking '/home/student/dev_ws/install/cpp_parameters/lib/python3.8/site-packages'
[1.695s] INFO:colcon.colcon_core.shell:Creating package script '/home/student/dev_ws/install/cpp_parameters/share/cpp_parameters/package.ps1'
[1.698s] INFO:colcon.colcon_core.shell:Creating package descriptor '/home/student/dev_ws/install/cpp_parameters/share/cpp_parameters/package.dsv'
[1.699s] INFO:colcon.colcon_core.shell:Creating package script '/home/student/dev_ws/install/cpp_parameters/share/cpp_parameters/package.sh'
[1.701s] INFO:colcon.colcon_core.shell:Creating package script '/home/student/dev_ws/install/cpp_parameters/share/cpp_parameters/package.bash'
[1.703s] INFO:colcon.colcon_core.shell:Creating package script '/home/student/dev_ws/install/cpp_parameters/share/cpp_parameters/package.zsh'
[1.705s] Level 1:colcon.colcon_core.environment:create_file_with_runtime_dependencies(/home/student/dev_ws/install/cpp_parameters/share/colcon-core/packages/cpp_parameters)
[1.712s] Level 1:colcon.colcon_core.environment:create_environment_scripts_only(cpp_pubsub)
[1.714s] Level 1:colcon.colcon_core.environment:checking '/home/student/dev_ws/install/cpp_pubsub' for CMake module files
[1.715s] DEBUG:colcon.colcon_core.event_handler.log_command:Invoked command in '/home/student/dev_ws/build/cpp_pubsub' returned '0': CMAKE_PREFIX_PATH=/opt/ros/foxy /usr/bin/cmake --install /home/student/dev_ws/build/cpp_pubsub
[1.716s] Level 1:colcon.colcon_core.environment:checking '/home/student/dev_ws/install/cpp_pubsub' for CMake config files
[1.718s] Level 1:colcon.colcon_core.shell:create_environment_hook('cpp_pubsub', 'cmake_prefix_path')
[1.719s] INFO:colcon.colcon_core.shell:Creating environment hook '/home/student/dev_ws/install/cpp_pubsub/share/cpp_pubsub/hook/cmake_prefix_path.ps1'
[1.720s] INFO:colcon.colcon_core.shell:Creating environment descriptor '/home/student/dev_ws/install/cpp_pubsub/share/cpp_pubsub/hook/cmake_prefix_path.dsv'
[1.721s] INFO:colcon.colcon_core.shell:Creating environment hook '/home/student/dev_ws/install/cpp_pubsub/share/cpp_pubsub/hook/cmake_prefix_path.sh'
[1.722s] Level 1:colcon.colcon_core.environment:checking '/home/student/dev_ws/install/cpp_pubsub/lib'
[1.722s] Level 1:colcon.colcon_core.environment:checking '/home/student/dev_ws/install/cpp_pubsub/bin'
[1.723s] Level 1:colcon.colcon_core.environment:checking '/home/student/dev_ws/install/cpp_pubsub/lib/pkgconfig/cpp_pubsub.pc'
[1.723s] Level 1:colcon.colcon_core.environment:checking '/home/student/dev_ws/install/cpp_pubsub/lib/python3.8/site-packages'
[1.724s] INFO:colcon.colcon_core.shell:Creating package script '/home/student/dev_ws/install/cpp_pubsub/share/cpp_pubsub/package.ps1'
[1.724s] INFO:colcon.colcon_core.shell:Creating package descriptor '/home/student/dev_ws/install/cpp_pubsub/share/cpp_pubsub/package.dsv'
[1.725s] INFO:colcon.colcon_core.shell:Creating package script '/home/student/dev_ws/install/cpp_pubsub/share/cpp_pubsub/package.sh'
[1.725s] INFO:colcon.colcon_core.shell:Creating package script '/home/student/dev_ws/install/cpp_pubsub/share/cpp_pubsub/package.bash'
[1.726s] INFO:colcon.colcon_core.shell:Creating package script '/home/student/dev_ws/install/cpp_pubsub/share/cpp_pubsub/package.zsh'
[1.726s] Level 1:colcon.colcon_core.environment:create_file_with_runtime_dependencies(/home/student/dev_ws/install/cpp_pubsub/share/colcon-core/packages/cpp_pubsub)
[1.732s] Level 1:colcon.colcon_core.environment:create_environment_scripts_only(cpp_srvcli)
[1.735s] Level 1:colcon.colcon_core.environment:checking '/home/student/dev_ws/install/cpp_srvcli' for CMake module files
[1.736s] DEBUG:colcon.colcon_core.event_handler.log_command:Invoked command in '/home/student/dev_ws/build/cpp_srvcli' returned '0': CMAKE_PREFIX_PATH=/opt/ros/foxy /usr/bin/cmake --install /home/student/dev_ws/build/cpp_srvcli
[1.738s] Level 1:colcon.colcon_core.environment:checking '/home/student/dev_ws/install/cpp_srvcli' for CMake config files
[1.738s] Level 1:colcon.colcon_core.shell:create_environment_hook('cpp_srvcli', 'cmake_prefix_path')
[1.740s] INFO:colcon.colcon_core.shell:Creating environment hook '/home/student/dev_ws/install/cpp_srvcli/share/cpp_srvcli/hook/cmake_prefix_path.ps1'
[1.741s] INFO:colcon.colcon_core.shell:Creating environment descriptor '/home/student/dev_ws/install/cpp_srvcli/share/cpp_srvcli/hook/cmake_prefix_path.dsv'
[1.741s] INFO:colcon.colcon_core.shell:Creating environment hook '/home/student/dev_ws/install/cpp_srvcli/share/cpp_srvcli/hook/cmake_prefix_path.sh'
[1.742s] Level 1:colcon.colcon_core.environment:checking '/home/student/dev_ws/install/cpp_srvcli/lib'
[1.743s] Level 1:colcon.colcon_core.environment:checking '/home/student/dev_ws/install/cpp_srvcli/bin'
[1.743s] Level 1:colcon.colcon_core.environment:checking '/home/student/dev_ws/install/cpp_srvcli/lib/pkgconfig/cpp_srvcli.pc'
[1.743s] Level 1:colcon.colcon_core.environment:checking '/home/student/dev_ws/install/cpp_srvcli/lib/python3.8/site-packages'
[1.744s] INFO:colcon.colcon_core.shell:Creating package script '/home/student/dev_ws/install/cpp_srvcli/share/cpp_srvcli/package.ps1'
[1.746s] INFO:colcon.colcon_core.shell:Creating package descriptor '/home/student/dev_ws/install/cpp_srvcli/share/cpp_srvcli/package.dsv'
[1.748s] INFO:colcon.colcon_core.shell:Creating package script '/home/student/dev_ws/install/cpp_srvcli/share/cpp_srvcli/package.sh'
[1.749s] INFO:colcon.colcon_core.shell:Creating package script '/home/student/dev_ws/install/cpp_srvcli/share/cpp_srvcli/package.bash'
[1.749s] INFO:colcon.colcon_core.shell:Creating package script '/home/student/dev_ws/install/cpp_srvcli/share/cpp_srvcli/package.zsh'
[1.750s] Level 1:colcon.colcon_core.environment:create_file_with_runtime_dependencies(/home/student/dev_ws/install/cpp_srvcli/share/colcon-core/packages/cpp_srvcli)
[1.761s] Level 1:colcon.colcon_core.environment:create_environment_scripts_only(cpp_parameters)
[1.763s] Level 1:colcon.colcon_core.environment:checking '/home/student/dev_ws/install/cpp_parameters' for CMake module files
[1.765s] Level 1:colcon.colcon_core.environment:checking '/home/student/dev_ws/install/cpp_parameters' for CMake config files
[1.769s] Level 1:colcon.colcon_core.shell:create_environment_hook('cpp_parameters', 'cmake_prefix_path')
[1.769s] INFO:colcon.colcon_core.shell:Creating environment hook '/home/student/dev_ws/install/cpp_parameters/share/cpp_parameters/hook/cmake_prefix_path.ps1'
[1.770s] INFO:colcon.colcon_core.shell:Creating environment descriptor '/home/student/dev_ws/install/cpp_parameters/share/cpp_parameters/hook/cmake_prefix_path.dsv'
[1.772s] INFO:colcon.colcon_core.shell:Creating environment hook '/home/student/dev_ws/install/cpp_parameters/share/cpp_parameters/hook/cmake_prefix_path.sh'
[1.772s] Level 1:colcon.colcon_core.environment:checking '/home/student/dev_ws/install/cpp_parameters/libcpp_parameters'
[1.772s] Level 1:colcon.colcon_core.environment:checking '/home/student/dev_ws/install/cpp_parameters/lib'
[1.773s] Level 1:colcon.colcon_core.environment:checking '/home/student/dev_ws/install/cpp_parameters/bin'
[1.773s] Level 1:colcon.colcon_core.environment:checking '/home/student/dev_ws/install/cpp_parameters/lib/pkgconfig/cpp_parameters.pc'
[1.773s] Level 1:colcon.colcon_core.environment:checking '/home/student/dev_ws/install/cpp_parameters/lib/python3.8/site-packages'
[1.774s] INFO:colcon.colcon_core.shell:Creating package script '/home/student/dev_ws/install/cpp_parameters/share/cpp_parameters/package.ps1'
[1.774s] INFO:colcon.colcon_core.shell:Creating package descriptor '/home/student/dev_ws/install/cpp_parameters/share/cpp_parameters/package.dsv'
[1.775s] INFO:colcon.colcon_core.shell:Creating package script '/home/student/dev_ws/install/cpp_parameters/share/cpp_parameters/package.sh'
[1.775s] INFO:colcon.colcon_core.shell:Creating package script '/home/student/dev_ws/install/cpp_parameters/share/cpp_parameters/package.bash'
[1.776s] INFO:colcon.colcon_core.shell:Creating package script '/home/student/dev_ws/install/cpp_parameters/share/cpp_parameters/package.zsh'
[1.776s] Level 1:colcon.colcon_core.environment:create_file_with_runtime_dependencies(/home/student/dev_ws/install/cpp_parameters/share/colcon-core/packages/cpp_parameters)
[1.778s] Level 1:colcon.colcon_core.environment:create_environment_scripts_only(cpp_pubsub)
[1.779s] Level 1:colcon.colcon_core.environment:checking '/home/student/dev_ws/install/cpp_pubsub' for CMake module files
[1.781s] Level 1:colcon.colcon_core.environment:checking '/home/student/dev_ws/install/cpp_pubsub' for CMake config files
[1.781s] Level 1:colcon.colcon_core.shell:create_environment_hook('cpp_pubsub', 'cmake_prefix_path')
[1.782s] INFO:colcon.colcon_core.shell:Creating environment hook '/home/student/dev_ws/install/cpp_pubsub/share/cpp_pubsub/hook/cmake_prefix_path.ps1'
[1.783s] INFO:colcon.colcon_core.shell:Creating environment descriptor '/home/student/dev_ws/install/cpp_pubsub/share/cpp_pubsub/hook/cmake_prefix_path.dsv'
[1.783s] INFO:colcon.colcon_core.shell:Creating environment hook '/home/student/dev_ws/install/cpp_pubsub/share/cpp_pubsub/hook/cmake_prefix_path.sh'
[1.784s] Level 1:colcon.colcon_core.environment:checking '/home/student/dev_ws/install/cpp_pubsub/lib'
[1.784s] Level 1:colcon.colcon_core.environment:checking '/home/student/dev_ws/install/cpp_pubsub/bin'
[1.784s] Level 1:colcon.colcon_core.environment:checking '/home/student/dev_ws/install/cpp_pubsub/lib/pkgconfig/cpp_pubsub.pc'
[1.784s] Level 1:colcon.colcon_core.environment:checking '/home/student/dev_ws/install/cpp_pubsub/lib/python3.8/site-packages'
[1.786s] INFO:colcon.colcon_core.shell:Creating package script '/home/student/dev_ws/install/cpp_pubsub/share/cpp_pubsub/package.ps1'
[1.786s] INFO:colcon.colcon_core.shell:Creating package descriptor '/home/student/dev_ws/install/cpp_pubsub/share/cpp_pubsub/package.dsv'
[1.787s] INFO:colcon.colcon_core.shell:Creating package script '/home/student/dev_ws/install/cpp_pubsub/share/cpp_pubsub/package.sh'
[1.787s] INFO:colcon.colcon_core.shell:Creating package script '/home/student/dev_ws/install/cpp_pubsub/share/cpp_pubsub/package.bash'
[1.788s] INFO:colcon.colcon_core.shell:Creating package script '/home/student/dev_ws/install/cpp_pubsub/share/cpp_pubsub/package.zsh'
[1.789s] Level 1:colcon.colcon_core.environment:create_file_with_runtime_dependencies(/home/student/dev_ws/install/cpp_pubsub/share/colcon-core/packages/cpp_pubsub)
[1.790s] Level 1:colcon.colcon_core.environment:create_environment_scripts_only(more_interfaces)
[1.791s] Level 1:colcon.colcon_core.environment:checking '/home/student/dev_ws/install/more_interfaces' for CMake module files
[1.792s] DEBUG:colcon.colcon_core.event_handler.log_command:Invoked command in '/home/student/dev_ws/build/more_interfaces' returned '0': CMAKE_PREFIX_PATH=/opt/ros/foxy /usr/bin/cmake --install /home/student/dev_ws/build/more_interfaces
[1.792s] Level 1:colcon.colcon_core.environment:checking '/home/student/dev_ws/install/more_interfaces' for CMake config files
[1.793s] Level 1:colcon.colcon_core.shell:create_environment_hook('more_interfaces', 'cmake_prefix_path')
[1.794s] INFO:colcon.colcon_core.shell:Creating environment hook '/home/student/dev_ws/install/more_interfaces/share/more_interfaces/hook/cmake_prefix_path.ps1'
[1.795s] INFO:colcon.colcon_core.shell:Creating environment descriptor '/home/student/dev_ws/install/more_interfaces/share/more_interfaces/hook/cmake_prefix_path.dsv'
[1.795s] INFO:colcon.colcon_core.shell:Creating environment hook '/home/student/dev_ws/install/more_interfaces/share/more_interfaces/hook/cmake_prefix_path.sh'
[1.796s] Level 1:colcon.colcon_core.environment:checking '/home/student/dev_ws/install/more_interfaces/lib'
[1.796s] Level 1:colcon.colcon_core.shell:create_environment_hook('more_interfaces', 'ld_library_path_lib')
[1.797s] INFO:colcon.colcon_core.shell:Creating environment hook '/home/student/dev_ws/install/more_interfaces/share/more_interfaces/hook/ld_library_path_lib.ps1'
[1.797s] INFO:colcon.colcon_core.shell:Creating environment descriptor '/home/student/dev_ws/install/more_interfaces/share/more_interfaces/hook/ld_library_path_lib.dsv'
[1.797s] INFO:colcon.colcon_core.shell:Creating environment hook '/home/student/dev_ws/install/more_interfaces/share/more_interfaces/hook/ld_library_path_lib.sh'
[1.798s] Level 1:colcon.colcon_core.environment:checking '/home/student/dev_ws/install/more_interfaces/bin'
[1.798s] Level 1:colcon.colcon_core.environment:checking '/home/student/dev_ws/install/more_interfaces/lib/pkgconfig/more_interfaces.pc'
[1.798s] Level 1:colcon.colcon_core.environment:checking '/home/student/dev_ws/install/more_interfaces/lib/python3.8/site-packages'
[1.798s] Level 1:colcon.colcon_core.shell:create_environment_hook('more_interfaces', 'pythonpath')
[1.799s] INFO:colcon.colcon_core.shell:Creating environment hook '/home/student/dev_ws/install/more_interfaces/share/more_interfaces/hook/pythonpath.ps1'
[1.799s] INFO:colcon.colcon_core.shell:Creating environment descriptor '/home/student/dev_ws/install/more_interfaces/share/more_interfaces/hook/pythonpath.dsv'
[1.800s] INFO:colcon.colcon_core.shell:Creating environment hook '/home/student/dev_ws/install/more_interfaces/share/more_interfaces/hook/pythonpath.sh'
[1.801s] INFO:colcon.colcon_core.shell:Creating package script '/home/student/dev_ws/install/more_interfaces/share/more_interfaces/package.ps1'
[1.802s] INFO:colcon.colcon_core.shell:Creating package descriptor '/home/student/dev_ws/install/more_interfaces/share/more_interfaces/package.dsv'
[1.802s] INFO:colcon.colcon_core.shell:Creating package script '/home/student/dev_ws/install/more_interfaces/share/more_interfaces/package.sh'
[1.803s] INFO:colcon.colcon_core.shell:Creating package script '/home/student/dev_ws/install/more_interfaces/share/more_interfaces/package.bash'
[1.803s] INFO:colcon.colcon_core.shell:Creating package script '/home/student/dev_ws/install/more_interfaces/share/more_interfaces/package.zsh'
[1.804s] Level 1:colcon.colcon_core.environment:create_file_with_runtime_dependencies(/home/student/dev_ws/install/more_interfaces/share/colcon-core/packages/more_interfaces)
[1.810s] Level 1:colcon.colcon_core.environment:create_environment_scripts_only(cpp_srvcli)
[1.811s] Level 1:colcon.colcon_core.environment:checking '/home/student/dev_ws/install/cpp_srvcli' for CMake module files
[1.812s] Level 1:colcon.colcon_core.environment:checking '/home/student/dev_ws/install/cpp_srvcli' for CMake config files
[1.812s] Level 1:colcon.colcon_core.shell:create_environment_hook('cpp_srvcli', 'cmake_prefix_path')
[1.813s] INFO:colcon.colcon_core.shell:Creating environment hook '/home/student/dev_ws/install/cpp_srvcli/share/cpp_srvcli/hook/cmake_prefix_path.ps1'
[1.814s] INFO:colcon.colcon_core.shell:Creating environment descriptor '/home/student/dev_ws/install/cpp_srvcli/share/cpp_srvcli/hook/cmake_prefix_path.dsv'
[1.815s] INFO:colcon.colcon_core.shell:Creating environment hook '/home/student/dev_ws/install/cpp_srvcli/share/cpp_srvcli/hook/cmake_prefix_path.sh'
[1.816s] Level 1:colcon.colcon_core.environment:checking '/home/student/dev_ws/install/cpp_srvcli/lib'
[1.816s] Level 1:colcon.colcon_core.environment:checking '/home/student/dev_ws/install/cpp_srvcli/bin'
[1.816s] Level 1:colcon.colcon_core.environment:checking '/home/student/dev_ws/install/cpp_srvcli/lib/pkgconfig/cpp_srvcli.pc'
[1.816s] Level 1:colcon.colcon_core.environment:checking '/home/student/dev_ws/install/cpp_srvcli/lib/python3.8/site-packages'
[1.817s] INFO:colcon.colcon_core.shell:Creating package script '/home/student/dev_ws/install/cpp_srvcli/share/cpp_srvcli/package.ps1'
[1.818s] INFO:colcon.colcon_core.shell:Creating package descriptor '/home/student/dev_ws/install/cpp_srvcli/share/cpp_srvcli/package.dsv'
[1.819s] INFO:colcon.colcon_core.shell:Creating package script '/home/student/dev_ws/install/cpp_srvcli/share/cpp_srvcli/package.sh'
[1.820s] INFO:colcon.colcon_core.shell:Creating package script '/home/student/dev_ws/install/cpp_srvcli/share/cpp_srvcli/package.bash'
[1.820s] INFO:colcon.colcon_core.shell:Creating package script '/home/student/dev_ws/install/cpp_srvcli/share/cpp_srvcli/package.zsh'
[1.821s] Level 1:colcon.colcon_core.environment:create_file_with_runtime_dependencies(/home/student/dev_ws/install/cpp_srvcli/share/colcon-core/packages/cpp_srvcli)
[1.879s] Level 1:colcon.colcon_core.environment:create_environment_scripts_only(more_interfaces)
[1.880s] Level 1:colcon.colcon_core.environment:checking '/home/student/dev_ws/install/more_interfaces' for CMake module files
[1.881s] Level 1:colcon.colcon_core.environment:checking '/home/student/dev_ws/install/more_interfaces' for CMake config files
[1.881s] Level 1:colcon.colcon_core.shell:create_environment_hook('more_interfaces', 'cmake_prefix_path')
[1.882s] INFO:colcon.colcon_core.shell:Creating environment hook '/home/student/dev_ws/install/more_interfaces/share/more_interfaces/hook/cmake_prefix_path.ps1'
[1.883s] INFO:colcon.colcon_core.shell:Creating environment descriptor '/home/student/dev_ws/install/more_interfaces/share/more_interfaces/hook/cmake_prefix_path.dsv'
[1.884s] INFO:colcon.colcon_core.shell:Creating environment hook '/home/student/dev_ws/install/more_interfaces/share/more_interfaces/hook/cmake_prefix_path.sh'
[1.884s] Level 1:colcon.colcon_core.environment:checking '/home/student/dev_ws/install/more_interfaces/lib'
[1.885s] Level 1:colcon.colcon_core.shell:create_environment_hook('more_interfaces', 'ld_library_path_lib')
[1.885s] INFO:colcon.colcon_core.shell:Creating environment hook '/home/student/dev_ws/install/more_interfaces/share/more_interfaces/hook/ld_library_path_lib.ps1'
[1.886s] INFO:colcon.colcon_core.shell:Creating environment descriptor '/home/student/dev_ws/install/more_interfaces/share/more_interfaces/hook/ld_library_path_lib.dsv'
[1.886s] INFO:colcon.colcon_core.shell:Creating environment hook '/home/student/dev_ws/install/more_interfaces/share/more_interfaces/hook/ld_library_path_lib.sh'
[1.887s] Level 1:colcon.colcon_core.environment:checking '/home/student/dev_ws/install/more_interfaces/bin'
[1.887s] Level 1:colcon.colcon_core.environment:checking '/home/student/dev_ws/install/more_interfaces/lib/pkgconfig/more_interfaces.pc'
[1.887s] Level 1:colcon.colcon_core.environment:checking '/home/student/dev_ws/install/more_interfaces/lib/python3.8/site-packages'
[1.887s] Level 1:colcon.colcon_core.shell:create_environment_hook('more_interfaces', 'pythonpath')
[1.888s] INFO:colcon.colcon_core.shell:Creating environment hook '/home/student/dev_ws/install/more_interfaces/share/more_interfaces/hook/pythonpath.ps1'
[1.888s] INFO:colcon.colcon_core.shell:Creating environment descriptor '/home/student/dev_ws/install/more_interfaces/share/more_interfaces/hook/pythonpath.dsv'
[1.889s] INFO:colcon.colcon_core.shell:Creating environment hook '/home/student/dev_ws/install/more_interfaces/share/more_interfaces/hook/pythonpath.sh'
[1.890s] INFO:colcon.colcon_core.shell:Creating package script '/home/student/dev_ws/install/more_interfaces/share/more_interfaces/package.ps1'
[1.890s] INFO:colcon.colcon_core.shell:Creating package descriptor '/home/student/dev_ws/install/more_interfaces/share/more_interfaces/package.dsv'
[1.891s] INFO:colcon.colcon_core.shell:Creating package script '/home/student/dev_ws/install/more_interfaces/share/more_interfaces/package.sh'
[1.892s] INFO:colcon.colcon_core.shell:Creating package script '/home/student/dev_ws/install/more_interfaces/share/more_interfaces/package.bash'
[1.892s] INFO:colcon.colcon_core.shell:Creating package script '/home/student/dev_ws/install/more_interfaces/share/more_interfaces/package.zsh'
[1.893s] Level 1:colcon.colcon_core.environment:create_file_with_runtime_dependencies(/home/student/dev_ws/install/more_interfaces/share/colcon-core/packages/more_interfaces)
[1.957s] DEBUG:colcon.colcon_core.event_handler.log_command:Invoked command in '/home/student/dev_ws/build/turtlesim' returned '0': CMAKE_PREFIX_PATH=/opt/ros/foxy /usr/bin/cmake --build /home/student/dev_ws/build/turtlesim -- -j12 -l12
[2.124s] Level 1:colcon.colcon_core.environment:checking '/home/student/dev_ws/install/RoomboSimator' for CMake module files
[2.125s] DEBUG:colcon.colcon_core.event_handler.log_command:Invoked command in '/home/student/dev_ws/src/RoomboSimator' returned '0': PYTHONPATH=/home/student/dev_ws/install/RoomboSimator/lib/python3.8/site-packages:${PYTHONPATH} /usr/bin/python3 setup.py egg_info --egg-base ../../build/RoomboSimator build --build-base /home/student/dev_ws/build/RoomboSimator/build install --prefix /home/student/dev_ws/install/RoomboSimator --record /home/student/dev_ws/build/RoomboSimator/install.log --single-version-externally-managed
[2.125s] Level 1:colcon.colcon_core.environment:checking '/home/student/dev_ws/install/RoomboSimator' for CMake config files
[2.126s] Level 1:colcon.colcon_core.environment:checking '/home/student/dev_ws/install/RoomboSimator/lib'
[2.126s] Level 1:colcon.colcon_core.environment:checking '/home/student/dev_ws/install/RoomboSimator/bin'
[2.126s] Level 1:colcon.colcon_core.environment:checking '/home/student/dev_ws/install/RoomboSimator/lib/pkgconfig/RoomboSimator.pc'
[2.127s] Level 1:colcon.colcon_core.environment:checking '/home/student/dev_ws/install/RoomboSimator/lib/python3.8/site-packages'
[2.127s] Level 1:colcon.colcon_core.shell:create_environment_hook('RoomboSimator', 'pythonpath')
[2.128s] INFO:colcon.colcon_core.shell:Creating environment hook '/home/student/dev_ws/install/RoomboSimator/share/RoomboSimator/hook/pythonpath.ps1'
[2.128s] INFO:colcon.colcon_core.shell:Creating environment descriptor '/home/student/dev_ws/install/RoomboSimator/share/RoomboSimator/hook/pythonpath.dsv'
[2.129s] INFO:colcon.colcon_core.shell:Creating environment hook '/home/student/dev_ws/install/RoomboSimator/share/RoomboSimator/hook/pythonpath.sh'
[2.129s] Level 1:colcon.colcon_core.environment:create_environment_scripts_only(RoomboSimator)
[2.130s] INFO:colcon.colcon_core.shell:Creating package script '/home/student/dev_ws/install/RoomboSimator/share/RoomboSimator/package.ps1'
[2.131s] INFO:colcon.colcon_core.shell:Creating package descriptor '/home/student/dev_ws/install/RoomboSimator/share/RoomboSimator/package.dsv'
[2.131s] INFO:colcon.colcon_core.shell:Creating package script '/home/student/dev_ws/install/RoomboSimator/share/RoomboSimator/package.sh'
[2.132s] INFO:colcon.colcon_core.shell:Creating package script '/home/student/dev_ws/install/RoomboSimator/share/RoomboSimator/package.bash'
[2.132s] INFO:colcon.colcon_core.shell:Creating package script '/home/student/dev_ws/install/RoomboSimator/share/RoomboSimator/package.zsh'
[2.133s] Level 1:colcon.colcon_core.environment:create_file_with_runtime_dependencies(/home/student/dev_ws/install/RoomboSimator/share/colcon-core/packages/RoomboSimator)
[2.143s] Level 1:colcon.colcon_core.environment:checking '/home/student/dev_ws/install/py_srvcli' for CMake module files
[2.144s] DEBUG:colcon.colcon_core.event_handler.log_command:Invoked command in '/home/student/dev_ws/py_srvcli' returned '0': PYTHONPATH=/home/student/dev_ws/install/py_srvcli/lib/python3.8/site-packages:${PYTHONPATH} /usr/bin/python3 setup.py egg_info --egg-base ../build/py_srvcli build --build-base /home/student/dev_ws/build/py_srvcli/build install --prefix /home/student/dev_ws/install/py_srvcli --record /home/student/dev_ws/build/py_srvcli/install.log --single-version-externally-managed
[2.144s] Level 1:colcon.colcon_core.environment:checking '/home/student/dev_ws/install/py_srvcli' for CMake config files
[2.146s] Level 1:colcon.colcon_core.environment:checking '/home/student/dev_ws/install/py_srvcli/lib'
[2.146s] Level 1:colcon.colcon_core.environment:checking '/home/student/dev_ws/install/py_srvcli/bin'
[2.146s] Level 1:colcon.colcon_core.environment:checking '/home/student/dev_ws/install/py_srvcli/lib/pkgconfig/py_srvcli.pc'
[2.146s] Level 1:colcon.colcon_core.environment:checking '/home/student/dev_ws/install/py_srvcli/lib/python3.8/site-packages'
[2.146s] Level 1:colcon.colcon_core.shell:create_environment_hook('py_srvcli', 'pythonpath')
[2.147s] INFO:colcon.colcon_core.shell:Creating environment hook '/home/student/dev_ws/install/py_srvcli/share/py_srvcli/hook/pythonpath.ps1'
[2.148s] INFO:colcon.colcon_core.shell:Creating environment descriptor '/home/student/dev_ws/install/py_srvcli/share/py_srvcli/hook/pythonpath.dsv'
[2.149s] INFO:colcon.colcon_core.shell:Creating environment hook '/home/student/dev_ws/install/py_srvcli/share/py_srvcli/hook/pythonpath.sh'
[2.149s] Level 1:colcon.colcon_core.environment:create_environment_scripts_only(py_srvcli)
[2.151s] INFO:colcon.colcon_core.shell:Creating package script '/home/student/dev_ws/install/py_srvcli/share/py_srvcli/package.ps1'
[2.151s] INFO:colcon.colcon_core.shell:Creating package descriptor '/home/student/dev_ws/install/py_srvcli/share/py_srvcli/package.dsv'
[2.152s] INFO:colcon.colcon_core.shell:Creating package script '/home/student/dev_ws/install/py_srvcli/share/py_srvcli/package.sh'
[2.153s] INFO:colcon.colcon_core.shell:Creating package script '/home/student/dev_ws/install/py_srvcli/share/py_srvcli/package.bash'
[2.153s] INFO:colcon.colcon_core.shell:Creating package script '/home/student/dev_ws/install/py_srvcli/share/py_srvcli/package.zsh'
[2.154s] Level 1:colcon.colcon_core.environment:create_file_with_runtime_dependencies(/home/student/dev_ws/install/py_srvcli/share/colcon-core/packages/py_srvcli)
[2.159s] DEBUG:colcon.colcon_core.event_handler.log_command:Invoking command in '/home/student/dev_ws/build/turtlesim': CMAKE_PREFIX_PATH=/opt/ros/foxy /usr/bin/cmake --install /home/student/dev_ws/build/turtlesim
[2.168s] Level 1:colcon.colcon_core.environment:checking '/home/student/dev_ws/install/py_parameters' for CMake module files
[2.169s] DEBUG:colcon.colcon_core.event_handler.log_command:Invoked command in '/home/student/dev_ws/src/py_parameters' returned '0': PYTHONPATH=/home/student/dev_ws/install/py_parameters/lib/python3.8/site-packages:${PYTHONPATH} /usr/bin/python3 setup.py egg_info --egg-base ../../build/py_parameters build --build-base /home/student/dev_ws/build/py_parameters/build install --prefix /home/student/dev_ws/install/py_parameters --record /home/student/dev_ws/build/py_parameters/install.log --single-version-externally-managed
[2.169s] Level 1:colcon.colcon_core.environment:checking '/home/student/dev_ws/install/py_parameters' for CMake config files
[2.171s] Level 1:colcon.colcon_core.environment:checking '/home/student/dev_ws/install/py_parameters/lib'
[2.171s] Level 1:colcon.colcon_core.environment:checking '/home/student/dev_ws/install/py_parameters/bin'
[2.171s] Level 1:colcon.colcon_core.environment:checking '/home/student/dev_ws/install/py_parameters/lib/pkgconfig/py_parameters.pc'
[2.171s] Level 1:colcon.colcon_core.environment:checking '/home/student/dev_ws/install/py_parameters/lib/python3.8/site-packages'
[2.171s] Level 1:colcon.colcon_core.shell:create_environment_hook('py_parameters', 'pythonpath')
[2.172s] INFO:colcon.colcon_core.shell:Creating environment hook '/home/student/dev_ws/install/py_parameters/share/py_parameters/hook/pythonpath.ps1'
[2.173s] INFO:colcon.colcon_core.shell:Creating environment descriptor '/home/student/dev_ws/install/py_parameters/share/py_parameters/hook/pythonpath.dsv'
[2.174s] INFO:colcon.colcon_core.shell:Creating environment hook '/home/student/dev_ws/install/py_parameters/share/py_parameters/hook/pythonpath.sh'
[2.175s] Level 1:colcon.colcon_core.environment:create_environment_scripts_only(py_parameters)
[2.176s] INFO:colcon.colcon_core.shell:Creating package script '/home/student/dev_ws/install/py_parameters/share/py_parameters/package.ps1'
[2.177s] INFO:colcon.colcon_core.shell:Creating package descriptor '/home/student/dev_ws/install/py_parameters/share/py_parameters/package.dsv'
[2.178s] INFO:colcon.colcon_core.shell:Creating package script '/home/student/dev_ws/install/py_parameters/share/py_parameters/package.sh'
[2.179s] INFO:colcon.colcon_core.shell:Creating package script '/home/student/dev_ws/install/py_parameters/share/py_parameters/package.bash'
[2.180s] INFO:colcon.colcon_core.shell:Creating package script '/home/student/dev_ws/install/py_parameters/share/py_parameters/package.zsh'
[2.181s] Level 1:colcon.colcon_core.environment:create_file_with_runtime_dependencies(/home/student/dev_ws/install/py_parameters/share/colcon-core/packages/py_parameters)
[2.261s] Level 1:colcon.colcon_core.environment:create_environment_scripts_only(turtlesim)
[2.262s] Level 1:colcon.colcon_core.environment:checking '/home/student/dev_ws/install/turtlesim' for CMake module files
[2.263s] DEBUG:colcon.colcon_core.event_handler.log_command:Invoked command in '/home/student/dev_ws/build/turtlesim' returned '0': CMAKE_PREFIX_PATH=/opt/ros/foxy /usr/bin/cmake --install /home/student/dev_ws/build/turtlesim
[2.263s] Level 1:colcon.colcon_core.environment:checking '/home/student/dev_ws/install/turtlesim' for CMake config files
[2.266s] Level 1:colcon.colcon_core.shell:create_environment_hook('turtlesim', 'cmake_prefix_path')
[2.267s] INFO:colcon.colcon_core.shell:Creating environment hook '/home/student/dev_ws/install/turtlesim/share/turtlesim/hook/cmake_prefix_path.ps1'
[2.267s] INFO:colcon.colcon_core.shell:Creating environment descriptor '/home/student/dev_ws/install/turtlesim/share/turtlesim/hook/cmake_prefix_path.dsv'
[2.267s] INFO:colcon.colcon_core.shell:Creating environment hook '/home/student/dev_ws/install/turtlesim/share/turtlesim/hook/cmake_prefix_path.sh'
[2.268s] Level 1:colcon.colcon_core.environment:checking '/home/student/dev_ws/install/turtlesim/lib'
[2.268s] Level 1:colcon.colcon_core.shell:create_environment_hook('turtlesim', 'ld_library_path_lib')
[2.269s] INFO:colcon.colcon_core.shell:Creating environment hook '/home/student/dev_ws/install/turtlesim/share/turtlesim/hook/ld_library_path_lib.ps1'
[2.269s] INFO:colcon.colcon_core.shell:Creating environment descriptor '/home/student/dev_ws/install/turtlesim/share/turtlesim/hook/ld_library_path_lib.dsv'
[2.270s] INFO:colcon.colcon_core.shell:Creating environment hook '/home/student/dev_ws/install/turtlesim/share/turtlesim/hook/ld_library_path_lib.sh'
[2.270s] Level 1:colcon.colcon_core.environment:checking '/home/student/dev_ws/install/turtlesim/bin'
[2.270s] Level 1:colcon.colcon_core.environment:checking '/home/student/dev_ws/install/turtlesim/lib/pkgconfig/turtlesim.pc'
[2.270s] Level 1:colcon.colcon_core.environment:checking '/home/student/dev_ws/install/turtlesim/lib/python3.8/site-packages'
[2.270s] Level 1:colcon.colcon_core.shell:create_environment_hook('turtlesim', 'pythonpath')
[2.271s] INFO:colcon.colcon_core.shell:Creating environment hook '/home/student/dev_ws/install/turtlesim/share/turtlesim/hook/pythonpath.ps1'
[2.271s] INFO:colcon.colcon_core.shell:Creating environment descriptor '/home/student/dev_ws/install/turtlesim/share/turtlesim/hook/pythonpath.dsv'
[2.272s] INFO:colcon.colcon_core.shell:Creating environment hook '/home/student/dev_ws/install/turtlesim/share/turtlesim/hook/pythonpath.sh'
[2.273s] INFO:colcon.colcon_core.shell:Creating package script '/home/student/dev_ws/install/turtlesim/share/turtlesim/package.ps1'
[2.274s] INFO:colcon.colcon_core.shell:Creating package descriptor '/home/student/dev_ws/install/turtlesim/share/turtlesim/package.dsv'
[2.274s] INFO:colcon.colcon_core.shell:Creating package script '/home/student/dev_ws/install/turtlesim/share/turtlesim/package.sh'
[2.275s] INFO:colcon.colcon_core.shell:Creating package script '/home/student/dev_ws/install/turtlesim/share/turtlesim/package.bash'
[2.275s] INFO:colcon.colcon_core.shell:Creating package script '/home/student/dev_ws/install/turtlesim/share/turtlesim/package.zsh'
[2.275s] Level 1:colcon.colcon_core.environment:create_file_with_runtime_dependencies(/home/student/dev_ws/install/turtlesim/share/colcon-core/packages/turtlesim)
[2.452s] Level 1:colcon.colcon_core.environment:create_environment_scripts_only(turtlesim)
[2.453s] Level 1:colcon.colcon_core.environment:checking '/home/student/dev_ws/install/turtlesim' for CMake module files
[2.453s] Level 1:colcon.colcon_core.environment:checking '/home/student/dev_ws/install/turtlesim' for CMake config files
[2.454s] Level 1:colcon.colcon_core.shell:create_environment_hook('turtlesim', 'cmake_prefix_path')
[2.454s] INFO:colcon.colcon_core.shell:Creating environment hook '/home/student/dev_ws/install/turtlesim/share/turtlesim/hook/cmake_prefix_path.ps1'
[2.455s] INFO:colcon.colcon_core.shell:Creating environment descriptor '/home/student/dev_ws/install/turtlesim/share/turtlesim/hook/cmake_prefix_path.dsv'
[2.456s] INFO:colcon.colcon_core.shell:Creating environment hook '/home/student/dev_ws/install/turtlesim/share/turtlesim/hook/cmake_prefix_path.sh'
[2.456s] Level 1:colcon.colcon_core.environment:checking '/home/student/dev_ws/install/turtlesim/lib'
[2.456s] Level 1:colcon.colcon_core.shell:create_environment_hook('turtlesim', 'ld_library_path_lib')
[2.457s] INFO:colcon.colcon_core.shell:Creating environment hook '/home/student/dev_ws/install/turtlesim/share/turtlesim/hook/ld_library_path_lib.ps1'
[2.457s] INFO:colcon.colcon_core.shell:Creating environment descriptor '/home/student/dev_ws/install/turtlesim/share/turtlesim/hook/ld_library_path_lib.dsv'
[2.458s] INFO:colcon.colcon_core.shell:Creating environment hook '/home/student/dev_ws/install/turtlesim/share/turtlesim/hook/ld_library_path_lib.sh'
[2.458s] Level 1:colcon.colcon_core.environment:checking '/home/student/dev_ws/install/turtlesim/bin'
[2.458s] Level 1:colcon.colcon_core.environment:checking '/home/student/dev_ws/install/turtlesim/lib/pkgconfig/turtlesim.pc'
[2.458s] Level 1:colcon.colcon_core.environment:checking '/home/student/dev_ws/install/turtlesim/lib/python3.8/site-packages'
[2.458s] Level 1:colcon.colcon_core.shell:create_environment_hook('turtlesim', 'pythonpath')
[2.459s] INFO:colcon.colcon_core.shell:Creating environment hook '/home/student/dev_ws/install/turtlesim/share/turtlesim/hook/pythonpath.ps1'
[2.459s] INFO:colcon.colcon_core.shell:Creating environment descriptor '/home/student/dev_ws/install/turtlesim/share/turtlesim/hook/pythonpath.dsv'
[2.460s] INFO:colcon.colcon_core.shell:Creating environment hook '/home/student/dev_ws/install/turtlesim/share/turtlesim/hook/pythonpath.sh'
[2.461s] INFO:colcon.colcon_core.shell:Creating package script '/home/student/dev_ws/install/turtlesim/share/turtlesim/package.ps1'
[2.461s] INFO:colcon.colcon_core.shell:Creating package descriptor '/home/student/dev_ws/install/turtlesim/share/turtlesim/package.dsv'
[2.462s] INFO:colcon.colcon_core.shell:Creating package script '/home/student/dev_ws/install/turtlesim/share/turtlesim/package.sh'
[2.463s] INFO:colcon.colcon_core.shell:Creating package script '/home/student/dev_ws/install/turtlesim/share/turtlesim/package.bash'
[2.463s] INFO:colcon.colcon_core.shell:Creating package script '/home/student/dev_ws/install/turtlesim/share/turtlesim/package.zsh'
[2.464s] Level 1:colcon.colcon_core.environment:create_file_with_runtime_dependencies(/home/student/dev_ws/install/turtlesim/share/colcon-core/packages/turtlesim)
[2.567s] DEBUG:colcon.colcon_core.event_handler.log_command:Invoked command in '/home/student/dev_ws/build/tutorial_interfaces' returned '1': CMAKE_PREFIX_PATH=/opt/ros/foxy /usr/bin/cmake /home/student/dev_ws/src/tutorial_interfaces -DCMAKE_INSTALL_PREFIX=/home/student/dev_ws/install/tutorial_interfaces
[2.582s] Level 1:colcon.colcon_core.environment:create_environment_scripts_only(tutorial_interfaces)
[2.583s] Level 1:colcon.colcon_core.environment:checking '/home/student/dev_ws/install/tutorial_interfaces' for CMake module files
[2.584s] Level 1:colcon.colcon_core.environment:checking '/home/student/dev_ws/install/tutorial_interfaces' for CMake config files
[2.585s] Level 1:colcon.colcon_core.environment:checking '/home/student/dev_ws/install/tutorial_interfaces/bin'
[2.585s] Level 1:colcon.colcon_core.environment:checking '/home/student/dev_ws/install/tutorial_interfaces/lib/pkgconfig/tutorial_interfaces.pc'
[2.585s] Level 1:colcon.colcon_core.environment:checking '/home/student/dev_ws/install/tutorial_interfaces/lib/python3.8/site-packages'
[2.585s] INFO:colcon.colcon_core.shell:Creating package script '/home/student/dev_ws/install/tutorial_interfaces/share/tutorial_interfaces/package.ps1'
[2.586s] INFO:colcon.colcon_core.shell:Creating package descriptor '/home/student/dev_ws/install/tutorial_interfaces/share/tutorial_interfaces/package.dsv'
[2.586s] INFO:colcon.colcon_core.shell:Creating package script '/home/student/dev_ws/install/tutorial_interfaces/share/tutorial_interfaces/package.sh'
[2.587s] INFO:colcon.colcon_core.shell:Creating package script '/home/student/dev_ws/install/tutorial_interfaces/share/tutorial_interfaces/package.bash'
[2.587s] INFO:colcon.colcon_core.shell:Creating package script '/home/student/dev_ws/install/tutorial_interfaces/share/tutorial_interfaces/package.zsh'
[2.587s] Level 1:colcon.colcon_core.environment:create_file_with_runtime_dependencies(/home/student/dev_ws/install/tutorial_interfaces/share/colcon-core/packages/tutorial_interfaces)
[2.598s] DEBUG:colcon.colcon_parallel_executor.executor.parallel:closing loop
[2.598s] DEBUG:colcon.colcon_parallel_executor.executor.parallel:loop closed
[2.598s] DEBUG:colcon.colcon_parallel_executor.executor.parallel:run_until_complete finished with '1'
[2.598s] DEBUG:colcon.colcon_core.event_reactor:joining thread
[2.608s] INFO:colcon.colcon_core.plugin_system:Skipping extension 'colcon_notification.desktop_notification.terminal_notifier': Not used on non-Darwin systems
[2.608s] INFO:colcon.colcon_core.plugin_system:Skipping extension 'colcon_notification.desktop_notification.win32': Not used on non-Windows systems
[2.608s] INFO:colcon.colcon_notification.desktop_notification:Sending desktop notification using 'notify2'
[2.631s] DEBUG:colcon.colcon_core.event_reactor:joined thread
[2.632s] INFO:colcon.colcon_core.shell:Creating prefix script '/home/student/dev_ws/install/local_setup.ps1'
[2.633s] INFO:colcon.colcon_core.shell:Creating prefix util module '/home/student/dev_ws/install/_local_setup_util_ps1.py'
[2.635s] INFO:colcon.colcon_core.shell:Creating prefix chain script '/home/student/dev_ws/install/setup.ps1'
[2.638s] INFO:colcon.colcon_core.shell:Creating prefix script '/home/student/dev_ws/install/local_setup.sh'
[2.641s] INFO:colcon.colcon_core.shell:Creating prefix util module '/home/student/dev_ws/install/_local_setup_util_sh.py'
[2.642s] INFO:colcon.colcon_core.shell:Creating prefix chain script '/home/student/dev_ws/install/setup.sh'
[2.647s] INFO:colcon.colcon_core.shell:Creating prefix script '/home/student/dev_ws/install/local_setup.bash'
[2.649s] INFO:colcon.colcon_core.shell:Creating prefix chain script '/home/student/dev_ws/install/setup.bash'
[2.656s] INFO:colcon.colcon_core.shell:Creating prefix script '/home/student/dev_ws/install/local_setup.zsh'
[2.657s] INFO:colcon.colcon_core.shell:Creating prefix chain script '/home/student/dev_ws/install/setup.zsh'
