[0.738s] Invoking command in '/home/student/dev_ws/py_srvcli': PYTHONPATH=/home/student/dev_ws/install/py_srvcli/lib/python3.8/site-packages:${PYTHONPATH} /usr/bin/python3 setup.py egg_info --egg-base ../build/py_srvcli build --build-base /home/student/dev_ws/build/py_srvcli/build install --prefix /home/student/dev_ws/install/py_srvcli --record /home/student/dev_ws/build/py_srvcli/install.log --single-version-externally-managed
[1.069s] running egg_info
[1.070s] writing ../build/py_srvcli/py_srvcli.egg-info/PKG-INFO
[1.071s] writing dependency_links to ../build/py_srvcli/py_srvcli.egg-info/dependency_links.txt
[1.071s] writing entry points to ../build/py_srvcli/py_srvcli.egg-info/entry_points.txt
[1.072s] writing requirements to ../build/py_srvcli/py_srvcli.egg-info/requires.txt
[1.072s] writing top-level names to ../build/py_srvcli/py_srvcli.egg-info/top_level.txt
[1.116s] reading manifest file '../build/py_srvcli/py_srvcli.egg-info/SOURCES.txt'
[1.117s] writing manifest file '../build/py_srvcli/py_srvcli.egg-info/SOURCES.txt'
[1.118s] running build
[1.118s] running build_py
[1.118s] running install
[1.119s] running install_lib
[1.121s] running install_data
[1.122s] running install_egg_info
[1.124s] removing '/home/student/dev_ws/install/py_srvcli/lib/python3.8/site-packages/py_srvcli-0.0.0-py3.8.egg-info' (and everything under it)
[1.124s] Copying ../build/py_srvcli/py_srvcli.egg-info to /home/student/dev_ws/install/py_srvcli/lib/python3.8/site-packages/py_srvcli-0.0.0-py3.8.egg-info
[1.125s] running install_scripts
[1.148s] Installing client script to /home/student/dev_ws/install/py_srvcli/lib/py_srvcli
[1.149s] Installing service script to /home/student/dev_ws/install/py_srvcli/lib/py_srvcli
[1.149s] writing list of installed files to '/home/student/dev_ws/build/py_srvcli/install.log'
[1.186s] Invoked command in '/home/student/dev_ws/py_srvcli' returned '0': PYTHONPATH=/home/student/dev_ws/install/py_srvcli/lib/python3.8/site-packages:${PYTHONPATH} /usr/bin/python3 setup.py egg_info --egg-base ../build/py_srvcli build --build-base /home/student/dev_ws/build/py_srvcli/build install --prefix /home/student/dev_ws/install/py_srvcli --record /home/student/dev_ws/build/py_srvcli/install.log --single-version-externally-managed
