[0.248s] DEBUG:colcon:Command line arguments: ['/usr/bin/colcon', 'build']
[0.249s] DEBUG:colcon:Parsed command line arguments: Namespace(ament_cmake_args=None, base_paths=['.'], build_base='build', catkin_cmake_args=None, catkin_skip_building_tests=False, cmake_args=None, cmake_clean_cache=False, cmake_clean_first=False, cmake_force_configure=False, cmake_target=None, cmake_target_skip_unavailable=False, continue_on_error=False, event_handlers=None, executor='parallel', ignore_user_meta=False, install_base='install', log_base=None, log_level=None, main=<bound method BuildVerb.main of <colcon_core.verb.build.BuildVerb object at 0x7fa569778070>>, merge_install=False, metas=['./colcon.meta'], packages_above=None, packages_above_and_dependencies=None, packages_above_depth=None, packages_end=None, packages_ignore=None, packages_ignore_regex=None, packages_select=None, packages_select_build_failed=False, packages_select_by_dep=None, packages_select_regex=None, packages_select_test_failures=False, packages_skip=None, packages_skip_build_finished=False, packages_skip_by_dep=None, packages_skip_regex=None, packages_skip_test_passed=False, packages_skip_up_to=None, packages_start=None, packages_up_to=None, packages_up_to_regex=None, parallel_workers=12, paths=None, symlink_install=False, test_result_base=None, verb_extension=<colcon_core.verb.build.BuildVerb object at 0x7fa569778070>, verb_name='build', verb_parser=<colcon_defaults.argument_parser.defaults.DefaultArgumentsDecorator object at 0x7fa5697785b0>)
[0.252s] Level 1:colcon.colcon_core.package_discovery:discover_packages(colcon_meta) check parameters
[0.252s] Level 1:colcon.colcon_core.package_discovery:discover_packages(recursive) check parameters
[0.252s] Level 1:colcon.colcon_core.package_discovery:discover_packages(ignore) check parameters
[0.253s] Level 1:colcon.colcon_core.package_discovery:discover_packages(path) check parameters
[0.253s] Level 1:colcon.colcon_core.package_discovery:discover_packages(colcon_meta) discover
[0.253s] Level 1:colcon.colcon_core.package_discovery:discover_packages(recursive) discover
[0.253s] INFO:colcon.colcon_core.package_discovery:Crawling recursively for packages in '/home/student/dev_ws'
[0.253s] Level 1:colcon.colcon_core.package_identification:_identify(.) by extensions ['ignore', 'ignore_ament_install']
[0.253s] Level 1:colcon.colcon_core.package_identification:_identify(.) by extension 'ignore'
[0.253s] Level 1:colcon.colcon_core.package_identification:_identify(.) by extension 'ignore_ament_install'
[0.253s] Level 1:colcon.colcon_core.package_identification:_identify(.) by extensions ['colcon_pkg']
[0.253s] Level 1:colcon.colcon_core.package_identification:_identify(.) by extension 'colcon_pkg'
[0.253s] Level 1:colcon.colcon_core.package_identification:_identify(.) by extensions ['colcon_meta']
[0.253s] Level 1:colcon.colcon_core.package_identification:_identify(.) by extension 'colcon_meta'
[0.253s] Level 1:colcon.colcon_core.package_identification:_identify(.) by extensions ['ros']
[0.253s] Level 1:colcon.colcon_core.package_identification:_identify(.) by extension 'ros'
[0.263s] Level 1:colcon.colcon_core.package_identification:_identify(.) by extensions ['cmake', 'python']
[0.263s] Level 1:colcon.colcon_core.package_identification:_identify(.) by extension 'cmake'
[0.263s] Level 1:colcon.colcon_core.package_identification:_identify(.) by extension 'python'
[0.263s] Level 1:colcon.colcon_core.package_identification:_identify(.) by extensions ['python_setup_py']
[0.263s] Level 1:colcon.colcon_core.package_identification:_identify(.) by extension 'python_setup_py'
[0.263s] Level 1:colcon.colcon_core.package_identification:_identify(build) by extensions ['ignore', 'ignore_ament_install']
[0.263s] Level 1:colcon.colcon_core.package_identification:_identify(build) by extension 'ignore'
[0.263s] Level 1:colcon.colcon_core.package_identification:_identify(build) ignored
[0.263s] Level 1:colcon.colcon_core.package_identification:_identify(cpp_srvcli) by extensions ['ignore', 'ignore_ament_install']
[0.263s] Level 1:colcon.colcon_core.package_identification:_identify(cpp_srvcli) by extension 'ignore'
[0.263s] Level 1:colcon.colcon_core.package_identification:_identify(cpp_srvcli) by extension 'ignore_ament_install'
[0.263s] Level 1:colcon.colcon_core.package_identification:_identify(cpp_srvcli) by extensions ['colcon_pkg']
[0.263s] Level 1:colcon.colcon_core.package_identification:_identify(cpp_srvcli) by extension 'colcon_pkg'
[0.263s] Level 1:colcon.colcon_core.package_identification:_identify(cpp_srvcli) by extensions ['colcon_meta']
[0.263s] Level 1:colcon.colcon_core.package_identification:_identify(cpp_srvcli) by extension 'colcon_meta'
[0.263s] Level 1:colcon.colcon_core.package_identification:_identify(cpp_srvcli) by extensions ['ros']
[0.263s] Level 1:colcon.colcon_core.package_identification:_identify(cpp_srvcli) by extension 'ros'
[0.265s] DEBUG:colcon.colcon_core.package_identification:Package 'cpp_srvcli' with type 'ros.ament_cmake' and name 'cpp_srvcli'
[0.265s] Level 1:colcon.colcon_core.package_identification:_identify(install) by extensions ['ignore', 'ignore_ament_install']
[0.265s] Level 1:colcon.colcon_core.package_identification:_identify(install) by extension 'ignore'
[0.265s] Level 1:colcon.colcon_core.package_identification:_identify(install) ignored
[0.266s] Level 1:colcon.colcon_core.package_identification:_identify(log) by extensions ['ignore', 'ignore_ament_install']
[0.266s] Level 1:colcon.colcon_core.package_identification:_identify(log) by extension 'ignore'
[0.266s] Level 1:colcon.colcon_core.package_identification:_identify(log) ignored
[0.266s] Level 1:colcon.colcon_core.package_identification:_identify(py_srvcli) by extensions ['ignore', 'ignore_ament_install']
[0.266s] Level 1:colcon.colcon_core.package_identification:_identify(py_srvcli) by extension 'ignore'
[0.266s] Level 1:colcon.colcon_core.package_identification:_identify(py_srvcli) by extension 'ignore_ament_install'
[0.266s] Level 1:colcon.colcon_core.package_identification:_identify(py_srvcli) by extensions ['colcon_pkg']
[0.266s] Level 1:colcon.colcon_core.package_identification:_identify(py_srvcli) by extension 'colcon_pkg'
[0.266s] Level 1:colcon.colcon_core.package_identification:_identify(py_srvcli) by extensions ['colcon_meta']
[0.266s] Level 1:colcon.colcon_core.package_identification:_identify(py_srvcli) by extension 'colcon_meta'
[0.266s] Level 1:colcon.colcon_core.package_identification:_identify(py_srvcli) by extensions ['ros']
[0.266s] Level 1:colcon.colcon_core.package_identification:_identify(py_srvcli) by extension 'ros'
[0.267s] DEBUG:colcon.colcon_core.package_identification:Package 'py_srvcli' with type 'ros.ament_python' and name 'py_srvcli'
[0.267s] Level 1:colcon.colcon_core.package_identification:_identify(src) by extensions ['ignore', 'ignore_ament_install']
[0.267s] Level 1:colcon.colcon_core.package_identification:_identify(src) by extension 'ignore'
[0.267s] Level 1:colcon.colcon_core.package_identification:_identify(src) by extension 'ignore_ament_install'
[0.267s] Level 1:colcon.colcon_core.package_identification:_identify(src) by extensions ['colcon_pkg']
[0.267s] Level 1:colcon.colcon_core.package_identification:_identify(src) by extension 'colcon_pkg'
[0.267s] Level 1:colcon.colcon_core.package_identification:_identify(src) by extensions ['colcon_meta']
[0.267s] Level 1:colcon.colcon_core.package_identification:_identify(src) by extension 'colcon_meta'
[0.267s] Level 1:colcon.colcon_core.package_identification:_identify(src) by extensions ['ros']
[0.267s] Level 1:colcon.colcon_core.package_identification:_identify(src) by extension 'ros'
[0.267s] Level 1:colcon.colcon_core.package_identification:_identify(src) by extensions ['cmake', 'python']
[0.267s] Level 1:colcon.colcon_core.package_identification:_identify(src) by extension 'cmake'
[0.267s] Level 1:colcon.colcon_core.package_identification:_identify(src) by extension 'python'
[0.267s] Level 1:colcon.colcon_core.package_identification:_identify(src) by extensions ['python_setup_py']
[0.267s] Level 1:colcon.colcon_core.package_identification:_identify(src) by extension 'python_setup_py'
[0.267s] Level 1:colcon.colcon_core.package_identification:_identify(src/action_ws) by extensions ['ignore', 'ignore_ament_install']
[0.267s] Level 1:colcon.colcon_core.package_identification:_identify(src/action_ws) by extension 'ignore'
[0.268s] Level 1:colcon.colcon_core.package_identification:_identify(src/action_ws) by extension 'ignore_ament_install'
[0.268s] Level 1:colcon.colcon_core.package_identification:_identify(src/action_ws) by extensions ['colcon_pkg']
[0.268s] Level 1:colcon.colcon_core.package_identification:_identify(src/action_ws) by extension 'colcon_pkg'
[0.268s] Level 1:colcon.colcon_core.package_identification:_identify(src/action_ws) by extensions ['colcon_meta']
[0.268s] Level 1:colcon.colcon_core.package_identification:_identify(src/action_ws) by extension 'colcon_meta'
[0.268s] Level 1:colcon.colcon_core.package_identification:_identify(src/action_ws) by extensions ['ros']
[0.268s] Level 1:colcon.colcon_core.package_identification:_identify(src/action_ws) by extension 'ros'
[0.268s] Level 1:colcon.colcon_core.package_identification:_identify(src/action_ws) by extensions ['cmake', 'python']
[0.268s] Level 1:colcon.colcon_core.package_identification:_identify(src/action_ws) by extension 'cmake'
[0.268s] Level 1:colcon.colcon_core.package_identification:_identify(src/action_ws) by extension 'python'
[0.268s] Level 1:colcon.colcon_core.package_identification:_identify(src/action_ws) by extensions ['python_setup_py']
[0.268s] Level 1:colcon.colcon_core.package_identification:_identify(src/action_ws) by extension 'python_setup_py'
[0.268s] Level 1:colcon.colcon_core.package_identification:_identify(src/cpp_parameters) by extensions ['ignore', 'ignore_ament_install']
[0.268s] Level 1:colcon.colcon_core.package_identification:_identify(src/cpp_parameters) by extension 'ignore'
[0.268s] Level 1:colcon.colcon_core.package_identification:_identify(src/cpp_parameters) by extension 'ignore_ament_install'
[0.268s] Level 1:colcon.colcon_core.package_identification:_identify(src/cpp_parameters) by extensions ['colcon_pkg']
[0.268s] Level 1:colcon.colcon_core.package_identification:_identify(src/cpp_parameters) by extension 'colcon_pkg'
[0.268s] Level 1:colcon.colcon_core.package_identification:_identify(src/cpp_parameters) by extensions ['colcon_meta']
[0.268s] Level 1:colcon.colcon_core.package_identification:_identify(src/cpp_parameters) by extension 'colcon_meta'
[0.268s] Level 1:colcon.colcon_core.package_identification:_identify(src/cpp_parameters) by extensions ['ros']
[0.268s] Level 1:colcon.colcon_core.package_identification:_identify(src/cpp_parameters) by extension 'ros'
[0.269s] DEBUG:colcon.colcon_core.package_identification:Package 'src/cpp_parameters' with type 'ros.ament_cmake' and name 'cpp_parameters'
[0.269s] Level 1:colcon.colcon_core.package_identification:_identify(src/cpp_pubsub) by extensions ['ignore', 'ignore_ament_install']
[0.269s] Level 1:colcon.colcon_core.package_identification:_identify(src/cpp_pubsub) by extension 'ignore'
[0.269s] Level 1:colcon.colcon_core.package_identification:_identify(src/cpp_pubsub) by extension 'ignore_ament_install'
[0.269s] Level 1:colcon.colcon_core.package_identification:_identify(src/cpp_pubsub) by extensions ['colcon_pkg']
[0.269s] Level 1:colcon.colcon_core.package_identification:_identify(src/cpp_pubsub) by extension 'colcon_pkg'
[0.269s] Level 1:colcon.colcon_core.package_identification:_identify(src/cpp_pubsub) by extensions ['colcon_meta']
[0.269s] Level 1:colcon.colcon_core.package_identification:_identify(src/cpp_pubsub) by extension 'colcon_meta'
[0.269s] Level 1:colcon.colcon_core.package_identification:_identify(src/cpp_pubsub) by extensions ['ros']
[0.269s] Level 1:colcon.colcon_core.package_identification:_identify(src/cpp_pubsub) by extension 'ros'
[0.270s] DEBUG:colcon.colcon_core.package_identification:Package 'src/cpp_pubsub' with type 'ros.ament_cmake' and name 'cpp_pubsub'
[0.270s] Level 1:colcon.colcon_core.package_identification:_identify(src/more_interfaces) by extensions ['ignore', 'ignore_ament_install']
[0.270s] Level 1:colcon.colcon_core.package_identification:_identify(src/more_interfaces) by extension 'ignore'
[0.270s] Level 1:colcon.colcon_core.package_identification:_identify(src/more_interfaces) by extension 'ignore_ament_install'
[0.270s] Level 1:colcon.colcon_core.package_identification:_identify(src/more_interfaces) by extensions ['colcon_pkg']
[0.270s] Level 1:colcon.colcon_core.package_identification:_identify(src/more_interfaces) by extension 'colcon_pkg'
[0.271s] Level 1:colcon.colcon_core.package_identification:_identify(src/more_interfaces) by extensions ['colcon_meta']
[0.271s] Level 1:colcon.colcon_core.package_identification:_identify(src/more_interfaces) by extension 'colcon_meta'
[0.271s] Level 1:colcon.colcon_core.package_identification:_identify(src/more_interfaces) by extensions ['ros']
[0.271s] Level 1:colcon.colcon_core.package_identification:_identify(src/more_interfaces) by extension 'ros'
[0.271s] DEBUG:colcon.colcon_core.package_identification:Package 'src/more_interfaces' with type 'ros.ament_cmake' and name 'more_interfaces'
[0.271s] Level 1:colcon.colcon_core.package_identification:_identify(src/py_parameters) by extensions ['ignore', 'ignore_ament_install']
[0.271s] Level 1:colcon.colcon_core.package_identification:_identify(src/py_parameters) by extension 'ignore'
[0.271s] Level 1:colcon.colcon_core.package_identification:_identify(src/py_parameters) by extension 'ignore_ament_install'
[0.271s] Level 1:colcon.colcon_core.package_identification:_identify(src/py_parameters) by extensions ['colcon_pkg']
[0.271s] Level 1:colcon.colcon_core.package_identification:_identify(src/py_parameters) by extension 'colcon_pkg'
[0.271s] Level 1:colcon.colcon_core.package_identification:_identify(src/py_parameters) by extensions ['colcon_meta']
[0.271s] Level 1:colcon.colcon_core.package_identification:_identify(src/py_parameters) by extension 'colcon_meta'
[0.271s] Level 1:colcon.colcon_core.package_identification:_identify(src/py_parameters) by extensions ['ros']
[0.271s] Level 1:colcon.colcon_core.package_identification:_identify(src/py_parameters) by extension 'ros'
[0.272s] DEBUG:colcon.colcon_core.package_identification:Package 'src/py_parameters' with type 'ros.ament_python' and name 'py_parameters'
[0.272s] Level 1:colcon.colcon_core.package_identification:_identify(src/roombosimator) by extensions ['ignore', 'ignore_ament_install']
[0.272s] Level 1:colcon.colcon_core.package_identification:_identify(src/roombosimator) by extension 'ignore'
[0.272s] Level 1:colcon.colcon_core.package_identification:_identify(src/roombosimator) by extension 'ignore_ament_install'
[0.272s] Level 1:colcon.colcon_core.package_identification:_identify(src/roombosimator) by extensions ['colcon_pkg']
[0.272s] Level 1:colcon.colcon_core.package_identification:_identify(src/roombosimator) by extension 'colcon_pkg'
[0.272s] Level 1:colcon.colcon_core.package_identification:_identify(src/roombosimator) by extensions ['colcon_meta']
[0.272s] Level 1:colcon.colcon_core.package_identification:_identify(src/roombosimator) by extension 'colcon_meta'
[0.272s] Level 1:colcon.colcon_core.package_identification:_identify(src/roombosimator) by extensions ['ros']
[0.272s] Level 1:colcon.colcon_core.package_identification:_identify(src/roombosimator) by extension 'ros'
[0.273s] DEBUG:colcon.colcon_core.package_identification:Package 'src/roombosimator' with type 'ros.ament_python' and name 'RoomboSimator'
[0.273s] Level 1:colcon.colcon_core.package_identification:_identify(src/ros_tutorials) by extensions ['ignore', 'ignore_ament_install']
[0.273s] Level 1:colcon.colcon_core.package_identification:_identify(src/ros_tutorials) by extension 'ignore'
[0.273s] Level 1:colcon.colcon_core.package_identification:_identify(src/ros_tutorials) by extension 'ignore_ament_install'
[0.273s] Level 1:colcon.colcon_core.package_identification:_identify(src/ros_tutorials) by extensions ['colcon_pkg']
[0.273s] Level 1:colcon.colcon_core.package_identification:_identify(src/ros_tutorials) by extension 'colcon_pkg'
[0.273s] Level 1:colcon.colcon_core.package_identification:_identify(src/ros_tutorials) by extensions ['colcon_meta']
[0.273s] Level 1:colcon.colcon_core.package_identification:_identify(src/ros_tutorials) by extension 'colcon_meta'
[0.273s] Level 1:colcon.colcon_core.package_identification:_identify(src/ros_tutorials) by extensions ['ros']
[0.273s] Level 1:colcon.colcon_core.package_identification:_identify(src/ros_tutorials) by extension 'ros'
[0.273s] Level 1:colcon.colcon_core.package_identification:_identify(src/ros_tutorials) by extensions ['cmake', 'python']
[0.273s] Level 1:colcon.colcon_core.package_identification:_identify(src/ros_tutorials) by extension 'cmake'
[0.273s] Level 1:colcon.colcon_core.package_identification:_identify(src/ros_tutorials) by extension 'python'
[0.274s] Level 1:colcon.colcon_core.package_identification:_identify(src/ros_tutorials) by extensions ['python_setup_py']
[0.274s] Level 1:colcon.colcon_core.package_identification:_identify(src/ros_tutorials) by extension 'python_setup_py'
[0.274s] Level 1:colcon.colcon_core.package_identification:_identify(src/ros_tutorials/ros_tutorials) by extensions ['ignore', 'ignore_ament_install']
[0.274s] Level 1:colcon.colcon_core.package_identification:_identify(src/ros_tutorials/ros_tutorials) by extension 'ignore'
[0.274s] Level 1:colcon.colcon_core.package_identification:_identify(src/ros_tutorials/ros_tutorials) ignored
[0.274s] Level 1:colcon.colcon_core.package_identification:_identify(src/ros_tutorials/roscpp_tutorials) by extensions ['ignore', 'ignore_ament_install']
[0.274s] Level 1:colcon.colcon_core.package_identification:_identify(src/ros_tutorials/roscpp_tutorials) by extension 'ignore'
[0.274s] Level 1:colcon.colcon_core.package_identification:_identify(src/ros_tutorials/roscpp_tutorials) ignored
[0.274s] Level 1:colcon.colcon_core.package_identification:_identify(src/ros_tutorials/rospy_tutorials) by extensions ['ignore', 'ignore_ament_install']
[0.274s] Level 1:colcon.colcon_core.package_identification:_identify(src/ros_tutorials/rospy_tutorials) by extension 'ignore'
[0.274s] Level 1:colcon.colcon_core.package_identification:_identify(src/ros_tutorials/rospy_tutorials) ignored
[0.274s] Level 1:colcon.colcon_core.package_identification:_identify(src/ros_tutorials/turtlesim) by extensions ['ignore', 'ignore_ament_install']
[0.274s] Level 1:colcon.colcon_core.package_identification:_identify(src/ros_tutorials/turtlesim) by extension 'ignore'
[0.274s] Level 1:colcon.colcon_core.package_identification:_identify(src/ros_tutorials/turtlesim) by extension 'ignore_ament_install'
[0.274s] Level 1:colcon.colcon_core.package_identification:_identify(src/ros_tutorials/turtlesim) by extensions ['colcon_pkg']
[0.274s] Level 1:colcon.colcon_core.package_identification:_identify(src/ros_tutorials/turtlesim) by extension 'colcon_pkg'
[0.275s] Level 1:colcon.colcon_core.package_identification:_identify(src/ros_tutorials/turtlesim) by extensions ['colcon_meta']
[0.275s] Level 1:colcon.colcon_core.package_identification:_identify(src/ros_tutorials/turtlesim) by extension 'colcon_meta'
[0.275s] Level 1:colcon.colcon_core.package_identification:_identify(src/ros_tutorials/turtlesim) by extensions ['ros']
[0.275s] Level 1:colcon.colcon_core.package_identification:_identify(src/ros_tutorials/turtlesim) by extension 'ros'
[0.276s] DEBUG:colcon.colcon_core.package_identification:Package 'src/ros_tutorials/turtlesim' with type 'ros.ament_cmake' and name 'turtlesim'
[0.276s] Level 1:colcon.colcon_core.package_discovery:discover_packages(recursive) using defaults
[0.276s] Level 1:colcon.colcon_core.package_discovery:discover_packages(ignore) discover
[0.276s] Level 1:colcon.colcon_core.package_discovery:discover_packages(ignore) using defaults
[0.276s] Level 1:colcon.colcon_core.package_discovery:discover_packages(path) discover
[0.276s] Level 1:colcon.colcon_core.package_discovery:discover_packages(path) using defaults
[0.294s] Level 5:colcon.colcon_core.verb:set package 'RoomboSimator' build argument 'cmake_args' from command line to 'None'
[0.294s] Level 5:colcon.colcon_core.verb:set package 'RoomboSimator' build argument 'cmake_target' from command line to 'None'
[0.294s] Level 5:colcon.colcon_core.verb:set package 'RoomboSimator' build argument 'cmake_target_skip_unavailable' from command line to 'False'
[0.294s] Level 5:colcon.colcon_core.verb:set package 'RoomboSimator' build argument 'cmake_clean_cache' from command line to 'False'
[0.294s] Level 5:colcon.colcon_core.verb:set package 'RoomboSimator' build argument 'cmake_clean_first' from command line to 'False'
[0.294s] Level 5:colcon.colcon_core.verb:set package 'RoomboSimator' build argument 'cmake_force_configure' from command line to 'False'
[0.294s] Level 5:colcon.colcon_core.verb:set package 'RoomboSimator' build argument 'ament_cmake_args' from command line to 'None'
[0.294s] Level 5:colcon.colcon_core.verb:set package 'RoomboSimator' build argument 'catkin_cmake_args' from command line to 'None'
[0.295s] Level 5:colcon.colcon_core.verb:set package 'RoomboSimator' build argument 'catkin_skip_building_tests' from command line to 'False'
[0.295s] DEBUG:colcon.colcon_core.verb:Building package 'RoomboSimator' with the following arguments: {'ament_cmake_args': None, 'build_base': '/home/student/dev_ws/build/RoomboSimator', 'catkin_cmake_args': None, 'catkin_skip_building_tests': False, 'cmake_args': None, 'cmake_clean_cache': False, 'cmake_clean_first': False, 'cmake_force_configure': False, 'cmake_target': None, 'cmake_target_skip_unavailable': False, 'install_base': '/home/student/dev_ws/install/RoomboSimator', 'merge_install': False, 'path': '/home/student/dev_ws/src/roombosimator', 'symlink_install': False, 'test_result_base': None}
[0.297s] Level 5:colcon.colcon_core.verb:set package 'cpp_parameters' build argument 'cmake_args' from command line to 'None'
[0.297s] Level 5:colcon.colcon_core.verb:set package 'cpp_parameters' build argument 'cmake_target' from command line to 'None'
[0.297s] Level 5:colcon.colcon_core.verb:set package 'cpp_parameters' build argument 'cmake_target_skip_unavailable' from command line to 'False'
[0.297s] Level 5:colcon.colcon_core.verb:set package 'cpp_parameters' build argument 'cmake_clean_cache' from command line to 'False'
[0.297s] Level 5:colcon.colcon_core.verb:set package 'cpp_parameters' build argument 'cmake_clean_first' from command line to 'False'
[0.297s] Level 5:colcon.colcon_core.verb:set package 'cpp_parameters' build argument 'cmake_force_configure' from command line to 'False'
[0.297s] Level 5:colcon.colcon_core.verb:set package 'cpp_parameters' build argument 'ament_cmake_args' from command line to 'None'
[0.297s] Level 5:colcon.colcon_core.verb:set package 'cpp_parameters' build argument 'catkin_cmake_args' from command line to 'None'
[0.297s] Level 5:colcon.colcon_core.verb:set package 'cpp_parameters' build argument 'catkin_skip_building_tests' from command line to 'False'
[0.297s] DEBUG:colcon.colcon_core.verb:Building package 'cpp_parameters' with the following arguments: {'ament_cmake_args': None, 'build_base': '/home/student/dev_ws/build/cpp_parameters', 'catkin_cmake_args': None, 'catkin_skip_building_tests': False, 'cmake_args': None, 'cmake_clean_cache': False, 'cmake_clean_first': False, 'cmake_force_configure': False, 'cmake_target': None, 'cmake_target_skip_unavailable': False, 'install_base': '/home/student/dev_ws/install/cpp_parameters', 'merge_install': False, 'path': '/home/student/dev_ws/src/cpp_parameters', 'symlink_install': False, 'test_result_base': None}
[0.299s] Level 5:colcon.colcon_core.verb:set package 'cpp_pubsub' build argument 'cmake_args' from command line to 'None'
[0.299s] Level 5:colcon.colcon_core.verb:set package 'cpp_pubsub' build argument 'cmake_target' from command line to 'None'
[0.299s] Level 5:colcon.colcon_core.verb:set package 'cpp_pubsub' build argument 'cmake_target_skip_unavailable' from command line to 'False'
[0.299s] Level 5:colcon.colcon_core.verb:set package 'cpp_pubsub' build argument 'cmake_clean_cache' from command line to 'False'
[0.299s] Level 5:colcon.colcon_core.verb:set package 'cpp_pubsub' build argument 'cmake_clean_first' from command line to 'False'
[0.299s] Level 5:colcon.colcon_core.verb:set package 'cpp_pubsub' build argument 'cmake_force_configure' from command line to 'False'
[0.299s] Level 5:colcon.colcon_core.verb:set package 'cpp_pubsub' build argument 'ament_cmake_args' from command line to 'None'
[0.299s] Level 5:colcon.colcon_core.verb:set package 'cpp_pubsub' build argument 'catkin_cmake_args' from command line to 'None'
[0.299s] Level 5:colcon.colcon_core.verb:set package 'cpp_pubsub' build argument 'catkin_skip_building_tests' from command line to 'False'
[0.300s] DEBUG:colcon.colcon_core.verb:Building package 'cpp_pubsub' with the following arguments: {'ament_cmake_args': None, 'build_base': '/home/student/dev_ws/build/cpp_pubsub', 'catkin_cmake_args': None, 'catkin_skip_building_tests': False, 'cmake_args': None, 'cmake_clean_cache': False, 'cmake_clean_first': False, 'cmake_force_configure': False, 'cmake_target': None, 'cmake_target_skip_unavailable': False, 'install_base': '/home/student/dev_ws/install/cpp_pubsub', 'merge_install': False, 'path': '/home/student/dev_ws/src/cpp_pubsub', 'symlink_install': False, 'test_result_base': None}
[0.302s] Level 5:colcon.colcon_core.verb:set package 'cpp_srvcli' build argument 'cmake_args' from command line to 'None'
[0.302s] Level 5:colcon.colcon_core.verb:set package 'cpp_srvcli' build argument 'cmake_target' from command line to 'None'
[0.302s] Level 5:colcon.colcon_core.verb:set package 'cpp_srvcli' build argument 'cmake_target_skip_unavailable' from command line to 'False'
[0.302s] Level 5:colcon.colcon_core.verb:set package 'cpp_srvcli' build argument 'cmake_clean_cache' from command line to 'False'
[0.303s] Level 5:colcon.colcon_core.verb:set package 'cpp_srvcli' build argument 'cmake_clean_first' from command line to 'False'
[0.303s] Level 5:colcon.colcon_core.verb:set package 'cpp_srvcli' build argument 'cmake_force_configure' from command line to 'False'
[0.303s] Level 5:colcon.colcon_core.verb:set package 'cpp_srvcli' build argument 'ament_cmake_args' from command line to 'None'
[0.303s] Level 5:colcon.colcon_core.verb:set package 'cpp_srvcli' build argument 'catkin_cmake_args' from command line to 'None'
[0.303s] Level 5:colcon.colcon_core.verb:set package 'cpp_srvcli' build argument 'catkin_skip_building_tests' from command line to 'False'
[0.303s] DEBUG:colcon.colcon_core.verb:Building package 'cpp_srvcli' with the following arguments: {'ament_cmake_args': None, 'build_base': '/home/student/dev_ws/build/cpp_srvcli', 'catkin_cmake_args': None, 'catkin_skip_building_tests': False, 'cmake_args': None, 'cmake_clean_cache': False, 'cmake_clean_first': False, 'cmake_force_configure': False, 'cmake_target': None, 'cmake_target_skip_unavailable': False, 'install_base': '/home/student/dev_ws/install/cpp_srvcli', 'merge_install': False, 'path': '/home/student/dev_ws/cpp_srvcli', 'symlink_install': False, 'test_result_base': None}
[0.305s] Level 5:colcon.colcon_core.verb:set package 'more_interfaces' build argument 'cmake_args' from command line to 'None'
[0.305s] Level 5:colcon.colcon_core.verb:set package 'more_interfaces' build argument 'cmake_target' from command line to 'None'
[0.305s] Level 5:colcon.colcon_core.verb:set package 'more_interfaces' build argument 'cmake_target_skip_unavailable' from command line to 'False'
[0.305s] Level 5:colcon.colcon_core.verb:set package 'more_interfaces' build argument 'cmake_clean_cache' from command line to 'False'
[0.305s] Level 5:colcon.colcon_core.verb:set package 'more_interfaces' build argument 'cmake_clean_first' from command line to 'False'
[0.305s] Level 5:colcon.colcon_core.verb:set package 'more_interfaces' build argument 'cmake_force_configure' from command line to 'False'
[0.305s] Level 5:colcon.colcon_core.verb:set package 'more_interfaces' build argument 'ament_cmake_args' from command line to 'None'
[0.305s] Level 5:colcon.colcon_core.verb:set package 'more_interfaces' build argument 'catkin_cmake_args' from command line to 'None'
[0.305s] Level 5:colcon.colcon_core.verb:set package 'more_interfaces' build argument 'catkin_skip_building_tests' from command line to 'False'
[0.305s] DEBUG:colcon.colcon_core.verb:Building package 'more_interfaces' with the following arguments: {'ament_cmake_args': None, 'build_base': '/home/student/dev_ws/build/more_interfaces', 'catkin_cmake_args': None, 'catkin_skip_building_tests': False, 'cmake_args': None, 'cmake_clean_cache': False, 'cmake_clean_first': False, 'cmake_force_configure': False, 'cmake_target': None, 'cmake_target_skip_unavailable': False, 'install_base': '/home/student/dev_ws/install/more_interfaces', 'merge_install': False, 'path': '/home/student/dev_ws/src/more_interfaces', 'symlink_install': False, 'test_result_base': None}
[0.307s] Level 5:colcon.colcon_core.verb:set package 'py_parameters' build argument 'cmake_args' from command line to 'None'
[0.307s] Level 5:colcon.colcon_core.verb:set package 'py_parameters' build argument 'cmake_target' from command line to 'None'
[0.307s] Level 5:colcon.colcon_core.verb:set package 'py_parameters' build argument 'cmake_target_skip_unavailable' from command line to 'False'
[0.307s] Level 5:colcon.colcon_core.verb:set package 'py_parameters' build argument 'cmake_clean_cache' from command line to 'False'
[0.307s] Level 5:colcon.colcon_core.verb:set package 'py_parameters' build argument 'cmake_clean_first' from command line to 'False'
[0.307s] Level 5:colcon.colcon_core.verb:set package 'py_parameters' build argument 'cmake_force_configure' from command line to 'False'
[0.307s] Level 5:colcon.colcon_core.verb:set package 'py_parameters' build argument 'ament_cmake_args' from command line to 'None'
[0.307s] Level 5:colcon.colcon_core.verb:set package 'py_parameters' build argument 'catkin_cmake_args' from command line to 'None'
[0.307s] Level 5:colcon.colcon_core.verb:set package 'py_parameters' build argument 'catkin_skip_building_tests' from command line to 'False'
[0.307s] DEBUG:colcon.colcon_core.verb:Building package 'py_parameters' with the following arguments: {'ament_cmake_args': None, 'build_base': '/home/student/dev_ws/build/py_parameters', 'catkin_cmake_args': None, 'catkin_skip_building_tests': False, 'cmake_args': None, 'cmake_clean_cache': False, 'cmake_clean_first': False, 'cmake_force_configure': False, 'cmake_target': None, 'cmake_target_skip_unavailable': False, 'install_base': '/home/student/dev_ws/install/py_parameters', 'merge_install': False, 'path': '/home/student/dev_ws/src/py_parameters', 'symlink_install': False, 'test_result_base': None}
[0.309s] Level 5:colcon.colcon_core.verb:set package 'py_srvcli' build argument 'cmake_args' from command line to 'None'
[0.309s] Level 5:colcon.colcon_core.verb:set package 'py_srvcli' build argument 'cmake_target' from command line to 'None'
[0.309s] Level 5:colcon.colcon_core.verb:set package 'py_srvcli' build argument 'cmake_target_skip_unavailable' from command line to 'False'
[0.309s] Level 5:colcon.colcon_core.verb:set package 'py_srvcli' build argument 'cmake_clean_cache' from command line to 'False'
[0.309s] Level 5:colcon.colcon_core.verb:set package 'py_srvcli' build argument 'cmake_clean_first' from command line to 'False'
[0.309s] Level 5:colcon.colcon_core.verb:set package 'py_srvcli' build argument 'cmake_force_configure' from command line to 'False'
[0.309s] Level 5:colcon.colcon_core.verb:set package 'py_srvcli' build argument 'ament_cmake_args' from command line to 'None'
[0.309s] Level 5:colcon.colcon_core.verb:set package 'py_srvcli' build argument 'catkin_cmake_args' from command line to 'None'
[0.309s] Level 5:colcon.colcon_core.verb:set package 'py_srvcli' build argument 'catkin_skip_building_tests' from command line to 'False'
[0.309s] DEBUG:colcon.colcon_core.verb:Building package 'py_srvcli' with the following arguments: {'ament_cmake_args': None, 'build_base': '/home/student/dev_ws/build/py_srvcli', 'catkin_cmake_args': None, 'catkin_skip_building_tests': False, 'cmake_args': None, 'cmake_clean_cache': False, 'cmake_clean_first': False, 'cmake_force_configure': False, 'cmake_target': None, 'cmake_target_skip_unavailable': False, 'install_base': '/home/student/dev_ws/install/py_srvcli', 'merge_install': False, 'path': '/home/student/dev_ws/py_srvcli', 'symlink_install': False, 'test_result_base': None}
[0.311s] Level 5:colcon.colcon_core.verb:set package 'turtlesim' build argument 'cmake_args' from command line to 'None'
[0.311s] Level 5:colcon.colcon_core.verb:set package 'turtlesim' build argument 'cmake_target' from command line to 'None'
[0.311s] Level 5:colcon.colcon_core.verb:set package 'turtlesim' build argument 'cmake_target_skip_unavailable' from command line to 'False'
[0.311s] Level 5:colcon.colcon_core.verb:set package 'turtlesim' build argument 'cmake_clean_cache' from command line to 'False'
[0.311s] Level 5:colcon.colcon_core.verb:set package 'turtlesim' build argument 'cmake_clean_first' from command line to 'False'
[0.311s] Level 5:colcon.colcon_core.verb:set package 'turtlesim' build argument 'cmake_force_configure' from command line to 'False'
[0.311s] Level 5:colcon.colcon_core.verb:set package 'turtlesim' build argument 'ament_cmake_args' from command line to 'None'
[0.312s] Level 5:colcon.colcon_core.verb:set package 'turtlesim' build argument 'catkin_cmake_args' from command line to 'None'
[0.312s] Level 5:colcon.colcon_core.verb:set package 'turtlesim' build argument 'catkin_skip_building_tests' from command line to 'False'
[0.312s] DEBUG:colcon.colcon_core.verb:Building package 'turtlesim' with the following arguments: {'ament_cmake_args': None, 'build_base': '/home/student/dev_ws/build/turtlesim', 'catkin_cmake_args': None, 'catkin_skip_building_tests': False, 'cmake_args': None, 'cmake_clean_cache': False, 'cmake_clean_first': False, 'cmake_force_configure': False, 'cmake_target': None, 'cmake_target_skip_unavailable': False, 'install_base': '/home/student/dev_ws/install/turtlesim', 'merge_install': False, 'path': '/home/student/dev_ws/src/ros_tutorials/turtlesim', 'symlink_install': False, 'test_result_base': None}
[0.312s] INFO:colcon.colcon_core.executor:Executing jobs using 'parallel' executor
[0.314s] DEBUG:colcon.colcon_parallel_executor.executor.parallel:run_until_complete
[0.315s] INFO:colcon.colcon_ros.task.ament_python.build:Building ROS package in '/home/student/dev_ws/src/roombosimator' with build type 'ament_python'
[0.315s] Level 1:colcon.colcon_core.shell:create_environment_hook('RoomboSimator', 'ament_prefix_path')
[0.318s] INFO:colcon.colcon_core.plugin_system:Skipping extension 'colcon_core.shell.bat': Not used on non-Windows systems
[0.318s] INFO:colcon.colcon_core.shell:Creating environment hook '/home/student/dev_ws/install/RoomboSimator/share/RoomboSimator/hook/ament_prefix_path.ps1'
[0.319s] INFO:colcon.colcon_core.shell:Creating environment descriptor '/home/student/dev_ws/install/RoomboSimator/share/RoomboSimator/hook/ament_prefix_path.dsv'
[0.320s] INFO:colcon.colcon_core.shell:Creating environment hook '/home/student/dev_ws/install/RoomboSimator/share/RoomboSimator/hook/ament_prefix_path.sh'
[0.321s] INFO:colcon.colcon_core.shell:Skip shell extension 'powershell' for command environment: Not usable outside of PowerShell
[0.321s] DEBUG:colcon.colcon_core.shell:Skip shell extension 'dsv' for command environment
[0.323s] DEBUG:colcon.colcon_core.shell:Ignoring prefix path '/opt/ros/foxy'
[0.325s] INFO:colcon.colcon_ros.task.ament_cmake.build:Building ROS package in '/home/student/dev_ws/src/cpp_parameters' with build type 'ament_cmake'
[0.326s] INFO:colcon.colcon_cmake.task.cmake.build:Building CMake package in '/home/student/dev_ws/src/cpp_parameters'
[0.327s] INFO:colcon.colcon_core.shell:Skip shell extension 'powershell' for command environment: Not usable outside of PowerShell
[0.327s] DEBUG:colcon.colcon_core.shell:Skip shell extension 'dsv' for command environment
[0.328s] DEBUG:colcon.colcon_core.shell:Ignoring prefix path '/opt/ros/foxy'
[0.330s] INFO:colcon.colcon_ros.task.ament_cmake.build:Building ROS package in '/home/student/dev_ws/src/cpp_pubsub' with build type 'ament_cmake'
[0.331s] INFO:colcon.colcon_cmake.task.cmake.build:Building CMake package in '/home/student/dev_ws/src/cpp_pubsub'
[0.332s] INFO:colcon.colcon_core.shell:Skip shell extension 'powershell' for command environment: Not usable outside of PowerShell
[0.332s] DEBUG:colcon.colcon_core.shell:Skip shell extension 'dsv' for command environment
[0.334s] DEBUG:colcon.colcon_core.shell:Ignoring prefix path '/opt/ros/foxy'
[0.337s] INFO:colcon.colcon_ros.task.ament_cmake.build:Building ROS package in '/home/student/dev_ws/cpp_srvcli' with build type 'ament_cmake'
[0.337s] INFO:colcon.colcon_cmake.task.cmake.build:Building CMake package in '/home/student/dev_ws/cpp_srvcli'
[0.338s] INFO:colcon.colcon_core.shell:Skip shell extension 'powershell' for command environment: Not usable outside of PowerShell
[0.338s] DEBUG:colcon.colcon_core.shell:Skip shell extension 'dsv' for command environment
[0.340s] DEBUG:colcon.colcon_core.shell:Ignoring prefix path '/opt/ros/foxy'
[0.342s] INFO:colcon.colcon_ros.task.ament_cmake.build:Building ROS package in '/home/student/dev_ws/src/more_interfaces' with build type 'ament_cmake'
[0.343s] INFO:colcon.colcon_cmake.task.cmake.build:Building CMake package in '/home/student/dev_ws/src/more_interfaces'
[0.343s] INFO:colcon.colcon_core.shell:Skip shell extension 'powershell' for command environment: Not usable outside of PowerShell
[0.344s] DEBUG:colcon.colcon_core.shell:Skip shell extension 'dsv' for command environment
[0.345s] DEBUG:colcon.colcon_core.shell:Ignoring prefix path '/opt/ros/foxy'
[0.348s] INFO:colcon.colcon_ros.task.ament_python.build:Building ROS package in '/home/student/dev_ws/src/py_parameters' with build type 'ament_python'
[0.349s] Level 1:colcon.colcon_core.shell:create_environment_hook('py_parameters', 'ament_prefix_path')
[0.349s] INFO:colcon.colcon_core.shell:Creating environment hook '/home/student/dev_ws/install/py_parameters/share/py_parameters/hook/ament_prefix_path.ps1'
[0.351s] INFO:colcon.colcon_core.shell:Creating environment descriptor '/home/student/dev_ws/install/py_parameters/share/py_parameters/hook/ament_prefix_path.dsv'
[0.351s] INFO:colcon.colcon_core.shell:Creating environment hook '/home/student/dev_ws/install/py_parameters/share/py_parameters/hook/ament_prefix_path.sh'
[0.352s] INFO:colcon.colcon_core.shell:Skip shell extension 'powershell' for command environment: Not usable outside of PowerShell
[0.352s] DEBUG:colcon.colcon_core.shell:Skip shell extension 'dsv' for command environment
[0.353s] DEBUG:colcon.colcon_core.shell:Ignoring prefix path '/opt/ros/foxy'
[0.356s] INFO:colcon.colcon_ros.task.ament_python.build:Building ROS package in '/home/student/dev_ws/py_srvcli' with build type 'ament_python'
[0.356s] Level 1:colcon.colcon_core.shell:create_environment_hook('py_srvcli', 'ament_prefix_path')
[0.357s] INFO:colcon.colcon_core.shell:Creating environment hook '/home/student/dev_ws/install/py_srvcli/share/py_srvcli/hook/ament_prefix_path.ps1'
[0.358s] INFO:colcon.colcon_core.shell:Creating environment descriptor '/home/student/dev_ws/install/py_srvcli/share/py_srvcli/hook/ament_prefix_path.dsv'
[0.358s] INFO:colcon.colcon_core.shell:Creating environment hook '/home/student/dev_ws/install/py_srvcli/share/py_srvcli/hook/ament_prefix_path.sh'
[0.359s] INFO:colcon.colcon_core.shell:Skip shell extension 'powershell' for command environment: Not usable outside of PowerShell
[0.359s] DEBUG:colcon.colcon_core.shell:Skip shell extension 'dsv' for command environment
[0.361s] DEBUG:colcon.colcon_core.shell:Ignoring prefix path '/opt/ros/foxy'
[0.363s] INFO:colcon.colcon_ros.task.ament_cmake.build:Building ROS package in '/home/student/dev_ws/src/ros_tutorials/turtlesim' with build type 'ament_cmake'
[0.363s] INFO:colcon.colcon_cmake.task.cmake.build:Building CMake package in '/home/student/dev_ws/src/ros_tutorials/turtlesim'
[0.364s] INFO:colcon.colcon_core.shell:Skip shell extension 'powershell' for command environment: Not usable outside of PowerShell
[0.364s] DEBUG:colcon.colcon_core.shell:Skip shell extension 'dsv' for command environment
[0.366s] DEBUG:colcon.colcon_core.shell:Ignoring prefix path '/opt/ros/foxy'
[0.568s] INFO:colcon.colcon_core.task.python.build:Building Python package in '/home/student/dev_ws/src/roombosimator'
[0.569s] INFO:colcon.colcon_core.shell:Skip shell extension 'powershell' for command environment: Not usable outside of PowerShell
[0.569s] DEBUG:colcon.colcon_core.shell:Skip shell extension 'dsv' for command environment
[0.571s] DEBUG:colcon.colcon_core.shell:Ignoring prefix path '/opt/ros/foxy'
[0.580s] DEBUG:colcon.colcon_core.event_handler.log_command:Invoking command in '/home/student/dev_ws/build/cpp_parameters': CMAKE_PREFIX_PATH=/opt/ros/foxy /usr/bin/cmake --build /home/student/dev_ws/build/cpp_parameters -- -j12 -l12
[0.587s] DEBUG:colcon.colcon_core.event_handler.log_command:Invoking command in '/home/student/dev_ws/build/cpp_pubsub': CMAKE_PREFIX_PATH=/opt/ros/foxy /usr/bin/cmake --build /home/student/dev_ws/build/cpp_pubsub -- -j12 -l12
[0.592s] DEBUG:colcon.colcon_core.event_handler.log_command:Invoking command in '/home/student/dev_ws/build/cpp_srvcli': CMAKE_PREFIX_PATH=/opt/ros/foxy /usr/bin/cmake --build /home/student/dev_ws/build/cpp_srvcli -- -j12 -l12
[0.596s] DEBUG:colcon.colcon_core.event_handler.log_command:Invoking command in '/home/student/dev_ws/build/more_interfaces': CMAKE_PREFIX_PATH=/opt/ros/foxy /usr/bin/cmake --build /home/student/dev_ws/build/more_interfaces -- -j12 -l12
[0.857s] INFO:colcon.colcon_core.task.python.build:Building Python package in '/home/student/dev_ws/src/py_parameters'
[0.858s] INFO:colcon.colcon_core.shell:Skip shell extension 'powershell' for command environment: Not usable outside of PowerShell
[0.858s] DEBUG:colcon.colcon_core.shell:Skip shell extension 'dsv' for command environment
[0.860s] DEBUG:colcon.colcon_core.shell:Ignoring prefix path '/opt/ros/foxy'
[1.049s] INFO:colcon.colcon_core.task.python.build:Building Python package in '/home/student/dev_ws/py_srvcli'
[1.050s] INFO:colcon.colcon_core.shell:Skip shell extension 'powershell' for command environment: Not usable outside of PowerShell
[1.050s] DEBUG:colcon.colcon_core.shell:Skip shell extension 'dsv' for command environment
[1.051s] DEBUG:colcon.colcon_core.shell:Ignoring prefix path '/opt/ros/foxy'
[1.058s] DEBUG:colcon.colcon_core.event_handler.log_command:Invoking command in '/home/student/dev_ws/build/turtlesim': CMAKE_PREFIX_PATH=/opt/ros/foxy /usr/bin/cmake --build /home/student/dev_ws/build/turtlesim -- -j12 -l12
[1.075s] DEBUG:colcon.colcon_core.event_handler.log_command:Invoked command in '/home/student/dev_ws/build/cpp_pubsub' returned '0': CMAKE_PREFIX_PATH=/opt/ros/foxy /usr/bin/cmake --build /home/student/dev_ws/build/cpp_pubsub -- -j12 -l12
[1.075s] DEBUG:colcon.colcon_core.event_handler.log_command:Invoked command in '/home/student/dev_ws/build/cpp_parameters' returned '0': CMAKE_PREFIX_PATH=/opt/ros/foxy /usr/bin/cmake --build /home/student/dev_ws/build/cpp_parameters -- -j12 -l12
[1.076s] DEBUG:colcon.colcon_core.event_handler.log_command:Invoked command in '/home/student/dev_ws/build/cpp_srvcli' returned '0': CMAKE_PREFIX_PATH=/opt/ros/foxy /usr/bin/cmake --build /home/student/dev_ws/build/cpp_srvcli -- -j12 -l12
[1.077s] DEBUG:colcon.colcon_core.event_handler.log_command:Invoked command in '/home/student/dev_ws/build/more_interfaces' returned '0': CMAKE_PREFIX_PATH=/opt/ros/foxy /usr/bin/cmake --build /home/student/dev_ws/build/more_interfaces -- -j12 -l12
[1.089s] DEBUG:colcon.colcon_core.event_handler.log_command:Invoking command in '/home/student/dev_ws/src/roombosimator': PYTHONPATH=/home/student/dev_ws/install/RoomboSimator/lib/python3.8/site-packages:${PYTHONPATH} /usr/bin/python3 setup.py egg_info --egg-base ../../build/RoomboSimator build --build-base /home/student/dev_ws/build/RoomboSimator/build install --prefix /home/student/dev_ws/install/RoomboSimator --record /home/student/dev_ws/build/RoomboSimator/install.log --single-version-externally-managed
[1.092s] DEBUG:colcon.colcon_core.event_handler.log_command:Invoking command in '/home/student/dev_ws/src/py_parameters': PYTHONPATH=/home/student/dev_ws/install/py_parameters/lib/python3.8/site-packages:${PYTHONPATH} /usr/bin/python3 setup.py egg_info --egg-base ../../build/py_parameters build --build-base /home/student/dev_ws/build/py_parameters/build install --prefix /home/student/dev_ws/install/py_parameters --record /home/student/dev_ws/build/py_parameters/install.log --single-version-externally-managed
[1.096s] DEBUG:colcon.colcon_core.event_handler.log_command:Invoking command in '/home/student/dev_ws/py_srvcli': PYTHONPATH=/home/student/dev_ws/install/py_srvcli/lib/python3.8/site-packages:${PYTHONPATH} /usr/bin/python3 setup.py egg_info --egg-base ../build/py_srvcli build --build-base /home/student/dev_ws/build/py_srvcli/build install --prefix /home/student/dev_ws/install/py_srvcli --record /home/student/dev_ws/build/py_srvcli/install.log --single-version-externally-managed
[1.118s] DEBUG:colcon.colcon_core.event_handler.log_command:Invoking command in '/home/student/dev_ws/build/cpp_pubsub': CMAKE_PREFIX_PATH=/opt/ros/foxy /usr/bin/cmake --install /home/student/dev_ws/build/cpp_pubsub
[1.123s] DEBUG:colcon.colcon_core.event_handler.log_command:Invoking command in '/home/student/dev_ws/build/cpp_parameters': CMAKE_PREFIX_PATH=/opt/ros/foxy /usr/bin/cmake --install /home/student/dev_ws/build/cpp_parameters
[1.131s] DEBUG:colcon.colcon_core.event_handler.log_command:Invoking command in '/home/student/dev_ws/build/cpp_srvcli': CMAKE_PREFIX_PATH=/opt/ros/foxy /usr/bin/cmake --install /home/student/dev_ws/build/cpp_srvcli
[1.138s] Level 1:colcon.colcon_core.environment:create_environment_scripts_only(cpp_pubsub)
[1.147s] DEBUG:colcon.colcon_core.event_handler.log_command:Invoked command in '/home/student/dev_ws/build/cpp_pubsub' returned '0': CMAKE_PREFIX_PATH=/opt/ros/foxy /usr/bin/cmake --install /home/student/dev_ws/build/cpp_pubsub
[1.155s] Level 1:colcon.colcon_core.environment:checking '/home/student/dev_ws/install/cpp_pubsub' for CMake module files
[1.159s] Level 1:colcon.colcon_core.environment:checking '/home/student/dev_ws/install/cpp_pubsub' for CMake config files
[1.159s] Level 1:colcon.colcon_core.shell:create_environment_hook('cpp_pubsub', 'cmake_prefix_path')
[1.161s] INFO:colcon.colcon_core.shell:Creating environment hook '/home/student/dev_ws/install/cpp_pubsub/share/cpp_pubsub/hook/cmake_prefix_path.ps1'
[1.162s] INFO:colcon.colcon_core.shell:Creating environment descriptor '/home/student/dev_ws/install/cpp_pubsub/share/cpp_pubsub/hook/cmake_prefix_path.dsv'
[1.163s] INFO:colcon.colcon_core.shell:Creating environment hook '/home/student/dev_ws/install/cpp_pubsub/share/cpp_pubsub/hook/cmake_prefix_path.sh'
[1.164s] Level 1:colcon.colcon_core.environment:checking '/home/student/dev_ws/install/cpp_pubsub/lib'
[1.164s] Level 1:colcon.colcon_core.environment:checking '/home/student/dev_ws/install/cpp_pubsub/bin'
[1.165s] Level 1:colcon.colcon_core.environment:checking '/home/student/dev_ws/install/cpp_pubsub/lib/pkgconfig/cpp_pubsub.pc'
[1.165s] Level 1:colcon.colcon_core.environment:checking '/home/student/dev_ws/install/cpp_pubsub/lib/python3.8/site-packages'
[1.166s] INFO:colcon.colcon_core.shell:Creating package script '/home/student/dev_ws/install/cpp_pubsub/share/cpp_pubsub/package.ps1'
[1.168s] INFO:colcon.colcon_core.shell:Creating package descriptor '/home/student/dev_ws/install/cpp_pubsub/share/cpp_pubsub/package.dsv'
[1.169s] INFO:colcon.colcon_core.shell:Creating package script '/home/student/dev_ws/install/cpp_pubsub/share/cpp_pubsub/package.sh'
[1.170s] INFO:colcon.colcon_core.shell:Creating package script '/home/student/dev_ws/install/cpp_pubsub/share/cpp_pubsub/package.bash'
[1.172s] INFO:colcon.colcon_core.shell:Creating package script '/home/student/dev_ws/install/cpp_pubsub/share/cpp_pubsub/package.zsh'
[1.173s] Level 1:colcon.colcon_core.environment:create_file_with_runtime_dependencies(/home/student/dev_ws/install/cpp_pubsub/share/colcon-core/packages/cpp_pubsub)
[1.180s] Level 1:colcon.colcon_core.environment:create_environment_scripts_only(cpp_parameters)
[1.181s] DEBUG:colcon.colcon_core.event_handler.log_command:Invoked command in '/home/student/dev_ws/build/cpp_parameters' returned '0': CMAKE_PREFIX_PATH=/opt/ros/foxy /usr/bin/cmake --install /home/student/dev_ws/build/cpp_parameters
[1.183s] Level 1:colcon.colcon_core.environment:checking '/home/student/dev_ws/install/cpp_parameters' for CMake module files
[1.185s] Level 1:colcon.colcon_core.environment:checking '/home/student/dev_ws/install/cpp_parameters' for CMake config files
[1.186s] Level 1:colcon.colcon_core.shell:create_environment_hook('cpp_parameters', 'cmake_prefix_path')
[1.187s] INFO:colcon.colcon_core.shell:Creating environment hook '/home/student/dev_ws/install/cpp_parameters/share/cpp_parameters/hook/cmake_prefix_path.ps1'
[1.188s] INFO:colcon.colcon_core.shell:Creating environment descriptor '/home/student/dev_ws/install/cpp_parameters/share/cpp_parameters/hook/cmake_prefix_path.dsv'
[1.188s] INFO:colcon.colcon_core.shell:Creating environment hook '/home/student/dev_ws/install/cpp_parameters/share/cpp_parameters/hook/cmake_prefix_path.sh'
[1.189s] Level 1:colcon.colcon_core.environment:checking '/home/student/dev_ws/install/cpp_parameters/libcpp_parameters'
[1.189s] Level 1:colcon.colcon_core.environment:checking '/home/student/dev_ws/install/cpp_parameters/lib'
[1.189s] Level 1:colcon.colcon_core.environment:checking '/home/student/dev_ws/install/cpp_parameters/bin'
[1.189s] Level 1:colcon.colcon_core.environment:checking '/home/student/dev_ws/install/cpp_parameters/lib/pkgconfig/cpp_parameters.pc'
[1.190s] Level 1:colcon.colcon_core.environment:checking '/home/student/dev_ws/install/cpp_parameters/lib/python3.8/site-packages'
[1.191s] INFO:colcon.colcon_core.shell:Creating package script '/home/student/dev_ws/install/cpp_parameters/share/cpp_parameters/package.ps1'
[1.192s] INFO:colcon.colcon_core.shell:Creating package descriptor '/home/student/dev_ws/install/cpp_parameters/share/cpp_parameters/package.dsv'
[1.192s] INFO:colcon.colcon_core.shell:Creating package script '/home/student/dev_ws/install/cpp_parameters/share/cpp_parameters/package.sh'
[1.193s] INFO:colcon.colcon_core.shell:Creating package script '/home/student/dev_ws/install/cpp_parameters/share/cpp_parameters/package.bash'
[1.194s] INFO:colcon.colcon_core.shell:Creating package script '/home/student/dev_ws/install/cpp_parameters/share/cpp_parameters/package.zsh'
[1.194s] Level 1:colcon.colcon_core.environment:create_file_with_runtime_dependencies(/home/student/dev_ws/install/cpp_parameters/share/colcon-core/packages/cpp_parameters)
[1.197s] Level 1:colcon.colcon_core.environment:create_environment_scripts_only(cpp_srvcli)
[1.200s] Level 1:colcon.colcon_core.environment:checking '/home/student/dev_ws/install/cpp_srvcli' for CMake module files
[1.201s] DEBUG:colcon.colcon_core.event_handler.log_command:Invoked command in '/home/student/dev_ws/build/cpp_srvcli' returned '0': CMAKE_PREFIX_PATH=/opt/ros/foxy /usr/bin/cmake --install /home/student/dev_ws/build/cpp_srvcli
[1.202s] Level 1:colcon.colcon_core.environment:checking '/home/student/dev_ws/install/cpp_srvcli' for CMake config files
[1.202s] Level 1:colcon.colcon_core.shell:create_environment_hook('cpp_srvcli', 'cmake_prefix_path')
[1.204s] INFO:colcon.colcon_core.shell:Creating environment hook '/home/student/dev_ws/install/cpp_srvcli/share/cpp_srvcli/hook/cmake_prefix_path.ps1'
[1.205s] INFO:colcon.colcon_core.shell:Creating environment descriptor '/home/student/dev_ws/install/cpp_srvcli/share/cpp_srvcli/hook/cmake_prefix_path.dsv'
[1.205s] INFO:colcon.colcon_core.shell:Creating environment hook '/home/student/dev_ws/install/cpp_srvcli/share/cpp_srvcli/hook/cmake_prefix_path.sh'
[1.206s] Level 1:colcon.colcon_core.environment:checking '/home/student/dev_ws/install/cpp_srvcli/lib'
[1.206s] Level 1:colcon.colcon_core.environment:checking '/home/student/dev_ws/install/cpp_srvcli/bin'
[1.206s] Level 1:colcon.colcon_core.environment:checking '/home/student/dev_ws/install/cpp_srvcli/lib/pkgconfig/cpp_srvcli.pc'
[1.207s] Level 1:colcon.colcon_core.environment:checking '/home/student/dev_ws/install/cpp_srvcli/lib/python3.8/site-packages'
[1.208s] INFO:colcon.colcon_core.shell:Creating package script '/home/student/dev_ws/install/cpp_srvcli/share/cpp_srvcli/package.ps1'
[1.209s] INFO:colcon.colcon_core.shell:Creating package descriptor '/home/student/dev_ws/install/cpp_srvcli/share/cpp_srvcli/package.dsv'
[1.209s] INFO:colcon.colcon_core.shell:Creating package script '/home/student/dev_ws/install/cpp_srvcli/share/cpp_srvcli/package.sh'
[1.210s] INFO:colcon.colcon_core.shell:Creating package script '/home/student/dev_ws/install/cpp_srvcli/share/cpp_srvcli/package.bash'
[1.211s] INFO:colcon.colcon_core.shell:Creating package script '/home/student/dev_ws/install/cpp_srvcli/share/cpp_srvcli/package.zsh'
[1.211s] Level 1:colcon.colcon_core.environment:create_file_with_runtime_dependencies(/home/student/dev_ws/install/cpp_srvcli/share/colcon-core/packages/cpp_srvcli)
[1.219s] DEBUG:colcon.colcon_core.event_handler.log_command:Invoking command in '/home/student/dev_ws/build/more_interfaces': CMAKE_PREFIX_PATH=/opt/ros/foxy /usr/bin/cmake --install /home/student/dev_ws/build/more_interfaces
[1.224s] Level 1:colcon.colcon_core.environment:create_environment_scripts_only(cpp_pubsub)
[1.227s] Level 1:colcon.colcon_core.environment:checking '/home/student/dev_ws/install/cpp_pubsub' for CMake module files
[1.228s] Level 1:colcon.colcon_core.environment:checking '/home/student/dev_ws/install/cpp_pubsub' for CMake config files
[1.228s] Level 1:colcon.colcon_core.shell:create_environment_hook('cpp_pubsub', 'cmake_prefix_path')
[1.230s] INFO:colcon.colcon_core.shell:Creating environment hook '/home/student/dev_ws/install/cpp_pubsub/share/cpp_pubsub/hook/cmake_prefix_path.ps1'
[1.231s] INFO:colcon.colcon_core.shell:Creating environment descriptor '/home/student/dev_ws/install/cpp_pubsub/share/cpp_pubsub/hook/cmake_prefix_path.dsv'
[1.232s] INFO:colcon.colcon_core.shell:Creating environment hook '/home/student/dev_ws/install/cpp_pubsub/share/cpp_pubsub/hook/cmake_prefix_path.sh'
[1.235s] Level 1:colcon.colcon_core.environment:checking '/home/student/dev_ws/install/cpp_pubsub/lib'
[1.235s] Level 1:colcon.colcon_core.environment:checking '/home/student/dev_ws/install/cpp_pubsub/bin'
[1.236s] Level 1:colcon.colcon_core.environment:checking '/home/student/dev_ws/install/cpp_pubsub/lib/pkgconfig/cpp_pubsub.pc'
[1.236s] Level 1:colcon.colcon_core.environment:checking '/home/student/dev_ws/install/cpp_pubsub/lib/python3.8/site-packages'
[1.237s] INFO:colcon.colcon_core.shell:Creating package script '/home/student/dev_ws/install/cpp_pubsub/share/cpp_pubsub/package.ps1'
[1.239s] INFO:colcon.colcon_core.shell:Creating package descriptor '/home/student/dev_ws/install/cpp_pubsub/share/cpp_pubsub/package.dsv'
[1.242s] INFO:colcon.colcon_core.shell:Creating package script '/home/student/dev_ws/install/cpp_pubsub/share/cpp_pubsub/package.sh'
[1.244s] INFO:colcon.colcon_core.shell:Creating package script '/home/student/dev_ws/install/cpp_pubsub/share/cpp_pubsub/package.bash'
[1.248s] INFO:colcon.colcon_core.shell:Creating package script '/home/student/dev_ws/install/cpp_pubsub/share/cpp_pubsub/package.zsh'
[1.249s] Level 1:colcon.colcon_core.environment:create_file_with_runtime_dependencies(/home/student/dev_ws/install/cpp_pubsub/share/colcon-core/packages/cpp_pubsub)
[1.252s] Level 1:colcon.colcon_core.environment:create_environment_scripts_only(cpp_parameters)
[1.254s] Level 1:colcon.colcon_core.environment:checking '/home/student/dev_ws/install/cpp_parameters' for CMake module files
[1.255s] Level 1:colcon.colcon_core.environment:checking '/home/student/dev_ws/install/cpp_parameters' for CMake config files
[1.255s] Level 1:colcon.colcon_core.shell:create_environment_hook('cpp_parameters', 'cmake_prefix_path')
[1.256s] INFO:colcon.colcon_core.shell:Creating environment hook '/home/student/dev_ws/install/cpp_parameters/share/cpp_parameters/hook/cmake_prefix_path.ps1'
[1.258s] INFO:colcon.colcon_core.shell:Creating environment descriptor '/home/student/dev_ws/install/cpp_parameters/share/cpp_parameters/hook/cmake_prefix_path.dsv'
[1.258s] INFO:colcon.colcon_core.shell:Creating environment hook '/home/student/dev_ws/install/cpp_parameters/share/cpp_parameters/hook/cmake_prefix_path.sh'
[1.259s] Level 1:colcon.colcon_core.environment:checking '/home/student/dev_ws/install/cpp_parameters/libcpp_parameters'
[1.259s] Level 1:colcon.colcon_core.environment:checking '/home/student/dev_ws/install/cpp_parameters/lib'
[1.260s] Level 1:colcon.colcon_core.environment:checking '/home/student/dev_ws/install/cpp_parameters/bin'
[1.260s] Level 1:colcon.colcon_core.environment:checking '/home/student/dev_ws/install/cpp_parameters/lib/pkgconfig/cpp_parameters.pc'
[1.260s] Level 1:colcon.colcon_core.environment:checking '/home/student/dev_ws/install/cpp_parameters/lib/python3.8/site-packages'
[1.261s] INFO:colcon.colcon_core.shell:Creating package script '/home/student/dev_ws/install/cpp_parameters/share/cpp_parameters/package.ps1'
[1.262s] INFO:colcon.colcon_core.shell:Creating package descriptor '/home/student/dev_ws/install/cpp_parameters/share/cpp_parameters/package.dsv'
[1.263s] INFO:colcon.colcon_core.shell:Creating package script '/home/student/dev_ws/install/cpp_parameters/share/cpp_parameters/package.sh'
[1.264s] INFO:colcon.colcon_core.shell:Creating package script '/home/student/dev_ws/install/cpp_parameters/share/cpp_parameters/package.bash'
[1.264s] INFO:colcon.colcon_core.shell:Creating package script '/home/student/dev_ws/install/cpp_parameters/share/cpp_parameters/package.zsh'
[1.265s] Level 1:colcon.colcon_core.environment:create_file_with_runtime_dependencies(/home/student/dev_ws/install/cpp_parameters/share/colcon-core/packages/cpp_parameters)
[1.267s] Level 1:colcon.colcon_core.environment:create_environment_scripts_only(cpp_srvcli)
[1.269s] Level 1:colcon.colcon_core.environment:checking '/home/student/dev_ws/install/cpp_srvcli' for CMake module files
[1.270s] Level 1:colcon.colcon_core.environment:checking '/home/student/dev_ws/install/cpp_srvcli' for CMake config files
[1.271s] Level 1:colcon.colcon_core.shell:create_environment_hook('cpp_srvcli', 'cmake_prefix_path')
[1.272s] INFO:colcon.colcon_core.shell:Creating environment hook '/home/student/dev_ws/install/cpp_srvcli/share/cpp_srvcli/hook/cmake_prefix_path.ps1'
[1.272s] INFO:colcon.colcon_core.shell:Creating environment descriptor '/home/student/dev_ws/install/cpp_srvcli/share/cpp_srvcli/hook/cmake_prefix_path.dsv'
[1.273s] INFO:colcon.colcon_core.shell:Creating environment hook '/home/student/dev_ws/install/cpp_srvcli/share/cpp_srvcli/hook/cmake_prefix_path.sh'
[1.274s] Level 1:colcon.colcon_core.environment:checking '/home/student/dev_ws/install/cpp_srvcli/lib'
[1.274s] Level 1:colcon.colcon_core.environment:checking '/home/student/dev_ws/install/cpp_srvcli/bin'
[1.274s] Level 1:colcon.colcon_core.environment:checking '/home/student/dev_ws/install/cpp_srvcli/lib/pkgconfig/cpp_srvcli.pc'
[1.274s] Level 1:colcon.colcon_core.environment:checking '/home/student/dev_ws/install/cpp_srvcli/lib/python3.8/site-packages'
[1.276s] INFO:colcon.colcon_core.shell:Creating package script '/home/student/dev_ws/install/cpp_srvcli/share/cpp_srvcli/package.ps1'
[1.277s] INFO:colcon.colcon_core.shell:Creating package descriptor '/home/student/dev_ws/install/cpp_srvcli/share/cpp_srvcli/package.dsv'
[1.278s] INFO:colcon.colcon_core.shell:Creating package script '/home/student/dev_ws/install/cpp_srvcli/share/cpp_srvcli/package.sh'
[1.278s] INFO:colcon.colcon_core.shell:Creating package script '/home/student/dev_ws/install/cpp_srvcli/share/cpp_srvcli/package.bash'
[1.279s] INFO:colcon.colcon_core.shell:Creating package script '/home/student/dev_ws/install/cpp_srvcli/share/cpp_srvcli/package.zsh'
[1.280s] Level 1:colcon.colcon_core.environment:create_file_with_runtime_dependencies(/home/student/dev_ws/install/cpp_srvcli/share/colcon-core/packages/cpp_srvcli)
[1.304s] Level 1:colcon.colcon_core.environment:create_environment_scripts_only(more_interfaces)
[1.306s] Level 1:colcon.colcon_core.environment:checking '/home/student/dev_ws/install/more_interfaces' for CMake module files
[1.307s] DEBUG:colcon.colcon_core.event_handler.log_command:Invoked command in '/home/student/dev_ws/build/more_interfaces' returned '0': CMAKE_PREFIX_PATH=/opt/ros/foxy /usr/bin/cmake --install /home/student/dev_ws/build/more_interfaces
[1.308s] Level 1:colcon.colcon_core.environment:checking '/home/student/dev_ws/install/more_interfaces' for CMake config files
[1.309s] Level 1:colcon.colcon_core.shell:create_environment_hook('more_interfaces', 'cmake_prefix_path')
[1.310s] INFO:colcon.colcon_core.shell:Creating environment hook '/home/student/dev_ws/install/more_interfaces/share/more_interfaces/hook/cmake_prefix_path.ps1'
[1.311s] INFO:colcon.colcon_core.shell:Creating environment descriptor '/home/student/dev_ws/install/more_interfaces/share/more_interfaces/hook/cmake_prefix_path.dsv'
[1.311s] INFO:colcon.colcon_core.shell:Creating environment hook '/home/student/dev_ws/install/more_interfaces/share/more_interfaces/hook/cmake_prefix_path.sh'
[1.312s] Level 1:colcon.colcon_core.environment:checking '/home/student/dev_ws/install/more_interfaces/lib'
[1.312s] Level 1:colcon.colcon_core.shell:create_environment_hook('more_interfaces', 'ld_library_path_lib')
[1.314s] INFO:colcon.colcon_core.shell:Creating environment hook '/home/student/dev_ws/install/more_interfaces/share/more_interfaces/hook/ld_library_path_lib.ps1'
[1.314s] INFO:colcon.colcon_core.shell:Creating environment descriptor '/home/student/dev_ws/install/more_interfaces/share/more_interfaces/hook/ld_library_path_lib.dsv'
[1.315s] INFO:colcon.colcon_core.shell:Creating environment hook '/home/student/dev_ws/install/more_interfaces/share/more_interfaces/hook/ld_library_path_lib.sh'
[1.316s] Level 1:colcon.colcon_core.environment:checking '/home/student/dev_ws/install/more_interfaces/bin'
[1.316s] Level 1:colcon.colcon_core.environment:checking '/home/student/dev_ws/install/more_interfaces/lib/pkgconfig/more_interfaces.pc'
[1.316s] Level 1:colcon.colcon_core.environment:checking '/home/student/dev_ws/install/more_interfaces/lib/python3.8/site-packages'
[1.317s] Level 1:colcon.colcon_core.shell:create_environment_hook('more_interfaces', 'pythonpath')
[1.318s] INFO:colcon.colcon_core.shell:Creating environment hook '/home/student/dev_ws/install/more_interfaces/share/more_interfaces/hook/pythonpath.ps1'
[1.319s] INFO:colcon.colcon_core.shell:Creating environment descriptor '/home/student/dev_ws/install/more_interfaces/share/more_interfaces/hook/pythonpath.dsv'
[1.319s] INFO:colcon.colcon_core.shell:Creating environment hook '/home/student/dev_ws/install/more_interfaces/share/more_interfaces/hook/pythonpath.sh'
[1.320s] INFO:colcon.colcon_core.shell:Creating package script '/home/student/dev_ws/install/more_interfaces/share/more_interfaces/package.ps1'
[1.321s] INFO:colcon.colcon_core.shell:Creating package descriptor '/home/student/dev_ws/install/more_interfaces/share/more_interfaces/package.dsv'
[1.322s] INFO:colcon.colcon_core.shell:Creating package script '/home/student/dev_ws/install/more_interfaces/share/more_interfaces/package.sh'
[1.322s] INFO:colcon.colcon_core.shell:Creating package script '/home/student/dev_ws/install/more_interfaces/share/more_interfaces/package.bash'
[1.323s] INFO:colcon.colcon_core.shell:Creating package script '/home/student/dev_ws/install/more_interfaces/share/more_interfaces/package.zsh'
[1.323s] Level 1:colcon.colcon_core.environment:create_file_with_runtime_dependencies(/home/student/dev_ws/install/more_interfaces/share/colcon-core/packages/more_interfaces)
[1.385s] DEBUG:colcon.colcon_core.event_handler.log_command:Invoked command in '/home/student/dev_ws/build/turtlesim' returned '0': CMAKE_PREFIX_PATH=/opt/ros/foxy /usr/bin/cmake --build /home/student/dev_ws/build/turtlesim -- -j12 -l12
[1.392s] Level 1:colcon.colcon_core.environment:create_environment_scripts_only(more_interfaces)
[1.394s] Level 1:colcon.colcon_core.environment:checking '/home/student/dev_ws/install/more_interfaces' for CMake module files
[1.395s] Level 1:colcon.colcon_core.environment:checking '/home/student/dev_ws/install/more_interfaces' for CMake config files
[1.396s] Level 1:colcon.colcon_core.shell:create_environment_hook('more_interfaces', 'cmake_prefix_path')
[1.397s] INFO:colcon.colcon_core.shell:Creating environment hook '/home/student/dev_ws/install/more_interfaces/share/more_interfaces/hook/cmake_prefix_path.ps1'
[1.398s] INFO:colcon.colcon_core.shell:Creating environment descriptor '/home/student/dev_ws/install/more_interfaces/share/more_interfaces/hook/cmake_prefix_path.dsv'
[1.398s] INFO:colcon.colcon_core.shell:Creating environment hook '/home/student/dev_ws/install/more_interfaces/share/more_interfaces/hook/cmake_prefix_path.sh'
[1.399s] Level 1:colcon.colcon_core.environment:checking '/home/student/dev_ws/install/more_interfaces/lib'
[1.399s] Level 1:colcon.colcon_core.shell:create_environment_hook('more_interfaces', 'ld_library_path_lib')
[1.400s] INFO:colcon.colcon_core.shell:Creating environment hook '/home/student/dev_ws/install/more_interfaces/share/more_interfaces/hook/ld_library_path_lib.ps1'
[1.401s] INFO:colcon.colcon_core.shell:Creating environment descriptor '/home/student/dev_ws/install/more_interfaces/share/more_interfaces/hook/ld_library_path_lib.dsv'
[1.401s] INFO:colcon.colcon_core.shell:Creating environment hook '/home/student/dev_ws/install/more_interfaces/share/more_interfaces/hook/ld_library_path_lib.sh'
[1.402s] Level 1:colcon.colcon_core.environment:checking '/home/student/dev_ws/install/more_interfaces/bin'
[1.402s] Level 1:colcon.colcon_core.environment:checking '/home/student/dev_ws/install/more_interfaces/lib/pkgconfig/more_interfaces.pc'
[1.403s] Level 1:colcon.colcon_core.environment:checking '/home/student/dev_ws/install/more_interfaces/lib/python3.8/site-packages'
[1.403s] Level 1:colcon.colcon_core.shell:create_environment_hook('more_interfaces', 'pythonpath')
[1.404s] INFO:colcon.colcon_core.shell:Creating environment hook '/home/student/dev_ws/install/more_interfaces/share/more_interfaces/hook/pythonpath.ps1'
[1.404s] INFO:colcon.colcon_core.shell:Creating environment descriptor '/home/student/dev_ws/install/more_interfaces/share/more_interfaces/hook/pythonpath.dsv'
[1.405s] INFO:colcon.colcon_core.shell:Creating environment hook '/home/student/dev_ws/install/more_interfaces/share/more_interfaces/hook/pythonpath.sh'
[1.407s] INFO:colcon.colcon_core.shell:Creating package script '/home/student/dev_ws/install/more_interfaces/share/more_interfaces/package.ps1'
[1.408s] INFO:colcon.colcon_core.shell:Creating package descriptor '/home/student/dev_ws/install/more_interfaces/share/more_interfaces/package.dsv'
[1.409s] INFO:colcon.colcon_core.shell:Creating package script '/home/student/dev_ws/install/more_interfaces/share/more_interfaces/package.sh'
[1.410s] INFO:colcon.colcon_core.shell:Creating package script '/home/student/dev_ws/install/more_interfaces/share/more_interfaces/package.bash'
[1.411s] INFO:colcon.colcon_core.shell:Creating package script '/home/student/dev_ws/install/more_interfaces/share/more_interfaces/package.zsh'
[1.412s] Level 1:colcon.colcon_core.environment:create_file_with_runtime_dependencies(/home/student/dev_ws/install/more_interfaces/share/colcon-core/packages/more_interfaces)
[1.533s] Level 1:colcon.colcon_core.environment:checking '/home/student/dev_ws/install/RoomboSimator' for CMake module files
[1.534s] DEBUG:colcon.colcon_core.event_handler.log_command:Invoked command in '/home/student/dev_ws/src/roombosimator' returned '0': PYTHONPATH=/home/student/dev_ws/install/RoomboSimator/lib/python3.8/site-packages:${PYTHONPATH} /usr/bin/python3 setup.py egg_info --egg-base ../../build/RoomboSimator build --build-base /home/student/dev_ws/build/RoomboSimator/build install --prefix /home/student/dev_ws/install/RoomboSimator --record /home/student/dev_ws/build/RoomboSimator/install.log --single-version-externally-managed
[1.534s] Level 1:colcon.colcon_core.environment:checking '/home/student/dev_ws/install/RoomboSimator' for CMake config files
[1.535s] Level 1:colcon.colcon_core.environment:checking '/home/student/dev_ws/install/RoomboSimator/lib'
[1.535s] Level 1:colcon.colcon_core.environment:checking '/home/student/dev_ws/install/RoomboSimator/bin'
[1.535s] Level 1:colcon.colcon_core.environment:checking '/home/student/dev_ws/install/RoomboSimator/lib/pkgconfig/RoomboSimator.pc'
[1.535s] Level 1:colcon.colcon_core.environment:checking '/home/student/dev_ws/install/RoomboSimator/lib/python3.8/site-packages'
[1.535s] Level 1:colcon.colcon_core.shell:create_environment_hook('RoomboSimator', 'pythonpath')
[1.536s] INFO:colcon.colcon_core.shell:Creating environment hook '/home/student/dev_ws/install/RoomboSimator/share/RoomboSimator/hook/pythonpath.ps1'
[1.536s] INFO:colcon.colcon_core.shell:Creating environment descriptor '/home/student/dev_ws/install/RoomboSimator/share/RoomboSimator/hook/pythonpath.dsv'
[1.537s] INFO:colcon.colcon_core.shell:Creating environment hook '/home/student/dev_ws/install/RoomboSimator/share/RoomboSimator/hook/pythonpath.sh'
[1.537s] Level 1:colcon.colcon_core.environment:create_environment_scripts_only(RoomboSimator)
[1.538s] INFO:colcon.colcon_core.shell:Creating package script '/home/student/dev_ws/install/RoomboSimator/share/RoomboSimator/package.ps1'
[1.539s] INFO:colcon.colcon_core.shell:Creating package descriptor '/home/student/dev_ws/install/RoomboSimator/share/RoomboSimator/package.dsv'
[1.539s] INFO:colcon.colcon_core.shell:Creating package script '/home/student/dev_ws/install/RoomboSimator/share/RoomboSimator/package.sh'
[1.540s] INFO:colcon.colcon_core.shell:Creating package script '/home/student/dev_ws/install/RoomboSimator/share/RoomboSimator/package.bash'
[1.540s] INFO:colcon.colcon_core.shell:Creating package script '/home/student/dev_ws/install/RoomboSimator/share/RoomboSimator/package.zsh'
[1.540s] Level 1:colcon.colcon_core.environment:create_file_with_runtime_dependencies(/home/student/dev_ws/install/RoomboSimator/share/colcon-core/packages/RoomboSimator)
[1.543s] Level 1:colcon.colcon_core.environment:checking '/home/student/dev_ws/install/py_srvcli' for CMake module files
[1.544s] DEBUG:colcon.colcon_core.event_handler.log_command:Invoked command in '/home/student/dev_ws/py_srvcli' returned '0': PYTHONPATH=/home/student/dev_ws/install/py_srvcli/lib/python3.8/site-packages:${PYTHONPATH} /usr/bin/python3 setup.py egg_info --egg-base ../build/py_srvcli build --build-base /home/student/dev_ws/build/py_srvcli/build install --prefix /home/student/dev_ws/install/py_srvcli --record /home/student/dev_ws/build/py_srvcli/install.log --single-version-externally-managed
[1.544s] Level 1:colcon.colcon_core.environment:checking '/home/student/dev_ws/install/py_srvcli' for CMake config files
[1.545s] Level 1:colcon.colcon_core.environment:checking '/home/student/dev_ws/install/py_srvcli/lib'
[1.545s] Level 1:colcon.colcon_core.environment:checking '/home/student/dev_ws/install/py_srvcli/bin'
[1.545s] Level 1:colcon.colcon_core.environment:checking '/home/student/dev_ws/install/py_srvcli/lib/pkgconfig/py_srvcli.pc'
[1.545s] Level 1:colcon.colcon_core.environment:checking '/home/student/dev_ws/install/py_srvcli/lib/python3.8/site-packages'
[1.545s] Level 1:colcon.colcon_core.shell:create_environment_hook('py_srvcli', 'pythonpath')
[1.546s] INFO:colcon.colcon_core.shell:Creating environment hook '/home/student/dev_ws/install/py_srvcli/share/py_srvcli/hook/pythonpath.ps1'
[1.547s] INFO:colcon.colcon_core.shell:Creating environment descriptor '/home/student/dev_ws/install/py_srvcli/share/py_srvcli/hook/pythonpath.dsv'
[1.547s] INFO:colcon.colcon_core.shell:Creating environment hook '/home/student/dev_ws/install/py_srvcli/share/py_srvcli/hook/pythonpath.sh'
[1.548s] Level 1:colcon.colcon_core.environment:create_environment_scripts_only(py_srvcli)
[1.548s] INFO:colcon.colcon_core.shell:Creating package script '/home/student/dev_ws/install/py_srvcli/share/py_srvcli/package.ps1'
[1.549s] INFO:colcon.colcon_core.shell:Creating package descriptor '/home/student/dev_ws/install/py_srvcli/share/py_srvcli/package.dsv'
[1.550s] INFO:colcon.colcon_core.shell:Creating package script '/home/student/dev_ws/install/py_srvcli/share/py_srvcli/package.sh'
[1.551s] INFO:colcon.colcon_core.shell:Creating package script '/home/student/dev_ws/install/py_srvcli/share/py_srvcli/package.bash'
[1.551s] INFO:colcon.colcon_core.shell:Creating package script '/home/student/dev_ws/install/py_srvcli/share/py_srvcli/package.zsh'
[1.552s] Level 1:colcon.colcon_core.environment:create_file_with_runtime_dependencies(/home/student/dev_ws/install/py_srvcli/share/colcon-core/packages/py_srvcli)
[1.555s] Level 1:colcon.colcon_core.environment:checking '/home/student/dev_ws/install/py_parameters' for CMake module files
[1.556s] DEBUG:colcon.colcon_core.event_handler.log_command:Invoked command in '/home/student/dev_ws/src/py_parameters' returned '0': PYTHONPATH=/home/student/dev_ws/install/py_parameters/lib/python3.8/site-packages:${PYTHONPATH} /usr/bin/python3 setup.py egg_info --egg-base ../../build/py_parameters build --build-base /home/student/dev_ws/build/py_parameters/build install --prefix /home/student/dev_ws/install/py_parameters --record /home/student/dev_ws/build/py_parameters/install.log --single-version-externally-managed
[1.556s] Level 1:colcon.colcon_core.environment:checking '/home/student/dev_ws/install/py_parameters' for CMake config files
[1.557s] Level 1:colcon.colcon_core.environment:checking '/home/student/dev_ws/install/py_parameters/lib'
[1.557s] Level 1:colcon.colcon_core.environment:checking '/home/student/dev_ws/install/py_parameters/bin'
[1.557s] Level 1:colcon.colcon_core.environment:checking '/home/student/dev_ws/install/py_parameters/lib/pkgconfig/py_parameters.pc'
[1.557s] Level 1:colcon.colcon_core.environment:checking '/home/student/dev_ws/install/py_parameters/lib/python3.8/site-packages'
[1.557s] Level 1:colcon.colcon_core.shell:create_environment_hook('py_parameters', 'pythonpath')
[1.557s] INFO:colcon.colcon_core.shell:Creating environment hook '/home/student/dev_ws/install/py_parameters/share/py_parameters/hook/pythonpath.ps1'
[1.558s] INFO:colcon.colcon_core.shell:Creating environment descriptor '/home/student/dev_ws/install/py_parameters/share/py_parameters/hook/pythonpath.dsv'
[1.558s] INFO:colcon.colcon_core.shell:Creating environment hook '/home/student/dev_ws/install/py_parameters/share/py_parameters/hook/pythonpath.sh'
[1.559s] Level 1:colcon.colcon_core.environment:create_environment_scripts_only(py_parameters)
[1.559s] INFO:colcon.colcon_core.shell:Creating package script '/home/student/dev_ws/install/py_parameters/share/py_parameters/package.ps1'
[1.560s] INFO:colcon.colcon_core.shell:Creating package descriptor '/home/student/dev_ws/install/py_parameters/share/py_parameters/package.dsv'
[1.561s] INFO:colcon.colcon_core.shell:Creating package script '/home/student/dev_ws/install/py_parameters/share/py_parameters/package.sh'
[1.561s] INFO:colcon.colcon_core.shell:Creating package script '/home/student/dev_ws/install/py_parameters/share/py_parameters/package.bash'
[1.562s] INFO:colcon.colcon_core.shell:Creating package script '/home/student/dev_ws/install/py_parameters/share/py_parameters/package.zsh'
[1.562s] Level 1:colcon.colcon_core.environment:create_file_with_runtime_dependencies(/home/student/dev_ws/install/py_parameters/share/colcon-core/packages/py_parameters)
[1.574s] DEBUG:colcon.colcon_core.event_handler.log_command:Invoking command in '/home/student/dev_ws/build/turtlesim': CMAKE_PREFIX_PATH=/opt/ros/foxy /usr/bin/cmake --install /home/student/dev_ws/build/turtlesim
[1.660s] Level 1:colcon.colcon_core.environment:create_environment_scripts_only(turtlesim)
[1.661s] Level 1:colcon.colcon_core.environment:checking '/home/student/dev_ws/install/turtlesim' for CMake module files
[1.662s] DEBUG:colcon.colcon_core.event_handler.log_command:Invoked command in '/home/student/dev_ws/build/turtlesim' returned '0': CMAKE_PREFIX_PATH=/opt/ros/foxy /usr/bin/cmake --install /home/student/dev_ws/build/turtlesim
[1.663s] Level 1:colcon.colcon_core.environment:checking '/home/student/dev_ws/install/turtlesim' for CMake config files
[1.664s] Level 1:colcon.colcon_core.shell:create_environment_hook('turtlesim', 'cmake_prefix_path')
[1.664s] INFO:colcon.colcon_core.shell:Creating environment hook '/home/student/dev_ws/install/turtlesim/share/turtlesim/hook/cmake_prefix_path.ps1'
[1.665s] INFO:colcon.colcon_core.shell:Creating environment descriptor '/home/student/dev_ws/install/turtlesim/share/turtlesim/hook/cmake_prefix_path.dsv'
[1.665s] INFO:colcon.colcon_core.shell:Creating environment hook '/home/student/dev_ws/install/turtlesim/share/turtlesim/hook/cmake_prefix_path.sh'
[1.666s] Level 1:colcon.colcon_core.environment:checking '/home/student/dev_ws/install/turtlesim/lib'
[1.666s] Level 1:colcon.colcon_core.shell:create_environment_hook('turtlesim', 'ld_library_path_lib')
[1.667s] INFO:colcon.colcon_core.shell:Creating environment hook '/home/student/dev_ws/install/turtlesim/share/turtlesim/hook/ld_library_path_lib.ps1'
[1.667s] INFO:colcon.colcon_core.shell:Creating environment descriptor '/home/student/dev_ws/install/turtlesim/share/turtlesim/hook/ld_library_path_lib.dsv'
[1.668s] INFO:colcon.colcon_core.shell:Creating environment hook '/home/student/dev_ws/install/turtlesim/share/turtlesim/hook/ld_library_path_lib.sh'
[1.668s] Level 1:colcon.colcon_core.environment:checking '/home/student/dev_ws/install/turtlesim/bin'
[1.668s] Level 1:colcon.colcon_core.environment:checking '/home/student/dev_ws/install/turtlesim/lib/pkgconfig/turtlesim.pc'
[1.668s] Level 1:colcon.colcon_core.environment:checking '/home/student/dev_ws/install/turtlesim/lib/python3.8/site-packages'
[1.668s] Level 1:colcon.colcon_core.shell:create_environment_hook('turtlesim', 'pythonpath')
[1.669s] INFO:colcon.colcon_core.shell:Creating environment hook '/home/student/dev_ws/install/turtlesim/share/turtlesim/hook/pythonpath.ps1'
[1.669s] INFO:colcon.colcon_core.shell:Creating environment descriptor '/home/student/dev_ws/install/turtlesim/share/turtlesim/hook/pythonpath.dsv'
[1.670s] INFO:colcon.colcon_core.shell:Creating environment hook '/home/student/dev_ws/install/turtlesim/share/turtlesim/hook/pythonpath.sh'
[1.671s] INFO:colcon.colcon_core.shell:Creating package script '/home/student/dev_ws/install/turtlesim/share/turtlesim/package.ps1'
[1.672s] INFO:colcon.colcon_core.shell:Creating package descriptor '/home/student/dev_ws/install/turtlesim/share/turtlesim/package.dsv'
[1.672s] INFO:colcon.colcon_core.shell:Creating package script '/home/student/dev_ws/install/turtlesim/share/turtlesim/package.sh'
[1.673s] INFO:colcon.colcon_core.shell:Creating package script '/home/student/dev_ws/install/turtlesim/share/turtlesim/package.bash'
[1.673s] INFO:colcon.colcon_core.shell:Creating package script '/home/student/dev_ws/install/turtlesim/share/turtlesim/package.zsh'
[1.674s] Level 1:colcon.colcon_core.environment:create_file_with_runtime_dependencies(/home/student/dev_ws/install/turtlesim/share/colcon-core/packages/turtlesim)
[1.843s] Level 1:colcon.colcon_core.environment:create_environment_scripts_only(turtlesim)
[1.844s] Level 1:colcon.colcon_core.environment:checking '/home/student/dev_ws/install/turtlesim' for CMake module files
[1.844s] Level 1:colcon.colcon_core.environment:checking '/home/student/dev_ws/install/turtlesim' for CMake config files
[1.845s] Level 1:colcon.colcon_core.shell:create_environment_hook('turtlesim', 'cmake_prefix_path')
[1.845s] INFO:colcon.colcon_core.shell:Creating environment hook '/home/student/dev_ws/install/turtlesim/share/turtlesim/hook/cmake_prefix_path.ps1'
[1.846s] INFO:colcon.colcon_core.shell:Creating environment descriptor '/home/student/dev_ws/install/turtlesim/share/turtlesim/hook/cmake_prefix_path.dsv'
[1.846s] INFO:colcon.colcon_core.shell:Creating environment hook '/home/student/dev_ws/install/turtlesim/share/turtlesim/hook/cmake_prefix_path.sh'
[1.847s] Level 1:colcon.colcon_core.environment:checking '/home/student/dev_ws/install/turtlesim/lib'
[1.847s] Level 1:colcon.colcon_core.shell:create_environment_hook('turtlesim', 'ld_library_path_lib')
[1.848s] INFO:colcon.colcon_core.shell:Creating environment hook '/home/student/dev_ws/install/turtlesim/share/turtlesim/hook/ld_library_path_lib.ps1'
[1.848s] INFO:colcon.colcon_core.shell:Creating environment descriptor '/home/student/dev_ws/install/turtlesim/share/turtlesim/hook/ld_library_path_lib.dsv'
[1.848s] INFO:colcon.colcon_core.shell:Creating environment hook '/home/student/dev_ws/install/turtlesim/share/turtlesim/hook/ld_library_path_lib.sh'
[1.849s] Level 1:colcon.colcon_core.environment:checking '/home/student/dev_ws/install/turtlesim/bin'
[1.849s] Level 1:colcon.colcon_core.environment:checking '/home/student/dev_ws/install/turtlesim/lib/pkgconfig/turtlesim.pc'
[1.849s] Level 1:colcon.colcon_core.environment:checking '/home/student/dev_ws/install/turtlesim/lib/python3.8/site-packages'
[1.849s] Level 1:colcon.colcon_core.shell:create_environment_hook('turtlesim', 'pythonpath')
[1.850s] INFO:colcon.colcon_core.shell:Creating environment hook '/home/student/dev_ws/install/turtlesim/share/turtlesim/hook/pythonpath.ps1'
[1.850s] INFO:colcon.colcon_core.shell:Creating environment descriptor '/home/student/dev_ws/install/turtlesim/share/turtlesim/hook/pythonpath.dsv'
[1.850s] INFO:colcon.colcon_core.shell:Creating environment hook '/home/student/dev_ws/install/turtlesim/share/turtlesim/hook/pythonpath.sh'
[1.851s] INFO:colcon.colcon_core.shell:Creating package script '/home/student/dev_ws/install/turtlesim/share/turtlesim/package.ps1'
[1.852s] INFO:colcon.colcon_core.shell:Creating package descriptor '/home/student/dev_ws/install/turtlesim/share/turtlesim/package.dsv'
[1.853s] INFO:colcon.colcon_core.shell:Creating package script '/home/student/dev_ws/install/turtlesim/share/turtlesim/package.sh'
[1.854s] INFO:colcon.colcon_core.shell:Creating package script '/home/student/dev_ws/install/turtlesim/share/turtlesim/package.bash'
[1.854s] INFO:colcon.colcon_core.shell:Creating package script '/home/student/dev_ws/install/turtlesim/share/turtlesim/package.zsh'
[1.855s] Level 1:colcon.colcon_core.environment:create_file_with_runtime_dependencies(/home/student/dev_ws/install/turtlesim/share/colcon-core/packages/turtlesim)
[1.856s] DEBUG:colcon.colcon_parallel_executor.executor.parallel:closing loop
[1.856s] DEBUG:colcon.colcon_parallel_executor.executor.parallel:loop closed
[1.856s] DEBUG:colcon.colcon_parallel_executor.executor.parallel:run_until_complete finished with '0'
[1.856s] DEBUG:colcon.colcon_core.event_reactor:joining thread
[1.863s] INFO:colcon.colcon_core.plugin_system:Skipping extension 'colcon_notification.desktop_notification.terminal_notifier': Not used on non-Darwin systems
[1.863s] INFO:colcon.colcon_core.plugin_system:Skipping extension 'colcon_notification.desktop_notification.win32': Not used on non-Windows systems
[1.863s] INFO:colcon.colcon_notification.desktop_notification:Sending desktop notification using 'notify2'
[1.877s] DEBUG:colcon.colcon_core.event_reactor:joined thread
[1.877s] INFO:colcon.colcon_core.shell:Creating prefix script '/home/student/dev_ws/install/local_setup.ps1'
[1.879s] INFO:colcon.colcon_core.shell:Creating prefix util module '/home/student/dev_ws/install/_local_setup_util_ps1.py'
[1.880s] INFO:colcon.colcon_core.shell:Creating prefix chain script '/home/student/dev_ws/install/setup.ps1'
[1.885s] INFO:colcon.colcon_core.shell:Creating prefix script '/home/student/dev_ws/install/local_setup.sh'
[1.886s] INFO:colcon.colcon_core.shell:Creating prefix util module '/home/student/dev_ws/install/_local_setup_util_sh.py'
[1.886s] INFO:colcon.colcon_core.shell:Creating prefix chain script '/home/student/dev_ws/install/setup.sh'
[1.888s] INFO:colcon.colcon_core.shell:Creating prefix script '/home/student/dev_ws/install/local_setup.bash'
[1.889s] INFO:colcon.colcon_core.shell:Creating prefix chain script '/home/student/dev_ws/install/setup.bash'
[1.891s] INFO:colcon.colcon_core.shell:Creating prefix script '/home/student/dev_ws/install/local_setup.zsh'
[1.892s] INFO:colcon.colcon_core.shell:Creating prefix chain script '/home/student/dev_ws/install/setup.zsh'
