[0.031s] Invoking command in '/home/student/dev_ws/build/turtlebot3_simulations': AMENT_PREFIX_PATH=/home/student/dev_ws/install/turtlebot3_gazebo:/home/student/dev_ws/install/turtlebot3_fake_node:${AMENT_PREFIX_PATH} CMAKE_PREFIX_PATH=/home/student/dev_ws/install/turtlebot3_gazebo:/home/student/dev_ws/install/turtlebot3_fake_node:/home/student/dev_ws/install/turtlesim:/home/student/dev_ws/install/more_interfaces:/home/student/dev_ws/install/cpp_srvcli:/home/student/dev_ws/install/cpp_pubsub:/home/student/dev_ws/install/cpp_parameters:/home/student/dev_ws/install/roombasimulator:/home/student/dev_ws/install/py_srvcli:/home/student/dev_ws/install/py_pubsub:/home/student/dev_ws/install/py_parameters:/home/student/dev_ws/install/my_package:/home/student/dev_ws/install/RoomboSimator:/opt/ros/foxy /usr/bin/cmake /home/student/dev_ws/src/turtlebot3_simulations/turtlebot3_simulations -DCMAKE_INSTALL_PREFIX=/home/student/dev_ws/install/turtlebot3_simulations
[0.043s] -- Found ament_cmake: 0.9.8 (/opt/ros/foxy/share/ament_cmake/cmake)
[0.077s] -- Using PYTHON_EXECUTABLE: /usr/bin/python3
[0.254s] -- Override CMake install command with custom implementation using symlinks instead of copying resources
[0.317s] -- Configuring done
[0.318s] -- Generating done
[0.319s] -- Build files have been written to: /home/student/dev_ws/build/turtlebot3_simulations
[0.321s] Invoked command in '/home/student/dev_ws/build/turtlebot3_simulations' returned '0': AMENT_PREFIX_PATH=/home/student/dev_ws/install/turtlebot3_gazebo:/home/student/dev_ws/install/turtlebot3_fake_node:${AMENT_PREFIX_PATH} CMAKE_PREFIX_PATH=/home/student/dev_ws/install/turtlebot3_gazebo:/home/student/dev_ws/install/turtlebot3_fake_node:/home/student/dev_ws/install/turtlesim:/home/student/dev_ws/install/more_interfaces:/home/student/dev_ws/install/cpp_srvcli:/home/student/dev_ws/install/cpp_pubsub:/home/student/dev_ws/install/cpp_parameters:/home/student/dev_ws/install/roombasimulator:/home/student/dev_ws/install/py_srvcli:/home/student/dev_ws/install/py_pubsub:/home/student/dev_ws/install/py_parameters:/home/student/dev_ws/install/my_package:/home/student/dev_ws/install/RoomboSimator:/opt/ros/foxy /usr/bin/cmake /home/student/dev_ws/src/turtlebot3_simulations/turtlebot3_simulations -DCMAKE_INSTALL_PREFIX=/home/student/dev_ws/install/turtlebot3_simulations
[0.324s] Invoking command in '/home/student/dev_ws/build/turtlebot3_simulations': AMENT_PREFIX_PATH=/home/student/dev_ws/install/turtlebot3_gazebo:/home/student/dev_ws/install/turtlebot3_fake_node:${AMENT_PREFIX_PATH} CMAKE_PREFIX_PATH=/home/student/dev_ws/install/turtlebot3_gazebo:/home/student/dev_ws/install/turtlebot3_fake_node:/home/student/dev_ws/install/turtlesim:/home/student/dev_ws/install/more_interfaces:/home/student/dev_ws/install/cpp_srvcli:/home/student/dev_ws/install/cpp_pubsub:/home/student/dev_ws/install/cpp_parameters:/home/student/dev_ws/install/roombasimulator:/home/student/dev_ws/install/py_srvcli:/home/student/dev_ws/install/py_pubsub:/home/student/dev_ws/install/py_parameters:/home/student/dev_ws/install/my_package:/home/student/dev_ws/install/RoomboSimator:/opt/ros/foxy /usr/bin/cmake --build /home/student/dev_ws/build/turtlebot3_simulations -- -j12 -l12
[0.357s] Invoked command in '/home/student/dev_ws/build/turtlebot3_simulations' returned '0': AMENT_PREFIX_PATH=/home/student/dev_ws/install/turtlebot3_gazebo:/home/student/dev_ws/install/turtlebot3_fake_node:${AMENT_PREFIX_PATH} CMAKE_PREFIX_PATH=/home/student/dev_ws/install/turtlebot3_gazebo:/home/student/dev_ws/install/turtlebot3_fake_node:/home/student/dev_ws/install/turtlesim:/home/student/dev_ws/install/more_interfaces:/home/student/dev_ws/install/cpp_srvcli:/home/student/dev_ws/install/cpp_pubsub:/home/student/dev_ws/install/cpp_parameters:/home/student/dev_ws/install/roombasimulator:/home/student/dev_ws/install/py_srvcli:/home/student/dev_ws/install/py_pubsub:/home/student/dev_ws/install/py_parameters:/home/student/dev_ws/install/my_package:/home/student/dev_ws/install/RoomboSimator:/opt/ros/foxy /usr/bin/cmake --build /home/student/dev_ws/build/turtlebot3_simulations -- -j12 -l12
[0.376s] Invoking command in '/home/student/dev_ws/build/turtlebot3_simulations': AMENT_PREFIX_PATH=/home/student/dev_ws/install/turtlebot3_gazebo:/home/student/dev_ws/install/turtlebot3_fake_node:${AMENT_PREFIX_PATH} CMAKE_PREFIX_PATH=/home/student/dev_ws/install/turtlebot3_gazebo:/home/student/dev_ws/install/turtlebot3_fake_node:/home/student/dev_ws/install/turtlesim:/home/student/dev_ws/install/more_interfaces:/home/student/dev_ws/install/cpp_srvcli:/home/student/dev_ws/install/cpp_pubsub:/home/student/dev_ws/install/cpp_parameters:/home/student/dev_ws/install/roombasimulator:/home/student/dev_ws/install/py_srvcli:/home/student/dev_ws/install/py_pubsub:/home/student/dev_ws/install/py_parameters:/home/student/dev_ws/install/my_package:/home/student/dev_ws/install/RoomboSimator:/opt/ros/foxy /usr/bin/cmake --install /home/student/dev_ws/build/turtlebot3_simulations
[0.384s] -- Install configuration: ""
[0.384s] -- Execute custom install script
[0.384s] -- Up-to-date symlink: /home/student/dev_ws/install/turtlebot3_simulations/share/ament_index/resource_index/package_run_dependencies/turtlebot3_simulations
[0.385s] -- Up-to-date symlink: /home/student/dev_ws/install/turtlebot3_simulations/share/ament_index/resource_index/parent_prefix_path/turtlebot3_simulations
[0.385s] -- Up-to-date symlink: /home/student/dev_ws/install/turtlebot3_simulations/share/turtlebot3_simulations/environment/ament_prefix_path.sh
[0.385s] -- Up-to-date symlink: /home/student/dev_ws/install/turtlebot3_simulations/share/turtlebot3_simulations/environment/ament_prefix_path.dsv
[0.385s] -- Up-to-date symlink: /home/student/dev_ws/install/turtlebot3_simulations/share/turtlebot3_simulations/environment/path.sh
[0.386s] -- Up-to-date symlink: /home/student/dev_ws/install/turtlebot3_simulations/share/turtlebot3_simulations/environment/path.dsv
[0.386s] -- Up-to-date symlink: /home/student/dev_ws/install/turtlebot3_simulations/share/turtlebot3_simulations/local_setup.bash
[0.386s] -- Up-to-date symlink: /home/student/dev_ws/install/turtlebot3_simulations/share/turtlebot3_simulations/local_setup.sh
[0.386s] -- Up-to-date symlink: /home/student/dev_ws/install/turtlebot3_simulations/share/turtlebot3_simulations/local_setup.zsh
[0.387s] -- Up-to-date symlink: /home/student/dev_ws/install/turtlebot3_simulations/share/turtlebot3_simulations/local_setup.dsv
[0.387s] -- Symlinking: /home/student/dev_ws/install/turtlebot3_simulations/share/turtlebot3_simulations/package.dsv
[0.395s] -- Up-to-date symlink: /home/student/dev_ws/install/turtlebot3_simulations/share/ament_index/resource_index/packages/turtlebot3_simulations
[0.396s] -- Up-to-date symlink: /home/student/dev_ws/install/turtlebot3_simulations/share/turtlebot3_simulations/cmake/turtlebot3_simulationsConfig.cmake
[0.396s] -- Up-to-date symlink: /home/student/dev_ws/install/turtlebot3_simulations/share/turtlebot3_simulations/cmake/turtlebot3_simulationsConfig-version.cmake
[0.397s] -- Up-to-date symlink: /home/student/dev_ws/install/turtlebot3_simulations/share/turtlebot3_simulations/package.xml
[0.405s] Invoked command in '/home/student/dev_ws/build/turtlebot3_simulations' returned '0': AMENT_PREFIX_PATH=/home/student/dev_ws/install/turtlebot3_gazebo:/home/student/dev_ws/install/turtlebot3_fake_node:${AMENT_PREFIX_PATH} CMAKE_PREFIX_PATH=/home/student/dev_ws/install/turtlebot3_gazebo:/home/student/dev_ws/install/turtlebot3_fake_node:/home/student/dev_ws/install/turtlesim:/home/student/dev_ws/install/more_interfaces:/home/student/dev_ws/install/cpp_srvcli:/home/student/dev_ws/install/cpp_pubsub:/home/student/dev_ws/install/cpp_parameters:/home/student/dev_ws/install/roombasimulator:/home/student/dev_ws/install/py_srvcli:/home/student/dev_ws/install/py_pubsub:/home/student/dev_ws/install/py_parameters:/home/student/dev_ws/install/my_package:/home/student/dev_ws/install/RoomboSimator:/opt/ros/foxy /usr/bin/cmake --install /home/student/dev_ws/build/turtlebot3_simulations
