[0.012s] Invoking command in '/home/student/dev_ws/build/cpp_parameters': CMAKE_PREFIX_PATH=${CMAKE_PREFIX_PATH}:/home/student/dev_ws/install/py_srvcli:/home/student/dev_ws/install/py_pubsub:/home/student/dev_ws/install/my_package:/opt/ros/foxy /usr/bin/cmake --build /home/student/dev_ws/build/cpp_parameters -- -j12 -l12
[0.031s] -- Found ament_cmake: 0.9.8 (/opt/ros/foxy/share/ament_cmake/cmake)
[0.048s] -- Using PYTHON_EXECUTABLE: /usr/bin/python3
[0.184s] -- Found rclcpp: 2.3.0 (/opt/ros/foxy/share/rclcpp/cmake)
[0.210s] -- Using all available rosidl_typesupport_c: rosidl_typesupport_fastrtps_c;rosidl_typesupport_introspection_c
[0.212s] -- Found rosidl_adapter: 1.2.0 (/opt/ros/foxy/share/rosidl_adapter/cmake)
[0.303s] -- Using all available rosidl_typesupport_cpp: rosidl_typesupport_fastrtps_cpp;rosidl_typesupport_introspection_cpp
[0.341s] -- Found rmw_implementation_cmake: 1.0.2 (/opt/ros/foxy/share/rmw_implementation_cmake/cmake)
[0.343s] -- Using RMW implementation 'rmw_fastrtps_cpp' as default
[0.454s] -- Found ament_lint_auto: 0.9.6 (/opt/ros/foxy/share/ament_lint_auto/cmake)
[0.500s] -- Added test 'copyright' to check source files copyright and LICENSE
[0.501s] -- Added test 'cppcheck' to perform static code analysis on C / C++ code
[0.501s] -- Configured cppcheck include dirs: 
[0.501s] -- Configured cppcheck exclude dirs and/or files: 
[0.502s] -- Added test 'cpplint' to check C / C++ code against the Google style
[0.502s] -- Configured cpplint exclude dirs and/or files: 
[0.502s] -- Added test 'lint_cmake' to check CMake code style
[0.503s] -- Added test 'uncrustify' to check C / C++ code style
[0.503s] -- Configured uncrustify additional arguments: 
[0.503s] -- Added test 'xmllint' to check XML markup files
[0.505s] -- Configuring done
[0.510s] -- Generating done
[0.511s] -- Build files have been written to: /home/student/dev_ws/build/cpp_parameters
[0.544s] [100%] Built target parameter_node
[0.552s] Invoked command in '/home/student/dev_ws/build/cpp_parameters' returned '0': CMAKE_PREFIX_PATH=${CMAKE_PREFIX_PATH}:/home/student/dev_ws/install/py_srvcli:/home/student/dev_ws/install/py_pubsub:/home/student/dev_ws/install/my_package:/opt/ros/foxy /usr/bin/cmake --build /home/student/dev_ws/build/cpp_parameters -- -j12 -l12
[0.576s] Invoking command in '/home/student/dev_ws/build/cpp_parameters': CMAKE_PREFIX_PATH=${CMAKE_PREFIX_PATH}:/home/student/dev_ws/install/py_srvcli:/home/student/dev_ws/install/py_pubsub:/home/student/dev_ws/install/my_package:/opt/ros/foxy /usr/bin/cmake --install /home/student/dev_ws/build/cpp_parameters
[0.582s] -- Install configuration: ""
[0.582s] -- Installing: /home/student/dev_ws/install/cpp_parameters/lib/cpp_parameters/parameter_node
[0.582s] -- Set runtime path of "/home/student/dev_ws/install/cpp_parameters/lib/cpp_parameters/parameter_node" to ""
[0.582s] -- Up-to-date: /home/student/dev_ws/install/cpp_parameters/share/ament_index/resource_index/package_run_dependencies/cpp_parameters
[0.583s] -- Installing: /home/student/dev_ws/install/cpp_parameters/share/ament_index/resource_index/parent_prefix_path/cpp_parameters
[0.583s] -- Up-to-date: /home/student/dev_ws/install/cpp_parameters/share/cpp_parameters/environment/ament_prefix_path.sh
[0.583s] -- Installing: /home/student/dev_ws/install/cpp_parameters/share/cpp_parameters/environment/ament_prefix_path.dsv
[0.583s] -- Up-to-date: /home/student/dev_ws/install/cpp_parameters/share/cpp_parameters/environment/path.sh
[0.583s] -- Installing: /home/student/dev_ws/install/cpp_parameters/share/cpp_parameters/environment/path.dsv
[0.583s] -- Up-to-date: /home/student/dev_ws/install/cpp_parameters/share/cpp_parameters/local_setup.bash
[0.583s] -- Up-to-date: /home/student/dev_ws/install/cpp_parameters/share/cpp_parameters/local_setup.sh
[0.583s] -- Up-to-date: /home/student/dev_ws/install/cpp_parameters/share/cpp_parameters/local_setup.zsh
[0.583s] -- Installing: /home/student/dev_ws/install/cpp_parameters/share/cpp_parameters/local_setup.dsv
[0.583s] -- Installing: /home/student/dev_ws/install/cpp_parameters/share/cpp_parameters/package.dsv
[0.583s] -- Up-to-date: /home/student/dev_ws/install/cpp_parameters/share/ament_index/resource_index/packages/cpp_parameters
[0.583s] -- Up-to-date: /home/student/dev_ws/install/cpp_parameters/share/cpp_parameters/cmake/cpp_parametersConfig.cmake
[0.583s] -- Up-to-date: /home/student/dev_ws/install/cpp_parameters/share/cpp_parameters/cmake/cpp_parametersConfig-version.cmake
[0.583s] -- Up-to-date: /home/student/dev_ws/install/cpp_parameters/share/cpp_parameters/package.xml
[0.585s] Invoked command in '/home/student/dev_ws/build/cpp_parameters' returned '0': CMAKE_PREFIX_PATH=${CMAKE_PREFIX_PATH}:/home/student/dev_ws/install/py_srvcli:/home/student/dev_ws/install/py_pubsub:/home/student/dev_ws/install/my_package:/opt/ros/foxy /usr/bin/cmake --install /home/student/dev_ws/build/cpp_parameters
