[0.742s] Invoking command in '/home/student/dev_ws/build/tutorial_interfaces': CMAKE_PREFIX_PATH=/opt/ros/foxy /usr/bin/cmake /home/student/dev_ws/src/tutorial_interfaces -DCMAKE_INSTALL_PREFIX=/home/student/dev_ws/install/tutorial_interfaces
[0.780s] -- Found ament_cmake: 0.9.8 (/opt/ros/foxy/share/ament_cmake/cmake)
[0.817s] -- Found PythonInterp: /usr/bin/python3 (found suitable version "3.8.5", minimum required is "3") 
[0.818s] -- Using PYTHON_EXECUTABLE: /usr/bin/python3
[1.234s] -- Found rosidl_default_generators: 1.0.0 (/opt/ros/foxy/share/rosidl_default_generators/cmake)
[1.239s] -- Using all available rosidl_typesupport_c: rosidl_typesupport_fastrtps_c;rosidl_typesupport_introspection_c
[1.247s] -- Found rosidl_adapter: 1.2.0 (/opt/ros/foxy/share/rosidl_adapter/cmake)
[1.471s] -- Using all available rosidl_typesupport_cpp: rosidl_typesupport_fastrtps_cpp;rosidl_typesupport_introspection_cpp
[1.534s] -- Found PythonInterp: /usr/bin/python3 (found version "3.8.5") 
[1.741s] CMake Error at /opt/ros/foxy/share/rosidl_adapter/cmake/rosidl_adapt_interfaces.cmake:60 (message):
[1.741s]   execute_process(/usr/bin/python3 -m rosidl_adapter --package-name
[1.741s]   tutorial_interfaces --arguments-file
[1.741s]   /home/student/dev_ws/build/tutorial_interfaces/rosidl_adapter__arguments__tutorial_interfaces.json
[1.741s]   --output-dir
[1.741s]   /home/student/dev_ws/build/tutorial_interfaces/rosidl_adapter/tutorial_interfaces
[1.741s]   --output-file
[1.741s]   /home/student/dev_ws/build/tutorial_interfaces/rosidl_adapter/tutorial_interfaces.idls)
[1.741s]   returned error code 1:
[1.741s] 
[1.741s]   Traceback (most recent call last):
[1.741s] 
[1.742s]     File "/usr/lib/python3.8/runpy.py", line 194, in _run_module_as_main
[1.742s]       return _run_code(code, main_globals, None,
[1.742s]     File "/usr/lib/python3.8/runpy.py", line 87, in _run_code
[1.742s]       exec(code, run_globals)
[1.742s]     File "/opt/ros/foxy/lib/python3.8/site-packages/rosidl_adapter/__main__.py", line 19, in <module>
[1.742s]       sys.exit(main())
[1.742s]     File "/opt/ros/foxy/lib/python3.8/site-packages/rosidl_adapter/main.py", line 53, in main
[1.742s]       abs_idl_file = convert_to_idl(
[1.742s]     File "/opt/ros/foxy/lib/python3.8/site-packages/rosidl_adapter/__init__.py", line 24, in convert_to_idl
[1.742s]       return convert_srv_to_idl(
[1.742s]     File "/opt/ros/foxy/lib/python3.8/site-packages/rosidl_adapter/srv/__init__.py", line 28, in convert_srv_to_idl
[1.742s]       srv = parse_service_string(package_name, input_file.stem, content)
[1.742s]     File "/opt/ros/foxy/lib/python3.8/site-packages/rosidl_adapter/parser.py", line 833, in parse_service_string
[1.743s]       raise InvalidServiceSpecification(
[1.743s] 
[1.743s]   rosidl_adapter.parser.InvalidServiceSpecification: Could not find separator
[1.743s]   '---' between request and response
[1.743s] 
[1.743s] Call Stack (most recent call first):
[1.743s]   /opt/ros/foxy/share/rosidl_cmake/cmake/rosidl_generate_interfaces.cmake:130 (rosidl_adapt_interfaces)
[1.743s]   CMakeLists.txt:21 (rosidl_generate_interfaces)
[1.743s] 
[1.743s] 
[1.743s] -- Configuring incomplete, errors occurred!
[1.743s] See also "/home/student/dev_ws/build/tutorial_interfaces/CMakeFiles/CMakeOutput.log".
[1.748s] Invoked command in '/home/student/dev_ws/build/tutorial_interfaces' returned '1': CMAKE_PREFIX_PATH=/opt/ros/foxy /usr/bin/cmake /home/student/dev_ws/src/tutorial_interfaces -DCMAKE_INSTALL_PREFIX=/home/student/dev_ws/install/tutorial_interfaces
