[0.010s] Invoking command in '/home/student/dev_ws/build/turtlesim': CMAKE_PREFIX_PATH=/opt/ros/foxy /usr/bin/cmake /home/student/dev_ws/src/ros_tutorials/turtlesim -DCMAKE_INSTALL_PREFIX=/home/student/dev_ws/install/turtlesim
[0.335s] -- The C compiler identification is GNU 9.3.0
[0.561s] -- The CXX compiler identification is GNU 9.3.0
[0.571s] -- Check for working C compiler: /usr/bin/cc
[0.652s] -- Check for working C compiler: /usr/bin/cc -- works
[0.654s] -- Detecting C compiler ABI info
[0.711s] -- Detecting C compiler ABI info - done
[0.724s] -- Detecting C compile features
[0.725s] -- Detecting C compile features - done
[0.728s] -- Check for working CXX compiler: /usr/bin/c++
[0.795s] -- Check for working CXX compiler: /usr/bin/c++ -- works
[0.796s] -- Detecting CXX compiler ABI info
[0.860s] -- Detecting CXX compiler ABI info - done
[0.870s] -- Detecting CXX compile features
[0.870s] -- Detecting CXX compile features - done
[0.879s] -- Found ament_cmake: 0.9.8 (/opt/ros/foxy/share/ament_cmake/cmake)
[0.901s] -- Found PythonInterp: /usr/bin/python3 (found suitable version "3.8.5", minimum required is "3") 
[0.901s] -- Using PYTHON_EXECUTABLE: /usr/bin/python3
[1.061s] -- Found ament_index_cpp: 1.0.2 (/opt/ros/foxy/share/ament_index_cpp/cmake)
[1.066s] -- Found geometry_msgs: 2.0.3 (/opt/ros/foxy/share/geometry_msgs/cmake)
[1.099s] -- Using all available rosidl_typesupport_c: rosidl_typesupport_fastrtps_c;rosidl_typesupport_introspection_c
[1.107s] -- Found rosidl_adapter: 1.2.0 (/opt/ros/foxy/share/rosidl_adapter/cmake)
[1.178s] -- Found OpenSSL: /usr/lib/x86_64-linux-gnu/libcrypto.so (found version "1.1.1f")  
[1.200s] -- Found FastRTPS: /opt/ros/foxy/include  
[1.270s] -- Using all available rosidl_typesupport_cpp: rosidl_typesupport_fastrtps_cpp;rosidl_typesupport_introspection_cpp
[1.372s] -- Found rclcpp: 2.3.0 (/opt/ros/foxy/share/rclcpp/cmake)
[1.422s] -- Found rmw_implementation_cmake: 1.0.2 (/opt/ros/foxy/share/rmw_implementation_cmake/cmake)
[1.425s] -- Using RMW implementation 'rmw_fastrtps_cpp' as default
[1.427s] -- Looking for pthread.h
[1.489s] -- Looking for pthread.h - found
[1.489s] -- Performing Test CMAKE_HAVE_LIBC_PTHREAD
[1.542s] -- Performing Test CMAKE_HAVE_LIBC_PTHREAD - Failed
[1.542s] -- Looking for pthread_create in pthreads
[1.587s] -- Looking for pthread_create in pthreads - not found
[1.587s] -- Looking for pthread_create in pthread
[1.640s] -- Looking for pthread_create in pthread - found
[1.641s] -- Found Threads: TRUE  
[1.770s] -- Found rclcpp_action: 2.3.0 (/opt/ros/foxy/share/rclcpp_action/cmake)
[1.843s] -- Found rosidl_default_generators: 1.0.0 (/opt/ros/foxy/share/rosidl_default_generators/cmake)
[1.854s] -- Found std_srvs: 2.0.3 (/opt/ros/foxy/share/std_srvs/cmake)
[1.881s] -- Found PythonInterp: /usr/bin/python3 (found version "3.8.5") 
[2.022s] -- Found ament_cmake_ros: 0.9.1 (/opt/ros/foxy/share/ament_cmake_ros/cmake)
[2.161s] -- Using all available rosidl_typesupport_c: rosidl_typesupport_fastrtps_c;rosidl_typesupport_introspection_c
[2.181s] -- Using all available rosidl_typesupport_cpp: rosidl_typesupport_fastrtps_cpp;rosidl_typesupport_introspection_cpp
[2.199s] -- Found PythonInterp: /usr/bin/python3 (found suitable version "3.8.5", minimum required is "3.5") 
[2.201s] -- Found python_cmake_module: 0.8.0 (/opt/ros/foxy/share/python_cmake_module/cmake)
[2.222s] -- Found PythonLibs: /usr/lib/x86_64-linux-gnu/libpython3.8.so (found suitable version "3.8.5", minimum required is "3.5") 
[2.222s] -- Using PYTHON_EXECUTABLE: /usr/bin/python3
[2.223s] -- Using PYTHON_INCLUDE_DIRS: /usr/include/python3.8
[2.223s] -- Using PYTHON_LIBRARIES: /usr/lib/x86_64-linux-gnu/libpython3.8.so
[2.238s] -- Found PythonExtra: .so  
[2.294s] -- Configuring done
[2.367s] -- Generating done
[2.370s] -- Build files have been written to: /home/student/dev_ws/build/turtlesim
[2.376s] Invoked command in '/home/student/dev_ws/build/turtlesim' returned '0': CMAKE_PREFIX_PATH=/opt/ros/foxy /usr/bin/cmake /home/student/dev_ws/src/ros_tutorials/turtlesim -DCMAKE_INSTALL_PREFIX=/home/student/dev_ws/install/turtlesim
[2.378s] Invoking command in '/home/student/dev_ws/build/turtlesim': CMAKE_PREFIX_PATH=/opt/ros/foxy /usr/bin/cmake --build /home/student/dev_ws/build/turtlesim -- -j12 -l12
[2.409s] [35m[1mScanning dependencies of target turtlesim__cpp[0m
[2.409s] [  1%] [34m[1mGenerating C code for ROS interfaces[0m
[2.417s] [  2%] [34m[1mGenerating C++ code for ROS interfaces[0m
[3.053s] [  2%] Built target turtlesim__cpp
[3.061s] [35m[1mScanning dependencies of target turtlesim__rosidl_generator_c[0m
[3.061s] [  3%] [34m[1mGenerating C++ type support dispatch for ROS interfaces[0m
[3.062s] [  4%] [34m[1mGenerating C++ type support for eProsima Fast-RTPS[0m
[3.062s] [  5%] [34m[1mGenerating C++ introspection for ROS interfaces[0m
[3.084s] [  6%] [32mBuilding C object CMakeFiles/turtlesim__rosidl_generator_c.dir/rosidl_generator_c/turtlesim/srv/detail/set_pen__functions.c.o[0m
[3.086s] [  9%] [32mBuilding C object CMakeFiles/turtlesim__rosidl_generator_c.dir/rosidl_generator_c/turtlesim/msg/detail/color__functions.c.o[0m
[3.086s] [  9%] [32mBuilding C object CMakeFiles/turtlesim__rosidl_generator_c.dir/rosidl_generator_c/turtlesim/msg/detail/pose__functions.c.o[0m
[3.086s] [ 10%] [32mBuilding C object CMakeFiles/turtlesim__rosidl_generator_c.dir/rosidl_generator_c/turtlesim/action/detail/rotate_absolute__functions.c.o[0m
[3.087s] [ 10%] [32mBuilding C object CMakeFiles/turtlesim__rosidl_generator_c.dir/rosidl_generator_c/turtlesim/srv/detail/kill__functions.c.o[0m
[3.087s] [ 12%] [32mBuilding C object CMakeFiles/turtlesim__rosidl_generator_c.dir/rosidl_generator_c/turtlesim/srv/detail/spawn__functions.c.o[0m
[3.087s] [ 12%] [32mBuilding C object CMakeFiles/turtlesim__rosidl_generator_c.dir/rosidl_generator_c/turtlesim/srv/detail/teleport_absolute__functions.c.o[0m
[3.087s] [ 13%] [32mBuilding C object CMakeFiles/turtlesim__rosidl_generator_c.dir/rosidl_generator_c/turtlesim/srv/detail/teleport_relative__functions.c.o[0m
[3.177s] [ 14%] [32m[1mLinking C shared library libturtlesim__rosidl_generator_c.so[0m
[3.215s] [ 14%] Built target turtlesim__rosidl_generator_c
[3.224s] [ 16%] [34m[1mGenerating C introspection for ROS interfaces[0m
[3.225s] [ 16%] [34m[1mGenerating C type support dispatch for ROS interfaces[0m
[3.562s] [35m[1mScanning dependencies of target turtlesim__rosidl_typesupport_cpp[0m
[3.590s] [ 17%] [32mBuilding CXX object CMakeFiles/turtlesim__rosidl_typesupport_cpp.dir/rosidl_typesupport_cpp/turtlesim/srv/kill__type_support.cpp.o[0m
[3.591s] [ 19%] [32mBuilding CXX object CMakeFiles/turtlesim__rosidl_typesupport_cpp.dir/rosidl_typesupport_cpp/turtlesim/msg/pose__type_support.cpp.o[0m
[3.591s] [ 19%] [32mBuilding CXX object CMakeFiles/turtlesim__rosidl_typesupport_cpp.dir/rosidl_typesupport_cpp/turtlesim/msg/color__type_support.cpp.o[0m
[3.591s] [ 20%] [32mBuilding CXX object CMakeFiles/turtlesim__rosidl_typesupport_cpp.dir/rosidl_typesupport_cpp/turtlesim/action/rotate_absolute__type_support.cpp.o[0m
[3.591s] [ 21%] [32mBuilding CXX object CMakeFiles/turtlesim__rosidl_typesupport_cpp.dir/rosidl_typesupport_cpp/turtlesim/srv/spawn__type_support.cpp.o[0m
[3.592s] [ 22%] [32mBuilding CXX object CMakeFiles/turtlesim__rosidl_typesupport_cpp.dir/rosidl_typesupport_cpp/turtlesim/srv/set_pen__type_support.cpp.o[0m
[3.592s] [ 23%] [32mBuilding CXX object CMakeFiles/turtlesim__rosidl_typesupport_cpp.dir/rosidl_typesupport_cpp/turtlesim/srv/teleport_relative__type_support.cpp.o[0m
[3.598s] [ 24%] [32mBuilding CXX object CMakeFiles/turtlesim__rosidl_typesupport_cpp.dir/rosidl_typesupport_cpp/turtlesim/srv/teleport_absolute__type_support.cpp.o[0m
[3.791s] [35m[1mScanning dependencies of target turtlesim__rosidl_typesupport_c[0m
[3.825s] [ 25%] [32mBuilding CXX object CMakeFiles/turtlesim__rosidl_typesupport_c.dir/rosidl_typesupport_c/turtlesim/action/rotate_absolute__type_support.cpp.o[0m
[3.837s] [35m[1mScanning dependencies of target turtlesim__rosidl_typesupport_introspection_cpp[0m
[3.889s] [ 26%] [32mBuilding CXX object CMakeFiles/turtlesim__rosidl_typesupport_introspection_cpp.dir/rosidl_typesupport_introspection_cpp/turtlesim/action/detail/rotate_absolute__type_support.cpp.o[0m
[3.927s] [ 27%] [32mBuilding CXX object CMakeFiles/turtlesim__rosidl_typesupport_c.dir/rosidl_typesupport_c/turtlesim/msg/color__type_support.cpp.o[0m
[3.972s] [ 28%] [32mBuilding CXX object CMakeFiles/turtlesim__rosidl_typesupport_c.dir/rosidl_typesupport_c/turtlesim/msg/pose__type_support.cpp.o[0m
[4.016s] [ 29%] [32mBuilding CXX object CMakeFiles/turtlesim__rosidl_typesupport_c.dir/rosidl_typesupport_c/turtlesim/srv/kill__type_support.cpp.o[0m
[4.065s] [ 30%] [32mBuilding CXX object CMakeFiles/turtlesim__rosidl_typesupport_c.dir/rosidl_typesupport_c/turtlesim/srv/set_pen__type_support.cpp.o[0m
[4.112s] [ 31%] [32mBuilding CXX object CMakeFiles/turtlesim__rosidl_typesupport_c.dir/rosidl_typesupport_c/turtlesim/srv/spawn__type_support.cpp.o[0m
[4.114s] [ 32%] [32mBuilding CXX object CMakeFiles/turtlesim__rosidl_typesupport_c.dir/rosidl_typesupport_c/turtlesim/srv/teleport_absolute__type_support.cpp.o[0m
[4.115s] [ 33%] [32mBuilding CXX object CMakeFiles/turtlesim__rosidl_typesupport_c.dir/rosidl_typesupport_c/turtlesim/srv/teleport_relative__type_support.cpp.o[0m
[4.121s] [35m[1mScanning dependencies of target turtlesim__rosidl_typesupport_fastrtps_cpp[0m
[4.123s] [ 34%] [32mBuilding CXX object CMakeFiles/turtlesim__rosidl_typesupport_introspection_cpp.dir/rosidl_typesupport_introspection_cpp/turtlesim/msg/detail/color__type_support.cpp.o[0m
[4.127s] [ 35%] [32mBuilding CXX object CMakeFiles/turtlesim__rosidl_typesupport_introspection_cpp.dir/rosidl_typesupport_introspection_cpp/turtlesim/msg/detail/pose__type_support.cpp.o[0m
[4.147s] [ 36%] [32mBuilding CXX object CMakeFiles/turtlesim__rosidl_typesupport_introspection_cpp.dir/rosidl_typesupport_introspection_cpp/turtlesim/srv/detail/kill__type_support.cpp.o[0m
[4.160s] [ 37%] [32mBuilding CXX object CMakeFiles/turtlesim__rosidl_typesupport_introspection_cpp.dir/rosidl_typesupport_introspection_cpp/turtlesim/srv/detail/set_pen__type_support.cpp.o[0m
[4.160s] [ 38%] [32m[1mLinking CXX shared library libturtlesim__rosidl_typesupport_c.so[0m
[4.160s] [35m[1mScanning dependencies of target turtlesim__rosidl_typesupport_introspection_c[0m
[4.162s] [ 39%] [32mBuilding CXX object CMakeFiles/turtlesim__rosidl_typesupport_introspection_cpp.dir/rosidl_typesupport_introspection_cpp/turtlesim/srv/detail/spawn__type_support.cpp.o[0m
[4.162s] [ 40%] [32mBuilding CXX object CMakeFiles/turtlesim__rosidl_typesupport_introspection_cpp.dir/rosidl_typesupport_introspection_cpp/turtlesim/srv/detail/teleport_absolute__type_support.cpp.o[0m
[4.183s] [ 41%] [32mBuilding CXX object CMakeFiles/turtlesim__rosidl_typesupport_fastrtps_cpp.dir/rosidl_typesupport_fastrtps_cpp/turtlesim/action/detail/dds_fastrtps/rotate_absolute__type_support.cpp.o[0m
[4.183s] [ 42%] [32mBuilding CXX object CMakeFiles/turtlesim__rosidl_typesupport_introspection_cpp.dir/rosidl_typesupport_introspection_cpp/turtlesim/srv/detail/teleport_relative__type_support.cpp.o[0m
[4.191s] [ 43%] [32mBuilding C object CMakeFiles/turtlesim__rosidl_typesupport_introspection_c.dir/rosidl_typesupport_introspection_c/turtlesim/action/detail/rotate_absolute__type_support.c.o[0m
[4.201s] [ 44%] [32m[1mLinking CXX shared library libturtlesim__rosidl_typesupport_cpp.so[0m
[4.224s] [ 44%] Built target turtlesim__rosidl_typesupport_c
[4.236s] [ 45%] [32mBuilding CXX object CMakeFiles/turtlesim__rosidl_typesupport_fastrtps_cpp.dir/rosidl_typesupport_fastrtps_cpp/turtlesim/msg/detail/dds_fastrtps/color__type_support.cpp.o[0m
[4.267s] [ 46%] [32mBuilding C object CMakeFiles/turtlesim__rosidl_typesupport_introspection_c.dir/rosidl_typesupport_introspection_c/turtlesim/msg/detail/color__type_support.c.o[0m
[4.278s] [ 46%] Built target turtlesim__rosidl_typesupport_cpp
[4.291s] [ 47%] [32mBuilding CXX object CMakeFiles/turtlesim__rosidl_typesupport_fastrtps_cpp.dir/rosidl_typesupport_fastrtps_cpp/turtlesim/msg/detail/dds_fastrtps/pose__type_support.cpp.o[0m
[4.317s] [ 48%] [32mBuilding C object CMakeFiles/turtlesim__rosidl_typesupport_introspection_c.dir/rosidl_typesupport_introspection_c/turtlesim/msg/detail/pose__type_support.c.o[0m
[4.367s] [ 49%] [32mBuilding C object CMakeFiles/turtlesim__rosidl_typesupport_introspection_c.dir/rosidl_typesupport_introspection_c/turtlesim/srv/detail/kill__type_support.c.o[0m
[4.421s] [ 50%] [32mBuilding C object CMakeFiles/turtlesim__rosidl_typesupport_introspection_c.dir/rosidl_typesupport_introspection_c/turtlesim/srv/detail/set_pen__type_support.c.o[0m
[4.459s] [ 51%] [32mBuilding C object CMakeFiles/turtlesim__rosidl_typesupport_introspection_c.dir/rosidl_typesupport_introspection_c/turtlesim/srv/detail/spawn__type_support.c.o[0m
[4.476s] [ 52%] [32mBuilding CXX object CMakeFiles/turtlesim__rosidl_typesupport_fastrtps_cpp.dir/rosidl_typesupport_fastrtps_cpp/turtlesim/srv/detail/dds_fastrtps/kill__type_support.cpp.o[0m
[4.514s] [ 53%] [32mBuilding C object CMakeFiles/turtlesim__rosidl_typesupport_introspection_c.dir/rosidl_typesupport_introspection_c/turtlesim/srv/detail/teleport_absolute__type_support.c.o[0m
[4.569s] [ 54%] [32mBuilding C object CMakeFiles/turtlesim__rosidl_typesupport_introspection_c.dir/rosidl_typesupport_introspection_c/turtlesim/srv/detail/teleport_relative__type_support.c.o[0m
[4.592s] [ 55%] [32mBuilding CXX object CMakeFiles/turtlesim__rosidl_typesupport_fastrtps_cpp.dir/rosidl_typesupport_fastrtps_cpp/turtlesim/srv/detail/dds_fastrtps/set_pen__type_support.cpp.o[0m
[4.600s] [ 56%] [32mBuilding CXX object CMakeFiles/turtlesim__rosidl_typesupport_fastrtps_cpp.dir/rosidl_typesupport_fastrtps_cpp/turtlesim/srv/detail/dds_fastrtps/spawn__type_support.cpp.o[0m
[4.623s] [ 57%] [32m[1mLinking C shared library libturtlesim__rosidl_typesupport_introspection_c.so[0m
[4.629s] [ 58%] [32mBuilding CXX object CMakeFiles/turtlesim__rosidl_typesupport_fastrtps_cpp.dir/rosidl_typesupport_fastrtps_cpp/turtlesim/srv/detail/dds_fastrtps/teleport_absolute__type_support.cpp.o[0m
[4.661s] [ 59%] [32mBuilding CXX object CMakeFiles/turtlesim__rosidl_typesupport_fastrtps_cpp.dir/rosidl_typesupport_fastrtps_cpp/turtlesim/srv/detail/dds_fastrtps/teleport_relative__type_support.cpp.o[0m
[4.666s] [ 60%] [32m[1mLinking CXX shared library libturtlesim__rosidl_typesupport_introspection_cpp.so[0m
[4.669s] [ 60%] Built target turtlesim__rosidl_typesupport_introspection_c
[4.744s] [ 60%] Built target turtlesim__rosidl_typesupport_introspection_cpp
[5.168s] [ 61%] [32m[1mLinking CXX shared library libturtlesim__rosidl_typesupport_fastrtps_cpp.so[0m
[5.233s] [ 61%] Built target turtlesim__rosidl_typesupport_fastrtps_cpp
[5.241s] [ 62%] [34m[1mGenerating C type support for eProsima Fast-RTPS[0m
[5.781s] [35m[1mScanning dependencies of target turtlesim__rosidl_typesupport_fastrtps_c[0m
[5.807s] [ 64%] [32mBuilding CXX object CMakeFiles/turtlesim__rosidl_typesupport_fastrtps_c.dir/rosidl_typesupport_fastrtps_c/turtlesim/srv/detail/set_pen__type_support_c.cpp.o[0m
[5.807s] [ 64%] [32mBuilding CXX object CMakeFiles/turtlesim__rosidl_typesupport_fastrtps_c.dir/rosidl_typesupport_fastrtps_c/turtlesim/srv/detail/kill__type_support_c.cpp.o[0m
[5.807s] [ 65%] [32mBuilding CXX object CMakeFiles/turtlesim__rosidl_typesupport_fastrtps_c.dir/rosidl_typesupport_fastrtps_c/turtlesim/srv/detail/spawn__type_support_c.cpp.o[0m
[5.808s] [ 66%] [32mBuilding CXX object CMakeFiles/turtlesim__rosidl_typesupport_fastrtps_c.dir/rosidl_typesupport_fastrtps_c/turtlesim/msg/detail/pose__type_support_c.cpp.o[0m
[5.808s] [ 68%] [32mBuilding CXX object CMakeFiles/turtlesim__rosidl_typesupport_fastrtps_c.dir/rosidl_typesupport_fastrtps_c/turtlesim/action/detail/rotate_absolute__type_support_c.cpp.o[0m
[5.809s] [ 68%] [32mBuilding CXX object CMakeFiles/turtlesim__rosidl_typesupport_fastrtps_c.dir/rosidl_typesupport_fastrtps_c/turtlesim/msg/detail/color__type_support_c.cpp.o[0m
[5.810s] [ 70%] [32mBuilding CXX object CMakeFiles/turtlesim__rosidl_typesupport_fastrtps_c.dir/rosidl_typesupport_fastrtps_c/turtlesim/srv/detail/teleport_absolute__type_support_c.cpp.o[0m
[5.811s] [ 70%] [32mBuilding CXX object CMakeFiles/turtlesim__rosidl_typesupport_fastrtps_c.dir/rosidl_typesupport_fastrtps_c/turtlesim/srv/detail/teleport_relative__type_support_c.cpp.o[0m
[6.319s] [ 71%] [32m[1mLinking CXX shared library libturtlesim__rosidl_typesupport_fastrtps_c.so[0m
[6.386s] [ 71%] Built target turtlesim__rosidl_typesupport_fastrtps_c
[6.394s] [35m[1mScanning dependencies of target turtlesim[0m
[6.401s] [ 71%] Built target turtlesim
[6.410s] [35m[1mScanning dependencies of target mimic[0m
[6.410s] [ 72%] [34m[1mGenerating include/turtlesim/moc_turtle_frame.cpp[0m
[6.410s] [35m[1mScanning dependencies of target draw_square[0m
[6.410s] [35m[1mScanning dependencies of target turtle_teleop_key[0m
[6.410s] [35m[1mScanning dependencies of target turtlesim__py[0m
[6.418s] [ 73%] [34m[1mGenerating Python code for ROS interfaces[0m
[6.495s] [35m[1mScanning dependencies of target turtlesim_node[0m
[6.525s] [ 74%] [32mBuilding CXX object CMakeFiles/mimic.dir/tutorials/mimic.cpp.o[0m
[6.527s] [ 75%] [32mBuilding CXX object CMakeFiles/draw_square.dir/tutorials/draw_square.cpp.o[0m
[6.528s] [ 76%] [32mBuilding CXX object CMakeFiles/turtle_teleop_key.dir/tutorials/teleop_turtle_key.cpp.o[0m
[6.577s] [ 78%] [32mBuilding CXX object CMakeFiles/turtlesim_node.dir/src/turtlesim.cpp.o[0m
[6.577s] [ 78%] [32mBuilding CXX object CMakeFiles/turtlesim_node.dir/src/turtle.cpp.o[0m
[6.577s] [ 79%] [32mBuilding CXX object CMakeFiles/turtlesim_node.dir/src/turtle_frame.cpp.o[0m
[6.581s] [ 80%] [32mBuilding CXX object CMakeFiles/turtlesim_node.dir/include/turtlesim/moc_turtle_frame.cpp.o[0m
[8.185s] [ 80%] Built target turtlesim__py
[8.196s] [35m[1mScanning dependencies of target turtlesim__python[0m
[8.267s] [ 83%] [32mBuilding C object CMakeFiles/turtlesim__python.dir/rosidl_generator_py/turtlesim/action/_rotate_absolute_s.c.o[0m
[8.267s] [ 83%] [32mBuilding C object CMakeFiles/turtlesim__python.dir/rosidl_generator_py/turtlesim/msg/_color_s.c.o[0m
[8.267s] [ 83%] [32mBuilding C object CMakeFiles/turtlesim__python.dir/rosidl_generator_py/turtlesim/msg/_pose_s.c.o[0m
[8.267s] [ 84%] [32mBuilding C object CMakeFiles/turtlesim__python.dir/rosidl_generator_py/turtlesim/srv/_kill_s.c.o[0m
[8.276s] [ 85%] [32mBuilding C object CMakeFiles/turtlesim__python.dir/rosidl_generator_py/turtlesim/srv/_set_pen_s.c.o[0m
[8.427s] [ 86%] [32mBuilding C object CMakeFiles/turtlesim__python.dir/rosidl_generator_py/turtlesim/srv/_spawn_s.c.o[0m
[8.428s] [ 87%] [32mBuilding C object CMakeFiles/turtlesim__python.dir/rosidl_generator_py/turtlesim/srv/_teleport_absolute_s.c.o[0m
[8.434s] [ 88%] [32mBuilding C object CMakeFiles/turtlesim__python.dir/rosidl_generator_py/turtlesim/srv/_teleport_relative_s.c.o[0m
[8.590s] [ 89%] [32m[1mLinking C shared library rosidl_generator_py/turtlesim/libturtlesim__python.so[0m
[8.654s] [ 89%] Built target turtlesim__python
[8.668s] [35m[1mScanning dependencies of target turtlesim__rosidl_typesupport_c__pyext[0m
[8.668s] [35m[1mScanning dependencies of target turtlesim__rosidl_typesupport_introspection_c__pyext[0m
[8.668s] [35m[1mScanning dependencies of target turtlesim__rosidl_typesupport_fastrtps_c__pyext[0m
[8.697s] [ 90%] [32mBuilding C object CMakeFiles/turtlesim__rosidl_typesupport_c__pyext.dir/rosidl_generator_py/turtlesim/_turtlesim_s.ep.rosidl_typesupport_c.c.o[0m
[8.702s] [ 91%] [32mBuilding C object CMakeFiles/turtlesim__rosidl_typesupport_fastrtps_c__pyext.dir/rosidl_generator_py/turtlesim/_turtlesim_s.ep.rosidl_typesupport_fastrtps_c.c.o[0m
[8.706s] [ 92%] [32mBuilding C object CMakeFiles/turtlesim__rosidl_typesupport_introspection_c__pyext.dir/rosidl_generator_py/turtlesim/_turtlesim_s.ep.rosidl_typesupport_introspection_c.c.o[0m
[8.925s] [ 93%] [32m[1mLinking C shared library rosidl_generator_py/turtlesim/turtlesim_s__rosidl_typesupport_introspection_c.cpython-38-x86_64-linux-gnu.so[0m
[8.930s] [ 94%] [32m[1mLinking C shared library rosidl_generator_py/turtlesim/turtlesim_s__rosidl_typesupport_c.cpython-38-x86_64-linux-gnu.so[0m
[8.948s] [ 95%] [32m[1mLinking CXX shared library rosidl_generator_py/turtlesim/turtlesim_s__rosidl_typesupport_fastrtps_c.cpython-38-x86_64-linux-gnu.so[0m
[8.984s] [ 95%] Built target turtlesim__rosidl_typesupport_introspection_c__pyext
[8.988s] [ 95%] Built target turtlesim__rosidl_typesupport_c__pyext
[9.053s] [ 95%] Built target turtlesim__rosidl_typesupport_fastrtps_c__pyext
[11.681s] [ 96%] [32m[1mLinking CXX executable turtle_teleop_key[0m
[11.909s] [ 96%] Built target turtle_teleop_key
[12.302s] [ 97%] [32m[1mLinking CXX executable mimic[0m
[12.527s] [ 97%] Built target mimic
[13.165s] [ 98%] [32m[1mLinking CXX executable draw_square[0m
[13.401s] [ 98%] Built target draw_square
[14.506s] [100%] [32m[1mLinking CXX executable turtlesim_node[0m
[15.541s] [100%] Built target turtlesim_node
[15.549s] Invoked command in '/home/student/dev_ws/build/turtlesim' returned '0': CMAKE_PREFIX_PATH=/opt/ros/foxy /usr/bin/cmake --build /home/student/dev_ws/build/turtlesim -- -j12 -l12
[15.658s] Invoking command in '/home/student/dev_ws/build/turtlesim': CMAKE_PREFIX_PATH=/opt/ros/foxy /usr/bin/cmake --install /home/student/dev_ws/build/turtlesim
[15.665s] -- Install configuration: ""
[15.665s] -- Installing: /home/student/dev_ws/install/turtlesim/share/ament_index/resource_index/rosidl_interfaces/turtlesim
[15.665s] -- Installing: /home/student/dev_ws/install/turtlesim/include/turtlesim
[15.666s] -- Installing: /home/student/dev_ws/install/turtlesim/include/turtlesim/msg
[15.666s] -- Installing: /home/student/dev_ws/install/turtlesim/include/turtlesim/msg/detail
[15.666s] -- Installing: /home/student/dev_ws/install/turtlesim/include/turtlesim/msg/detail/pose__functions.c
[15.666s] -- Installing: /home/student/dev_ws/install/turtlesim/include/turtlesim/msg/detail/color__functions.h
[15.666s] -- Installing: /home/student/dev_ws/install/turtlesim/include/turtlesim/msg/detail/color__functions.c
[15.666s] -- Installing: /home/student/dev_ws/install/turtlesim/include/turtlesim/msg/detail/pose__functions.h
[15.666s] -- Installing: /home/student/dev_ws/install/turtlesim/include/turtlesim/msg/detail/pose__type_support.h
[15.666s] -- Installing: /home/student/dev_ws/install/turtlesim/include/turtlesim/msg/detail/color__type_support.h
[15.666s] -- Installing: /home/student/dev_ws/install/turtlesim/include/turtlesim/msg/detail/color__struct.h
[15.666s] -- Installing: /home/student/dev_ws/install/turtlesim/include/turtlesim/msg/detail/pose__struct.h
[15.666s] -- Installing: /home/student/dev_ws/install/turtlesim/include/turtlesim/msg/rosidl_generator_c__visibility_control.h
[15.666s] -- Installing: /home/student/dev_ws/install/turtlesim/include/turtlesim/msg/color.h
[15.666s] -- Installing: /home/student/dev_ws/install/turtlesim/include/turtlesim/msg/pose.h
[15.667s] -- Installing: /home/student/dev_ws/install/turtlesim/include/turtlesim/action
[15.667s] -- Installing: /home/student/dev_ws/install/turtlesim/include/turtlesim/action/detail
[15.667s] -- Installing: /home/student/dev_ws/install/turtlesim/include/turtlesim/action/detail/rotate_absolute__functions.c
[15.667s] -- Installing: /home/student/dev_ws/install/turtlesim/include/turtlesim/action/detail/rotate_absolute__functions.h
[15.667s] -- Installing: /home/student/dev_ws/install/turtlesim/include/turtlesim/action/detail/rotate_absolute__struct.h
[15.667s] -- Installing: /home/student/dev_ws/install/turtlesim/include/turtlesim/action/detail/rotate_absolute__type_support.h
[15.667s] -- Installing: /home/student/dev_ws/install/turtlesim/include/turtlesim/action/rotate_absolute.h
[15.667s] -- Installing: /home/student/dev_ws/install/turtlesim/include/turtlesim/srv
[15.667s] -- Installing: /home/student/dev_ws/install/turtlesim/include/turtlesim/srv/set_pen.h
[15.667s] -- Installing: /home/student/dev_ws/install/turtlesim/include/turtlesim/srv/detail
[15.667s] -- Installing: /home/student/dev_ws/install/turtlesim/include/turtlesim/srv/detail/set_pen__struct.h
[15.667s] -- Installing: /home/student/dev_ws/install/turtlesim/include/turtlesim/srv/detail/kill__type_support.h
[15.667s] -- Installing: /home/student/dev_ws/install/turtlesim/include/turtlesim/srv/detail/teleport_absolute__functions.c
[15.667s] -- Installing: /home/student/dev_ws/install/turtlesim/include/turtlesim/srv/detail/spawn__functions.h
[15.668s] -- Installing: /home/student/dev_ws/install/turtlesim/include/turtlesim/srv/detail/teleport_relative__functions.c
[15.668s] -- Installing: /home/student/dev_ws/install/turtlesim/include/turtlesim/srv/detail/teleport_relative__struct.h
[15.668s] -- Installing: /home/student/dev_ws/install/turtlesim/include/turtlesim/srv/detail/spawn__type_support.h
[15.668s] -- Installing: /home/student/dev_ws/install/turtlesim/include/turtlesim/srv/detail/set_pen__functions.c
[15.668s] -- Installing: /home/student/dev_ws/install/turtlesim/include/turtlesim/srv/detail/teleport_relative__type_support.h
[15.668s] -- Installing: /home/student/dev_ws/install/turtlesim/include/turtlesim/srv/detail/spawn__functions.c
[15.668s] -- Installing: /home/student/dev_ws/install/turtlesim/include/turtlesim/srv/detail/spawn__struct.h
[15.668s] -- Installing: /home/student/dev_ws/install/turtlesim/include/turtlesim/srv/detail/kill__functions.h
[15.668s] -- Installing: /home/student/dev_ws/install/turtlesim/include/turtlesim/srv/detail/set_pen__type_support.h
[15.668s] -- Installing: /home/student/dev_ws/install/turtlesim/include/turtlesim/srv/detail/teleport_absolute__type_support.h
[15.668s] -- Installing: /home/student/dev_ws/install/turtlesim/include/turtlesim/srv/detail/set_pen__functions.h
[15.668s] -- Installing: /home/student/dev_ws/install/turtlesim/include/turtlesim/srv/detail/teleport_absolute__struct.h
[15.668s] -- Installing: /home/student/dev_ws/install/turtlesim/include/turtlesim/srv/detail/kill__functions.c
[15.668s] -- Installing: /home/student/dev_ws/install/turtlesim/include/turtlesim/srv/detail/teleport_relative__functions.h
[15.668s] -- Installing: /home/student/dev_ws/install/turtlesim/include/turtlesim/srv/detail/kill__struct.h
[15.669s] -- Installing: /home/student/dev_ws/install/turtlesim/include/turtlesim/srv/detail/teleport_absolute__functions.h
[15.669s] -- Installing: /home/student/dev_ws/install/turtlesim/include/turtlesim/srv/spawn.h
[15.669s] -- Installing: /home/student/dev_ws/install/turtlesim/include/turtlesim/srv/teleport_absolute.h
[15.669s] -- Installing: /home/student/dev_ws/install/turtlesim/include/turtlesim/srv/teleport_relative.h
[15.669s] -- Installing: /home/student/dev_ws/install/turtlesim/include/turtlesim/srv/kill.h
[15.669s] -- Installing: /home/student/dev_ws/install/turtlesim/share/turtlesim/environment/library_path.sh
[15.669s] -- Installing: /home/student/dev_ws/install/turtlesim/share/turtlesim/environment/library_path.dsv
[15.669s] -- Installing: /home/student/dev_ws/install/turtlesim/lib/libturtlesim__rosidl_generator_c.so
[15.669s] -- Set runtime path of "/home/student/dev_ws/install/turtlesim/lib/libturtlesim__rosidl_generator_c.so" to ""
[15.669s] -- Up-to-date: /home/student/dev_ws/install/turtlesim/include/turtlesim
[15.670s] -- Up-to-date: /home/student/dev_ws/install/turtlesim/include/turtlesim/msg
[15.670s] -- Up-to-date: /home/student/dev_ws/install/turtlesim/include/turtlesim/msg/detail
[15.670s] -- Installing: /home/student/dev_ws/install/turtlesim/include/turtlesim/msg/detail/pose__rosidl_typesupport_fastrtps_c.h
[15.670s] -- Installing: /home/student/dev_ws/install/turtlesim/include/turtlesim/msg/detail/color__rosidl_typesupport_fastrtps_c.h
[15.670s] -- Installing: /home/student/dev_ws/install/turtlesim/include/turtlesim/msg/rosidl_typesupport_fastrtps_c__visibility_control.h
[15.670s] -- Up-to-date: /home/student/dev_ws/install/turtlesim/include/turtlesim/action
[15.670s] -- Up-to-date: /home/student/dev_ws/install/turtlesim/include/turtlesim/action/detail
[15.670s] -- Installing: /home/student/dev_ws/install/turtlesim/include/turtlesim/action/detail/rotate_absolute__rosidl_typesupport_fastrtps_c.h
[15.670s] -- Up-to-date: /home/student/dev_ws/install/turtlesim/include/turtlesim/srv
[15.670s] -- Up-to-date: /home/student/dev_ws/install/turtlesim/include/turtlesim/srv/detail
[15.670s] -- Installing: /home/student/dev_ws/install/turtlesim/include/turtlesim/srv/detail/kill__rosidl_typesupport_fastrtps_c.h
[15.670s] -- Installing: /home/student/dev_ws/install/turtlesim/include/turtlesim/srv/detail/teleport_absolute__rosidl_typesupport_fastrtps_c.h
[15.670s] -- Installing: /home/student/dev_ws/install/turtlesim/include/turtlesim/srv/detail/teleport_relative__rosidl_typesupport_fastrtps_c.h
[15.670s] -- Installing: /home/student/dev_ws/install/turtlesim/include/turtlesim/srv/detail/spawn__rosidl_typesupport_fastrtps_c.h
[15.670s] -- Installing: /home/student/dev_ws/install/turtlesim/include/turtlesim/srv/detail/set_pen__rosidl_typesupport_fastrtps_c.h
[15.671s] -- Installing: /home/student/dev_ws/install/turtlesim/lib/libturtlesim__rosidl_typesupport_fastrtps_c.so
[15.671s] -- Set runtime path of "/home/student/dev_ws/install/turtlesim/lib/libturtlesim__rosidl_typesupport_fastrtps_c.so" to ""
[15.671s] -- Up-to-date: /home/student/dev_ws/install/turtlesim/include/turtlesim
[15.671s] -- Up-to-date: /home/student/dev_ws/install/turtlesim/include/turtlesim/msg
[15.671s] -- Installing: /home/student/dev_ws/install/turtlesim/include/turtlesim/msg/rosidl_typesupport_fastrtps_cpp__visibility_control.h
[15.671s] -- Up-to-date: /home/student/dev_ws/install/turtlesim/include/turtlesim/msg/detail
[15.671s] -- Installing: /home/student/dev_ws/install/turtlesim/include/turtlesim/msg/detail/dds_fastrtps
[15.671s] -- Installing: /home/student/dev_ws/install/turtlesim/include/turtlesim/msg/detail/pose__rosidl_typesupport_fastrtps_cpp.hpp
[15.671s] -- Installing: /home/student/dev_ws/install/turtlesim/include/turtlesim/msg/detail/color__rosidl_typesupport_fastrtps_cpp.hpp
[15.671s] -- Up-to-date: /home/student/dev_ws/install/turtlesim/include/turtlesim/action
[15.671s] -- Up-to-date: /home/student/dev_ws/install/turtlesim/include/turtlesim/action/detail
[15.672s] -- Installing: /home/student/dev_ws/install/turtlesim/include/turtlesim/action/detail/dds_fastrtps
[15.672s] -- Installing: /home/student/dev_ws/install/turtlesim/include/turtlesim/action/detail/rotate_absolute__rosidl_typesupport_fastrtps_cpp.hpp
[15.672s] -- Up-to-date: /home/student/dev_ws/install/turtlesim/include/turtlesim/srv
[15.672s] -- Up-to-date: /home/student/dev_ws/install/turtlesim/include/turtlesim/srv/detail
[15.672s] -- Installing: /home/student/dev_ws/install/turtlesim/include/turtlesim/srv/detail/dds_fastrtps
[15.672s] -- Installing: /home/student/dev_ws/install/turtlesim/include/turtlesim/srv/detail/spawn__rosidl_typesupport_fastrtps_cpp.hpp
[15.672s] -- Installing: /home/student/dev_ws/install/turtlesim/include/turtlesim/srv/detail/teleport_relative__rosidl_typesupport_fastrtps_cpp.hpp
[15.672s] -- Installing: /home/student/dev_ws/install/turtlesim/include/turtlesim/srv/detail/teleport_absolute__rosidl_typesupport_fastrtps_cpp.hpp
[15.672s] -- Installing: /home/student/dev_ws/install/turtlesim/include/turtlesim/srv/detail/kill__rosidl_typesupport_fastrtps_cpp.hpp
[15.672s] -- Installing: /home/student/dev_ws/install/turtlesim/include/turtlesim/srv/detail/set_pen__rosidl_typesupport_fastrtps_cpp.hpp
[15.672s] -- Installing: /home/student/dev_ws/install/turtlesim/lib/libturtlesim__rosidl_typesupport_fastrtps_cpp.so
[15.672s] -- Set runtime path of "/home/student/dev_ws/install/turtlesim/lib/libturtlesim__rosidl_typesupport_fastrtps_cpp.so" to ""
[15.673s] -- Up-to-date: /home/student/dev_ws/install/turtlesim/include/turtlesim
[15.673s] -- Up-to-date: /home/student/dev_ws/install/turtlesim/include/turtlesim/msg
[15.673s] -- Up-to-date: /home/student/dev_ws/install/turtlesim/include/turtlesim/msg/detail
[15.673s] -- Installing: /home/student/dev_ws/install/turtlesim/include/turtlesim/msg/detail/pose__type_support.c
[15.673s] -- Installing: /home/student/dev_ws/install/turtlesim/include/turtlesim/msg/detail/pose__rosidl_typesupport_introspection_c.h
[15.673s] -- Installing: /home/student/dev_ws/install/turtlesim/include/turtlesim/msg/detail/color__type_support.c
[15.673s] -- Installing: /home/student/dev_ws/install/turtlesim/include/turtlesim/msg/detail/color__rosidl_typesupport_introspection_c.h
[15.673s] -- Installing: /home/student/dev_ws/install/turtlesim/include/turtlesim/msg/rosidl_typesupport_introspection_c__visibility_control.h
[15.673s] -- Up-to-date: /home/student/dev_ws/install/turtlesim/include/turtlesim/action
[15.673s] -- Up-to-date: /home/student/dev_ws/install/turtlesim/include/turtlesim/action/detail
[15.673s] -- Installing: /home/student/dev_ws/install/turtlesim/include/turtlesim/action/detail/rotate_absolute__rosidl_typesupport_introspection_c.h
[15.673s] -- Installing: /home/student/dev_ws/install/turtlesim/include/turtlesim/action/detail/rotate_absolute__type_support.c
[15.673s] -- Up-to-date: /home/student/dev_ws/install/turtlesim/include/turtlesim/srv
[15.673s] -- Up-to-date: /home/student/dev_ws/install/turtlesim/include/turtlesim/srv/detail
[15.674s] -- Installing: /home/student/dev_ws/install/turtlesim/include/turtlesim/srv/detail/kill__type_support.c
[15.674s] -- Installing: /home/student/dev_ws/install/turtlesim/include/turtlesim/srv/detail/teleport_relative__rosidl_typesupport_introspection_c.h
[15.674s] -- Installing: /home/student/dev_ws/install/turtlesim/include/turtlesim/srv/detail/spawn__rosidl_typesupport_introspection_c.h
[15.674s] -- Installing: /home/student/dev_ws/install/turtlesim/include/turtlesim/srv/detail/set_pen__rosidl_typesupport_introspection_c.h
[15.674s] -- Installing: /home/student/dev_ws/install/turtlesim/include/turtlesim/srv/detail/teleport_absolute__rosidl_typesupport_introspection_c.h
[15.674s] -- Installing: /home/student/dev_ws/install/turtlesim/include/turtlesim/srv/detail/kill__rosidl_typesupport_introspection_c.h
[15.674s] -- Installing: /home/student/dev_ws/install/turtlesim/include/turtlesim/srv/detail/teleport_absolute__type_support.c
[15.674s] -- Installing: /home/student/dev_ws/install/turtlesim/include/turtlesim/srv/detail/spawn__type_support.c
[15.674s] -- Installing: /home/student/dev_ws/install/turtlesim/include/turtlesim/srv/detail/teleport_relative__type_support.c
[15.674s] -- Installing: /home/student/dev_ws/install/turtlesim/include/turtlesim/srv/detail/set_pen__type_support.c
[15.674s] -- Installing: /home/student/dev_ws/install/turtlesim/lib/libturtlesim__rosidl_typesupport_introspection_c.so
[15.674s] -- Set runtime path of "/home/student/dev_ws/install/turtlesim/lib/libturtlesim__rosidl_typesupport_introspection_c.so" to ""
[15.675s] -- Installing: /home/student/dev_ws/install/turtlesim/lib/libturtlesim__rosidl_typesupport_c.so
[15.675s] -- Set runtime path of "/home/student/dev_ws/install/turtlesim/lib/libturtlesim__rosidl_typesupport_c.so" to ""
[15.675s] -- Up-to-date: /home/student/dev_ws/install/turtlesim/include/turtlesim
[15.675s] -- Up-to-date: /home/student/dev_ws/install/turtlesim/include/turtlesim/msg
[15.675s] -- Up-to-date: /home/student/dev_ws/install/turtlesim/include/turtlesim/msg/detail
[15.675s] -- Installing: /home/student/dev_ws/install/turtlesim/include/turtlesim/msg/detail/color__struct.hpp
[15.675s] -- Installing: /home/student/dev_ws/install/turtlesim/include/turtlesim/msg/detail/pose__traits.hpp
[15.675s] -- Installing: /home/student/dev_ws/install/turtlesim/include/turtlesim/msg/detail/pose__struct.hpp
[15.675s] -- Installing: /home/student/dev_ws/install/turtlesim/include/turtlesim/msg/detail/color__traits.hpp
[15.676s] -- Installing: /home/student/dev_ws/install/turtlesim/include/turtlesim/msg/detail/color__builder.hpp
[15.676s] -- Installing: /home/student/dev_ws/install/turtlesim/include/turtlesim/msg/detail/pose__builder.hpp
[15.676s] -- Installing: /home/student/dev_ws/install/turtlesim/include/turtlesim/msg/color.hpp
[15.676s] -- Installing: /home/student/dev_ws/install/turtlesim/include/turtlesim/msg/pose.hpp
[15.676s] -- Up-to-date: /home/student/dev_ws/install/turtlesim/include/turtlesim/action
[15.676s] -- Installing: /home/student/dev_ws/install/turtlesim/include/turtlesim/action/rotate_absolute.hpp
[15.676s] -- Up-to-date: /home/student/dev_ws/install/turtlesim/include/turtlesim/action/detail
[15.676s] -- Installing: /home/student/dev_ws/install/turtlesim/include/turtlesim/action/detail/rotate_absolute__struct.hpp
[15.676s] -- Installing: /home/student/dev_ws/install/turtlesim/include/turtlesim/action/detail/rotate_absolute__traits.hpp
[15.676s] -- Installing: /home/student/dev_ws/install/turtlesim/include/turtlesim/action/detail/rotate_absolute__builder.hpp
[15.676s] -- Up-to-date: /home/student/dev_ws/install/turtlesim/include/turtlesim/srv
[15.676s] -- Up-to-date: /home/student/dev_ws/install/turtlesim/include/turtlesim/srv/detail
[15.676s] -- Installing: /home/student/dev_ws/install/turtlesim/include/turtlesim/srv/detail/teleport_absolute__struct.hpp
[15.676s] -- Installing: /home/student/dev_ws/install/turtlesim/include/turtlesim/srv/detail/teleport_relative__struct.hpp
[15.677s] -- Installing: /home/student/dev_ws/install/turtlesim/include/turtlesim/srv/detail/kill__traits.hpp
[15.677s] -- Installing: /home/student/dev_ws/install/turtlesim/include/turtlesim/srv/detail/kill__struct.hpp
[15.677s] -- Installing: /home/student/dev_ws/install/turtlesim/include/turtlesim/srv/detail/spawn__traits.hpp
[15.677s] -- Installing: /home/student/dev_ws/install/turtlesim/include/turtlesim/srv/detail/set_pen__struct.hpp
[15.677s] -- Installing: /home/student/dev_ws/install/turtlesim/include/turtlesim/srv/detail/teleport_absolute__builder.hpp
[15.677s] -- Installing: /home/student/dev_ws/install/turtlesim/include/turtlesim/srv/detail/set_pen__traits.hpp
[15.677s] -- Installing: /home/student/dev_ws/install/turtlesim/include/turtlesim/srv/detail/teleport_absolute__traits.hpp
[15.677s] -- Installing: /home/student/dev_ws/install/turtlesim/include/turtlesim/srv/detail/kill__builder.hpp
[15.677s] -- Installing: /home/student/dev_ws/install/turtlesim/include/turtlesim/srv/detail/set_pen__builder.hpp
[15.677s] -- Installing: /home/student/dev_ws/install/turtlesim/include/turtlesim/srv/detail/teleport_relative__builder.hpp
[15.677s] -- Installing: /home/student/dev_ws/install/turtlesim/include/turtlesim/srv/detail/spawn__struct.hpp
[15.677s] -- Installing: /home/student/dev_ws/install/turtlesim/include/turtlesim/srv/detail/spawn__builder.hpp
[15.677s] -- Installing: /home/student/dev_ws/install/turtlesim/include/turtlesim/srv/detail/teleport_relative__traits.hpp
[15.677s] -- Installing: /home/student/dev_ws/install/turtlesim/include/turtlesim/srv/spawn.hpp
[15.677s] -- Installing: /home/student/dev_ws/install/turtlesim/include/turtlesim/srv/teleport_relative.hpp
[15.677s] -- Installing: /home/student/dev_ws/install/turtlesim/include/turtlesim/srv/teleport_absolute.hpp
[15.678s] -- Installing: /home/student/dev_ws/install/turtlesim/include/turtlesim/srv/set_pen.hpp
[15.678s] -- Installing: /home/student/dev_ws/install/turtlesim/include/turtlesim/srv/kill.hpp
[15.678s] -- Up-to-date: /home/student/dev_ws/install/turtlesim/include/turtlesim
[15.678s] -- Up-to-date: /home/student/dev_ws/install/turtlesim/include/turtlesim/msg
[15.678s] -- Up-to-date: /home/student/dev_ws/install/turtlesim/include/turtlesim/msg/detail
[15.678s] -- Installing: /home/student/dev_ws/install/turtlesim/include/turtlesim/msg/detail/pose__rosidl_typesupport_introspection_cpp.hpp
[15.678s] -- Installing: /home/student/dev_ws/install/turtlesim/include/turtlesim/msg/detail/color__rosidl_typesupport_introspection_cpp.hpp
[15.678s] -- Installing: /home/student/dev_ws/install/turtlesim/include/turtlesim/msg/detail/pose__type_support.cpp
[15.678s] -- Installing: /home/student/dev_ws/install/turtlesim/include/turtlesim/msg/detail/color__type_support.cpp
[15.678s] -- Up-to-date: /home/student/dev_ws/install/turtlesim/include/turtlesim/action
[15.678s] -- Up-to-date: /home/student/dev_ws/install/turtlesim/include/turtlesim/action/detail
[15.678s] -- Installing: /home/student/dev_ws/install/turtlesim/include/turtlesim/action/detail/rotate_absolute__type_support.cpp
[15.678s] -- Installing: /home/student/dev_ws/install/turtlesim/include/turtlesim/action/detail/rotate_absolute__rosidl_typesupport_introspection_cpp.hpp
[15.678s] -- Up-to-date: /home/student/dev_ws/install/turtlesim/include/turtlesim/srv
[15.679s] -- Up-to-date: /home/student/dev_ws/install/turtlesim/include/turtlesim/srv/detail
[15.679s] -- Installing: /home/student/dev_ws/install/turtlesim/include/turtlesim/srv/detail/set_pen__type_support.cpp
[15.679s] -- Installing: /home/student/dev_ws/install/turtlesim/include/turtlesim/srv/detail/kill__rosidl_typesupport_introspection_cpp.hpp
[15.679s] -- Installing: /home/student/dev_ws/install/turtlesim/include/turtlesim/srv/detail/kill__type_support.cpp
[15.679s] -- Installing: /home/student/dev_ws/install/turtlesim/include/turtlesim/srv/detail/teleport_absolute__type_support.cpp
[15.679s] -- Installing: /home/student/dev_ws/install/turtlesim/include/turtlesim/srv/detail/spawn__type_support.cpp
[15.679s] -- Installing: /home/student/dev_ws/install/turtlesim/include/turtlesim/srv/detail/spawn__rosidl_typesupport_introspection_cpp.hpp
[15.679s] -- Installing: /home/student/dev_ws/install/turtlesim/include/turtlesim/srv/detail/teleport_relative__rosidl_typesupport_introspection_cpp.hpp
[15.679s] -- Installing: /home/student/dev_ws/install/turtlesim/include/turtlesim/srv/detail/teleport_absolute__rosidl_typesupport_introspection_cpp.hpp
[15.679s] -- Installing: /home/student/dev_ws/install/turtlesim/include/turtlesim/srv/detail/teleport_relative__type_support.cpp
[15.679s] -- Installing: /home/student/dev_ws/install/turtlesim/include/turtlesim/srv/detail/set_pen__rosidl_typesupport_introspection_cpp.hpp
[15.679s] -- Installing: /home/student/dev_ws/install/turtlesim/lib/libturtlesim__rosidl_typesupport_introspection_cpp.so
[15.680s] -- Set runtime path of "/home/student/dev_ws/install/turtlesim/lib/libturtlesim__rosidl_typesupport_introspection_cpp.so" to ""
[15.680s] -- Installing: /home/student/dev_ws/install/turtlesim/lib/libturtlesim__rosidl_typesupport_cpp.so
[15.680s] -- Set runtime path of "/home/student/dev_ws/install/turtlesim/lib/libturtlesim__rosidl_typesupport_cpp.so" to ""
[15.680s] -- Installing: /home/student/dev_ws/install/turtlesim/share/turtlesim/environment/pythonpath.sh
[15.680s] -- Installing: /home/student/dev_ws/install/turtlesim/share/turtlesim/environment/pythonpath.dsv
[15.680s] -- Installing: /home/student/dev_ws/install/turtlesim/lib/python3.8/site-packages/turtlesim/__init__.py
[15.702s] Compiling '/home/student/dev_ws/install/turtlesim/lib/python3.8/site-packages/turtlesim/__init__.py'...
[15.705s] -- Installing: /home/student/dev_ws/install/turtlesim/lib/python3.8/site-packages/turtlesim/action
[15.705s] -- Installing: /home/student/dev_ws/install/turtlesim/lib/python3.8/site-packages/turtlesim/action/_rotate_absolute_s.c
[15.705s] -- Installing: /home/student/dev_ws/install/turtlesim/lib/python3.8/site-packages/turtlesim/action/_rotate_absolute.py
[15.706s] -- Installing: /home/student/dev_ws/install/turtlesim/lib/python3.8/site-packages/turtlesim/action/__init__.py
[15.706s] -- Installing: /home/student/dev_ws/install/turtlesim/lib/python3.8/site-packages/turtlesim/msg
[15.706s] -- Installing: /home/student/dev_ws/install/turtlesim/lib/python3.8/site-packages/turtlesim/msg/_color.py
[15.706s] -- Installing: /home/student/dev_ws/install/turtlesim/lib/python3.8/site-packages/turtlesim/msg/_pose.py
[15.706s] -- Installing: /home/student/dev_ws/install/turtlesim/lib/python3.8/site-packages/turtlesim/msg/_pose_s.c
[15.706s] -- Installing: /home/student/dev_ws/install/turtlesim/lib/python3.8/site-packages/turtlesim/msg/_color_s.c
[15.706s] -- Installing: /home/student/dev_ws/install/turtlesim/lib/python3.8/site-packages/turtlesim/msg/__init__.py
[15.706s] -- Installing: /home/student/dev_ws/install/turtlesim/lib/python3.8/site-packages/turtlesim/srv
[15.706s] -- Installing: /home/student/dev_ws/install/turtlesim/lib/python3.8/site-packages/turtlesim/srv/_spawn_s.c
[15.706s] -- Installing: /home/student/dev_ws/install/turtlesim/lib/python3.8/site-packages/turtlesim/srv/_spawn.py
[15.706s] -- Installing: /home/student/dev_ws/install/turtlesim/lib/python3.8/site-packages/turtlesim/srv/_teleport_relative.py
[15.706s] -- Installing: /home/student/dev_ws/install/turtlesim/lib/python3.8/site-packages/turtlesim/srv/_set_pen.py
[15.706s] -- Installing: /home/student/dev_ws/install/turtlesim/lib/python3.8/site-packages/turtlesim/srv/_teleport_relative_s.c
[15.706s] -- Installing: /home/student/dev_ws/install/turtlesim/lib/python3.8/site-packages/turtlesim/srv/_kill_s.c
[15.707s] -- Installing: /home/student/dev_ws/install/turtlesim/lib/python3.8/site-packages/turtlesim/srv/_set_pen_s.c
[15.707s] -- Installing: /home/student/dev_ws/install/turtlesim/lib/python3.8/site-packages/turtlesim/srv/_teleport_absolute_s.c
[15.707s] -- Installing: /home/student/dev_ws/install/turtlesim/lib/python3.8/site-packages/turtlesim/srv/_kill.py
[15.707s] -- Installing: /home/student/dev_ws/install/turtlesim/lib/python3.8/site-packages/turtlesim/srv/_teleport_absolute.py
[15.707s] -- Installing: /home/student/dev_ws/install/turtlesim/lib/python3.8/site-packages/turtlesim/srv/__init__.py
[15.707s] -- Installing: /home/student/dev_ws/install/turtlesim/lib/python3.8/site-packages/turtlesim/turtlesim_s__rosidl_typesupport_fastrtps_c.cpython-38-x86_64-linux-gnu.so
[15.707s] -- Set runtime path of "/home/student/dev_ws/install/turtlesim/lib/python3.8/site-packages/turtlesim/turtlesim_s__rosidl_typesupport_fastrtps_c.cpython-38-x86_64-linux-gnu.so" to ""
[15.707s] -- Installing: /home/student/dev_ws/install/turtlesim/lib/python3.8/site-packages/turtlesim/turtlesim_s__rosidl_typesupport_introspection_c.cpython-38-x86_64-linux-gnu.so
[15.708s] -- Set runtime path of "/home/student/dev_ws/install/turtlesim/lib/python3.8/site-packages/turtlesim/turtlesim_s__rosidl_typesupport_introspection_c.cpython-38-x86_64-linux-gnu.so" to ""
[15.708s] -- Installing: /home/student/dev_ws/install/turtlesim/lib/python3.8/site-packages/turtlesim/turtlesim_s__rosidl_typesupport_c.cpython-38-x86_64-linux-gnu.so
[15.708s] -- Set runtime path of "/home/student/dev_ws/install/turtlesim/lib/python3.8/site-packages/turtlesim/turtlesim_s__rosidl_typesupport_c.cpython-38-x86_64-linux-gnu.so" to ""
[15.709s] -- Installing: /home/student/dev_ws/install/turtlesim/lib/libturtlesim__python.so
[15.709s] -- Set runtime path of "/home/student/dev_ws/install/turtlesim/lib/libturtlesim__python.so" to ""
[15.709s] -- Installing: /home/student/dev_ws/install/turtlesim/share/turtlesim/action/RotateAbsolute.idl
[15.709s] -- Installing: /home/student/dev_ws/install/turtlesim/share/turtlesim/msg/Color.idl
[15.709s] -- Installing: /home/student/dev_ws/install/turtlesim/share/turtlesim/msg/Pose.idl
[15.709s] -- Installing: /home/student/dev_ws/install/turtlesim/share/turtlesim/srv/Kill.idl
[15.709s] -- Installing: /home/student/dev_ws/install/turtlesim/share/turtlesim/srv/SetPen.idl
[15.710s] -- Installing: /home/student/dev_ws/install/turtlesim/share/turtlesim/srv/Spawn.idl
[15.710s] -- Installing: /home/student/dev_ws/install/turtlesim/share/turtlesim/srv/TeleportAbsolute.idl
[15.710s] -- Installing: /home/student/dev_ws/install/turtlesim/share/turtlesim/srv/TeleportRelative.idl
[15.710s] -- Installing: /home/student/dev_ws/install/turtlesim/share/turtlesim/action/RotateAbsolute.action
[15.710s] -- Installing: /home/student/dev_ws/install/turtlesim/share/turtlesim/msg/Color.msg
[15.710s] -- Installing: /home/student/dev_ws/install/turtlesim/share/turtlesim/msg/Pose.msg
[15.710s] -- Installing: /home/student/dev_ws/install/turtlesim/share/turtlesim/srv/Kill.srv
[15.710s] -- Installing: /home/student/dev_ws/install/turtlesim/share/turtlesim/srv/Kill_Request.msg
[15.710s] -- Installing: /home/student/dev_ws/install/turtlesim/share/turtlesim/srv/Kill_Response.msg
[15.710s] -- Installing: /home/student/dev_ws/install/turtlesim/share/turtlesim/srv/SetPen.srv
[15.710s] -- Installing: /home/student/dev_ws/install/turtlesim/share/turtlesim/srv/SetPen_Request.msg
[15.710s] -- Installing: /home/student/dev_ws/install/turtlesim/share/turtlesim/srv/SetPen_Response.msg
[15.711s] -- Installing: /home/student/dev_ws/install/turtlesim/share/turtlesim/srv/Spawn.srv
[15.711s] -- Installing: /home/student/dev_ws/install/turtlesim/share/turtlesim/srv/Spawn_Request.msg
[15.711s] -- Installing: /home/student/dev_ws/install/turtlesim/share/turtlesim/srv/Spawn_Response.msg
[15.711s] -- Installing: /home/student/dev_ws/install/turtlesim/share/turtlesim/srv/TeleportAbsolute.srv
[15.711s] -- Installing: /home/student/dev_ws/install/turtlesim/share/turtlesim/srv/TeleportAbsolute_Request.msg
[15.711s] -- Installing: /home/student/dev_ws/install/turtlesim/share/turtlesim/srv/TeleportAbsolute_Response.msg
[15.711s] -- Installing: /home/student/dev_ws/install/turtlesim/share/turtlesim/srv/TeleportRelative.srv
[15.711s] -- Installing: /home/student/dev_ws/install/turtlesim/share/turtlesim/srv/TeleportRelative_Request.msg
[15.711s] -- Installing: /home/student/dev_ws/install/turtlesim/share/turtlesim/srv/TeleportRelative_Response.msg
[15.712s] -- Installing: /home/student/dev_ws/install/turtlesim/lib/turtlesim/turtlesim_node
[15.714s] -- Set runtime path of "/home/student/dev_ws/install/turtlesim/lib/turtlesim/turtlesim_node" to ""
[15.714s] -- Installing: /home/student/dev_ws/install/turtlesim/lib/turtlesim/turtle_teleop_key
[15.716s] -- Set runtime path of "/home/student/dev_ws/install/turtlesim/lib/turtlesim/turtle_teleop_key" to ""
[15.716s] -- Installing: /home/student/dev_ws/install/turtlesim/lib/turtlesim/draw_square
[15.717s] -- Set runtime path of "/home/student/dev_ws/install/turtlesim/lib/turtlesim/draw_square" to ""
[15.717s] -- Installing: /home/student/dev_ws/install/turtlesim/lib/turtlesim/mimic
[15.719s] -- Set runtime path of "/home/student/dev_ws/install/turtlesim/lib/turtlesim/mimic" to ""
[15.719s] -- Installing: /home/student/dev_ws/install/turtlesim/share/turtlesim/images
[15.719s] -- Installing: /home/student/dev_ws/install/turtlesim/share/turtlesim/images/crystal.png
[15.719s] -- Installing: /home/student/dev_ws/install/turtlesim/share/turtlesim/images/bouncy.png
[15.719s] -- Installing: /home/student/dev_ws/install/turtlesim/share/turtlesim/images/ardent.png
[15.719s] -- Installing: /home/student/dev_ws/install/turtlesim/share/turtlesim/images/foxy.png
[15.719s] -- Installing: /home/student/dev_ws/install/turtlesim/share/turtlesim/images/dashing.png
[15.719s] -- Installing: /home/student/dev_ws/install/turtlesim/share/turtlesim/images/eloquent.png
[15.719s] -- Installing: /home/student/dev_ws/install/turtlesim/share/turtlesim/launch
[15.719s] -- Installing: /home/student/dev_ws/install/turtlesim/share/turtlesim/launch/multisim.launch.py
[15.719s] -- Installing: /home/student/dev_ws/install/turtlesim/share/ament_index/resource_index/package_run_dependencies/turtlesim
[15.719s] -- Installing: /home/student/dev_ws/install/turtlesim/share/ament_index/resource_index/parent_prefix_path/turtlesim
[15.720s] -- Installing: /home/student/dev_ws/install/turtlesim/share/turtlesim/environment/ament_prefix_path.sh
[15.720s] -- Installing: /home/student/dev_ws/install/turtlesim/share/turtlesim/environment/ament_prefix_path.dsv
[15.720s] -- Installing: /home/student/dev_ws/install/turtlesim/share/turtlesim/environment/path.sh
[15.720s] -- Installing: /home/student/dev_ws/install/turtlesim/share/turtlesim/environment/path.dsv
[15.720s] -- Installing: /home/student/dev_ws/install/turtlesim/share/turtlesim/local_setup.bash
[15.720s] -- Installing: /home/student/dev_ws/install/turtlesim/share/turtlesim/local_setup.sh
[15.720s] -- Installing: /home/student/dev_ws/install/turtlesim/share/turtlesim/local_setup.zsh
[15.720s] -- Installing: /home/student/dev_ws/install/turtlesim/share/turtlesim/local_setup.dsv
[15.720s] -- Installing: /home/student/dev_ws/install/turtlesim/share/turtlesim/package.dsv
[15.720s] -- Installing: /home/student/dev_ws/install/turtlesim/share/ament_index/resource_index/packages/turtlesim
[15.721s] -- Installing: /home/student/dev_ws/install/turtlesim/share/turtlesim/cmake/turtlesim__rosidl_generator_cExport.cmake
[15.721s] -- Installing: /home/student/dev_ws/install/turtlesim/share/turtlesim/cmake/turtlesim__rosidl_generator_cExport-noconfig.cmake
[15.721s] -- Installing: /home/student/dev_ws/install/turtlesim/share/turtlesim/cmake/turtlesim__rosidl_typesupport_introspection_cExport.cmake
[15.721s] -- Installing: /home/student/dev_ws/install/turtlesim/share/turtlesim/cmake/turtlesim__rosidl_typesupport_introspection_cExport-noconfig.cmake
[15.721s] -- Installing: /home/student/dev_ws/install/turtlesim/share/turtlesim/cmake/turtlesim__rosidl_typesupport_cExport.cmake
[15.721s] -- Installing: /home/student/dev_ws/install/turtlesim/share/turtlesim/cmake/turtlesim__rosidl_typesupport_cExport-noconfig.cmake
[15.721s] -- Installing: /home/student/dev_ws/install/turtlesim/share/turtlesim/cmake/turtlesim__rosidl_generator_cppExport.cmake
[15.722s] -- Installing: /home/student/dev_ws/install/turtlesim/share/turtlesim/cmake/turtlesim__rosidl_typesupport_introspection_cppExport.cmake
[15.722s] -- Installing: /home/student/dev_ws/install/turtlesim/share/turtlesim/cmake/turtlesim__rosidl_typesupport_introspection_cppExport-noconfig.cmake
[15.722s] -- Installing: /home/student/dev_ws/install/turtlesim/share/turtlesim/cmake/turtlesim__rosidl_typesupport_cppExport.cmake
[15.722s] -- Installing: /home/student/dev_ws/install/turtlesim/share/turtlesim/cmake/turtlesim__rosidl_typesupport_cppExport-noconfig.cmake
[15.722s] -- Installing: /home/student/dev_ws/install/turtlesim/share/turtlesim/cmake/rosidl_cmake-extras.cmake
[15.722s] -- Installing: /home/student/dev_ws/install/turtlesim/share/turtlesim/cmake/ament_cmake_export_dependencies-extras.cmake
[15.722s] -- Installing: /home/student/dev_ws/install/turtlesim/share/turtlesim/cmake/ament_cmake_export_libraries-extras.cmake
[15.722s] -- Installing: /home/student/dev_ws/install/turtlesim/share/turtlesim/cmake/ament_cmake_export_targets-extras.cmake
[15.722s] -- Installing: /home/student/dev_ws/install/turtlesim/share/turtlesim/cmake/ament_cmake_export_include_directories-extras.cmake
[15.722s] -- Installing: /home/student/dev_ws/install/turtlesim/share/turtlesim/cmake/rosidl_cmake_export_typesupport_libraries-extras.cmake
[15.723s] -- Installing: /home/student/dev_ws/install/turtlesim/share/turtlesim/cmake/rosidl_cmake_export_typesupport_targets-extras.cmake
[15.723s] -- Installing: /home/student/dev_ws/install/turtlesim/share/turtlesim/cmake/turtlesimConfig.cmake
[15.723s] -- Installing: /home/student/dev_ws/install/turtlesim/share/turtlesim/cmake/turtlesimConfig-version.cmake
[15.723s] -- Installing: /home/student/dev_ws/install/turtlesim/share/turtlesim/package.xml
[15.725s] Invoked command in '/home/student/dev_ws/build/turtlesim' returned '0': CMAKE_PREFIX_PATH=/opt/ros/foxy /usr/bin/cmake --install /home/student/dev_ws/build/turtlesim
