[0.010s] Invoking command in '/home/student/dev_ws/build/cpp_parameters': CMAKE_PREFIX_PATH=${CMAKE_PREFIX_PATH}:/home/student/dev_ws/install/py_srvcli:/home/student/dev_ws/install/py_pubsub:/home/student/dev_ws/install/my_package:/opt/ros/foxy /usr/bin/cmake /home/student/dev_ws/src/cpp_parameters -DCMAKE_INSTALL_PREFIX=/home/student/dev_ws/install/cpp_parameters
[0.022s] -- Found ament_cmake: 0.9.8 (/opt/ros/foxy/share/ament_cmake/cmake)
[0.039s] -- Using PYTHON_EXECUTABLE: /usr/bin/python3
[0.175s] -- Found rclcpp: 2.3.0 (/opt/ros/foxy/share/rclcpp/cmake)
[0.201s] -- Using all available rosidl_typesupport_c: rosidl_typesupport_fastrtps_c;rosidl_typesupport_introspection_c
[0.204s] -- Found rosidl_adapter: 1.2.0 (/opt/ros/foxy/share/rosidl_adapter/cmake)
[0.295s] -- Using all available rosidl_typesupport_cpp: rosidl_typesupport_fastrtps_cpp;rosidl_typesupport_introspection_cpp
[0.334s] -- Found rmw_implementation_cmake: 1.0.2 (/opt/ros/foxy/share/rmw_implementation_cmake/cmake)
[0.335s] -- Using RMW implementation 'rmw_fastrtps_cpp' as default
[0.450s] -- Found ament_lint_auto: 0.9.6 (/opt/ros/foxy/share/ament_lint_auto/cmake)
[0.516s] -- Added test 'copyright' to check source files copyright and LICENSE
[0.517s] -- Added test 'cppcheck' to perform static code analysis on C / C++ code
[0.517s] -- Configured cppcheck include dirs: 
[0.517s] -- Configured cppcheck exclude dirs and/or files: 
[0.518s] -- Added test 'cpplint' to check C / C++ code against the Google style
[0.518s] -- Configured cpplint exclude dirs and/or files: 
[0.519s] -- Added test 'lint_cmake' to check CMake code style
[0.520s] -- Added test 'uncrustify' to check C / C++ code style
[0.520s] -- Configured uncrustify additional arguments: 
[0.520s] -- Added test 'xmllint' to check XML markup files
[0.522s] -- Configuring done
[0.523s] CMake Error at CMakeLists.txt:21 (add_executable):
[0.523s]   Cannot find source file:
[0.523s] 
[0.523s]     src/cpp_parameters_node.cpp
[0.523s] 
[0.523s]   Tried extensions .c .C .c++ .cc .cpp .cxx .cu .m .M .mm .h .hh .h++ .hm
[0.523s]   .hpp .hxx .in .txx
[0.523s] 
[0.523s] 
[0.524s] CMake Error at CMakeLists.txt:21 (add_executable):
[0.524s]   No SOURCES given to target: parameter_node
[0.524s] 
[0.524s] 
[0.524s] CMake Generate step failed.  Build files cannot be regenerated correctly.
[0.528s] Invoked command in '/home/student/dev_ws/build/cpp_parameters' returned '1': CMAKE_PREFIX_PATH=${CMAKE_PREFIX_PATH}:/home/student/dev_ws/install/py_srvcli:/home/student/dev_ws/install/py_pubsub:/home/student/dev_ws/install/my_package:/opt/ros/foxy /usr/bin/cmake /home/student/dev_ws/src/cpp_parameters -DCMAKE_INSTALL_PREFIX=/home/student/dev_ws/install/cpp_parameters
