[0.018s] Invoking command in '/home/student/dev_ws/build/cpp_pubsub': CMAKE_PREFIX_PATH=/opt/ros/foxy /usr/bin/cmake /home/student/dev_ws/src/cpp_pubsub -DCMAKE_INSTALL_PREFIX=/home/student/dev_ws/install/cpp_pubsub
[0.272s] -- The C compiler identification is GNU 9.3.0
[0.409s] -- The CXX compiler identification is GNU 9.3.0
[0.419s] -- Check for working C compiler: /usr/bin/cc
[0.502s] -- Check for working C compiler: /usr/bin/cc -- works
[0.505s] -- Detecting C compiler ABI info
[0.587s] -- Detecting C compiler ABI info - done
[0.603s] -- Detecting C compile features
[0.604s] -- Detecting C compile features - done
[0.607s] -- Check for working CXX compiler: /usr/bin/c++
[0.690s] -- Check for working CXX compiler: /usr/bin/c++ -- works
[0.691s] -- Detecting CXX compiler ABI info
[0.779s] -- Detecting CXX compiler ABI info - done
[0.791s] -- Detecting CXX compile features
[0.792s] -- Detecting CXX compile features - done
[0.802s] -- Found ament_cmake: 0.9.8 (/opt/ros/foxy/share/ament_cmake/cmake)
[0.826s] -- Found PythonInterp: /usr/bin/python3 (found suitable version "3.8.5", minimum required is "3") 
[0.826s] -- Using PYTHON_EXECUTABLE: /usr/bin/python3
[1.040s] -- Found rclcpp: 2.3.0 (/opt/ros/foxy/share/rclcpp/cmake)
[1.110s] -- Using all available rosidl_typesupport_c: rosidl_typesupport_fastrtps_c;rosidl_typesupport_introspection_c
[1.124s] -- Found rosidl_adapter: 1.2.0 (/opt/ros/foxy/share/rosidl_adapter/cmake)
[1.205s] -- Found OpenSSL: /usr/lib/x86_64-linux-gnu/libcrypto.so (found version "1.1.1f")  
[1.235s] -- Found FastRTPS: /opt/ros/foxy/include  
[1.319s] -- Using all available rosidl_typesupport_cpp: rosidl_typesupport_fastrtps_cpp;rosidl_typesupport_introspection_cpp
[1.389s] -- Found rmw_implementation_cmake: 1.0.2 (/opt/ros/foxy/share/rmw_implementation_cmake/cmake)
[1.391s] -- Using RMW implementation 'rmw_fastrtps_cpp' as default
[1.393s] -- Looking for pthread.h
[1.472s] -- Looking for pthread.h - found
[1.472s] -- Performing Test CMAKE_HAVE_LIBC_PTHREAD
[1.557s] -- Performing Test CMAKE_HAVE_LIBC_PTHREAD - Failed
[1.557s] -- Looking for pthread_create in pthreads
[1.619s] -- Looking for pthread_create in pthreads - not found
[1.620s] -- Looking for pthread_create in pthread
[1.699s] -- Looking for pthread_create in pthread - found
[1.700s] -- Found Threads: TRUE  
[1.887s] -- Found ament_lint_auto: 0.9.6 (/opt/ros/foxy/share/ament_lint_auto/cmake)
[1.960s] -- Added test 'copyright' to check source files copyright and LICENSE
[1.962s] -- Added test 'cppcheck' to perform static code analysis on C / C++ code
[1.962s] -- Configured cppcheck include dirs: 
[1.962s] -- Configured cppcheck exclude dirs and/or files: 
[1.963s] -- Added test 'cpplint' to check C / C++ code against the Google style
[1.963s] -- Configured cpplint exclude dirs and/or files: 
[1.964s] -- Added test 'lint_cmake' to check CMake code style
[1.965s] -- Added test 'uncrustify' to check C / C++ code style
[1.965s] -- Configured uncrustify additional arguments: 
[1.966s] -- Added test 'xmllint' to check XML markup files
[1.970s] -- Configuring done
[1.980s] -- Generating done
[1.982s] -- Build files have been written to: /home/student/dev_ws/build/cpp_pubsub
[1.989s] Invoked command in '/home/student/dev_ws/build/cpp_pubsub' returned '0': CMAKE_PREFIX_PATH=/opt/ros/foxy /usr/bin/cmake /home/student/dev_ws/src/cpp_pubsub -DCMAKE_INSTALL_PREFIX=/home/student/dev_ws/install/cpp_pubsub
[1.991s] Invoking command in '/home/student/dev_ws/build/cpp_pubsub': CMAKE_PREFIX_PATH=/opt/ros/foxy /usr/bin/cmake --build /home/student/dev_ws/build/cpp_pubsub -- -j12 -l12
[2.028s] [35m[1mScanning dependencies of target listener[0m
[2.028s] [35m[1mScanning dependencies of target talker[0m
[2.216s] [ 50%] [32mBuilding CXX object CMakeFiles/talker.dir/src/publisher_member_function.cpp.o[0m
[2.216s] [ 50%] [32mBuilding CXX object CMakeFiles/listener.dir/src/subscriber_member_function.cpp.o[0m
[4.992s] [ 75%] [32m[1mLinking CXX executable talker[0m
[5.176s] [ 75%] Built target talker
[6.386s] [100%] [32m[1mLinking CXX executable listener[0m
[6.571s] [100%] Built target listener
[6.580s] Invoked command in '/home/student/dev_ws/build/cpp_pubsub' returned '0': CMAKE_PREFIX_PATH=/opt/ros/foxy /usr/bin/cmake --build /home/student/dev_ws/build/cpp_pubsub -- -j12 -l12
[6.611s] Invoking command in '/home/student/dev_ws/build/cpp_pubsub': CMAKE_PREFIX_PATH=/opt/ros/foxy /usr/bin/cmake --install /home/student/dev_ws/build/cpp_pubsub
[6.618s] -- Install configuration: ""
[6.618s] -- Installing: /home/student/dev_ws/install/cpp_pubsub/lib/cpp_pubsub/talker
[6.619s] -- Set runtime path of "/home/student/dev_ws/install/cpp_pubsub/lib/cpp_pubsub/talker" to ""
[6.619s] -- Installing: /home/student/dev_ws/install/cpp_pubsub/lib/cpp_pubsub/listener
[6.621s] -- Set runtime path of "/home/student/dev_ws/install/cpp_pubsub/lib/cpp_pubsub/listener" to ""
[6.621s] -- Up-to-date: /home/student/dev_ws/install/cpp_pubsub/lib/cpp_pubsub/talker
[6.622s] -- Installing: /home/student/dev_ws/install/cpp_pubsub/share/ament_index/resource_index/package_run_dependencies/cpp_pubsub
[6.622s] -- Installing: /home/student/dev_ws/install/cpp_pubsub/share/ament_index/resource_index/parent_prefix_path/cpp_pubsub
[6.622s] -- Installing: /home/student/dev_ws/install/cpp_pubsub/share/cpp_pubsub/environment/ament_prefix_path.sh
[6.622s] -- Installing: /home/student/dev_ws/install/cpp_pubsub/share/cpp_pubsub/environment/ament_prefix_path.dsv
[6.623s] -- Installing: /home/student/dev_ws/install/cpp_pubsub/share/cpp_pubsub/environment/path.sh
[6.623s] -- Installing: /home/student/dev_ws/install/cpp_pubsub/share/cpp_pubsub/environment/path.dsv
[6.623s] -- Installing: /home/student/dev_ws/install/cpp_pubsub/share/cpp_pubsub/local_setup.bash
[6.623s] -- Installing: /home/student/dev_ws/install/cpp_pubsub/share/cpp_pubsub/local_setup.sh
[6.623s] -- Installing: /home/student/dev_ws/install/cpp_pubsub/share/cpp_pubsub/local_setup.zsh
[6.623s] -- Installing: /home/student/dev_ws/install/cpp_pubsub/share/cpp_pubsub/local_setup.dsv
[6.623s] -- Installing: /home/student/dev_ws/install/cpp_pubsub/share/cpp_pubsub/package.dsv
[6.623s] -- Installing: /home/student/dev_ws/install/cpp_pubsub/share/ament_index/resource_index/packages/cpp_pubsub
[6.624s] -- Installing: /home/student/dev_ws/install/cpp_pubsub/share/cpp_pubsub/cmake/cpp_pubsubConfig.cmake
[6.624s] -- Installing: /home/student/dev_ws/install/cpp_pubsub/share/cpp_pubsub/cmake/cpp_pubsubConfig-version.cmake
[6.624s] -- Installing: /home/student/dev_ws/install/cpp_pubsub/share/cpp_pubsub/package.xml
[6.627s] Invoked command in '/home/student/dev_ws/build/cpp_pubsub' returned '0': CMAKE_PREFIX_PATH=/opt/ros/foxy /usr/bin/cmake --install /home/student/dev_ws/build/cpp_pubsub
