[0.265s] Invoking command in '/home/student/dev_ws/build/cpp_srvcli': CMAKE_PREFIX_PATH=/opt/ros/foxy /usr/bin/cmake --build /home/student/dev_ws/build/cpp_srvcli -- -j12 -l12
[0.797s] [ 50%] Built target server
[0.798s] [100%] Built target client
[0.806s] Invoked command in '/home/student/dev_ws/build/cpp_srvcli' returned '0': CMAKE_PREFIX_PATH=/opt/ros/foxy /usr/bin/cmake --build /home/student/dev_ws/build/cpp_srvcli -- -j12 -l12
[0.862s] Invoking command in '/home/student/dev_ws/build/cpp_srvcli': CMAKE_PREFIX_PATH=/opt/ros/foxy /usr/bin/cmake --install /home/student/dev_ws/build/cpp_srvcli
[0.881s] -- Install configuration: ""
[0.885s] -- Up-to-date: /home/student/dev_ws/install/cpp_srvcli/lib/cpp_srvcli/server
[0.887s] -- Up-to-date: /home/student/dev_ws/install/cpp_srvcli/lib/cpp_srvcli/client
[0.887s] -- Up-to-date: /home/student/dev_ws/install/cpp_srvcli/share/ament_index/resource_index/package_run_dependencies/cpp_srvcli
[0.887s] -- Up-to-date: /home/student/dev_ws/install/cpp_srvcli/share/ament_index/resource_index/parent_prefix_path/cpp_srvcli
[0.887s] -- Up-to-date: /home/student/dev_ws/install/cpp_srvcli/share/cpp_srvcli/environment/ament_prefix_path.sh
[0.888s] -- Up-to-date: /home/student/dev_ws/install/cpp_srvcli/share/cpp_srvcli/environment/ament_prefix_path.dsv
[0.888s] -- Up-to-date: /home/student/dev_ws/install/cpp_srvcli/share/cpp_srvcli/environment/path.sh
[0.888s] -- Up-to-date: /home/student/dev_ws/install/cpp_srvcli/share/cpp_srvcli/environment/path.dsv
[0.889s] -- Up-to-date: /home/student/dev_ws/install/cpp_srvcli/share/cpp_srvcli/local_setup.bash
[0.889s] -- Up-to-date: /home/student/dev_ws/install/cpp_srvcli/share/cpp_srvcli/local_setup.sh
[0.889s] -- Up-to-date: /home/student/dev_ws/install/cpp_srvcli/share/cpp_srvcli/local_setup.zsh
[0.889s] -- Up-to-date: /home/student/dev_ws/install/cpp_srvcli/share/cpp_srvcli/local_setup.dsv
[0.890s] -- Installing: /home/student/dev_ws/install/cpp_srvcli/share/cpp_srvcli/package.dsv
[0.890s] -- Up-to-date: /home/student/dev_ws/install/cpp_srvcli/share/ament_index/resource_index/packages/cpp_srvcli
[0.890s] -- Up-to-date: /home/student/dev_ws/install/cpp_srvcli/share/cpp_srvcli/cmake/cpp_srvcliConfig.cmake
[0.891s] -- Up-to-date: /home/student/dev_ws/install/cpp_srvcli/share/cpp_srvcli/cmake/cpp_srvcliConfig-version.cmake
[0.891s] -- Up-to-date: /home/student/dev_ws/install/cpp_srvcli/share/cpp_srvcli/package.xml
[0.956s] Invoked command in '/home/student/dev_ws/build/cpp_srvcli' returned '0': CMAKE_PREFIX_PATH=/opt/ros/foxy /usr/bin/cmake --install /home/student/dev_ws/build/cpp_srvcli
